2012/02/06 17:12:04 INFO  - jmeter.util.JMeterUtils: Setting Locale to en_US 
2012/02/06 17:12:05 INFO  - jmeter.JMeter: Loading user properties from: /usr/local/Cellar/jmeter/2.5.1/libexec/bin/user.properties 
2012/02/06 17:12:05 INFO  - jmeter.JMeter: Loading system properties from: /usr/local/Cellar/jmeter/2.5.1/libexec/bin/system.properties 
2012/02/06 17:12:05 INFO  - jmeter.JMeter: Copyright (c) 1998-2011 The Apache Software Foundation 
2012/02/06 17:12:05 INFO  - jmeter.JMeter: Version 2.5.1 r1177103 
2012/02/06 17:12:05 INFO  - jmeter.JMeter: java.version=1.6.0_29 
2012/02/06 17:12:05 INFO  - jmeter.JMeter: java.vm.name=Java HotSpot(TM) 64-Bit Server VM 
2012/02/06 17:12:05 INFO  - jmeter.JMeter: os.name=Mac OS X 
2012/02/06 17:12:05 INFO  - jmeter.JMeter: os.arch=x86_64 
2012/02/06 17:12:05 INFO  - jmeter.JMeter: os.version=10.7.2 
2012/02/06 17:12:05 INFO  - jmeter.JMeter: file.encoding=MacRoman 
2012/02/06 17:12:05 INFO  - jmeter.JMeter: Default Locale=English (United States) 
2012/02/06 17:12:05 INFO  - jmeter.JMeter: JMeter  Locale=English (United States) 
2012/02/06 17:12:05 INFO  - jmeter.JMeter: JMeterHome=/usr/local/Cellar/jmeter/2.5.1/libexec 
2012/02/06 17:12:05 INFO  - jmeter.JMeter: user.dir  =/Users/george/Code/makahiki/makahiki/jmeter 
2012/02/06 17:12:05 INFO  - jmeter.JMeter: PWD       =/Users/george/Code/makahiki/makahiki/jmeter 
2012/02/06 17:12:05 INFO  - jmeter.JMeter: IP: 168.105.240.211 Name: fac-dhcp09.ics.hawaii.edu FullName: dhcp-168-105-240-211.wireless.manoa.hawaii.edu 
2012/02/06 17:12:05 INFO  - jmeter.JMeter: Loaded icon properties from org/apache/jmeter/images/icon.properties 
2012/02/06 17:12:06 INFO  - jmeter.engine.util.CompoundVariable: Note: Function class names must contain the string: '.functions.' 
2012/02/06 17:12:06 INFO  - jmeter.engine.util.CompoundVariable: Note: Function class names must not contain the string: '.gui.' 
2012/02/06 17:12:06 INFO  - jmeter.util.BSFTestElement: Registering JMeter version of JavaScript engine as work-round for BSF-22 
2012/02/06 17:12:06 INFO  - jmeter.protocol.http.sampler.HTTPSamplerBase: Cannot find .className property for htmlParser, using default 
2012/02/06 17:12:06 INFO  - jmeter.protocol.http.sampler.HTTPSamplerBase: Parser for text/html is  
2012/02/06 17:12:06 INFO  - jmeter.protocol.http.sampler.HTTPSamplerBase: Parser for application/xhtml+xml is  
2012/02/06 17:12:06 INFO  - jmeter.protocol.http.sampler.HTTPSamplerBase: Parser for application/xml is  
2012/02/06 17:12:06 INFO  - jmeter.protocol.http.sampler.HTTPSamplerBase: Parser for text/xml is  
2012/02/06 17:12:06 INFO  - jmeter.protocol.http.sampler.HTTPSamplerBase: Parser for text/vnd.wap.wml is org.apache.jmeter.protocol.http.parser.RegexpHTMLParser 
2012/02/06 17:12:06 INFO  - jmeter.protocol.http.sampler.HTTPSamplerBase: Reuse SSL session context on subsequent iterations: true 
2012/02/06 17:12:06 INFO  - jmeter.protocol.http.control.CookieManager: Settings: Delete null: true Check: true Allow variable: true Save: false Prefix: COOKIE_ 
2012/02/06 17:12:07 INFO  - jmeter.gui.util.MenuFactory: Skipping org.apache.jmeter.protocol.http.modifier.gui.ParamModifierGui 
2012/02/06 17:12:07 INFO  - jmeter.gui.util.MenuFactory: Skipping org.apache.jmeter.protocol.http.modifier.gui.UserParameterModifierGui 
2012/02/06 17:12:07 INFO  - jmeter.samplers.SampleResult: Note: Sample TimeStamps are START times 
2012/02/06 17:12:07 INFO  - jmeter.samplers.SampleResult: sampleresult.default.encoding is set to ISO-8859-1 
2012/02/06 17:12:07 INFO  - jmeter.samplers.SampleResult: sampleresult.useNanoTime=true 
2012/02/06 17:12:48 INFO  - jmeter.services.FileServer: Default base='/Users/george/Code/makahiki/makahiki/jmeter' 
2012/02/06 17:12:48 INFO  - jmeter.gui.action.Load: Loading file: /Users/george/Code/makahiki/makahiki/jmeter/heroku.jmx 
2012/02/06 17:12:48 INFO  - jmeter.services.FileServer: Set new base '/Users/george/Code/makahiki/makahiki/jmeter' 
2012/02/06 17:12:48 INFO  - jmeter.save.SaveService: Testplan (JMX) version: 2.2. Testlog (JTL) version: 2.2 
2012/02/06 17:12:48 INFO  - jmeter.save.SaveService: Using SaveService properties file encoding UTF-8 
2012/02/06 17:12:48 INFO  - jmeter.save.SaveService: Using SaveService properties file version 1050447 
2012/02/06 17:12:48 INFO  - jmeter.save.SaveService: Using SaveService properties version 2.1 
2012/02/06 17:12:48 INFO  - jmeter.save.SaveService: All converter versions present and correct 
2012/02/06 17:12:49 INFO  - jmeter.services.FileServer: Set new base='/Users/george/Code/makahiki/makahiki/jmeter' 
2012/02/06 17:14:07 INFO  - jmeter.engine.StandardJMeterEngine: Listeners will be started after enabling running version 
2012/02/06 17:14:07 INFO  - jmeter.engine.StandardJMeterEngine: To revert to the earlier behaviour, define jmeterengine.startlistenerslater=false 
2012/02/06 17:14:07 INFO  - jmeter.engine.StandardJMeterEngine: Running the test! 
2012/02/06 17:14:07 INFO  - jmeter.gui.util.JMeterMenuBar: setRunning(true,*local*) 
2012/02/06 17:14:08 INFO  - jmeter.engine.StandardJMeterEngine: Starting 10 threads for group Initial Run. 
2012/02/06 17:14:08 INFO  - jmeter.engine.StandardJMeterEngine: Thread will continue on error 
2012/02/06 17:14:08 INFO  - jmeter.threads.JMeterThread: jmeterthread.startearlier=true (see jmeter.properties) 
2012/02/06 17:14:08 INFO  - jmeter.threads.JMeterThread: Running PostProcessors in forward order 
2012/02/06 17:14:08 INFO  - jmeter.threads.JMeterThread: Thread started: Initial Run 1-1 
2012/02/06 17:14:08 INFO  - jmeter.engine.StandardJMeterEngine: Waiting for thread group: Initial Run to finish before starting next group 
2012/02/06 17:14:08 INFO  - jmeter.threads.JMeterThread: Thread started: Initial Run 1-2 
2012/02/06 17:14:08 INFO  - jmeter.threads.JMeterThread: Thread started: Initial Run 1-3 
2012/02/06 17:14:08 INFO  - jmeter.threads.JMeterThread: Thread started: Initial Run 1-4 
2012/02/06 17:14:08 INFO  - jmeter.threads.JMeterThread: Thread started: Initial Run 1-5 
2012/02/06 17:14:08 INFO  - jmeter.threads.JMeterThread: Thread started: Initial Run 1-6 
2012/02/06 17:14:08 INFO  - jmeter.threads.JMeterThread: Thread started: Initial Run 1-7 
2012/02/06 17:14:08 INFO  - jmeter.threads.JMeterThread: Thread started: Initial Run 1-8 
2012/02/06 17:14:08 INFO  - jmeter.threads.JMeterThread: Thread started: Initial Run 1-9 
2012/02/06 17:14:09 INFO  - jmeter.threads.JMeterThread: Thread started: Initial Run 1-10 
2012/02/06 17:14:55 INFO  - jmeter.protocol.http.sampler.HTTPJavaImpl: Maximum connection retries = 10 
2012/02/06 17:15:01 INFO  - jmeter.gui.action.Start: Stopping test 
2012/02/06 17:15:01 INFO  - jmeter.threads.JMeterThread: Stopping: Initial Run 1-3 
2012/02/06 17:15:01 INFO  - jmeter.threads.JMeterThread: Stopping: Initial Run 1-6 
2012/02/06 17:15:01 WARN  - jmeter.threads.JMeterThread: The delay timer was interrupted - probably did not wait as long as intended. 
2012/02/06 17:15:01 INFO  - jmeter.threads.JMeterThread: Stopping: Initial Run 1-1 
2012/02/06 17:15:01 WARN  - jmeter.threads.JMeterThread: The delay timer was interrupted - probably did not wait as long as intended. 
2012/02/06 17:15:01 WARN  - jmeter.threads.JMeterThread: The delay timer was interrupted - probably did not wait as long as intended. 
2012/02/06 17:15:01 INFO  - jmeter.threads.JMeterThread: Stopping: Initial Run 1-8 
2012/02/06 17:15:01 WARN  - jmeter.threads.JMeterThread: Interrupting: Initial Run 1-8 sampler: /landing/ 
2012/02/06 17:15:01 INFO  - jmeter.threads.JMeterThread: Stopping: Initial Run 1-4 
2012/02/06 17:15:01 INFO  - jmeter.threads.JMeterThread: Stopping: Initial Run 1-5 
2012/02/06 17:15:01 WARN  - jmeter.threads.JMeterThread: The delay timer was interrupted - probably did not wait as long as intended. 
2012/02/06 17:15:01 WARN  - jmeter.threads.JMeterThread: The delay timer was interrupted - probably did not wait as long as intended. 
2012/02/06 17:15:01 INFO  - jmeter.threads.JMeterThread: Stopping: Initial Run 1-10 
2012/02/06 17:15:01 INFO  - jmeter.threads.JMeterThread: Stopping: Initial Run 1-2 
2012/02/06 17:15:01 WARN  - jmeter.threads.JMeterThread: The delay timer was interrupted - probably did not wait as long as intended. 
2012/02/06 17:15:01 WARN  - jmeter.threads.JMeterThread: The delay timer was interrupted - probably did not wait as long as intended. 
2012/02/06 17:15:01 INFO  - jmeter.threads.JMeterThread: Stopping: Initial Run 1-7 
2012/02/06 17:15:01 INFO  - jmeter.threads.JMeterThread: Stopping: Initial Run 1-9 
2012/02/06 17:15:01 ERROR - jmeter.protocol.http.sampler.HTTPJavaImpl: readResponse: java.net.SocketException: Socket closed 
2012/02/06 17:15:01 ERROR - jmeter.protocol.http.sampler.HTTPJavaImpl: Cause: java.net.SocketException: Socket closed 
2012/02/06 17:15:01 WARN  - jmeter.threads.JMeterThread: The delay timer was interrupted - probably did not wait as long as intended. 
2012/02/06 17:15:01 WARN  - jmeter.threads.JMeterThread: The delay timer was interrupted - probably did not wait as long as intended. 
2012/02/06 17:15:01 INFO  - jmeter.threads.JMeterThread: Thread finished: Initial Run 1-8 
2012/02/06 17:15:01 INFO  - jmeter.engine.StandardJMeterEngine: Ending thread Initial Run 1-8 
2012/02/06 17:15:02 INFO  - jmeter.engine.StandardJMeterEngine: Test stopped - no more threads will be started 
2012/02/06 17:15:04 INFO  - jmeter.threads.JMeterThread: Thread finished: Initial Run 1-10 
2012/02/06 17:15:04 INFO  - jmeter.engine.StandardJMeterEngine: Ending thread Initial Run 1-10 
2012/02/06 17:15:04 INFO  - jmeter.threads.JMeterThread: Thread finished: Initial Run 1-6 
2012/02/06 17:15:04 INFO  - jmeter.engine.StandardJMeterEngine: Ending thread Initial Run 1-6 
2012/02/06 17:15:05 INFO  - jmeter.threads.JMeterThread: Thread finished: Initial Run 1-3 
2012/02/06 17:15:05 INFO  - jmeter.engine.StandardJMeterEngine: Ending thread Initial Run 1-3 
2012/02/06 17:15:05 INFO  - jmeter.threads.JMeterThread: Thread finished: Initial Run 1-5 
2012/02/06 17:15:05 INFO  - jmeter.engine.StandardJMeterEngine: Ending thread Initial Run 1-5 
2012/02/06 17:15:05 INFO  - jmeter.threads.JMeterThread: Thread finished: Initial Run 1-7 
2012/02/06 17:15:05 INFO  - jmeter.engine.StandardJMeterEngine: Ending thread Initial Run 1-7 
2012/02/06 17:15:05 INFO  - jmeter.threads.JMeterThread: Thread finished: Initial Run 1-4 
2012/02/06 17:15:05 INFO  - jmeter.engine.StandardJMeterEngine: Ending thread Initial Run 1-4 
2012/02/06 17:15:05 INFO  - jmeter.threads.JMeterThread: Thread finished: Initial Run 1-2 
2012/02/06 17:15:05 INFO  - jmeter.engine.StandardJMeterEngine: Ending thread Initial Run 1-2 
2012/02/06 17:15:05 INFO  - jmeter.threads.JMeterThread: Thread finished: Initial Run 1-9 
2012/02/06 17:15:05 INFO  - jmeter.engine.StandardJMeterEngine: Ending thread Initial Run 1-9 
2012/02/06 17:15:05 INFO  - jmeter.threads.JMeterThread: Thread finished: Initial Run 1-1 
2012/02/06 17:15:05 INFO  - jmeter.engine.StandardJMeterEngine: Ending thread Initial Run 1-1 
2012/02/06 17:15:05 INFO  - jmeter.engine.StandardJMeterEngine: Notifying test listeners of end of test 
2012/02/06 17:15:05 INFO  - jmeter.gui.util.JMeterMenuBar: setRunning(false,*local*) 
2012/02/06 17:15:05 INFO  - jmeter.engine.StandardJMeterEngine: Test has ended on host null 
2012/02/06 17:15:16 INFO  - jmeter.engine.StandardJMeterEngine: Running the test! 
2012/02/06 17:15:16 INFO  - jmeter.gui.util.JMeterMenuBar: setRunning(true,*local*) 
2012/02/06 17:15:16 INFO  - jmeter.engine.StandardJMeterEngine: Starting 10 threads for group Initial Run. 
2012/02/06 17:15:16 INFO  - jmeter.engine.StandardJMeterEngine: Thread will continue on error 
2012/02/06 17:15:16 INFO  - jmeter.threads.JMeterThread: Thread started: Initial Run 1-1 
2012/02/06 17:15:16 INFO  - jmeter.engine.StandardJMeterEngine: Waiting for thread group: Initial Run to finish before starting next group 
2012/02/06 17:15:16 INFO  - jmeter.threads.JMeterThread: Thread started: Initial Run 1-2 
2012/02/06 17:15:16 INFO  - jmeter.threads.JMeterThread: Thread started: Initial Run 1-3 
2012/02/06 17:15:16 INFO  - jmeter.threads.JMeterThread: Thread started: Initial Run 1-4 
2012/02/06 17:15:16 INFO  - jmeter.threads.JMeterThread: Thread started: Initial Run 1-5 
2012/02/06 17:15:16 INFO  - jmeter.threads.JMeterThread: Thread started: Initial Run 1-6 
2012/02/06 17:15:16 INFO  - jmeter.threads.JMeterThread: Thread started: Initial Run 1-7 
2012/02/06 17:15:16 INFO  - jmeter.threads.JMeterThread: Thread started: Initial Run 1-8 
2012/02/06 17:15:17 INFO  - jmeter.threads.JMeterThread: Thread started: Initial Run 1-9 
2012/02/06 17:15:17 INFO  - jmeter.threads.JMeterThread: Thread started: Initial Run 1-10 
2012/02/06 17:19:39 INFO  - jmeter.util.JsseSSLManager: Using default SSL protocol: TLS 
2012/02/06 17:19:39 INFO  - jmeter.util.JsseSSLManager: SSL session context: per-thread 
2012/02/06 17:19:39 INFO  - jmeter.util.SSLManager: JmeterKeyStore Location: /Users/george/.keystore 
2012/02/06 17:19:39 INFO  - jmeter.util.SSLManager: KeyStore created OK, Type: JKS 
2012/02/06 17:19:39 WARN  - jmeter.util.SSLManager: Keystore file not found, loading empty keystore 
2012/02/06 17:24:26 ERROR - jmeter.protocol.http.sampler.HTTPJavaImpl: readResponse: java.io.IOException: Server returned HTTP response code: 403 for URL: http://sharp-journey-3366.herokuapp.com/activities/activity/intro-video/add/ 
2012/02/06 17:24:26 ERROR - jmeter.protocol.http.sampler.HTTPJavaImpl: Cause: java.io.IOException: Server returned HTTP response code: 403 for URL: http://sharp-journey-3366.herokuapp.com/activities/activity/intro-video/add/ 
2012/02/06 17:24:26 INFO  - jmeter.protocol.http.sampler.HTTPJavaImpl: Error Response Code: 403 
2012/02/06 17:24:35 ERROR - jmeter.protocol.http.sampler.HTTPJavaImpl: readResponse: java.io.IOException: Server returned HTTP response code: 403 for URL: http://sharp-journey-3366.herokuapp.com/activities/activity/intro-video/add/ 
2012/02/06 17:24:35 ERROR - jmeter.protocol.http.sampler.HTTPJavaImpl: Cause: java.io.IOException: Server returned HTTP response code: 403 for URL: http://sharp-journey-3366.herokuapp.com/activities/activity/intro-video/add/ 
2012/02/06 17:24:35 INFO  - jmeter.protocol.http.sampler.HTTPJavaImpl: Error Response Code: 403 
2012/02/06 17:24:44 ERROR - jmeter.protocol.http.sampler.HTTPJavaImpl: readResponse: java.io.IOException: Server returned HTTP response code: 403 for URL: http://sharp-journey-3366.herokuapp.com/activities/activity/intro-video/add/ 
2012/02/06 17:24:44 ERROR - jmeter.protocol.http.sampler.HTTPJavaImpl: Cause: java.io.IOException: Server returned HTTP response code: 403 for URL: http://sharp-journey-3366.herokuapp.com/activities/activity/intro-video/add/ 
2012/02/06 17:24:44 INFO  - jmeter.protocol.http.sampler.HTTPJavaImpl: Error Response Code: 403 
2012/02/06 17:24:55 ERROR - jmeter.protocol.http.sampler.HTTPJavaImpl: readResponse: java.io.IOException: Server returned HTTP response code: 403 for URL: http://sharp-journey-3366.herokuapp.com/activities/activity/intro-video/add/ 
2012/02/06 17:24:55 ERROR - jmeter.protocol.http.sampler.HTTPJavaImpl: Cause: java.io.IOException: Server returned HTTP response code: 403 for URL: http://sharp-journey-3366.herokuapp.com/activities/activity/intro-video/add/ 
2012/02/06 17:24:55 INFO  - jmeter.protocol.http.sampler.HTTPJavaImpl: Error Response Code: 403 
2012/02/06 17:24:57 ERROR - jmeter.protocol.http.sampler.HTTPJavaImpl: readResponse: java.io.IOException: Server returned HTTP response code: 403 for URL: http://sharp-journey-3366.herokuapp.com/activities/activity/intro-video/add/ 
2012/02/06 17:24:57 ERROR - jmeter.protocol.http.sampler.HTTPJavaImpl: Cause: java.io.IOException: Server returned HTTP response code: 403 for URL: http://sharp-journey-3366.herokuapp.com/activities/activity/intro-video/add/ 
2012/02/06 17:24:57 INFO  - jmeter.protocol.http.sampler.HTTPJavaImpl: Error Response Code: 403 
2012/02/06 17:25:07 ERROR - jmeter.protocol.http.sampler.HTTPJavaImpl: readResponse: java.io.IOException: Server returned HTTP response code: 403 for URL: http://sharp-journey-3366.herokuapp.com/activities/activity/intro-video/add/ 
2012/02/06 17:25:07 ERROR - jmeter.protocol.http.sampler.HTTPJavaImpl: Cause: java.io.IOException: Server returned HTTP response code: 403 for URL: http://sharp-journey-3366.herokuapp.com/activities/activity/intro-video/add/ 
2012/02/06 17:25:07 INFO  - jmeter.protocol.http.sampler.HTTPJavaImpl: Error Response Code: 403 
2012/02/06 17:25:21 ERROR - jmeter.protocol.http.sampler.HTTPJavaImpl: readResponse: java.io.IOException: Server returned HTTP response code: 403 for URL: http://sharp-journey-3366.herokuapp.com/activities/activity/intro-video/add/ 
2012/02/06 17:25:21 ERROR - jmeter.protocol.http.sampler.HTTPJavaImpl: Cause: java.io.IOException: Server returned HTTP response code: 403 for URL: http://sharp-journey-3366.herokuapp.com/activities/activity/intro-video/add/ 
2012/02/06 17:25:21 INFO  - jmeter.protocol.http.sampler.HTTPJavaImpl: Error Response Code: 403 
2012/02/06 17:25:22 ERROR - jmeter.protocol.http.sampler.HTTPJavaImpl: readResponse: java.io.IOException: Server returned HTTP response code: 403 for URL: http://sharp-journey-3366.herokuapp.com/activities/activity/intro-video/add/ 
2012/02/06 17:25:22 ERROR - jmeter.protocol.http.sampler.HTTPJavaImpl: Cause: java.io.IOException: Server returned HTTP response code: 403 for URL: http://sharp-journey-3366.herokuapp.com/activities/activity/intro-video/add/ 
2012/02/06 17:25:22 INFO  - jmeter.protocol.http.sampler.HTTPJavaImpl: Error Response Code: 403 
2012/02/06 17:26:19 ERROR - jmeter.protocol.http.sampler.HTTPJavaImpl: readResponse: java.io.IOException: Server returned HTTP response code: 403 for URL: http://sharp-journey-3366.herokuapp.com/activities/activity/intro-video/add/ 
2012/02/06 17:26:19 ERROR - jmeter.protocol.http.sampler.HTTPJavaImpl: Cause: java.io.IOException: Server returned HTTP response code: 403 for URL: http://sharp-journey-3366.herokuapp.com/activities/activity/intro-video/add/ 
2012/02/06 17:26:19 INFO  - jmeter.protocol.http.sampler.HTTPJavaImpl: Error Response Code: 403 
2012/02/06 17:26:24 ERROR - jmeter.protocol.http.sampler.HTTPJavaImpl: readResponse: java.io.IOException: Server returned HTTP response code: 403 for URL: http://sharp-journey-3366.herokuapp.com/activities/activity/intro-video/add/ 
2012/02/06 17:26:24 ERROR - jmeter.protocol.http.sampler.HTTPJavaImpl: Cause: java.io.IOException: Server returned HTTP response code: 403 for URL: http://sharp-journey-3366.herokuapp.com/activities/activity/intro-video/add/ 
2012/02/06 17:26:24 INFO  - jmeter.protocol.http.sampler.HTTPJavaImpl: Error Response Code: 403 
2012/02/06 17:26:34 ERROR - jmeter.protocol.http.sampler.HTTPJavaImpl: readResponse: java.io.IOException: Server returned HTTP response code: 403 for URL: http://sharp-journey-3366.herokuapp.com/activities/activity/power-energy/add/ 
2012/02/06 17:26:34 ERROR - jmeter.protocol.http.sampler.HTTPJavaImpl: Cause: java.io.IOException: Server returned HTTP response code: 403 for URL: http://sharp-journey-3366.herokuapp.com/activities/activity/power-energy/add/ 
2012/02/06 17:26:34 INFO  - jmeter.protocol.http.sampler.HTTPJavaImpl: Error Response Code: 403 
2012/02/06 17:27:01 INFO  - jmeter.gui.action.Start: Stopping test 
2012/02/06 17:27:01 INFO  - jmeter.threads.JMeterThread: Stopping: Initial Run 1-4 
2012/02/06 17:27:01 INFO  - jmeter.threads.JMeterThread: Stopping: Initial Run 1-3 
2012/02/06 17:27:01 WARN  - jmeter.threads.JMeterThread: The delay timer was interrupted - probably did not wait as long as intended. 
2012/02/06 17:27:01 INFO  - jmeter.threads.JMeterThread: Stopping: Initial Run 1-5 
2012/02/06 17:27:01 WARN  - jmeter.threads.JMeterThread: The delay timer was interrupted - probably did not wait as long as intended. 
2012/02/06 17:27:01 WARN  - jmeter.threads.JMeterThread: The delay timer was interrupted - probably did not wait as long as intended. 
2012/02/06 17:27:01 INFO  - jmeter.threads.JMeterThread: Stopping: Initial Run 1-1 
2012/02/06 17:27:01 INFO  - jmeter.threads.JMeterThread: Stopping: Initial Run 1-2 
2012/02/06 17:27:01 WARN  - jmeter.threads.JMeterThread: The delay timer was interrupted - probably did not wait as long as intended. 
2012/02/06 17:27:01 WARN  - jmeter.threads.JMeterThread: The delay timer was interrupted - probably did not wait as long as intended. 
2012/02/06 17:27:01 INFO  - jmeter.threads.JMeterThread: Stopping: Initial Run 1-6 
2012/02/06 17:27:01 INFO  - jmeter.threads.JMeterThread: Stopping: Initial Run 1-10 
2012/02/06 17:27:01 WARN  - jmeter.threads.JMeterThread: The delay timer was interrupted - probably did not wait as long as intended. 
2012/02/06 17:27:01 WARN  - jmeter.threads.JMeterThread: The delay timer was interrupted - probably did not wait as long as intended. 
2012/02/06 17:27:01 INFO  - jmeter.threads.JMeterThread: Stopping: Initial Run 1-7 
2012/02/06 17:27:01 INFO  - jmeter.threads.JMeterThread: Stopping: Initial Run 1-8 
2012/02/06 17:27:01 WARN  - jmeter.threads.JMeterThread: The delay timer was interrupted - probably did not wait as long as intended. 
2012/02/06 17:27:01 WARN  - jmeter.threads.JMeterThread: The delay timer was interrupted - probably did not wait as long as intended. 
2012/02/06 17:27:01 INFO  - jmeter.threads.JMeterThread: Stopping: Initial Run 1-9 
2012/02/06 17:27:01 WARN  - jmeter.threads.JMeterThread: The delay timer was interrupted - probably did not wait as long as intended. 
2012/02/06 17:27:01 ERROR - jmeter.protocol.http.sampler.HTTPJavaImpl: readResponse: java.io.IOException: Server returned HTTP response code: 403 for URL: http://sharp-journey-3366.herokuapp.com/activities/activity/power-energy/add/ 
2012/02/06 17:27:01 ERROR - jmeter.protocol.http.sampler.HTTPJavaImpl: Cause: java.io.IOException: Server returned HTTP response code: 403 for URL: http://sharp-journey-3366.herokuapp.com/activities/activity/power-energy/add/ 
2012/02/06 17:27:01 INFO  - jmeter.protocol.http.sampler.HTTPJavaImpl: Error Response Code: 403 
2012/02/06 17:27:01 INFO  - jmeter.threads.JMeterThread: Thread finished: Initial Run 1-5 
2012/02/06 17:27:01 INFO  - jmeter.engine.StandardJMeterEngine: Ending thread Initial Run 1-5 
2012/02/06 17:27:01 ERROR - jmeter.protocol.http.sampler.HTTPJavaImpl: readResponse: java.io.IOException: Server returned HTTP response code: 403 for URL: http://sharp-journey-3366.herokuapp.com/activities/activity/power-energy/add/ 
2012/02/06 17:27:01 ERROR - jmeter.protocol.http.sampler.HTTPJavaImpl: Cause: java.io.IOException: Server returned HTTP response code: 403 for URL: http://sharp-journey-3366.herokuapp.com/activities/activity/power-energy/add/ 
2012/02/06 17:27:01 INFO  - jmeter.protocol.http.sampler.HTTPJavaImpl: Error Response Code: 403 
2012/02/06 17:27:01 INFO  - jmeter.threads.JMeterThread: Thread finished: Initial Run 1-3 
2012/02/06 17:27:01 INFO  - jmeter.engine.StandardJMeterEngine: Ending thread Initial Run 1-3 
2012/02/06 17:27:01 ERROR - jmeter.protocol.http.sampler.HTTPJavaImpl: readResponse: java.io.IOException: Server returned HTTP response code: 403 for URL: http://sharp-journey-3366.herokuapp.com/activities/activity/power-energy/add/ 
2012/02/06 17:27:01 ERROR - jmeter.protocol.http.sampler.HTTPJavaImpl: Cause: java.io.IOException: Server returned HTTP response code: 403 for URL: http://sharp-journey-3366.herokuapp.com/activities/activity/power-energy/add/ 
2012/02/06 17:27:01 INFO  - jmeter.protocol.http.sampler.HTTPJavaImpl: Error Response Code: 403 
2012/02/06 17:27:01 ERROR - jmeter.protocol.http.sampler.HTTPJavaImpl: readResponse: java.io.IOException: Server returned HTTP response code: 403 for URL: http://sharp-journey-3366.herokuapp.com/activities/activity/power-energy/add/ 
2012/02/06 17:27:01 ERROR - jmeter.protocol.http.sampler.HTTPJavaImpl: readResponse: java.io.IOException: Server returned HTTP response code: 403 for URL: http://sharp-journey-3366.herokuapp.com/activities/activity/power-energy/add/ 
2012/02/06 17:27:01 ERROR - jmeter.protocol.http.sampler.HTTPJavaImpl: Cause: java.io.IOException: Server returned HTTP response code: 403 for URL: http://sharp-journey-3366.herokuapp.com/activities/activity/power-energy/add/ 
2012/02/06 17:27:01 INFO  - jmeter.protocol.http.sampler.HTTPJavaImpl: Error Response Code: 403 
2012/02/06 17:27:01 ERROR - jmeter.protocol.http.sampler.HTTPJavaImpl: Cause: java.io.IOException: Server returned HTTP response code: 403 for URL: http://sharp-journey-3366.herokuapp.com/activities/activity/power-energy/add/ 
2012/02/06 17:27:01 INFO  - jmeter.protocol.http.sampler.HTTPJavaImpl: Error Response Code: 403 
2012/02/06 17:27:01 ERROR - jmeter.protocol.http.sampler.HTTPJavaImpl: readResponse: java.io.IOException: Server returned HTTP response code: 403 for URL: http://sharp-journey-3366.herokuapp.com/activities/activity/power-energy/add/ 
2012/02/06 17:27:01 ERROR - jmeter.protocol.http.sampler.HTTPJavaImpl: Cause: java.io.IOException: Server returned HTTP response code: 403 for URL: http://sharp-journey-3366.herokuapp.com/activities/activity/power-energy/add/ 
2012/02/06 17:27:01 INFO  - jmeter.protocol.http.sampler.HTTPJavaImpl: Error Response Code: 403 
2012/02/06 17:27:01 INFO  - jmeter.threads.JMeterThread: Thread finished: Initial Run 1-10 
2012/02/06 17:27:01 INFO  - jmeter.engine.StandardJMeterEngine: Ending thread Initial Run 1-10 
2012/02/06 17:27:01 INFO  - jmeter.threads.JMeterThread: Thread finished: Initial Run 1-9 
2012/02/06 17:27:01 INFO  - jmeter.engine.StandardJMeterEngine: Ending thread Initial Run 1-9 
2012/02/06 17:27:01 INFO  - jmeter.threads.JMeterThread: Thread finished: Initial Run 1-4 
2012/02/06 17:27:01 INFO  - jmeter.engine.StandardJMeterEngine: Ending thread Initial Run 1-4 
2012/02/06 17:27:01 ERROR - jmeter.protocol.http.sampler.HTTPJavaImpl: readResponse: java.io.IOException: Server returned HTTP response code: 403 for URL: http://sharp-journey-3366.herokuapp.com/activities/activity/power-energy/add/ 
2012/02/06 17:27:01 ERROR - jmeter.protocol.http.sampler.HTTPJavaImpl: Cause: java.io.IOException: Server returned HTTP response code: 403 for URL: http://sharp-journey-3366.herokuapp.com/activities/activity/power-energy/add/ 
2012/02/06 17:27:01 INFO  - jmeter.protocol.http.sampler.HTTPJavaImpl: Error Response Code: 403 
2012/02/06 17:27:01 INFO  - jmeter.threads.JMeterThread: Thread finished: Initial Run 1-6 
2012/02/06 17:27:01 INFO  - jmeter.engine.StandardJMeterEngine: Ending thread Initial Run 1-6 
2012/02/06 17:27:01 INFO  - jmeter.threads.JMeterThread: Thread finished: Initial Run 1-1 
2012/02/06 17:27:01 INFO  - jmeter.engine.StandardJMeterEngine: Ending thread Initial Run 1-1 
2012/02/06 17:27:01 INFO  - jmeter.threads.JMeterThread: Thread finished: Initial Run 1-7 
2012/02/06 17:27:01 INFO  - jmeter.engine.StandardJMeterEngine: Ending thread Initial Run 1-7 
2012/02/06 17:27:01 INFO  - jmeter.threads.JMeterThread: Thread finished: Initial Run 1-8 
2012/02/06 17:27:01 INFO  - jmeter.engine.StandardJMeterEngine: Ending thread Initial Run 1-8 
2012/02/06 17:27:01 INFO  - jmeter.engine.StandardJMeterEngine: Test stopped - no more threads will be started 
2012/02/06 17:27:05 INFO  - jmeter.threads.JMeterThread: Thread finished: Initial Run 1-2 
2012/02/06 17:27:05 INFO  - jmeter.engine.StandardJMeterEngine: Ending thread Initial Run 1-2 
2012/02/06 17:27:05 INFO  - jmeter.engine.StandardJMeterEngine: Notifying test listeners of end of test 
2012/02/06 17:27:05 INFO  - jmeter.gui.util.JMeterMenuBar: setRunning(false,*local*) 
2012/02/06 17:27:05 INFO  - jmeter.engine.StandardJMeterEngine: Test has ended on host null 
2012/02/06 17:29:13 INFO  - jmeter.engine.StandardJMeterEngine: Running the test! 
2012/02/06 17:29:13 INFO  - jmeter.gui.util.JMeterMenuBar: setRunning(true,*local*) 
2012/02/06 17:29:13 INFO  - jmeter.engine.StandardJMeterEngine: Starting 10 threads for group Initial Run. 
2012/02/06 17:29:13 INFO  - jmeter.engine.StandardJMeterEngine: Thread will continue on error 
2012/02/06 17:29:13 INFO  - jmeter.threads.JMeterThread: Thread started: Initial Run 1-1 
2012/02/06 17:29:13 INFO  - jmeter.engine.StandardJMeterEngine: Waiting for thread group: Initial Run to finish before starting next group 
2012/02/06 17:29:13 INFO  - jmeter.threads.JMeterThread: Thread started: Initial Run 1-2 
2012/02/06 17:29:13 INFO  - jmeter.threads.JMeterThread: Thread started: Initial Run 1-3 
2012/02/06 17:29:13 INFO  - jmeter.threads.JMeterThread: Thread started: Initial Run 1-4 
2012/02/06 17:29:14 INFO  - jmeter.threads.JMeterThread: Thread started: Initial Run 1-5 
2012/02/06 17:29:14 INFO  - jmeter.threads.JMeterThread: Thread started: Initial Run 1-6 
2012/02/06 17:29:14 INFO  - jmeter.threads.JMeterThread: Thread started: Initial Run 1-7 
2012/02/06 17:29:14 INFO  - jmeter.threads.JMeterThread: Thread started: Initial Run 1-8 
2012/02/06 17:29:14 INFO  - jmeter.threads.JMeterThread: Thread started: Initial Run 1-9 
2012/02/06 17:29:14 INFO  - jmeter.threads.JMeterThread: Thread started: Initial Run 1-10 
2012/02/06 17:32:40 ERROR - jmeter.protocol.http.sampler.HTTPJavaImpl: readResponse: java.io.IOException: Server returned HTTP response code: 403 for URL: http://sharp-journey-3366.herokuapp.com/account/login/ 
2012/02/06 17:32:40 ERROR - jmeter.protocol.http.sampler.HTTPJavaImpl: Cause: java.io.IOException: Server returned HTTP response code: 403 for URL: http://sharp-journey-3366.herokuapp.com/account/login/ 
2012/02/06 17:32:40 INFO  - jmeter.protocol.http.sampler.HTTPJavaImpl: Error Response Code: 403 
2012/02/06 17:32:44 ERROR - jmeter.protocol.http.sampler.HTTPJavaImpl: readResponse: java.io.IOException: Server returned HTTP response code: 403 for URL: http://sharp-journey-3366.herokuapp.com/account/login/ 
2012/02/06 17:32:44 ERROR - jmeter.protocol.http.sampler.HTTPJavaImpl: Cause: java.io.IOException: Server returned HTTP response code: 403 for URL: http://sharp-journey-3366.herokuapp.com/account/login/ 
2012/02/06 17:32:44 INFO  - jmeter.protocol.http.sampler.HTTPJavaImpl: Error Response Code: 403 
2012/02/06 17:32:45 ERROR - jmeter.protocol.http.sampler.HTTPJavaImpl: readResponse: java.io.IOException: Server returned HTTP response code: 403 for URL: http://sharp-journey-3366.herokuapp.com/account/login/ 
2012/02/06 17:32:45 ERROR - jmeter.protocol.http.sampler.HTTPJavaImpl: Cause: java.io.IOException: Server returned HTTP response code: 403 for URL: http://sharp-journey-3366.herokuapp.com/account/login/ 
2012/02/06 17:32:45 INFO  - jmeter.protocol.http.sampler.HTTPJavaImpl: Error Response Code: 403 
2012/02/06 17:32:48 ERROR - jmeter.protocol.http.sampler.HTTPJavaImpl: readResponse: java.io.IOException: Server returned HTTP response code: 403 for URL: http://sharp-journey-3366.herokuapp.com/account/login/ 
2012/02/06 17:32:48 ERROR - jmeter.protocol.http.sampler.HTTPJavaImpl: Cause: java.io.IOException: Server returned HTTP response code: 403 for URL: http://sharp-journey-3366.herokuapp.com/account/login/ 
2012/02/06 17:32:48 INFO  - jmeter.protocol.http.sampler.HTTPJavaImpl: Error Response Code: 403 
2012/02/06 17:32:58 ERROR - jmeter.protocol.http.sampler.HTTPJavaImpl: readResponse: java.io.IOException: Server returned HTTP response code: 403 for URL: http://sharp-journey-3366.herokuapp.com/account/login/ 
2012/02/06 17:32:58 ERROR - jmeter.protocol.http.sampler.HTTPJavaImpl: Cause: java.io.IOException: Server returned HTTP response code: 403 for URL: http://sharp-journey-3366.herokuapp.com/account/login/ 
2012/02/06 17:32:58 INFO  - jmeter.protocol.http.sampler.HTTPJavaImpl: Error Response Code: 403 
2012/02/06 17:33:01 ERROR - jmeter.protocol.http.sampler.HTTPJavaImpl: readResponse: java.io.IOException: Server returned HTTP response code: 403 for URL: http://sharp-journey-3366.herokuapp.com/account/login/ 
2012/02/06 17:33:01 ERROR - jmeter.protocol.http.sampler.HTTPJavaImpl: Cause: java.io.IOException: Server returned HTTP response code: 403 for URL: http://sharp-journey-3366.herokuapp.com/account/login/ 
2012/02/06 17:33:01 INFO  - jmeter.protocol.http.sampler.HTTPJavaImpl: Error Response Code: 403 
2012/02/06 17:33:04 ERROR - jmeter.protocol.http.sampler.HTTPJavaImpl: readResponse: java.io.IOException: Server returned HTTP response code: 403 for URL: http://sharp-journey-3366.herokuapp.com/account/login/ 
2012/02/06 17:33:04 ERROR - jmeter.protocol.http.sampler.HTTPJavaImpl: Cause: java.io.IOException: Server returned HTTP response code: 403 for URL: http://sharp-journey-3366.herokuapp.com/account/login/ 
2012/02/06 17:33:04 INFO  - jmeter.protocol.http.sampler.HTTPJavaImpl: Error Response Code: 403 
2012/02/06 17:33:04 ERROR - jmeter.protocol.http.sampler.HTTPJavaImpl: readResponse: java.io.IOException: Server returned HTTP response code: 403 for URL: http://sharp-journey-3366.herokuapp.com/account/login/ 
2012/02/06 17:33:04 ERROR - jmeter.protocol.http.sampler.HTTPJavaImpl: Cause: java.io.IOException: Server returned HTTP response code: 403 for URL: http://sharp-journey-3366.herokuapp.com/account/login/ 
2012/02/06 17:33:04 INFO  - jmeter.protocol.http.sampler.HTTPJavaImpl: Error Response Code: 403 
2012/02/06 17:33:08 ERROR - jmeter.protocol.http.sampler.HTTPJavaImpl: readResponse: java.io.IOException: Server returned HTTP response code: 403 for URL: http://sharp-journey-3366.herokuapp.com/account/login/ 
2012/02/06 17:33:08 ERROR - jmeter.protocol.http.sampler.HTTPJavaImpl: Cause: java.io.IOException: Server returned HTTP response code: 403 for URL: http://sharp-journey-3366.herokuapp.com/account/login/ 
2012/02/06 17:33:08 INFO  - jmeter.protocol.http.sampler.HTTPJavaImpl: Error Response Code: 403 
2012/02/06 17:33:25 ERROR - jmeter.protocol.http.sampler.HTTPJavaImpl: readResponse: java.io.IOException: Server returned HTTP response code: 403 for URL: http://sharp-journey-3366.herokuapp.com/account/login/ 
2012/02/06 17:33:25 ERROR - jmeter.protocol.http.sampler.HTTPJavaImpl: Cause: java.io.IOException: Server returned HTTP response code: 403 for URL: http://sharp-journey-3366.herokuapp.com/account/login/ 
2012/02/06 17:33:25 INFO  - jmeter.protocol.http.sampler.HTTPJavaImpl: Error Response Code: 403 
2012/02/06 17:35:42 INFO  - jmeter.gui.action.Start: Stopping test 
2012/02/06 17:35:42 INFO  - jmeter.threads.JMeterThread: Stopping: Initial Run 1-9 
2012/02/06 17:35:42 INFO  - jmeter.threads.JMeterThread: Stopping: Initial Run 1-6 
2012/02/06 17:35:42 WARN  - jmeter.threads.JMeterThread: The delay timer was interrupted - probably did not wait as long as intended. 
2012/02/06 17:35:42 INFO  - jmeter.threads.JMeterThread: Stopping: Initial Run 1-3 
2012/02/06 17:35:42 WARN  - jmeter.threads.JMeterThread: The delay timer was interrupted - probably did not wait as long as intended. 
2012/02/06 17:35:42 WARN  - jmeter.threads.JMeterThread: The delay timer was interrupted - probably did not wait as long as intended. 
2012/02/06 17:35:42 INFO  - jmeter.threads.JMeterThread: Stopping: Initial Run 1-4 
2012/02/06 17:35:42 INFO  - jmeter.threads.JMeterThread: Stopping: Initial Run 1-7 
2012/02/06 17:35:42 WARN  - jmeter.threads.JMeterThread: The delay timer was interrupted - probably did not wait as long as intended. 
2012/02/06 17:35:42 WARN  - jmeter.threads.JMeterThread: The delay timer was interrupted - probably did not wait as long as intended. 
2012/02/06 17:35:42 INFO  - jmeter.threads.JMeterThread: Stopping: Initial Run 1-10 
2012/02/06 17:35:42 INFO  - jmeter.threads.JMeterThread: Stopping: Initial Run 1-8 
2012/02/06 17:35:42 WARN  - jmeter.threads.JMeterThread: The delay timer was interrupted - probably did not wait as long as intended. 
2012/02/06 17:35:42 WARN  - jmeter.threads.JMeterThread: The delay timer was interrupted - probably did not wait as long as intended. 
2012/02/06 17:35:42 INFO  - jmeter.threads.JMeterThread: Stopping: Initial Run 1-2 
2012/02/06 17:35:42 INFO  - jmeter.threads.JMeterThread: Stopping: Initial Run 1-5 
2012/02/06 17:35:42 WARN  - jmeter.threads.JMeterThread: The delay timer was interrupted - probably did not wait as long as intended. 
2012/02/06 17:35:42 WARN  - jmeter.threads.JMeterThread: The delay timer was interrupted - probably did not wait as long as intended. 
2012/02/06 17:35:42 INFO  - jmeter.threads.JMeterThread: Stopping: Initial Run 1-1 
2012/02/06 17:35:42 WARN  - jmeter.threads.JMeterThread: The delay timer was interrupted - probably did not wait as long as intended. 
2012/02/06 17:35:42 INFO  - jmeter.engine.StandardJMeterEngine: Test stopped - no more threads will be started 
2012/02/06 17:35:42 INFO  - jmeter.threads.JMeterThread: Thread finished: Initial Run 1-9 
2012/02/06 17:35:42 INFO  - jmeter.engine.StandardJMeterEngine: Ending thread Initial Run 1-9 
2012/02/06 17:35:43 INFO  - jmeter.threads.JMeterThread: Thread finished: Initial Run 1-6 
2012/02/06 17:35:43 INFO  - jmeter.engine.StandardJMeterEngine: Ending thread Initial Run 1-6 
2012/02/06 17:35:43 INFO  - jmeter.threads.JMeterThread: Thread finished: Initial Run 1-3 
2012/02/06 17:35:43 INFO  - jmeter.engine.StandardJMeterEngine: Ending thread Initial Run 1-3 
2012/02/06 17:35:43 INFO  - jmeter.threads.JMeterThread: Thread finished: Initial Run 1-8 
2012/02/06 17:35:43 INFO  - jmeter.engine.StandardJMeterEngine: Ending thread Initial Run 1-8 
2012/02/06 17:35:43 INFO  - jmeter.threads.JMeterThread: Thread finished: Initial Run 1-2 
2012/02/06 17:35:43 INFO  - jmeter.engine.StandardJMeterEngine: Ending thread Initial Run 1-2 
2012/02/06 17:35:43 INFO  - jmeter.threads.JMeterThread: Thread finished: Initial Run 1-10 
2012/02/06 17:35:43 INFO  - jmeter.engine.StandardJMeterEngine: Ending thread Initial Run 1-10 
2012/02/06 17:35:43 INFO  - jmeter.threads.JMeterThread: Thread finished: Initial Run 1-7 
2012/02/06 17:35:43 INFO  - jmeter.engine.StandardJMeterEngine: Ending thread Initial Run 1-7 
2012/02/06 17:35:43 INFO  - jmeter.threads.JMeterThread: Thread finished: Initial Run 1-5 
2012/02/06 17:35:43 INFO  - jmeter.engine.StandardJMeterEngine: Ending thread Initial Run 1-5 
2012/02/06 17:35:43 INFO  - jmeter.threads.JMeterThread: Thread finished: Initial Run 1-4 
2012/02/06 17:35:43 INFO  - jmeter.engine.StandardJMeterEngine: Ending thread Initial Run 1-4 
2012/02/06 17:35:43 INFO  - jmeter.threads.JMeterThread: Thread finished: Initial Run 1-1 
2012/02/06 17:35:43 INFO  - jmeter.engine.StandardJMeterEngine: Ending thread Initial Run 1-1 
2012/02/06 17:35:43 INFO  - jmeter.engine.StandardJMeterEngine: Notifying test listeners of end of test 
2012/02/06 17:35:43 INFO  - jmeter.gui.util.JMeterMenuBar: setRunning(false,*local*) 
2012/02/06 17:35:43 INFO  - jmeter.engine.StandardJMeterEngine: Test has ended on host null 
2012/02/06 17:36:49 INFO  - jmeter.engine.StandardJMeterEngine: Running the test! 
2012/02/06 17:36:49 INFO  - jmeter.gui.util.JMeterMenuBar: setRunning(true,*local*) 
2012/02/06 17:36:49 INFO  - jmeter.engine.StandardJMeterEngine: Starting 10 threads for group Initial Run. 
2012/02/06 17:36:49 INFO  - jmeter.engine.StandardJMeterEngine: Thread will continue on error 
2012/02/06 17:36:49 INFO  - jmeter.threads.JMeterThread: Thread started: Initial Run 1-1 
2012/02/06 17:36:49 INFO  - jmeter.engine.StandardJMeterEngine: Waiting for thread group: Initial Run to finish before starting next group 
2012/02/06 17:36:49 INFO  - jmeter.threads.JMeterThread: Thread started: Initial Run 1-2 
2012/02/06 17:36:49 INFO  - jmeter.threads.JMeterThread: Thread started: Initial Run 1-3 
2012/02/06 17:36:50 INFO  - jmeter.threads.JMeterThread: Thread started: Initial Run 1-4 
2012/02/06 17:36:50 INFO  - jmeter.threads.JMeterThread: Thread started: Initial Run 1-5 
2012/02/06 17:36:50 INFO  - jmeter.threads.JMeterThread: Thread started: Initial Run 1-6 
2012/02/06 17:36:50 INFO  - jmeter.threads.JMeterThread: Thread started: Initial Run 1-7 
2012/02/06 17:36:50 INFO  - jmeter.threads.JMeterThread: Thread started: Initial Run 1-8 
2012/02/06 17:36:50 INFO  - jmeter.threads.JMeterThread: Thread started: Initial Run 1-9 
2012/02/06 17:36:50 INFO  - jmeter.threads.JMeterThread: Thread started: Initial Run 1-10 
2012/02/06 17:39:53 ERROR - jmeter.protocol.http.sampler.HTTPJavaImpl: readResponse: java.io.IOException: Server returned HTTP response code: 403 for URL: http://localhost:8000/account/login/ 
2012/02/06 17:39:53 ERROR - jmeter.protocol.http.sampler.HTTPJavaImpl: Cause: java.io.IOException: Server returned HTTP response code: 403 for URL: http://localhost:8000/account/login/ 
2012/02/06 17:39:53 INFO  - jmeter.protocol.http.sampler.HTTPJavaImpl: Error Response Code: 403 
2012/02/06 17:40:10 ERROR - jmeter.protocol.http.sampler.HTTPJavaImpl: readResponse: java.io.IOException: Server returned HTTP response code: 403 for URL: http://localhost:8000/account/login/ 
2012/02/06 17:40:10 ERROR - jmeter.protocol.http.sampler.HTTPJavaImpl: Cause: java.io.IOException: Server returned HTTP response code: 403 for URL: http://localhost:8000/account/login/ 
2012/02/06 17:40:10 INFO  - jmeter.protocol.http.sampler.HTTPJavaImpl: Error Response Code: 403 
2012/02/06 17:40:13 ERROR - jmeter.protocol.http.sampler.HTTPJavaImpl: readResponse: java.io.IOException: Server returned HTTP response code: 403 for URL: http://localhost:8000/account/login/ 
2012/02/06 17:40:13 ERROR - jmeter.protocol.http.sampler.HTTPJavaImpl: Cause: java.io.IOException: Server returned HTTP response code: 403 for URL: http://localhost:8000/account/login/ 
2012/02/06 17:40:13 INFO  - jmeter.protocol.http.sampler.HTTPJavaImpl: Error Response Code: 403 
2012/02/06 17:40:13 ERROR - jmeter.protocol.http.sampler.HTTPJavaImpl: readResponse: java.io.IOException: Server returned HTTP response code: 403 for URL: http://localhost:8000/account/login/ 
2012/02/06 17:40:13 ERROR - jmeter.protocol.http.sampler.HTTPJavaImpl: Cause: java.io.IOException: Server returned HTTP response code: 403 for URL: http://localhost:8000/account/login/ 
2012/02/06 17:40:13 INFO  - jmeter.protocol.http.sampler.HTTPJavaImpl: Error Response Code: 403 
2012/02/06 17:40:27 ERROR - jmeter.protocol.http.sampler.HTTPJavaImpl: readResponse: java.io.IOException: Server returned HTTP response code: 403 for URL: http://localhost:8000/account/login/ 
2012/02/06 17:40:27 ERROR - jmeter.protocol.http.sampler.HTTPJavaImpl: Cause: java.io.IOException: Server returned HTTP response code: 403 for URL: http://localhost:8000/account/login/ 
2012/02/06 17:40:27 INFO  - jmeter.protocol.http.sampler.HTTPJavaImpl: Error Response Code: 403 
2012/02/06 17:40:30 ERROR - jmeter.protocol.http.sampler.HTTPJavaImpl: readResponse: java.io.IOException: Server returned HTTP response code: 403 for URL: http://localhost:8000/account/login/ 
2012/02/06 17:40:30 ERROR - jmeter.protocol.http.sampler.HTTPJavaImpl: Cause: java.io.IOException: Server returned HTTP response code: 403 for URL: http://localhost:8000/account/login/ 
2012/02/06 17:40:30 INFO  - jmeter.protocol.http.sampler.HTTPJavaImpl: Error Response Code: 403 
2012/02/06 17:40:36 ERROR - jmeter.protocol.http.sampler.HTTPJavaImpl: readResponse: java.io.IOException: Server returned HTTP response code: 403 for URL: http://localhost:8000/account/login/ 
2012/02/06 17:40:36 ERROR - jmeter.protocol.http.sampler.HTTPJavaImpl: Cause: java.io.IOException: Server returned HTTP response code: 403 for URL: http://localhost:8000/account/login/ 
2012/02/06 17:40:36 INFO  - jmeter.protocol.http.sampler.HTTPJavaImpl: Error Response Code: 403 
2012/02/06 17:41:00 ERROR - jmeter.protocol.http.sampler.HTTPJavaImpl: readResponse: java.io.IOException: Server returned HTTP response code: 403 for URL: http://localhost:8000/account/login/ 
2012/02/06 17:41:00 ERROR - jmeter.protocol.http.sampler.HTTPJavaImpl: Cause: java.io.IOException: Server returned HTTP response code: 403 for URL: http://localhost:8000/account/login/ 
2012/02/06 17:41:00 INFO  - jmeter.protocol.http.sampler.HTTPJavaImpl: Error Response Code: 403 
2012/02/06 17:41:01 ERROR - jmeter.protocol.http.sampler.HTTPJavaImpl: readResponse: java.io.IOException: Server returned HTTP response code: 403 for URL: http://localhost:8000/account/login/ 
2012/02/06 17:41:01 ERROR - jmeter.protocol.http.sampler.HTTPJavaImpl: Cause: java.io.IOException: Server returned HTTP response code: 403 for URL: http://localhost:8000/account/login/ 
2012/02/06 17:41:01 INFO  - jmeter.protocol.http.sampler.HTTPJavaImpl: Error Response Code: 403 
2012/02/06 17:41:06 ERROR - jmeter.protocol.http.sampler.HTTPJavaImpl: readResponse: java.io.IOException: Server returned HTTP response code: 403 for URL: http://localhost:8000/account/login/ 
2012/02/06 17:41:06 ERROR - jmeter.protocol.http.sampler.HTTPJavaImpl: Cause: java.io.IOException: Server returned HTTP response code: 403 for URL: http://localhost:8000/account/login/ 
2012/02/06 17:41:06 INFO  - jmeter.protocol.http.sampler.HTTPJavaImpl: Error Response Code: 403 
2012/02/06 17:41:54 INFO  - jmeter.gui.action.Start: Stopping test 
2012/02/06 17:41:54 INFO  - jmeter.threads.JMeterThread: Stopping: Initial Run 1-4 
2012/02/06 17:41:54 INFO  - jmeter.threads.JMeterThread: Stopping: Initial Run 1-1 
2012/02/06 17:41:54 WARN  - jmeter.threads.JMeterThread: The delay timer was interrupted - probably did not wait as long as intended. 
2012/02/06 17:41:54 INFO  - jmeter.threads.JMeterThread: Stopping: Initial Run 1-7 
2012/02/06 17:41:54 WARN  - jmeter.threads.JMeterThread: The delay timer was interrupted - probably did not wait as long as intended. 
2012/02/06 17:41:54 WARN  - jmeter.threads.JMeterThread: The delay timer was interrupted - probably did not wait as long as intended. 
2012/02/06 17:41:54 INFO  - jmeter.threads.JMeterThread: Stopping: Initial Run 1-9 
2012/02/06 17:41:54 INFO  - jmeter.threads.JMeterThread: Stopping: Initial Run 1-10 
2012/02/06 17:41:54 WARN  - jmeter.threads.JMeterThread: The delay timer was interrupted - probably did not wait as long as intended. 
2012/02/06 17:41:54 WARN  - jmeter.threads.JMeterThread: The delay timer was interrupted - probably did not wait as long as intended. 
2012/02/06 17:41:54 INFO  - jmeter.threads.JMeterThread: Stopping: Initial Run 1-8 
2012/02/06 17:41:54 INFO  - jmeter.threads.JMeterThread: Stopping: Initial Run 1-5 
2012/02/06 17:41:54 WARN  - jmeter.threads.JMeterThread: The delay timer was interrupted - probably did not wait as long as intended. 
2012/02/06 17:41:54 WARN  - jmeter.threads.JMeterThread: The delay timer was interrupted - probably did not wait as long as intended. 
2012/02/06 17:41:54 INFO  - jmeter.threads.JMeterThread: Stopping: Initial Run 1-6 
2012/02/06 17:41:54 INFO  - jmeter.threads.JMeterThread: Stopping: Initial Run 1-2 
2012/02/06 17:41:54 WARN  - jmeter.threads.JMeterThread: The delay timer was interrupted - probably did not wait as long as intended. 
2012/02/06 17:41:54 WARN  - jmeter.threads.JMeterThread: The delay timer was interrupted - probably did not wait as long as intended. 
2012/02/06 17:41:54 INFO  - jmeter.threads.JMeterThread: Stopping: Initial Run 1-3 
2012/02/06 17:41:54 WARN  - jmeter.threads.JMeterThread: The delay timer was interrupted - probably did not wait as long as intended. 
2012/02/06 17:41:54 INFO  - jmeter.threads.JMeterThread: Thread finished: Initial Run 1-7 
2012/02/06 17:41:54 INFO  - jmeter.engine.StandardJMeterEngine: Ending thread Initial Run 1-7 
2012/02/06 17:41:54 INFO  - jmeter.threads.JMeterThread: Thread finished: Initial Run 1-9 
2012/02/06 17:41:54 INFO  - jmeter.engine.StandardJMeterEngine: Ending thread Initial Run 1-9 
2012/02/06 17:41:54 INFO  - jmeter.threads.JMeterThread: Thread finished: Initial Run 1-10 
2012/02/06 17:41:54 INFO  - jmeter.engine.StandardJMeterEngine: Ending thread Initial Run 1-10 
2012/02/06 17:41:54 INFO  - jmeter.threads.JMeterThread: Thread finished: Initial Run 1-8 
2012/02/06 17:41:54 INFO  - jmeter.engine.StandardJMeterEngine: Ending thread Initial Run 1-8 
2012/02/06 17:41:54 INFO  - jmeter.threads.JMeterThread: Thread finished: Initial Run 1-4 
2012/02/06 17:41:54 INFO  - jmeter.engine.StandardJMeterEngine: Ending thread Initial Run 1-4 
2012/02/06 17:41:54 INFO  - jmeter.threads.JMeterThread: Thread finished: Initial Run 1-1 
2012/02/06 17:41:54 INFO  - jmeter.engine.StandardJMeterEngine: Ending thread Initial Run 1-1 
2012/02/06 17:41:55 INFO  - jmeter.engine.StandardJMeterEngine: Test stopped - no more threads will be started 
2012/02/06 17:41:55 INFO  - jmeter.threads.JMeterThread: Thread finished: Initial Run 1-2 
2012/02/06 17:41:55 INFO  - jmeter.engine.StandardJMeterEngine: Ending thread Initial Run 1-2 
2012/02/06 17:41:55 INFO  - jmeter.threads.JMeterThread: Thread finished: Initial Run 1-6 
2012/02/06 17:41:55 INFO  - jmeter.engine.StandardJMeterEngine: Ending thread Initial Run 1-6 
2012/02/06 17:41:55 INFO  - jmeter.threads.JMeterThread: Thread finished: Initial Run 1-5 
2012/02/06 17:41:55 INFO  - jmeter.engine.StandardJMeterEngine: Ending thread Initial Run 1-5 
2012/02/06 17:41:55 INFO  - jmeter.threads.JMeterThread: Thread finished: Initial Run 1-3 
2012/02/06 17:41:55 INFO  - jmeter.engine.StandardJMeterEngine: Ending thread Initial Run 1-3 
2012/02/06 17:41:55 INFO  - jmeter.engine.StandardJMeterEngine: Notifying test listeners of end of test 
2012/02/06 17:41:55 INFO  - jmeter.gui.util.JMeterMenuBar: setRunning(false,*local*) 
2012/02/06 17:41:55 INFO  - jmeter.engine.StandardJMeterEngine: Test has ended on host null 
