INFO 2011-04-29 10:30:43 cdesiato /site_media/static/frontendadmin/css/frontendadmin.css 200
INFO 2011-04-29 10:30:43 cdesiato /site_media/static/frontendadmin/css/frontendadmin.css 200
INFO 2011-04-29 10:30:43 cdesiato /site_media/static/js/jquery-1.4.2.min.js 200
INFO 2011-04-29 10:30:43 cdesiato /site_media/static/js/jquery-1.4.2.min.js 200
INFO 2011-04-29 10:30:43 cdesiato /site_media/static/css/default/screen.css 200
INFO 2011-04-29 10:30:43 cdesiato /site_media/static/css/default/screen.css 200
INFO 2011-04-29 10:30:43 cdesiato /site_media/static/css/default/jquery-ui.css 200
INFO 2011-04-29 10:30:43 cdesiato /site_media/static/css/default/jquery-ui.css 200
INFO 2011-04-29 10:30:43 cdesiato /site_media/static/uni_form/uni-form.css 200
INFO 2011-04-29 10:30:43 cdesiato /site_media/static/uni_form/uni-form.css 200
INFO 2011-04-29 10:30:43 cdesiato /site_media/static/css/default/logged_in_base.css 200
INFO 2011-04-29 10:30:43 cdesiato /site_media/static/css/default/logged_in_base.css 200
INFO 2011-04-29 10:30:43 cdesiato /site_media/static/css/default/pages/home.css 200
INFO 2011-04-29 10:30:43 cdesiato /site_media/static/css/default/pages/home.css 200
INFO 2011-04-29 10:30:43 cdesiato /site_media/static/js/jquery-ui-1.8.1.custom.min.js 200
INFO 2011-04-29 10:30:43 cdesiato /site_media/static/js/jquery-ui-1.8.1.custom.min.js 200
INFO 2011-04-29 10:30:43 cdesiato /site_media/static/js/jquery.form.2.43.js 200
INFO 2011-04-29 10:30:43 cdesiato /site_media/static/js/jquery.form.2.43.js 200
INFO 2011-04-29 10:30:43 cdesiato /site_media/static/images/hale.ilima.jpg 200
INFO 2011-04-29 10:30:43 cdesiato /site_media/static/images/hale.ilima.jpg 200
INFO 2011-04-29 10:30:43 cdesiato /site_media/static/js/jquery.cycle.lite.1.0.min.js 200
INFO 2011-04-29 10:30:43 cdesiato /site_media/static/js/jquery.cycle.lite.1.0.min.js 200
INFO 2011-04-29 10:30:43 cdesiato /site_media/static/uni_form/uni-form-generic.css 200
INFO 2011-04-29 10:30:43 cdesiato /site_media/static/uni_form/uni-form-generic.css 200
INFO 2011-04-29 10:30:43 cdesiato /site_media/static/css/default/images/spacer.png 200
INFO 2011-04-29 10:30:43 cdesiato /site_media/static/css/default/images/spacer.png 200
INFO 2011-04-29 10:30:43 cdesiato /site_media/static/css/default/images/right.png 200
INFO 2011-04-29 10:30:43 cdesiato /site_media/static/css/default/images/right.png 200
INFO 2011-04-29 10:30:43 cdesiato /site_media/static/css/default/logged_in_base.css 200
INFO 2011-04-29 10:30:43 cdesiato /site_media/static/css/default/logged_in_base.css 200
INFO 2011-04-29 10:30:43 cdesiato /site_media/static/css/default/images/bkg-landing-top.jpg 200
INFO 2011-04-29 10:30:43 cdesiato /site_media/static/css/default/images/bkg-landing-top.jpg 200
INFO 2011-04-29 10:30:43 cdesiato /site_media/static/css/default/images/bkg-profile-topnav.png 200
INFO 2011-04-29 10:30:43 cdesiato /site_media/static/css/default/images/bkg-profile-topnav.png 200
INFO 2011-04-29 10:30:43 cdesiato /site_media/static/css/default/images/bkg-landing-middle.jpg 200
INFO 2011-04-29 10:30:43 cdesiato /site_media/static/css/default/images/bkg-landing-middle.jpg 200
INFO 2011-04-29 10:30:43 cdesiato /site_media/static/css/default/images/bkg-header-info.png 200
INFO 2011-04-29 10:30:43 cdesiato /site_media/static/css/default/images/bkg-header-info.png 200
INFO 2011-04-29 10:30:43 cdesiato /site_media/static/css/default/images/bkg-landing-bottom.png 200
INFO 2011-04-29 10:30:43 cdesiato /site_media/static/css/default/images/bkg-landing-bottom.png 200
INFO 2011-04-29 10:30:43 cdesiato /site_media/static/css/default/images/bkg-icon-tray.png 200
INFO 2011-04-29 10:30:43 cdesiato /site_media/static/css/default/images/bkg-icon-tray.png 200
INFO 2011-04-29 10:30:43 cdesiato /site_media/static/css/default/images/icon-go-low.png 200
INFO 2011-04-29 10:30:43 cdesiato /site_media/static/css/default/images/icon-go-low.png 200
INFO 2011-04-29 10:30:43 cdesiato /site_media/static/css/default/images/icon-scoreboard.png 200
INFO 2011-04-29 10:30:43 cdesiato /site_media/static/css/default/images/icon-scoreboard.png 200
INFO 2011-04-29 10:30:43 cdesiato /site_media/static/css/default/images/icon-prizes.png 200
INFO 2011-04-29 10:30:43 cdesiato /site_media/static/css/default/images/icon-prizes.png 200
INFO 2011-04-29 10:30:43 cdesiato /site_media/static/css/default/images/icon-profile.png 200
INFO 2011-04-29 10:30:43 cdesiato /site_media/static/css/default/images/icon-profile.png 200
INFO 2011-04-29 10:30:43 cdesiato /site_media/static/css/default/images/icon-news.png 200
INFO 2011-04-29 10:30:43 cdesiato /site_media/static/css/default/images/icon-news.png 200
INFO 2011-04-29 10:30:43 cdesiato /site_media/static/css/default/images/icon-help.png 200
INFO 2011-04-29 10:30:43 cdesiato /site_media/static/css/default/images/icon-help.png 200
INFO 2011-04-29 10:30:44 cdesiato /site_media/static/css/default/images/bullet.png 200
INFO 2011-04-29 10:30:44 cdesiato /site_media/static/css/default/images/icon-go-low-lg.jpg 200
INFO 2011-04-29 10:30:44 cdesiato /site_media/static/css/default/images/bullet.png 200
INFO 2011-04-29 10:30:44 cdesiato /site_media/static/css/default/images/icon-go-low-lg.jpg 200
INFO 2011-04-29 10:30:44 cdesiato /site_media/static/css/default/images/bkg-home-content.png 200
INFO 2011-04-29 10:30:44 cdesiato /site_media/static/css/default/images/bkg-home-content.png 200
INFO 2011-04-29 10:30:44 cdesiato /site_media/static/css/default/images/icon-scoreboard-lg.jpg 200
INFO 2011-04-29 10:30:44 cdesiato /site_media/static/css/default/images/icon-scoreboard-lg.jpg 200
INFO 2011-04-29 10:30:44 cdesiato /site_media/static/css/default/images/icon-prizes-lg.jpg 200
INFO 2011-04-29 10:30:44 cdesiato /site_media/static/css/default/images/icon-prizes-lg.jpg 200
INFO 2011-04-29 10:30:44 cdesiato /site_media/static/css/default/images/icon-news-lg.jpg 200
INFO 2011-04-29 10:30:44 cdesiato /site_media/static/css/default/images/icon-news-lg.jpg 200
INFO 2011-04-29 10:30:44 cdesiato /site_media/static/css/default/images/icon-profile-lg.jpg 200
INFO 2011-04-29 10:30:44 cdesiato /site_media/static/css/default/images/icon-profile-lg.jpg 200
INFO 2011-04-29 10:30:44 cdesiato /site_media/static/css/default/images/icon-help-lg.jpg 200
INFO 2011-04-29 10:30:44 cdesiato /site_media/static/css/default/images/icon-help-lg.jpg 200
INFO 2011-04-29 10:30:44 cdesiato /site_media/static/css/default/images/ui-bg_highlight-soft_90_dadada_1x100.png 200
INFO 2011-04-29 10:30:44 cdesiato /site_media/static/css/default/images/ui-bg_highlight-soft_90_dadada_1x100.png 200
INFO 2011-04-29 10:30:44 cdesiato /site_media/static/css/default/images/ui-bg_glass_75_e3e3e3_1x400.png 200
INFO 2011-04-29 10:30:44 cdesiato /site_media/static/css/default/images/ui-bg_glass_75_e3e3e3_1x400.png 200
INFO 2011-04-29 10:30:44 cdesiato /site_media/static/css/default/images/ui-bg_flat_75_ebe7bc_40x100.png 200
INFO 2011-04-29 10:30:44 cdesiato /site_media/static/css/default/images/ui-bg_flat_75_ebe7bc_40x100.png 200
INFO 2011-04-29 10:30:44 cdesiato /site_media/static/css/default/images/ui-bg_flat_0_aaaaaa_40x100.png 200
INFO 2011-04-29 10:30:44 cdesiato /site_media/static/css/default/images/ui-bg_flat_0_aaaaaa_40x100.png 200
INFO 2011-04-29 10:30:44 cdesiato /site_media/static/css/default/images/ui-icons_222222_256x240.png 200
INFO 2011-04-29 10:30:44 cdesiato /site_media/static/css/default/images/ui-icons_222222_256x240.png 200