INFO 2011-04-28 15:07:18 coblerd /site_media/static/images/hale.ilima.jpg 304
INFO 2011-04-28 15:07:18 coblerd /site_media/static/images/hale.ilima.jpg 304
INFO 2011-04-28 15:07:18 coblerd /site_media/static/css/default/images/spacer.png 304
INFO 2011-04-28 15:07:18 coblerd /site_media/static/css/default/images/spacer.png 304
INFO 2011-04-28 15:07:18 coblerd /site_media/static/css/default/pages/home.css 304
INFO 2011-04-28 15:07:18 coblerd /site_media/static/css/default/pages/home.css 304
INFO 2011-04-28 15:07:18 coblerd /site_media/static/css/default/logged_in_base.css 304
INFO 2011-04-28 15:07:18 coblerd /site_media/static/css/default/logged_in_base.css 304
INFO 2011-04-28 15:07:19 coblerd /site_media/static/css/default/images/bkg-landing-bottom.png 304
INFO 2011-04-28 15:07:19 coblerd /site_media/static/css/default/images/bkg-landing-bottom.png 304
INFO 2011-04-28 15:07:19 coblerd /site_media/static/css/default/images/bkg-header-info.png 304
INFO 2011-04-28 15:07:19 coblerd /site_media/static/css/default/images/bkg-header-info.png 304
INFO 2011-04-28 15:07:19 coblerd /site_media/static/css/default/images/bkg-landing-top.jpg 304
INFO 2011-04-28 15:07:19 coblerd /site_media/static/css/default/images/bkg-landing-top.jpg 304
INFO 2011-04-28 15:07:19 coblerd /site_media/static/css/default/images/bkg-landing-middle.jpg 304
INFO 2011-04-28 15:07:19 coblerd /site_media/static/css/default/images/bkg-landing-middle.jpg 304
INFO 2011-04-28 15:07:19 coblerd /site_media/static/css/default/images/bkg-icon-tray.png 304
INFO 2011-04-28 15:07:19 coblerd /site_media/static/css/default/images/bkg-icon-tray.png 304
INFO 2011-04-28 15:07:19 coblerd /site_media/static/css/default/images/icon-go-low.png 304
INFO 2011-04-28 15:07:19 coblerd /site_media/static/css/default/images/icon-go-low.png 304
INFO 2011-04-28 15:07:19 coblerd /site_media/static/css/default/images/icon-profile.png 304
INFO 2011-04-28 15:07:19 coblerd /site_media/static/css/default/images/icon-profile.png 304
INFO 2011-04-28 15:07:19 coblerd /site_media/static/css/default/images/icon-news.png 304
INFO 2011-04-28 15:07:19 coblerd /site_media/static/css/default/images/icon-news.png 304
INFO 2011-04-28 15:07:19 coblerd /site_media/static/css/default/images/icon-scoreboard.png 304
INFO 2011-04-28 15:07:19 coblerd /site_media/static/css/default/images/icon-scoreboard.png 304
INFO 2011-04-28 15:07:19 coblerd /site_media/static/css/default/images/icon-prizes.png 304
INFO 2011-04-28 15:07:19 coblerd /site_media/static/css/default/images/icon-prizes.png 304
INFO 2011-04-28 15:07:19 coblerd /site_media/static/css/default/images/icon-help.png 304
INFO 2011-04-28 15:07:19 coblerd /site_media/static/css/default/images/icon-help.png 304
INFO 2011-04-28 15:07:19 coblerd /site_media/static/css/default/images/bullet.png 304
INFO 2011-04-28 15:07:19 coblerd /site_media/static/css/default/images/bullet.png 304
INFO 2011-04-28 15:07:19 coblerd /site_media/static/css/default/images/icon-go-low-lg.jpg 304
INFO 2011-04-28 15:07:19 coblerd /site_media/static/css/default/images/icon-go-low-lg.jpg 304
INFO 2011-04-28 15:07:19 coblerd /site_media/static/css/default/images/right.png 304
INFO 2011-04-28 15:07:19 coblerd /site_media/static/css/default/images/right.png 304
INFO 2011-04-28 15:07:19 coblerd /site_media/static/css/default/images/bkg-home-content.png 304
INFO 2011-04-28 15:07:19 coblerd /site_media/static/css/default/images/bkg-home-content.png 304
INFO 2011-04-28 15:07:19 coblerd /site_media/static/css/default/images/icon-scoreboard-lg.jpg 304
INFO 2011-04-28 15:07:19 coblerd /site_media/static/css/default/images/icon-scoreboard-lg.jpg 304
INFO 2011-04-28 15:07:19 coblerd /site_media/static/css/default/images/icon-help-lg.jpg 304
INFO 2011-04-28 15:07:19 coblerd /site_media/static/css/default/images/icon-help-lg.jpg 304
INFO 2011-04-28 15:07:19 coblerd /site_media/static/css/default/images/icon-news-lg.jpg 304
INFO 2011-04-28 15:07:19 coblerd /site_media/static/css/default/images/icon-prizes-lg.jpg 304
INFO 2011-04-28 15:07:19 coblerd /site_media/static/css/default/images/icon-news-lg.jpg 304
INFO 2011-04-28 15:07:19 coblerd /site_media/static/css/default/images/icon-prizes-lg.jpg 304
INFO 2011-04-28 15:07:19 coblerd /site_media/static/css/default/images/icon-profile-lg.jpg 304
INFO 2011-04-28 15:07:19 coblerd /site_media/static/css/default/images/icon-profile-lg.jpg 304
INFO 2011-04-28 15:07:19 coblerd /site_media/static/css/default/images/icon-scoreboard-lg-over.jpg 304
INFO 2011-04-28 15:07:19 coblerd /site_media/static/css/default/images/icon-scoreboard-lg-over.jpg 304
INFO 2011-04-28 15:07:19 coblerd /site_media/static/css/default/images/ui-bg_glass_75_e3e3e3_1x400.png 304
INFO 2011-04-28 15:07:19 coblerd /site_media/static/css/default/images/ui-bg_glass_75_e3e3e3_1x400.png 304
INFO 2011-04-28 15:07:20 coblerd /site_media/static/css/default/images/ui-bg_flat_75_ebe7bc_40x100.png 304
INFO 2011-04-28 15:07:20 coblerd /site_media/static/css/default/images/ui-bg_flat_75_ebe7bc_40x100.png 304
INFO 2011-04-28 15:07:20 coblerd /site_media/static/css/default/images/ui-icons_222222_256x240.png 304
INFO 2011-04-28 15:07:20 coblerd /site_media/static/css/default/images/ui-icons_222222_256x240.png 304
INFO 2011-04-28 15:07:20 coblerd /site_media/static/css/default/images/ui-bg_highlight-soft_90_dadada_1x100.png 304
INFO 2011-04-28 15:07:20 coblerd /site_media/static/css/default/images/ui-bg_highlight-soft_90_dadada_1x100.png 304
INFO 2011-04-28 15:07:20 coblerd /site_media/static/css/default/images/ui-bg_flat_0_aaaaaa_40x100.png 304
INFO 2011-04-28 15:07:20 coblerd /site_media/static/css/default/images/ui-bg_flat_0_aaaaaa_40x100.png 304
INFO 2011-04-28 15:07:21 coblerd /site_media/static/css/default/images/ui-bg_glass_75_dadada_1x400.png 304
INFO 2011-04-28 15:07:21 coblerd /site_media/static/css/default/images/ui-bg_glass_75_dadada_1x400.png 304
INFO 2011-04-28 15:07:25 coblerd /site_media/static/css/default/images/ui-bg_glass_65_ffffff_1x400.png 304
INFO 2011-04-28 15:07:25 coblerd /site_media/static/css/default/images/ui-bg_glass_65_ffffff_1x400.png 304
INFO 2011-04-28 15:07:25 coblerd /home/setup/terms/ 200
INFO 2011-04-28 15:07:25 coblerd /home/setup/terms/ 200
INFO 2011-04-28 15:07:25 coblerd /site_media/static/css/default/images/stop.png 304
INFO 2011-04-28 15:07:25 coblerd /site_media/static/css/default/images/stop.png 304
INFO 2011-04-28 15:07:25 coblerd /site_media/static/css/default/images/left.png 304
INFO 2011-04-28 15:07:25 coblerd /site_media/static/css/default/images/left.png 304
INFO 2011-04-28 15:07:25 coblerd /home/setup/terms/ 200
INFO 2011-04-28 15:07:25 coblerd /home/setup/terms/ 200
INFO 2011-04-28 15:07:35 coblerd /home/setup/facebook/ 200
INFO 2011-04-28 15:07:35 coblerd /home/setup/facebook/ 200
INFO 2011-04-28 15:07:37 coblerd /home/setup/profile/ 200
INFO 2011-04-28 15:07:37 coblerd /home/setup/profile/ 200
INFO 2011-04-28 15:07:39 coblerd /home/setup/facebook/ 200
INFO 2011-04-28 15:07:39 coblerd /home/setup/facebook/ 200
INFO 2011-04-28 15:07:43 coblerd /home/setup/profile/ 200
INFO 2011-04-28 15:07:43 coblerd /home/setup/profile/ 200
INFO 2011-04-28 15:07:49 coblerd /home/setup/profile/ 200
INFO 2011-04-28 15:07:49 coblerd /home/setup/profile/ 200
INFO 2011-04-28 15:09:57 coblerd /home/setup/question/ 200
INFO 2011-04-28 15:09:57 coblerd /home/setup/question/ 200
INFO 2011-04-28 15:10:06 coblerd /home/setup/complete/ 200
INFO 2011-04-28 15:10:06 coblerd /home/setup/complete/ 200
INFO 2011-04-28 15:10:06 coblerd /site_media/static/css/default/images/quest-screen.png 304
INFO 2011-04-28 15:10:06 coblerd /site_media/static/css/default/images/quest-screen.png 304
INFO 2011-04-28 15:10:09 coblerd /home/ 200
INFO 2011-04-28 15:10:09 coblerd /home/ 200
INFO 2011-04-28 15:10:09 coblerd /site_media/static/css/default/screen.css 304
INFO 2011-04-28 15:10:09 coblerd /site_media/static/css/default/screen.css 304
INFO 2011-04-28 15:10:09 coblerd /site_media/static/frontendadmin/css/frontendadmin.css 304
INFO 2011-04-28 15:10:09 coblerd /site_media/static/frontendadmin/css/frontendadmin.css 304
INFO 2011-04-28 15:10:09 coblerd /site_media/static/css/default/jquery-ui.css 304
INFO 2011-04-28 15:10:09 coblerd /site_media/static/css/default/jquery-ui.css 304
INFO 2011-04-28 15:10:09 coblerd /site_media/static/js/jquery-1.4.2.min.js 304
INFO 2011-04-28 15:10:09 coblerd /site_media/static/js/jquery-ui-1.8.1.custom.min.js 304
INFO 2011-04-28 15:10:09 coblerd /site_media/static/js/jquery-1.4.2.min.js 304
INFO 2011-04-28 15:10:09 coblerd /site_media/static/js/jquery-ui-1.8.1.custom.min.js 304
INFO 2011-04-28 15:10:09 coblerd /site_media/static/uni_form/uni-form.css 304
INFO 2011-04-28 15:10:09 coblerd /site_media/static/uni_form/uni-form.css 304
INFO 2011-04-28 15:10:09 coblerd /site_media/static/js/jquery.cycle.lite.1.0.min.js 304
INFO 2011-04-28 15:10:09 coblerd /site_media/static/js/jquery.cycle.lite.1.0.min.js 304
INFO 2011-04-28 15:10:09 coblerd /site_media/static/css/default/logged_in_base.css 304
INFO 2011-04-28 15:10:09 coblerd /site_media/static/js/jquery.form.2.43.js 304
INFO 2011-04-28 15:10:09 coblerd /site_media/static/css/default/logged_in_base.css 304
INFO 2011-04-28 15:10:09 coblerd /site_media/static/js/jquery.form.2.43.js 304
INFO 2011-04-28 15:10:09 coblerd /site_media/static/css/default/pages/home.css 304
INFO 2011-04-28 15:10:09 coblerd /site_media/static/css/default/pages/home.css 304
INFO 2011-04-28 15:10:09 coblerd /site_media/static/uni_form/uni-form-generic.css 304
INFO 2011-04-28 15:10:09 coblerd /site_media/static/uni_form/uni-form-generic.css 304
INFO 2011-04-28 15:10:10 coblerd /site_media/static/css/default/images/icon-news-lg-over.jpg 304
INFO 2011-04-28 15:10:10 coblerd /site_media/static/css/default/images/icon-news-lg-over.jpg 304
INFO 2011-04-28 15:10:45 coblerd /quests/accept/7/ 302
INFO 2011-04-28 15:10:45 coblerd /quests/accept/7/ 302
INFO 2011-04-28 15:10:45 coblerd /home/ 200
INFO 2011-04-28 15:10:45 coblerd /home/ 200
INFO 2011-04-28 15:10:52 coblerd /site_media/static/css/default/images/icon-go-low-lg-over.jpg 304
INFO 2011-04-28 15:10:52 coblerd /site_media/static/css/default/images/icon-go-low-lg-over.jpg 304
INFO 2011-04-28 15:10:57 coblerd /site_media/static/css/default/images/icon-prizes-lg-over.jpg 304
INFO 2011-04-28 15:10:57 coblerd /site_media/static/css/default/images/icon-prizes-lg-over.jpg 304
INFO 2011-04-28 15:10:57 coblerd /prizes/ 200
INFO 2011-04-28 15:10:57 coblerd /prizes/ 200
INFO 2011-04-28 15:10:57 coblerd /site_media/static/css/default/pages/view_prizes.css 304
INFO 2011-04-28 15:10:57 coblerd /site_media/static/css/default/pages/view_prizes.css 304
INFO 2011-04-28 15:10:57 coblerd /site_media/media/prizes/Pizza.jpg 304
INFO 2011-04-28 15:10:57 coblerd /site_media/media/prizes/Pizza.jpg 304
INFO 2011-04-28 15:10:57 coblerd /site_media/media/prizes/ice-cream-cone.jpg 304
INFO 2011-04-28 15:10:57 coblerd /site_media/media/prizes/ice-cream-cone.jpg 304
INFO 2011-04-28 15:10:57 coblerd /site_media/media/prizes/bikehelmet_1.jpg 304
INFO 2011-04-28 15:10:57 coblerd /site_media/media/prizes/bikehelmet_1.jpg 304
INFO 2011-04-28 15:10:57 coblerd /site_media/static/css/default/images/bkg-message-tray.png 304
INFO 2011-04-28 15:10:57 coblerd /site_media/static/css/default/images/bkg-message-tray.png 304
INFO 2011-04-28 15:10:57 coblerd /site_media/media/prizes/ipod-nano.jpg 304
INFO 2011-04-28 15:10:57 coblerd /site_media/media/prizes/ipod-nano.jpg 304
INFO 2011-04-28 15:10:58 coblerd /site_media/media/prizes/surf_lessons_1.jpg 304
INFO 2011-04-28 15:10:58 coblerd /site_media/media/prizes/surf_lessons_1.jpg 304
INFO 2011-04-28 15:10:58 coblerd /site_media/static/css/default/images/circle+.png 304
INFO 2011-04-28 15:10:58 coblerd /site_media/static/css/default/images/circle+.png 304
INFO 2011-04-28 15:10:58 coblerd /site_media/media/prizes/bubbies.png 304
INFO 2011-04-28 15:10:58 coblerd /site_media/static/css/default/images/circle-.png 304
INFO 2011-04-28 15:10:58 coblerd /site_media/media/prizes/bubbies.png 304
INFO 2011-04-28 15:10:58 coblerd /site_media/static/css/default/images/circle-.png 304
INFO 2011-04-28 15:11:33 coblerd /prizes/raffle/3/add_ticket/ 302
INFO 2011-04-28 15:11:33 coblerd /prizes/raffle/3/add_ticket/ 302
INFO 2011-04-28 15:11:33 coblerd /prizes/ 200
INFO 2011-04-28 15:11:33 coblerd /prizes/ 200
INFO 2011-04-28 15:11:33 coblerd /site_media/static/frontendadmin/css/frontendadmin.css 304
INFO 2011-04-28 15:11:33 coblerd /site_media/static/frontendadmin/css/frontendadmin.css 304
INFO 2011-04-28 15:11:33 coblerd /site_media/static/css/default/screen.css 304
INFO 2011-04-28 15:11:33 coblerd /site_media/static/css/default/screen.css 304
INFO 2011-04-28 15:11:33 coblerd /site_media/static/css/default/jquery-ui.css 304
INFO 2011-04-28 15:11:33 coblerd /site_media/static/css/default/jquery-ui.css 304
INFO 2011-04-28 15:11:33 coblerd /site_media/static/js/jquery-1.4.2.min.js 304
INFO 2011-04-28 15:11:33 coblerd /site_media/static/js/jquery-1.4.2.min.js 304
INFO 2011-04-28 15:11:33 coblerd /site_media/static/js/jquery-ui-1.8.1.custom.min.js 304
INFO 2011-04-28 15:11:33 coblerd /site_media/static/js/jquery-ui-1.8.1.custom.min.js 304
INFO 2011-04-28 15:11:33 coblerd /site_media/static/uni_form/uni-form.css 304
INFO 2011-04-28 15:11:33 coblerd /site_media/static/uni_form/uni-form.css 304
INFO 2011-04-28 15:11:33 coblerd /site_media/static/js/jquery.cycle.lite.1.0.min.js 304
INFO 2011-04-28 15:11:33 coblerd /site_media/static/js/jquery.cycle.lite.1.0.min.js 304
INFO 2011-04-28 15:11:33 coblerd /site_media/static/css/default/logged_in_base.css 304
INFO 2011-04-28 15:11:33 coblerd /site_media/static/css/default/logged_in_base.css 304
INFO 2011-04-28 15:11:33 coblerd /site_media/static/js/jquery.form.2.43.js 304
INFO 2011-04-28 15:11:33 coblerd /site_media/static/js/jquery.form.2.43.js 304
INFO 2011-04-28 15:11:33 coblerd /site_media/static/uni_form/uni-form-generic.css 304
INFO 2011-04-28 15:11:33 coblerd /site_media/static/uni_form/uni-form-generic.css 304
INFO 2011-04-28 15:11:45 coblerd /site_media/static/css/default/images/icon-go-low-over.png 304
INFO 2011-04-28 15:11:45 coblerd /site_media/static/css/default/images/icon-go-low-over.png 304
INFO 2011-04-28 15:11:45 coblerd /site_media/static/css/default/images/icon-scoreboard-over.png 304
INFO 2011-04-28 15:11:45 coblerd /site_media/static/css/default/images/icon-scoreboard-over.png 304
INFO 2011-04-28 15:11:57 coblerd /quests/accept/5/ 302
INFO 2011-04-28 15:11:57 coblerd /quests/accept/5/ 302
INFO 2011-04-28 15:11:58 coblerd /prizes/ 200
INFO 2011-04-28 15:11:58 coblerd /prizes/ 200
INFO 2011-04-28 15:11:58 coblerd /site_media/static/css/default/pages/view_prizes.css 304
INFO 2011-04-28 15:11:58 coblerd /site_media/static/css/default/pages/view_prizes.css 304
INFO 2011-04-28 15:11:59 coblerd /site_media/static/css/default/images/icon-news-over.png 304
INFO 2011-04-28 15:11:59 coblerd /site_media/static/css/default/images/icon-news-over.png 304
INFO 2011-04-28 15:12:01 coblerd /site_media/static/css/default/images/icon-prizes-over.png 304
INFO 2011-04-28 15:12:01 coblerd /site_media/static/css/default/images/icon-prizes-over.png 304
INFO 2011-04-28 15:12:02 coblerd /site_media/static/css/default/images/icon-profile-over.png 304
INFO 2011-04-28 15:12:02 coblerd /site_media/static/css/default/images/icon-profile-over.png 304
INFO 2011-04-28 15:12:03 coblerd /site_media/static/css/default/images/icon-help-over.png 304
INFO 2011-04-28 15:12:03 coblerd /site_media/static/css/default/images/icon-help-over.png 304
INFO 2011-04-28 15:12:07 coblerd /activities/ 200
INFO 2011-04-28 15:12:07 coblerd /activities/ 200
INFO 2011-04-28 15:12:07 coblerd /site_media/static/css/default/pages/view_activities.css 304
INFO 2011-04-28 15:12:07 coblerd /site_media/static/css/default/pages/view_activities.css 304
INFO 2011-04-28 15:12:16 coblerd /activities/task/14/ 200
INFO 2011-04-28 15:12:16 coblerd /activities/task/14/ 200
INFO 2011-04-28 15:12:34 coblerd /activities/task/2/ 200
INFO 2011-04-28 15:12:34 coblerd /activities/task/2/ 200
INFO 2011-04-28 15:12:34 coblerd /site_media/static/css/default/screen.css 304
INFO 2011-04-28 15:12:34 coblerd /site_media/static/css/default/screen.css 304
INFO 2011-04-28 15:12:34 coblerd /site_media/static/css/default/jquery-ui.css 304
INFO 2011-04-28 15:12:34 coblerd /site_media/static/css/default/jquery-ui.css 304
INFO 2011-04-28 15:12:34 coblerd /site_media/static/frontendadmin/css/frontendadmin.css 304
INFO 2011-04-28 15:12:34 coblerd /site_media/static/frontendadmin/css/frontendadmin.css 304
INFO 2011-04-28 15:12:34 coblerd /site_media/static/uni_form/uni-form.css 304
INFO 2011-04-28 15:12:34 coblerd /site_media/static/uni_form/uni-form.css 304
INFO 2011-04-28 15:12:34 coblerd /site_media/static/js/jquery.form.2.43.js 304
INFO 2011-04-28 15:12:34 coblerd /site_media/static/js/jquery.form.2.43.js 304
INFO 2011-04-28 15:12:34 coblerd /site_media/static/js/jquery.cycle.lite.1.0.min.js 304
INFO 2011-04-28 15:12:34 coblerd /site_media/static/js/jquery-ui-1.8.1.custom.min.js 304
INFO 2011-04-28 15:12:34 coblerd /site_media/static/js/jquery.cycle.lite.1.0.min.js 304
INFO 2011-04-28 15:12:34 coblerd /site_media/static/js/jquery-ui-1.8.1.custom.min.js 304
INFO 2011-04-28 15:12:34 coblerd /site_media/static/js/jquery-1.4.2.min.js 304
INFO 2011-04-28 15:12:34 coblerd /site_media/static/js/jquery-1.4.2.min.js 304
INFO 2011-04-28 15:12:34 coblerd /site_media/static/css/default/logged_in_base.css 304
INFO 2011-04-28 15:12:34 coblerd /site_media/static/css/default/logged_in_base.css 304
INFO 2011-04-28 15:12:34 coblerd /site_media/static/uni_form/uni-form-generic.css 304
INFO 2011-04-28 15:12:34 coblerd /site_media/static/uni_form/uni-form-generic.css 304
INFO 2011-04-28 15:14:55 coblerd /activities/task/2/add 302
INFO 2011-04-28 15:14:55 coblerd /activities/task/2/add 302
INFO 2011-04-28 15:14:56 coblerd /activities/task/2/ 200
INFO 2011-04-28 15:14:56 coblerd /activities/task/2/ 200
INFO 2011-04-28 15:14:56 coblerd /site_media/static/css/default/screen.css 304
INFO 2011-04-28 15:14:56 coblerd /site_media/static/css/default/screen.css 304
INFO 2011-04-28 15:14:56 coblerd /site_media/static/frontendadmin/css/frontendadmin.css 304
INFO 2011-04-28 15:14:56 coblerd /site_media/static/frontendadmin/css/frontendadmin.css 304
INFO 2011-04-28 15:14:56 coblerd /site_media/static/css/default/jquery-ui.css 304
INFO 2011-04-28 15:14:56 coblerd /site_media/static/css/default/jquery-ui.css 304
INFO 2011-04-28 15:14:56 coblerd /site_media/static/js/jquery-1.4.2.min.js 304
INFO 2011-04-28 15:14:56 coblerd /site_media/static/js/jquery-1.4.2.min.js 304
INFO 2011-04-28 15:14:56 coblerd /site_media/static/js/jquery-ui-1.8.1.custom.min.js 304
INFO 2011-04-28 15:14:56 coblerd /site_media/static/js/jquery-ui-1.8.1.custom.min.js 304
INFO 2011-04-28 15:14:56 coblerd /site_media/static/uni_form/uni-form.css 304
INFO 2011-04-28 15:14:56 coblerd /site_media/static/uni_form/uni-form.css 304
INFO 2011-04-28 15:14:56 coblerd /site_media/static/css/default/pages/view_activities.css 304
INFO 2011-04-28 15:14:56 coblerd /site_media/static/css/default/pages/view_activities.css 304
INFO 2011-04-28 15:14:56 coblerd /site_media/static/js/jquery.form.2.43.js 304
INFO 2011-04-28 15:14:56 coblerd /site_media/static/js/jquery.form.2.43.js 304
INFO 2011-04-28 15:14:56 coblerd /site_media/static/css/default/logged_in_base.css 304
INFO 2011-04-28 15:14:56 coblerd /site_media/static/js/jquery.cycle.lite.1.0.min.js 304
INFO 2011-04-28 15:14:56 coblerd /site_media/static/css/default/logged_in_base.css 304
INFO 2011-04-28 15:14:56 coblerd /site_media/static/js/jquery.cycle.lite.1.0.min.js 304
INFO 2011-04-28 15:14:56 coblerd /site_media/static/uni_form/uni-form-generic.css 304
INFO 2011-04-28 15:14:56 coblerd /site_media/static/uni_form/uni-form-generic.css 304
INFO 2011-04-28 15:15:29 coblerd /activities/ 200
INFO 2011-04-28 15:15:29 coblerd /activities/ 200
INFO 2011-04-28 15:15:37 coblerd /activities/task/58/ 200
INFO 2011-04-28 15:15:37 coblerd /activities/task/58/ 200
INFO 2011-04-28 15:15:55 coblerd /activities/task/58/ 200
INFO 2011-04-28 15:15:55 coblerd /activities/task/58/ 200
INFO 2011-04-28 15:16:08 coblerd /activities/task/59/ 200
INFO 2011-04-28 15:16:08 coblerd /activities/task/59/ 200
INFO 2011-04-28 15:16:08 coblerd /site_media/static/frontendadmin/css/frontendadmin.css 304
INFO 2011-04-28 15:16:08 coblerd /site_media/static/frontendadmin/css/frontendadmin.css 304
INFO 2011-04-28 15:16:08 coblerd /site_media/static/css/default/jquery-ui.css 304
INFO 2011-04-28 15:16:08 coblerd /site_media/static/css/default/jquery-ui.css 304
INFO 2011-04-28 15:16:08 coblerd /site_media/static/css/default/screen.css 304
INFO 2011-04-28 15:16:08 coblerd /site_media/static/css/default/screen.css 304
INFO 2011-04-28 15:16:08 coblerd /site_media/static/uni_form/uni-form.css 304
INFO 2011-04-28 15:16:08 coblerd /site_media/static/uni_form/uni-form.css 304
INFO 2011-04-28 15:16:09 coblerd /site_media/static/js/jquery.cycle.lite.1.0.min.js 304
INFO 2011-04-28 15:16:09 coblerd /site_media/static/js/jquery.cycle.lite.1.0.min.js 304
INFO 2011-04-28 15:16:09 coblerd /site_media/static/js/jquery-1.4.2.min.js 304
INFO 2011-04-28 15:16:09 coblerd /site_media/static/js/jquery-1.4.2.min.js 304
INFO 2011-04-28 15:16:09 coblerd /site_media/static/css/default/pages/view_activities.css 304
INFO 2011-04-28 15:16:09 coblerd /site_media/static/css/default/pages/view_activities.css 304
INFO 2011-04-28 15:16:09 coblerd /site_media/static/js/jquery-ui-1.8.1.custom.min.js 304
INFO 2011-04-28 15:16:09 coblerd /site_media/static/js/jquery.form.2.43.js 304
INFO 2011-04-28 15:16:09 coblerd /site_media/static/css/default/logged_in_base.css 304
INFO 2011-04-28 15:16:09 coblerd /site_media/static/js/jquery-ui-1.8.1.custom.min.js 304
INFO 2011-04-28 15:16:09 coblerd /site_media/static/js/jquery.form.2.43.js 304
INFO 2011-04-28 15:16:09 coblerd /site_media/static/css/default/logged_in_base.css 304
INFO 2011-04-28 15:16:09 coblerd /site_media/static/uni_form/uni-form-generic.css 304
INFO 2011-04-28 15:16:09 coblerd /site_media/static/uni_form/uni-form-generic.css 304
INFO 2011-04-28 15:16:09 coblerd /site_media/media/gblocks/charliereppun-small.jpg 200
INFO 2011-04-28 15:16:09 coblerd /site_media/media/gblocks/charliereppun-small.jpg 200
INFO 2011-04-28 15:16:21 coblerd /activities/task/19/ 200
INFO 2011-04-28 15:16:21 coblerd /activities/task/19/ 200
INFO 2011-04-28 15:16:21 coblerd /site_media/media/gblocks/lightswitch.jpg 200
INFO 2011-04-28 15:16:21 coblerd /site_media/media/gblocks/lightswitch.jpg 200
INFO 2011-04-28 15:16:36 coblerd /activities/task/19/add 302
INFO 2011-04-28 15:16:36 coblerd /activities/task/19/add 302
INFO 2011-04-28 15:16:37 coblerd /activities/task/19/ 200
INFO 2011-04-28 15:16:37 coblerd /activities/task/19/ 200
INFO 2011-04-28 15:16:41 coblerd /energy/ 200
INFO 2011-04-28 15:16:41 coblerd /energy/ 200
INFO 2011-04-28 15:16:41 coblerd /site_media/static/css/default/pages/view_energy.css 304
INFO 2011-04-28 15:16:41 coblerd /site_media/static/css/default/pages/view_energy.css 304
INFO 2011-04-28 15:16:41 coblerd /site_media/static/js/org.wattdepot.gdata.makahiki.EnergyGoalGame.js 304
INFO 2011-04-28 15:16:41 coblerd /site_media/static/js/org.wattdepot.gdata.makahiki.EnergyGoalGame.js 304
INFO 2011-04-28 15:16:41 coblerd /site_media/static/js/news.js 304
INFO 2011-04-28 15:16:41 coblerd /site_media/static/js/news.js 304
INFO 2011-04-28 15:16:44 coblerd /site_media/static/images/energy/stop_light_red.png/ 304
INFO 2011-04-28 15:16:44 coblerd /site_media/static/images/energy/stop_light_red.png/ 304
INFO 2011-04-28 15:17:33 coblerd /activities/ 200
INFO 2011-04-28 15:17:33 coblerd /activities/ 200
INFO 2011-04-28 15:17:33 coblerd /site_media/static/css/default/jquery-ui.css 304
INFO 2011-04-28 15:17:33 coblerd /site_media/static/css/default/jquery-ui.css 304
INFO 2011-04-28 15:17:33 coblerd /site_media/static/css/default/screen.css 304
INFO 2011-04-28 15:17:33 coblerd /site_media/static/css/default/screen.css 304
INFO 2011-04-28 15:17:33 coblerd /site_media/static/frontendadmin/css/frontendadmin.css 304
INFO 2011-04-28 15:17:33 coblerd /site_media/static/frontendadmin/css/frontendadmin.css 304
INFO 2011-04-28 15:17:33 coblerd /site_media/static/uni_form/uni-form.css 304
INFO 2011-04-28 15:17:33 coblerd /site_media/static/uni_form/uni-form.css 304
INFO 2011-04-28 15:17:33 coblerd /site_media/static/js/jquery-1.4.2.min.js 304
INFO 2011-04-28 15:17:33 coblerd /site_media/static/js/jquery-1.4.2.min.js 304
INFO 2011-04-28 15:17:33 coblerd /site_media/static/js/jquery-ui-1.8.1.custom.min.js 304
INFO 2011-04-28 15:17:33 coblerd /site_media/static/js/jquery-ui-1.8.1.custom.min.js 304
INFO 2011-04-28 15:17:34 coblerd /site_media/static/css/default/logged_in_base.css 304
INFO 2011-04-28 15:17:34 coblerd /site_media/static/css/default/logged_in_base.css 304
INFO 2011-04-28 15:17:34 coblerd /site_media/static/css/default/pages/view_activities.css 304
INFO 2011-04-28 15:17:34 coblerd /site_media/static/css/default/pages/view_activities.css 304
INFO 2011-04-28 15:17:34 coblerd /site_media/static/js/jquery.cycle.lite.1.0.min.js 304
INFO 2011-04-28 15:17:34 coblerd /site_media/static/js/jquery.cycle.lite.1.0.min.js 304
INFO 2011-04-28 15:17:34 coblerd /site_media/static/js/jquery.form.2.43.js 304
INFO 2011-04-28 15:17:34 coblerd /site_media/static/js/jquery.form.2.43.js 304
INFO 2011-04-28 15:17:34 coblerd /site_media/static/uni_form/uni-form-generic.css 304
INFO 2011-04-28 15:17:34 coblerd /site_media/static/uni_form/uni-form-generic.css 304
INFO 2011-04-28 15:17:39 coblerd /news/ 200
INFO 2011-04-28 15:17:39 coblerd /news/ 200
INFO 2011-04-28 15:17:39 coblerd /site_media/static/css/default/pages/news.css 304
INFO 2011-04-28 15:17:39 coblerd /site_media/static/css/default/pages/news.css 304
INFO 2011-04-28 15:17:50 coblerd /activities/task/19/ 200
INFO 2011-04-28 15:17:50 coblerd /activities/task/19/ 200
INFO 2011-04-28 15:17:57 coblerd /activities/task/27/ 200
INFO 2011-04-28 15:17:57 coblerd /activities/task/27/ 200
INFO 2011-04-28 15:17:58 coblerd /site_media/media/gblocks/inconvenient-truth-small.jpg 200
INFO 2011-04-28 15:17:58 coblerd /site_media/media/gblocks/inconvenient-truth-small.jpg 200
INFO 2011-04-28 15:18:04 coblerd /activities/task/27/add 302
INFO 2011-04-28 15:18:04 coblerd /activities/task/27/add 302
INFO 2011-04-28 15:18:04 coblerd /activities/task/27/ 200
INFO 2011-04-28 15:18:04 coblerd /activities/task/27/ 200
INFO 2011-04-28 15:18:27 coblerd /activities/task/6/ 200
INFO 2011-04-28 15:18:27 coblerd /activities/task/6/ 200
INFO 2011-04-28 15:18:27 coblerd /site_media/media/gblocks/Who-Killed-The-Electric-Car-cover.jpg 200
INFO 2011-04-28 15:18:27 coblerd /site_media/media/gblocks/Who-Killed-The-Electric-Car-cover.jpg 200
INFO 2011-04-28 15:18:31 coblerd /activities/task/6/add 302
INFO 2011-04-28 15:18:31 coblerd /activities/task/6/add 302
INFO 2011-04-28 15:18:31 coblerd /activities/task/6/ 200
INFO 2011-04-28 15:18:31 coblerd /activities/task/6/ 200
INFO 2011-04-28 15:18:42 coblerd /activities/task/3/ 200
INFO 2011-04-28 15:18:42 coblerd /activities/task/3/ 200
INFO 2011-04-28 15:18:42 coblerd /site_media/static/css/default/screen.css 304
INFO 2011-04-28 15:18:42 coblerd /site_media/static/css/default/screen.css 304
INFO 2011-04-28 15:18:42 coblerd /site_media/static/css/default/jquery-ui.css 304
INFO 2011-04-28 15:18:42 coblerd /site_media/static/css/default/jquery-ui.css 304
INFO 2011-04-28 15:18:42 coblerd /site_media/static/frontendadmin/css/frontendadmin.css 304
INFO 2011-04-28 15:18:42 coblerd /site_media/static/frontendadmin/css/frontendadmin.css 304
INFO 2011-04-28 15:18:42 coblerd /site_media/static/js/jquery-1.4.2.min.js 304
INFO 2011-04-28 15:18:42 coblerd /site_media/static/js/jquery-1.4.2.min.js 304
INFO 2011-04-28 15:18:42 coblerd /site_media/static/css/default/logged_in_base.css 304
INFO 2011-04-28 15:18:42 coblerd /site_media/static/css/default/logged_in_base.css 304
INFO 2011-04-28 15:18:42 coblerd /site_media/static/js/jquery-ui-1.8.1.custom.min.js 304
INFO 2011-04-28 15:18:42 coblerd /site_media/static/js/jquery-ui-1.8.1.custom.min.js 304
INFO 2011-04-28 15:18:42 coblerd /site_media/static/js/jquery.cycle.lite.1.0.min.js 304
INFO 2011-04-28 15:18:42 coblerd /site_media/static/js/jquery.cycle.lite.1.0.min.js 304
INFO 2011-04-28 15:18:42 coblerd /site_media/static/js/jquery.form.2.43.js 304
INFO 2011-04-28 15:18:42 coblerd /site_media/static/js/jquery.form.2.43.js 304
INFO 2011-04-28 15:18:42 coblerd /site_media/static/uni_form/uni-form.css 304
INFO 2011-04-28 15:18:42 coblerd /site_media/static/uni_form/uni-form.css 304
INFO 2011-04-28 15:18:42 coblerd /site_media/static/css/default/pages/view_activities.css 304
INFO 2011-04-28 15:18:42 coblerd /site_media/static/css/default/pages/view_activities.css 304
INFO 2011-04-28 15:18:42 coblerd /site_media/static/uni_form/uni-form-generic.css 304
INFO 2011-04-28 15:18:42 coblerd /site_media/static/uni_form/uni-form-generic.css 304
INFO 2011-04-28 15:18:45 coblerd /activities/task/3/add 302
INFO 2011-04-28 15:18:45 coblerd /activities/task/3/add 302
INFO 2011-04-28 15:18:46 coblerd /activities/task/3/ 200
INFO 2011-04-28 15:18:46 coblerd /activities/task/3/ 200
INFO 2011-04-28 15:18:57 coblerd /home/ 200
INFO 2011-04-28 15:18:57 coblerd /home/ 200
INFO 2011-04-28 15:18:57 coblerd /site_media/static/css/default/pages/home.css 304
INFO 2011-04-28 15:18:57 coblerd /site_media/static/css/default/pages/home.css 304
INFO 2011-04-28 15:18:59 coblerd /site_media/static/css/default/images/icon-profile-lg-over.jpg 304
INFO 2011-04-28 15:18:59 coblerd /site_media/static/css/default/images/icon-profile-lg-over.jpg 304
INFO 2011-04-28 15:19:00 coblerd /prizes/ 200
INFO 2011-04-28 15:19:00 coblerd /prizes/ 200
INFO 2011-04-28 15:19:00 coblerd /site_media/static/css/default/pages/view_prizes.css 304
INFO 2011-04-28 15:19:00 coblerd /site_media/static/css/default/pages/view_prizes.css 304
INFO 2011-04-28 15:19:24 coblerd /profile/ 200
INFO 2011-04-28 15:19:24 coblerd /profile/ 200
INFO 2011-04-28 15:19:24 coblerd /site_media/static/css/default/pages/view_profile.css 200
INFO 2011-04-28 15:19:24 coblerd /site_media/static/css/default/pages/view_profile.css 200
INFO 2011-04-28 15:19:24 coblerd /site_media/static/css/default/images/facebook-icon.png 200
INFO 2011-04-28 15:19:24 coblerd /site_media/static/css/default/images/facebook-icon.png 200
INFO 2011-04-28 15:19:38 coblerd /profile/ 200
INFO 2011-04-28 15:19:38 coblerd /profile/ 200
INFO 2011-04-28 15:19:53 coblerd /news/ 200
INFO 2011-04-28 15:19:53 coblerd /news/ 200
INFO 2011-04-28 15:19:53 coblerd /site_media/static/css/default/screen.css 304
INFO 2011-04-28 15:19:53 coblerd /site_media/static/css/default/screen.css 304
INFO 2011-04-28 15:19:53 coblerd /site_media/static/css/default/jquery-ui.css 304
INFO 2011-04-28 15:19:53 coblerd /site_media/static/css/default/jquery-ui.css 304
INFO 2011-04-28 15:19:53 coblerd /site_media/static/frontendadmin/css/frontendadmin.css 304
INFO 2011-04-28 15:19:53 coblerd /site_media/static/frontendadmin/css/frontendadmin.css 304
INFO 2011-04-28 15:19:53 coblerd /site_media/static/js/jquery-1.4.2.min.js 304
INFO 2011-04-28 15:19:53 coblerd /site_media/static/js/jquery-1.4.2.min.js 304
INFO 2011-04-28 15:19:53 coblerd /site_media/static/js/jquery-ui-1.8.1.custom.min.js 304
INFO 2011-04-28 15:19:53 coblerd /site_media/static/js/jquery-ui-1.8.1.custom.min.js 304
INFO 2011-04-28 15:19:53 coblerd /site_media/static/uni_form/uni-form.css 304
INFO 2011-04-28 15:19:53 coblerd /site_media/static/uni_form/uni-form.css 304
INFO 2011-04-28 15:19:53 coblerd /site_media/static/css/default/logged_in_base.css 304
INFO 2011-04-28 15:19:53 coblerd /site_media/static/css/default/logged_in_base.css 304
INFO 2011-04-28 15:19:53 coblerd /site_media/static/css/default/pages/news.css 304
INFO 2011-04-28 15:19:53 coblerd /site_media/static/css/default/pages/news.css 304
INFO 2011-04-28 15:19:53 coblerd /site_media/static/js/jquery.form.2.43.js 304
INFO 2011-04-28 15:19:53 coblerd /site_media/static/js/jquery.form.2.43.js 304
INFO 2011-04-28 15:19:53 coblerd /site_media/static/js/jquery.cycle.lite.1.0.min.js 304
INFO 2011-04-28 15:19:53 coblerd /site_media/static/js/jquery.cycle.lite.1.0.min.js 304
INFO 2011-04-28 15:19:53 coblerd /site_media/static/js/news.js 304
INFO 2011-04-28 15:19:53 coblerd /site_media/static/js/news.js 304
INFO 2011-04-28 15:19:53 coblerd /site_media/static/uni_form/uni-form-generic.css 304
INFO 2011-04-28 15:19:53 coblerd /site_media/static/uni_form/uni-form-generic.css 304
INFO 2011-04-28 15:19:58 coblerd /news/more_posts/ 200
INFO 2011-04-28 15:19:58 coblerd /news/more_posts/ 200
INFO 2011-04-28 15:20:08 coblerd /activities/ 200
INFO 2011-04-28 15:20:08 coblerd /activities/ 200
INFO 2011-04-28 15:20:08 coblerd /site_media/static/css/default/pages/view_activities.css 304
INFO 2011-04-28 15:20:08 coblerd /site_media/static/css/default/pages/view_activities.css 304
INFO 2011-04-28 15:20:13 coblerd /activities/task/33/ 200
INFO 2011-04-28 15:20:13 coblerd /activities/task/33/ 200
INFO 2011-04-28 15:20:13 coblerd /site_media/media/gblocks/powerstrip.jpg 304
INFO 2011-04-28 15:20:13 coblerd /site_media/media/gblocks/powerstrip.jpg 304
INFO 2011-04-28 15:20:20 coblerd /activities/task/33/add 302
INFO 2011-04-28 15:20:20 coblerd /activities/task/33/add 302
INFO 2011-04-28 15:20:20 coblerd /activities/task/33/ 200
INFO 2011-04-28 15:20:20 coblerd /activities/task/33/ 200
INFO 2011-04-28 15:20:27 coblerd /activities/ 200
INFO 2011-04-28 15:20:27 coblerd /activities/ 200
INFO 2011-04-28 15:20:29 coblerd /activities/task/30/ 200
INFO 2011-04-28 15:20:29 coblerd /activities/task/30/ 200
INFO 2011-04-28 15:20:29 coblerd /site_media/media/gblocks/dorm-bed.jpg 304
INFO 2011-04-28 15:20:29 coblerd /site_media/media/gblocks/dorm-bed.jpg 304
INFO 2011-04-28 15:20:36 coblerd /activities/task/30/add 302
INFO 2011-04-28 15:20:36 coblerd /activities/task/30/add 302
INFO 2011-04-28 15:20:37 coblerd /activities/task/30/ 200
INFO 2011-04-28 15:20:37 coblerd /activities/task/30/ 200
INFO 2011-04-28 15:20:48 coblerd /quests/accept/10/ 302
INFO 2011-04-28 15:20:48 coblerd /quests/accept/10/ 302
INFO 2011-04-28 15:20:48 coblerd /activities/task/30/ 200
INFO 2011-04-28 15:20:48 coblerd /activities/task/30/ 200
INFO 2011-04-28 15:21:00 coblerd /activities/ 200
INFO 2011-04-28 15:21:00 coblerd /activities/ 200
INFO 2011-04-28 15:21:01 coblerd /site_media/static/css/default/screen.css 304
INFO 2011-04-28 15:21:01 coblerd /site_media/static/css/default/screen.css 304
INFO 2011-04-28 15:21:01 coblerd /site_media/static/css/default/jquery-ui.css 304
INFO 2011-04-28 15:21:01 coblerd /site_media/static/css/default/jquery-ui.css 304
INFO 2011-04-28 15:21:01 coblerd /site_media/static/js/jquery-1.4.2.min.js 304
INFO 2011-04-28 15:21:01 coblerd /site_media/static/js/jquery-1.4.2.min.js 304
INFO 2011-04-28 15:21:01 coblerd /site_media/static/frontendadmin/css/frontendadmin.css 304
INFO 2011-04-28 15:21:01 coblerd /site_media/static/frontendadmin/css/frontendadmin.css 304
INFO 2011-04-28 15:21:01 coblerd /site_media/static/js/jquery-ui-1.8.1.custom.min.js 304
INFO 2011-04-28 15:21:01 coblerd /site_media/static/js/jquery-ui-1.8.1.custom.min.js 304
INFO 2011-04-28 15:21:01 coblerd /site_media/static/uni_form/uni-form.css 304
INFO 2011-04-28 15:21:01 coblerd /site_media/static/uni_form/uni-form.css 304
INFO 2011-04-28 15:21:01 coblerd /site_media/static/js/jquery.form.2.43.js 304
INFO 2011-04-28 15:21:01 coblerd /site_media/static/js/jquery.form.2.43.js 304
INFO 2011-04-28 15:21:01 coblerd /site_media/static/js/jquery.cycle.lite.1.0.min.js 304
INFO 2011-04-28 15:21:01 coblerd /site_media/static/css/default/logged_in_base.css 304
INFO 2011-04-28 15:21:01 coblerd /site_media/static/js/jquery.cycle.lite.1.0.min.js 304
INFO 2011-04-28 15:21:01 coblerd /site_media/static/css/default/logged_in_base.css 304
INFO 2011-04-28 15:21:01 coblerd /site_media/static/uni_form/uni-form-generic.css 304
INFO 2011-04-28 15:21:01 coblerd /site_media/static/uni_form/uni-form-generic.css 304
INFO 2011-04-28 15:21:03 coblerd /activities/task/61/ 200
INFO 2011-04-28 15:21:03 coblerd /activities/task/61/ 200
INFO 2011-04-28 15:21:30 coblerd /site_media/static/css/default/images/ui-icons_454545_256x240.png 304
INFO 2011-04-28 15:21:30 coblerd /site_media/static/css/default/images/ui-icons_454545_256x240.png 304
INFO 2011-04-28 15:21:32 coblerd /energy/ 200
INFO 2011-04-28 15:21:32 coblerd /energy/ 200
INFO 2011-04-28 15:21:32 coblerd /site_media/static/css/default/pages/view_energy.css 304
INFO 2011-04-28 15:21:32 coblerd /site_media/static/css/default/pages/view_energy.css 304
INFO 2011-04-28 15:21:32 coblerd /site_media/static/js/news.js 304
INFO 2011-04-28 15:21:32 coblerd /site_media/static/js/news.js 304
INFO 2011-04-28 15:21:32 coblerd /site_media/static/js/org.wattdepot.gdata.makahiki.EnergyGoalGame.js 304
INFO 2011-04-28 15:21:32 coblerd /site_media/static/js/org.wattdepot.gdata.makahiki.EnergyGoalGame.js 304
INFO 2011-04-28 15:21:37 coblerd /activities/task/15/ 200
INFO 2011-04-28 15:21:37 coblerd /activities/task/15/ 200
INFO 2011-04-28 15:21:37 coblerd /site_media/static/css/default/pages/view_activities.css 304
INFO 2011-04-28 15:21:37 coblerd /site_media/static/css/default/pages/view_activities.css 304
INFO 2011-04-28 15:25:11 coblerd /activities/task/15/add 302
INFO 2011-04-28 15:25:11 coblerd /activities/task/15/add 302
INFO 2011-04-28 15:25:11 coblerd /activities/task/15/ 200
INFO 2011-04-28 15:25:11 coblerd /activities/task/15/ 200
INFO 2011-04-28 15:25:11 coblerd /site_media/static/css/default/screen.css 304
INFO 2011-04-28 15:25:11 coblerd /site_media/static/css/default/screen.css 304
INFO 2011-04-28 15:25:11 coblerd /site_media/static/css/default/jquery-ui.css 304
INFO 2011-04-28 15:25:11 coblerd /site_media/static/css/default/jquery-ui.css 304
INFO 2011-04-28 15:25:11 coblerd /site_media/static/frontendadmin/css/frontendadmin.css 304
INFO 2011-04-28 15:25:11 coblerd /site_media/static/frontendadmin/css/frontendadmin.css 304
INFO 2011-04-28 15:25:11 coblerd /site_media/static/js/jquery-1.4.2.min.js 304
INFO 2011-04-28 15:25:11 coblerd /site_media/static/js/jquery-1.4.2.min.js 304
INFO 2011-04-28 15:25:11 coblerd /site_media/static/js/jquery-ui-1.8.1.custom.min.js 304
INFO 2011-04-28 15:25:11 coblerd /site_media/static/js/jquery-ui-1.8.1.custom.min.js 304
INFO 2011-04-28 15:25:11 coblerd /site_media/static/uni_form/uni-form.css 304
INFO 2011-04-28 15:25:11 coblerd /site_media/static/uni_form/uni-form.css 304
INFO 2011-04-28 15:25:11 coblerd /site_media/static/css/default/pages/view_activities.css 304
INFO 2011-04-28 15:25:11 coblerd /site_media/static/css/default/pages/view_activities.css 304
INFO 2011-04-28 15:25:11 coblerd /site_media/static/js/jquery.form.2.43.js 304
INFO 2011-04-28 15:25:11 coblerd /site_media/static/css/default/logged_in_base.css 304
INFO 2011-04-28 15:25:11 coblerd /site_media/static/js/jquery.form.2.43.js 304
INFO 2011-04-28 15:25:11 coblerd /site_media/static/css/default/logged_in_base.css 304
INFO 2011-04-28 15:25:11 coblerd /site_media/static/js/jquery.cycle.lite.1.0.min.js 304
INFO 2011-04-28 15:25:11 coblerd /site_media/static/js/jquery.cycle.lite.1.0.min.js 304
INFO 2011-04-28 15:25:11 coblerd /site_media/static/uni_form/uni-form-generic.css 304
INFO 2011-04-28 15:25:11 coblerd /site_media/static/uni_form/uni-form-generic.css 304
INFO 2011-04-28 15:25:48 coblerd /activities/ 200
INFO 2011-04-28 15:25:48 coblerd /activities/ 200
INFO 2011-04-28 15:25:49 coblerd /energy/ 200
INFO 2011-04-28 15:25:49 coblerd /energy/ 200
INFO 2011-04-28 15:25:49 coblerd /site_media/static/css/default/pages/view_energy.css 304
INFO 2011-04-28 15:25:49 coblerd /site_media/static/css/default/pages/view_energy.css 304
INFO 2011-04-28 15:25:49 coblerd /site_media/static/js/org.wattdepot.gdata.makahiki.EnergyGoalGame.js 304
INFO 2011-04-28 15:25:49 coblerd /site_media/static/js/org.wattdepot.gdata.makahiki.EnergyGoalGame.js 304
INFO 2011-04-28 15:25:49 coblerd /site_media/static/js/news.js 304
INFO 2011-04-28 15:25:49 coblerd /site_media/static/js/news.js 304
INFO 2011-04-28 15:26:11 coblerd /activities/task/7/ 200
INFO 2011-04-28 15:26:11 coblerd /activities/task/7/ 200
INFO 2011-04-28 15:26:11 coblerd /site_media/static/js/jquery-1.4.2.min.js 304
INFO 2011-04-28 15:26:11 coblerd /site_media/static/js/jquery-1.4.2.min.js 304
INFO 2011-04-28 15:26:11 coblerd /site_media/static/frontendadmin/css/frontendadmin.css 304
INFO 2011-04-28 15:26:11 coblerd /site_media/static/frontendadmin/css/frontendadmin.css 304
INFO 2011-04-28 15:26:11 coblerd /site_media/static/css/default/screen.css 304
INFO 2011-04-28 15:26:11 coblerd /site_media/static/css/default/jquery-ui.css 304
INFO 2011-04-28 15:26:11 coblerd /site_media/static/css/default/screen.css 304
INFO 2011-04-28 15:26:11 coblerd /site_media/static/css/default/jquery-ui.css 304
INFO 2011-04-28 15:26:11 coblerd /site_media/static/js/jquery-ui-1.8.1.custom.min.js 304
INFO 2011-04-28 15:26:11 coblerd /site_media/static/js/jquery-ui-1.8.1.custom.min.js 304
INFO 2011-04-28 15:26:11 coblerd /site_media/static/uni_form/uni-form.css 304
INFO 2011-04-28 15:26:11 coblerd /site_media/static/uni_form/uni-form.css 304
INFO 2011-04-28 15:26:11 coblerd /site_media/static/js/jquery.form.2.43.js 304
INFO 2011-04-28 15:26:11 coblerd /site_media/static/js/jquery.form.2.43.js 304
INFO 2011-04-28 15:26:11 coblerd /site_media/static/css/default/pages/view_activities.css 304
INFO 2011-04-28 15:26:11 coblerd /site_media/static/css/default/pages/view_activities.css 304
INFO 2011-04-28 15:26:11 coblerd /site_media/static/js/jquery.cycle.lite.1.0.min.js 304
INFO 2011-04-28 15:26:11 coblerd /site_media/static/js/jquery.cycle.lite.1.0.min.js 304
INFO 2011-04-28 15:26:11 coblerd /site_media/static/css/default/logged_in_base.css 304
INFO 2011-04-28 15:26:11 coblerd /site_media/static/css/default/logged_in_base.css 304
INFO 2011-04-28 15:26:11 coblerd /site_media/static/uni_form/uni-form-generic.css 304
INFO 2011-04-28 15:26:11 coblerd /site_media/static/uni_form/uni-form-generic.css 304
INFO 2011-04-28 15:26:11 coblerd /site_media/media/gblocks/SleepyMacBookPro-small.png 304
INFO 2011-04-28 15:26:11 coblerd /site_media/media/gblocks/SleepyMacBookPro-small.png 304
INFO 2011-04-28 15:27:13 coblerd /activities/ 200
INFO 2011-04-28 15:27:13 coblerd /activities/ 200
INFO 2011-04-28 15:27:13 coblerd /site_media/static/css/default/screen.css 304
INFO 2011-04-28 15:27:13 coblerd /site_media/static/css/default/screen.css 304
INFO 2011-04-28 15:27:13 coblerd /site_media/static/js/jquery-1.4.2.min.js 304
INFO 2011-04-28 15:27:13 coblerd /site_media/static/js/jquery-1.4.2.min.js 304
INFO 2011-04-28 15:27:13 coblerd /site_media/static/css/default/jquery-ui.css 304
INFO 2011-04-28 15:27:13 coblerd /site_media/static/css/default/jquery-ui.css 304
INFO 2011-04-28 15:27:13 coblerd /site_media/static/frontendadmin/css/frontendadmin.css 304
INFO 2011-04-28 15:27:13 coblerd /site_media/static/frontendadmin/css/frontendadmin.css 304
INFO 2011-04-28 15:27:13 coblerd /site_media/static/uni_form/uni-form.css 304
INFO 2011-04-28 15:27:13 coblerd /site_media/static/uni_form/uni-form.css 304
INFO 2011-04-28 15:27:13 coblerd /site_media/static/js/jquery-ui-1.8.1.custom.min.js 304
INFO 2011-04-28 15:27:13 coblerd /site_media/static/css/default/logged_in_base.css 304
INFO 2011-04-28 15:27:13 coblerd /site_media/static/js/jquery-ui-1.8.1.custom.min.js 304
INFO 2011-04-28 15:27:13 coblerd /site_media/static/js/jquery.cycle.lite.1.0.min.js 304
INFO 2011-04-28 15:27:13 coblerd /site_media/static/css/default/logged_in_base.css 304
INFO 2011-04-28 15:27:13 coblerd /site_media/static/css/default/pages/view_activities.css 304
INFO 2011-04-28 15:27:13 coblerd /site_media/static/js/jquery.cycle.lite.1.0.min.js 304
INFO 2011-04-28 15:27:13 coblerd /site_media/static/js/jquery.form.2.43.js 304
INFO 2011-04-28 15:27:13 coblerd /site_media/static/css/default/pages/view_activities.css 304
INFO 2011-04-28 15:27:13 coblerd /site_media/static/js/jquery.form.2.43.js 304
INFO 2011-04-28 15:27:13 coblerd /site_media/static/uni_form/uni-form-generic.css 304
INFO 2011-04-28 15:27:13 coblerd /site_media/static/uni_form/uni-form-generic.css 304
INFO 2011-04-28 15:27:15 coblerd /activities/task/61/ 200
INFO 2011-04-28 15:27:15 coblerd /activities/task/61/ 200
INFO 2011-04-28 15:27:52 coblerd /energy/ 200
INFO 2011-04-28 15:27:52 coblerd /energy/ 200
INFO 2011-04-28 15:27:53 coblerd /site_media/static/js/org.wattdepot.gdata.makahiki.EnergyGoalGame.js 304
INFO 2011-04-28 15:27:53 coblerd /site_media/static/js/org.wattdepot.gdata.makahiki.EnergyGoalGame.js 304
INFO 2011-04-28 15:27:53 coblerd /site_media/static/js/news.js 304
INFO 2011-04-28 15:27:53 coblerd /site_media/static/js/news.js 304
INFO 2011-04-28 15:27:53 coblerd /site_media/static/css/default/pages/view_energy.css 304
INFO 2011-04-28 15:27:53 coblerd /site_media/static/css/default/pages/view_energy.css 304
INFO 2011-04-28 15:28:29 coblerd /activities/task/61/add 302
INFO 2011-04-28 15:28:29 coblerd /activities/task/61/add 302
INFO 2011-04-28 15:28:29 coblerd /activities/task/61/ 200
INFO 2011-04-28 15:28:29 coblerd /activities/task/61/ 200
INFO 2011-04-28 15:28:29 coblerd /site_media/static/css/default/jquery-ui.css 304
INFO 2011-04-28 15:28:29 coblerd /site_media/static/css/default/jquery-ui.css 304
INFO 2011-04-28 15:28:29 coblerd /site_media/static/css/default/screen.css 304
INFO 2011-04-28 15:28:29 coblerd /site_media/static/css/default/screen.css 304
INFO 2011-04-28 15:28:29 coblerd /site_media/static/frontendadmin/css/frontendadmin.css 304
INFO 2011-04-28 15:28:29 coblerd /site_media/static/frontendadmin/css/frontendadmin.css 304
INFO 2011-04-28 15:28:29 coblerd /site_media/static/uni_form/uni-form.css 304
INFO 2011-04-28 15:28:29 coblerd /site_media/static/uni_form/uni-form.css 304
INFO 2011-04-28 15:28:29 coblerd /site_media/static/js/jquery-1.4.2.min.js 304
INFO 2011-04-28 15:28:29 coblerd /site_media/static/js/jquery-1.4.2.min.js 304
INFO 2011-04-28 15:28:29 coblerd /site_media/static/js/jquery-ui-1.8.1.custom.min.js 304
INFO 2011-04-28 15:28:29 coblerd /site_media/static/css/default/pages/view_activities.css 304
INFO 2011-04-28 15:28:29 coblerd /site_media/static/js/jquery-ui-1.8.1.custom.min.js 304
INFO 2011-04-28 15:28:29 coblerd /site_media/static/js/jquery.form.2.43.js 304
INFO 2011-04-28 15:28:29 coblerd /site_media/static/css/default/pages/view_activities.css 304
INFO 2011-04-28 15:28:29 coblerd /site_media/static/js/jquery.form.2.43.js 304
INFO 2011-04-28 15:28:29 coblerd /site_media/static/js/jquery.cycle.lite.1.0.min.js 304
INFO 2011-04-28 15:28:29 coblerd /site_media/static/css/default/logged_in_base.css 304
INFO 2011-04-28 15:28:29 coblerd /site_media/static/js/jquery.cycle.lite.1.0.min.js 304
INFO 2011-04-28 15:28:29 coblerd /site_media/static/css/default/logged_in_base.css 304
INFO 2011-04-28 15:28:30 coblerd /site_media/static/uni_form/uni-form-generic.css 304
INFO 2011-04-28 15:28:30 coblerd /site_media/static/uni_form/uni-form-generic.css 304
INFO 2011-04-28 15:28:33 coblerd /activities/ 200
INFO 2011-04-28 15:28:33 coblerd /activities/ 200
INFO 2011-04-28 15:28:36 coblerd /activities/task/8/ 200
INFO 2011-04-28 15:28:36 coblerd /activities/task/8/ 200
INFO 2011-04-28 15:28:36 coblerd /site_media/media/gblocks/facebook-logo-small.png 304
INFO 2011-04-28 15:28:36 coblerd /site_media/media/gblocks/facebook-logo-small.png 304
INFO 2011-04-28 15:29:32 coblerd /activities/task/10/ 200
INFO 2011-04-28 15:29:32 coblerd /activities/task/10/ 200
INFO 2011-04-28 15:29:32 coblerd /site_media/static/css/default/jquery-ui.css 304
INFO 2011-04-28 15:29:32 coblerd /site_media/static/css/default/jquery-ui.css 304
INFO 2011-04-28 15:29:32 coblerd /site_media/static/frontendadmin/css/frontendadmin.css 304
INFO 2011-04-28 15:29:32 coblerd /site_media/static/frontendadmin/css/frontendadmin.css 304
INFO 2011-04-28 15:29:32 coblerd /site_media/static/css/default/screen.css 304
INFO 2011-04-28 15:29:32 coblerd /site_media/static/css/default/screen.css 304
INFO 2011-04-28 15:29:32 coblerd /site_media/static/js/jquery.form.2.43.js 304
INFO 2011-04-28 15:29:32 coblerd /site_media/static/js/jquery.form.2.43.js 304
INFO 2011-04-28 15:29:32 coblerd /site_media/static/js/jquery-1.4.2.min.js 304
INFO 2011-04-28 15:29:32 coblerd /site_media/static/js/jquery.cycle.lite.1.0.min.js 304
INFO 2011-04-28 15:29:32 coblerd /site_media/static/js/jquery-1.4.2.min.js 304
INFO 2011-04-28 15:29:32 coblerd /site_media/static/js/jquery.cycle.lite.1.0.min.js 304
INFO 2011-04-28 15:29:32 coblerd /site_media/static/js/jquery-ui-1.8.1.custom.min.js 304
INFO 2011-04-28 15:29:32 coblerd /site_media/static/css/default/logged_in_base.css 304
INFO 2011-04-28 15:29:32 coblerd /site_media/static/js/jquery-ui-1.8.1.custom.min.js 304
INFO 2011-04-28 15:29:32 coblerd /site_media/static/css/default/logged_in_base.css 304
INFO 2011-04-28 15:29:32 coblerd /site_media/static/uni_form/uni-form.css 304
INFO 2011-04-28 15:29:32 coblerd /site_media/static/uni_form/uni-form.css 304
INFO 2011-04-28 15:29:33 coblerd /site_media/static/css/default/pages/view_activities.css 304
INFO 2011-04-28 15:29:33 coblerd /site_media/static/css/default/pages/view_activities.css 304
INFO 2011-04-28 15:29:33 coblerd /site_media/static/uni_form/uni-form-generic.css 304
INFO 2011-04-28 15:29:33 coblerd /site_media/static/uni_form/uni-form-generic.css 304
INFO 2011-04-28 15:29:33 coblerd /site_media/media/gblocks/Facebook-share-link-small.png 200
INFO 2011-04-28 15:29:33 coblerd /site_media/media/gblocks/Facebook-share-link-small.png 200
INFO 2011-04-28 15:29:40 coblerd /activities/ 200
INFO 2011-04-28 15:29:40 coblerd /activities/ 200
INFO 2011-04-28 15:29:42 coblerd /activities/task/9/ 200
INFO 2011-04-28 15:29:42 coblerd /activities/task/9/ 200
INFO 2011-04-28 15:29:42 coblerd /site_media/media/gblocks/twitter-logo-small.png 200
INFO 2011-04-28 15:29:42 coblerd /site_media/media/gblocks/twitter-logo-small.png 200
INFO 2011-04-28 15:29:47 coblerd /activities/ 200
INFO 2011-04-28 15:29:47 coblerd /activities/ 200
INFO 2011-04-28 15:29:51 coblerd /activities/task/9/ 200
INFO 2011-04-28 15:29:51 coblerd /activities/task/9/ 200
INFO 2011-04-28 15:29:54 coblerd /activities/ 200
INFO 2011-04-28 15:29:54 coblerd /activities/ 200
INFO 2011-04-28 15:29:57 coblerd /activities/task/26/ 200
INFO 2011-04-28 15:29:57 coblerd /activities/task/26/ 200
INFO 2011-04-28 15:34:13 coblerd /activities/task/26/add 302
INFO 2011-04-28 15:34:13 coblerd /activities/task/26/add 302
INFO 2011-04-28 15:34:14 coblerd /activities/task/26/ 200
INFO 2011-04-28 15:34:14 coblerd /activities/task/26/ 200
INFO 2011-04-28 15:34:14 coblerd /site_media/static/frontendadmin/css/frontendadmin.css 304
INFO 2011-04-28 15:34:14 coblerd /site_media/static/css/default/jquery-ui.css 304
INFO 2011-04-28 15:34:14 coblerd /site_media/static/frontendadmin/css/frontendadmin.css 304
INFO 2011-04-28 15:34:14 coblerd /site_media/static/css/default/jquery-ui.css 304
INFO 2011-04-28 15:34:14 coblerd /site_media/static/css/default/screen.css 304
INFO 2011-04-28 15:34:14 coblerd /site_media/static/css/default/screen.css 304
INFO 2011-04-28 15:34:14 coblerd /site_media/static/js/jquery-1.4.2.min.js 304
INFO 2011-04-28 15:34:14 coblerd /site_media/static/js/jquery-1.4.2.min.js 304
INFO 2011-04-28 15:34:14 coblerd /site_media/static/js/jquery-ui-1.8.1.custom.min.js 304
INFO 2011-04-28 15:34:14 coblerd /site_media/static/js/jquery-ui-1.8.1.custom.min.js 304
INFO 2011-04-28 15:34:14 coblerd /site_media/static/uni_form/uni-form.css 304
INFO 2011-04-28 15:34:14 coblerd /site_media/static/uni_form/uni-form.css 304
INFO 2011-04-28 15:34:14 coblerd /site_media/static/css/default/pages/view_activities.css 304
INFO 2011-04-28 15:34:14 coblerd /site_media/static/css/default/pages/view_activities.css 304
INFO 2011-04-28 15:34:14 coblerd /site_media/static/js/jquery.cycle.lite.1.0.min.js 304
INFO 2011-04-28 15:34:14 coblerd /site_media/static/js/jquery.form.2.43.js 304
INFO 2011-04-28 15:34:14 coblerd /site_media/static/js/jquery.form.2.43.js 304
INFO 2011-04-28 15:34:14 coblerd /site_media/static/css/default/logged_in_base.css 304
INFO 2011-04-28 15:34:14 coblerd /site_media/static/js/jquery.cycle.lite.1.0.min.js 304
INFO 2011-04-28 15:34:14 coblerd /site_media/static/css/default/logged_in_base.css 304
INFO 2011-04-28 15:34:14 coblerd /site_media/static/uni_form/uni-form-generic.css 304
INFO 2011-04-28 15:34:14 coblerd /site_media/static/uni_form/uni-form-generic.css 304
INFO 2011-04-28 15:34:35 coblerd /activities/ 200
INFO 2011-04-28 15:34:35 coblerd /activities/ 200
INFO 2011-04-28 15:34:38 coblerd /activities/task/57/ 200
INFO 2011-04-28 15:34:38 coblerd /activities/task/57/ 200
INFO 2011-04-28 15:39:00 coblerd /activities/task/57/add 302
INFO 2011-04-28 15:39:00 coblerd /activities/task/57/add 302
INFO 2011-04-28 15:39:00 coblerd /activities/task/57/ 200
INFO 2011-04-28 15:39:00 coblerd /activities/task/57/ 200
INFO 2011-04-28 15:39:01 coblerd /site_media/static/frontendadmin/css/frontendadmin.css 304
INFO 2011-04-28 15:39:01 coblerd /site_media/static/frontendadmin/css/frontendadmin.css 304
INFO 2011-04-28 15:39:01 coblerd /site_media/static/js/jquery-1.4.2.min.js 304
INFO 2011-04-28 15:39:01 coblerd /site_media/static/js/jquery-1.4.2.min.js 304
INFO 2011-04-28 15:39:01 coblerd /site_media/static/css/default/jquery-ui.css 304
INFO 2011-04-28 15:39:01 coblerd /site_media/static/css/default/jquery-ui.css 304
INFO 2011-04-28 15:39:01 coblerd /site_media/static/css/default/screen.css 304
INFO 2011-04-28 15:39:01 coblerd /site_media/static/css/default/screen.css 304
INFO 2011-04-28 15:39:01 coblerd /site_media/static/js/jquery-ui-1.8.1.custom.min.js 304
INFO 2011-04-28 15:39:01 coblerd /site_media/static/js/jquery-ui-1.8.1.custom.min.js 304
INFO 2011-04-28 15:39:01 coblerd /site_media/static/uni_form/uni-form.css 304
INFO 2011-04-28 15:39:01 coblerd /site_media/static/uni_form/uni-form.css 304
INFO 2011-04-28 15:39:01 coblerd /site_media/static/js/jquery.cycle.lite.1.0.min.js 304
INFO 2011-04-28 15:39:01 coblerd /site_media/static/js/jquery.cycle.lite.1.0.min.js 304
INFO 2011-04-28 15:39:01 coblerd /site_media/static/js/jquery.form.2.43.js 304
INFO 2011-04-28 15:39:01 coblerd /site_media/static/js/jquery.form.2.43.js 304
INFO 2011-04-28 15:39:01 coblerd /site_media/static/css/default/logged_in_base.css 304
INFO 2011-04-28 15:39:01 coblerd /site_media/static/css/default/logged_in_base.css 304
INFO 2011-04-28 15:39:01 coblerd /site_media/static/css/default/pages/view_activities.css 304
INFO 2011-04-28 15:39:01 coblerd /site_media/static/css/default/pages/view_activities.css 304
INFO 2011-04-28 15:39:01 coblerd /site_media/static/uni_form/uni-form-generic.css 304
INFO 2011-04-28 15:39:01 coblerd /site_media/static/uni_form/uni-form-generic.css 304
INFO 2011-04-28 15:39:23 coblerd /activities/ 200
INFO 2011-04-28 15:39:23 coblerd /activities/ 200
INFO 2011-04-28 15:39:25 coblerd /activities/task/23/ 200
INFO 2011-04-28 15:39:25 coblerd /activities/task/23/ 200
INFO 2011-04-28 15:42:08 coblerd /activities/task/23/add 302
INFO 2011-04-28 15:42:08 coblerd /activities/task/23/add 302
INFO 2011-04-28 15:42:08 coblerd /activities/task/23/ 200
INFO 2011-04-28 15:42:08 coblerd /activities/task/23/ 200
INFO 2011-04-28 15:42:09 coblerd /site_media/static/css/default/jquery-ui.css 304
INFO 2011-04-28 15:42:09 coblerd /site_media/static/css/default/jquery-ui.css 304
INFO 2011-04-28 15:42:09 coblerd /site_media/static/css/default/screen.css 304
INFO 2011-04-28 15:42:09 coblerd /site_media/static/css/default/screen.css 304
INFO 2011-04-28 15:42:09 coblerd /site_media/static/frontendadmin/css/frontendadmin.css 304
INFO 2011-04-28 15:42:09 coblerd /site_media/static/frontendadmin/css/frontendadmin.css 304
INFO 2011-04-28 15:42:09 coblerd /site_media/static/js/jquery-1.4.2.min.js 304
INFO 2011-04-28 15:42:09 coblerd /site_media/static/js/jquery-1.4.2.min.js 304
INFO 2011-04-28 15:42:09 coblerd /site_media/static/js/jquery-ui-1.8.1.custom.min.js 304
INFO 2011-04-28 15:42:09 coblerd /site_media/static/js/jquery-ui-1.8.1.custom.min.js 304
INFO 2011-04-28 15:42:09 coblerd /site_media/static/uni_form/uni-form.css 304
INFO 2011-04-28 15:42:09 coblerd /site_media/static/uni_form/uni-form.css 304
INFO 2011-04-28 15:42:09 coblerd /site_media/static/css/default/logged_in_base.css 304
INFO 2011-04-28 15:42:09 coblerd /site_media/static/js/jquery.cycle.lite.1.0.min.js 304
INFO 2011-04-28 15:42:09 coblerd /site_media/static/css/default/pages/view_activities.css 304
INFO 2011-04-28 15:42:09 coblerd /site_media/static/css/default/logged_in_base.css 304
INFO 2011-04-28 15:42:09 coblerd /site_media/static/js/jquery.cycle.lite.1.0.min.js 304
INFO 2011-04-28 15:42:09 coblerd /site_media/static/css/default/pages/view_activities.css 304
INFO 2011-04-28 15:42:09 coblerd /site_media/static/js/jquery.form.2.43.js 304
INFO 2011-04-28 15:42:09 coblerd /site_media/static/js/jquery.form.2.43.js 304
INFO 2011-04-28 15:42:09 coblerd /site_media/static/uni_form/uni-form-generic.css 304
INFO 2011-04-28 15:42:09 coblerd /site_media/static/uni_form/uni-form-generic.css 304
INFO 2011-04-28 15:42:09 coblerd /site_media/static/css/default/images/ui-bg_glass_95_fef1ec_1x400.png 304
INFO 2011-04-28 15:42:09 coblerd /site_media/static/css/default/images/ui-bg_glass_95_fef1ec_1x400.png 304
INFO 2011-04-28 15:42:49 coblerd /activities/task/57/ 200
INFO 2011-04-28 15:42:49 coblerd /activities/task/57/ 200
INFO 2011-04-28 15:43:15 coblerd /activities/task/57/add 302
INFO 2011-04-28 15:43:15 coblerd /activities/task/57/add 302
INFO 2011-04-28 15:43:15 coblerd /activities/task/57/ 200
INFO 2011-04-28 15:43:15 coblerd /activities/task/57/ 200
INFO 2011-04-28 15:43:15 coblerd /site_media/static/css/default/screen.css 304
INFO 2011-04-28 15:43:15 coblerd /site_media/static/frontendadmin/css/frontendadmin.css 304
INFO 2011-04-28 15:43:15 coblerd /site_media/static/frontendadmin/css/frontendadmin.css 304
INFO 2011-04-28 15:43:15 coblerd /site_media/static/css/default/screen.css 304
INFO 2011-04-28 15:43:15 coblerd /site_media/static/js/jquery-1.4.2.min.js 304
INFO 2011-04-28 15:43:15 coblerd /site_media/static/js/jquery-1.4.2.min.js 304
INFO 2011-04-28 15:43:15 coblerd /site_media/static/css/default/jquery-ui.css 304
INFO 2011-04-28 15:43:15 coblerd /site_media/static/css/default/jquery-ui.css 304
INFO 2011-04-28 15:43:15 coblerd /site_media/static/js/jquery-ui-1.8.1.custom.min.js 304
INFO 2011-04-28 15:43:15 coblerd /site_media/static/js/jquery-ui-1.8.1.custom.min.js 304
INFO 2011-04-28 15:43:15 coblerd /site_media/static/uni_form/uni-form.css 304
INFO 2011-04-28 15:43:15 coblerd /site_media/static/uni_form/uni-form.css 304
INFO 2011-04-28 15:43:15 coblerd /site_media/static/js/jquery.form.2.43.js 304
INFO 2011-04-28 15:43:15 coblerd /site_media/static/js/jquery.form.2.43.js 304
INFO 2011-04-28 15:43:15 coblerd /site_media/static/css/default/pages/view_activities.css 304
INFO 2011-04-28 15:43:15 coblerd /site_media/static/css/default/pages/view_activities.css 304
INFO 2011-04-28 15:43:15 coblerd /site_media/static/js/jquery.cycle.lite.1.0.min.js 304
INFO 2011-04-28 15:43:15 coblerd /site_media/static/css/default/logged_in_base.css 304
INFO 2011-04-28 15:43:15 coblerd /site_media/static/js/jquery.cycle.lite.1.0.min.js 304
INFO 2011-04-28 15:43:15 coblerd /site_media/static/css/default/logged_in_base.css 304
INFO 2011-04-28 15:43:15 coblerd /site_media/static/uni_form/uni-form-generic.css 304
INFO 2011-04-28 15:43:15 coblerd /site_media/static/uni_form/uni-form-generic.css 304
INFO 2011-04-28 15:46:17 coblerd /quests/opt_out/12/ 302
INFO 2011-04-28 15:46:17 coblerd /quests/opt_out/12/ 302
INFO 2011-04-28 15:46:17 coblerd /activities/task/57/ 200
INFO 2011-04-28 15:46:17 coblerd /activities/task/57/ 200
INFO 2011-04-28 15:46:17 coblerd /site_media/static/js/jquery-1.4.2.min.js 304
INFO 2011-04-28 15:46:17 coblerd /site_media/static/css/default/jquery-ui.css 304
INFO 2011-04-28 15:46:17 coblerd /site_media/static/js/jquery-1.4.2.min.js 304
INFO 2011-04-28 15:46:17 coblerd /site_media/static/css/default/jquery-ui.css 304
INFO 2011-04-28 15:46:17 coblerd /site_media/static/css/default/screen.css 304
INFO 2011-04-28 15:46:17 coblerd /site_media/static/css/default/screen.css 304
INFO 2011-04-28 15:46:17 coblerd /site_media/static/frontendadmin/css/frontendadmin.css 304
INFO 2011-04-28 15:46:17 coblerd /site_media/static/frontendadmin/css/frontendadmin.css 304
INFO 2011-04-28 15:46:17 coblerd /site_media/static/js/jquery-ui-1.8.1.custom.min.js 304
INFO 2011-04-28 15:46:17 coblerd /site_media/static/js/jquery-ui-1.8.1.custom.min.js 304
INFO 2011-04-28 15:46:17 coblerd /site_media/static/uni_form/uni-form.css 304
INFO 2011-04-28 15:46:17 coblerd /site_media/static/uni_form/uni-form.css 304
INFO 2011-04-28 15:46:18 coblerd /site_media/static/js/jquery.cycle.lite.1.0.min.js 304
INFO 2011-04-28 15:46:18 coblerd /site_media/static/js/jquery.cycle.lite.1.0.min.js 304
INFO 2011-04-28 15:46:18 coblerd /site_media/static/js/jquery.form.2.43.js 304
INFO 2011-04-28 15:46:18 coblerd /site_media/static/js/jquery.form.2.43.js 304
INFO 2011-04-28 15:46:18 coblerd /site_media/static/css/default/logged_in_base.css 304
INFO 2011-04-28 15:46:18 coblerd /site_media/static/css/default/pages/view_activities.css 304
INFO 2011-04-28 15:46:18 coblerd /site_media/static/css/default/logged_in_base.css 304
INFO 2011-04-28 15:46:18 coblerd /site_media/static/css/default/pages/view_activities.css 304
INFO 2011-04-28 15:46:18 coblerd /site_media/static/uni_form/uni-form-generic.css 304
INFO 2011-04-28 15:46:18 coblerd /site_media/static/uni_form/uni-form-generic.css 304
INFO 2011-04-28 15:47:41 coblerd /help/ 200
INFO 2011-04-28 15:47:41 coblerd /help/ 200
INFO 2011-04-28 15:47:41 coblerd /site_media/static/css/default/pages/view_help.css 200
INFO 2011-04-28 15:47:41 coblerd /site_media/static/css/default/pages/view_help.css 200
INFO 2011-04-28 15:47:41 coblerd /site_media/static/css/default/screen.css 304
INFO 2011-04-28 15:47:41 coblerd /site_media/static/css/default/screen.css 304
INFO 2011-04-28 15:47:41 coblerd /site_media/static/css/default/jquery-ui.css 304
INFO 2011-04-28 15:47:41 coblerd /site_media/static/css/default/jquery-ui.css 304
INFO 2011-04-28 15:47:41 coblerd /site_media/static/js/jquery-1.4.2.min.js 304
INFO 2011-04-28 15:47:41 coblerd /site_media/static/frontendadmin/css/frontendadmin.css 304
INFO 2011-04-28 15:47:41 coblerd /site_media/static/js/jquery-1.4.2.min.js 304
INFO 2011-04-28 15:47:41 coblerd /site_media/static/frontendadmin/css/frontendadmin.css 304
INFO 2011-04-28 15:47:41 coblerd /site_media/static/js/jquery-ui-1.8.1.custom.min.js 304
INFO 2011-04-28 15:47:41 coblerd /site_media/static/js/jquery-ui-1.8.1.custom.min.js 304
INFO 2011-04-28 15:47:41 coblerd /site_media/static/uni_form/uni-form.css 304
INFO 2011-04-28 15:47:41 coblerd /site_media/static/uni_form/uni-form.css 304
INFO 2011-04-28 15:47:42 coblerd /site_media/static/js/jquery.cycle.lite.1.0.min.js 304
INFO 2011-04-28 15:47:42 coblerd /site_media/static/js/jquery.cycle.lite.1.0.min.js 304
INFO 2011-04-28 15:47:42 coblerd /site_media/static/js/jquery.form.2.43.js 304
INFO 2011-04-28 15:47:42 coblerd /site_media/static/js/jquery.form.2.43.js 304
INFO 2011-04-28 15:47:42 coblerd /site_media/static/css/default/logged_in_base.css 304
INFO 2011-04-28 15:47:42 coblerd /site_media/static/css/default/logged_in_base.css 304
INFO 2011-04-28 15:47:42 coblerd /site_media/static/uni_form/uni-form-generic.css 304
INFO 2011-04-28 15:47:42 coblerd /site_media/static/uni_form/uni-form-generic.css 304
INFO 2011-04-28 15:47:44 coblerd /energy/ 200
INFO 2011-04-28 15:47:44 coblerd /energy/ 200
INFO 2011-04-28 15:47:44 coblerd /site_media/static/js/org.wattdepot.gdata.makahiki.EnergyGoalGame.js 304
INFO 2011-04-28 15:47:44 coblerd /site_media/static/js/org.wattdepot.gdata.makahiki.EnergyGoalGame.js 304
INFO 2011-04-28 15:47:44 coblerd /site_media/static/js/news.js 304
INFO 2011-04-28 15:47:44 coblerd /site_media/static/js/news.js 304
INFO 2011-04-28 15:47:44 coblerd /site_media/static/css/default/pages/view_energy.css 304
INFO 2011-04-28 15:47:44 coblerd /site_media/static/css/default/pages/view_energy.css 304
INFO 2011-04-28 15:47:48 coblerd /profile/ 200
INFO 2011-04-28 15:47:48 coblerd /profile/ 200
INFO 2011-04-28 15:47:48 coblerd /site_media/static/css/default/pages/view_profile.css 304
INFO 2011-04-28 15:47:48 coblerd /site_media/static/css/default/pages/view_profile.css 304
INFO 2011-04-28 15:47:49 coblerd /prizes/ 200
INFO 2011-04-28 15:47:49 coblerd /prizes/ 200
INFO 2011-04-28 15:47:49 coblerd /site_media/static/css/default/pages/view_prizes.css 304
INFO 2011-04-28 15:47:49 coblerd /site_media/static/css/default/pages/view_prizes.css 304
INFO 2011-04-28 15:48:40 coblerd /news/ 200
INFO 2011-04-28 15:48:40 coblerd /news/ 200
INFO 2011-04-28 15:48:40 coblerd /site_media/static/css/default/pages/news.css 304
INFO 2011-04-28 15:48:40 coblerd /site_media/static/css/default/pages/news.css 304
INFO 2011-04-28 15:48:54 coblerd /news/post/ 200
INFO 2011-04-28 15:48:54 coblerd /news/post/ 200
INFO 2011-04-28 15:49:02 coblerd /news/more_posts/ 200
INFO 2011-04-28 15:49:02 coblerd /news/more_posts/ 200
INFO 2011-04-28 15:49:02 coblerd /news/more_posts/ 200
INFO 2011-04-28 15:49:02 coblerd /news/more_posts/ 200
INFO 2011-04-28 15:50:06 coblerd /help/ 200
INFO 2011-04-28 15:50:06 coblerd /help/ 200
INFO 2011-04-28 15:50:06 coblerd /site_media/static/css/default/screen.css 304
INFO 2011-04-28 15:50:06 coblerd /site_media/static/css/default/screen.css 304
INFO 2011-04-28 15:50:06 coblerd /site_media/static/css/default/jquery-ui.css 304
INFO 2011-04-28 15:50:06 coblerd /site_media/static/frontendadmin/css/frontendadmin.css 304
INFO 2011-04-28 15:50:06 coblerd /site_media/static/js/jquery-1.4.2.min.js 304
INFO 2011-04-28 15:50:06 coblerd /site_media/static/css/default/jquery-ui.css 304
INFO 2011-04-28 15:50:06 coblerd /site_media/static/js/jquery-1.4.2.min.js 304
INFO 2011-04-28 15:50:06 coblerd /site_media/static/frontendadmin/css/frontendadmin.css 304
INFO 2011-04-28 15:50:06 coblerd /site_media/static/js/jquery-ui-1.8.1.custom.min.js 304
INFO 2011-04-28 15:50:06 coblerd /site_media/static/js/jquery-ui-1.8.1.custom.min.js 304
INFO 2011-04-28 15:50:06 coblerd /site_media/static/uni_form/uni-form.css 304
INFO 2011-04-28 15:50:06 coblerd /site_media/static/uni_form/uni-form.css 304
INFO 2011-04-28 15:50:06 coblerd /site_media/static/js/jquery.form.2.43.js 304
INFO 2011-04-28 15:50:06 coblerd /site_media/static/js/jquery.form.2.43.js 304
INFO 2011-04-28 15:50:06 coblerd /site_media/static/js/jquery.cycle.lite.1.0.min.js 304
INFO 2011-04-28 15:50:06 coblerd /site_media/static/js/jquery.cycle.lite.1.0.min.js 304
INFO 2011-04-28 15:50:06 coblerd /site_media/static/css/default/logged_in_base.css 304
INFO 2011-04-28 15:50:06 coblerd /site_media/static/css/default/logged_in_base.css 304
INFO 2011-04-28 15:50:06 coblerd /site_media/static/css/default/pages/view_help.css 304
INFO 2011-04-28 15:50:06 coblerd /site_media/static/css/default/pages/view_help.css 304
INFO 2011-04-28 15:50:06 coblerd /site_media/static/uni_form/uni-form-generic.css 304
INFO 2011-04-28 15:50:06 coblerd /site_media/static/uni_form/uni-form-generic.css 304
INFO 2011-04-28 15:50:19 coblerd /activities/ 200
INFO 2011-04-28 15:50:19 coblerd /activities/ 200
INFO 2011-04-28 15:50:19 coblerd /site_media/static/css/default/pages/view_activities.css 304
INFO 2011-04-28 15:50:19 coblerd /site_media/static/css/default/pages/view_activities.css 304
INFO 2011-04-28 15:50:21 coblerd /activities/task/40/ 200
INFO 2011-04-28 15:50:21 coblerd /activities/task/40/ 200
INFO 2011-04-28 15:50:21 coblerd /site_media/media/gblocks/carpool.jpg 200
INFO 2011-04-28 15:50:21 coblerd /site_media/media/gblocks/carpool.jpg 200
INFO 2011-04-28 15:50:26 coblerd /activities/task/40/add 302
INFO 2011-04-28 15:50:26 coblerd /activities/task/40/add 302
INFO 2011-04-28 15:50:26 coblerd /activities/task/40/ 200
INFO 2011-04-28 15:50:26 coblerd /activities/task/40/ 200
