INFO 2011-04-28 16:12:44 darrickd /account/login/ 302
INFO 2011-04-28 16:12:44 darrickd /account/login/ 302
INFO 2011-04-28 16:12:44 darrickd /home/ 200
INFO 2011-04-28 16:12:44 darrickd /home/ 200
INFO 2011-04-28 16:12:44 darrickd /site_media/static/css/default/images/right.png 304
INFO 2011-04-28 16:12:44 darrickd /site_media/static/css/default/images/right.png 304
INFO 2011-04-28 16:12:44 darrickd /site_media/static/css/default/images/ui-bg_flat_0_aaaaaa_40x100.png 304
INFO 2011-04-28 16:12:44 darrickd /site_media/static/css/default/images/ui-bg_flat_0_aaaaaa_40x100.png 304
INFO 2011-04-28 16:12:44 darrickd /site_media/static/css/default/images/ui-bg_flat_75_ebe7bc_40x100.png 304
INFO 2011-04-28 16:12:44 darrickd /site_media/static/css/default/images/ui-bg_flat_75_ebe7bc_40x100.png 304
INFO 2011-04-28 16:12:44 darrickd /site_media/static/css/default/images/ui-bg_glass_75_e3e3e3_1x400.png 304
INFO 2011-04-28 16:12:44 darrickd /site_media/static/css/default/images/ui-icons_222222_256x240.png 304
INFO 2011-04-28 16:12:44 darrickd /site_media/static/css/default/images/ui-icons_222222_256x240.png 304
INFO 2011-04-28 16:12:44 darrickd /site_media/static/css/default/images/ui-bg_glass_75_e3e3e3_1x400.png 304
INFO 2011-04-28 16:12:44 darrickd /site_media/static/css/default/images/ui-bg_highlight-soft_90_dadada_1x100.png 304
INFO 2011-04-28 16:12:44 darrickd /site_media/static/css/default/images/ui-bg_highlight-soft_90_dadada_1x100.png 304
INFO 2011-04-28 19:02:24 darrickd /site_media/static/css/default/logged_in_base.css 200
INFO 2011-04-28 19:02:24 darrickd /site_media/static/css/default/logged_in_base.css 200
INFO 2011-04-28 19:02:24 darrickd /site_media/static/css/default/pages/home.css 200
INFO 2011-04-28 19:02:24 darrickd /site_media/static/css/default/pages/home.css 200
INFO 2011-04-28 19:02:24 darrickd /site_media/static/css/default/images/bkg-header-info.png 200
INFO 2011-04-28 19:02:24 darrickd /site_media/static/css/default/images/bkg-header-info.png 200
INFO 2011-04-28 19:02:24 darrickd /site_media/static/css/default/images/bkg-landing-bottom.png 200
INFO 2011-04-28 19:02:24 darrickd /site_media/static/css/default/images/bkg-landing-bottom.png 200
INFO 2011-04-28 19:02:24 darrickd /site_media/static/images/hale.ilima.jpg 200
INFO 2011-04-28 19:02:24 darrickd /site_media/static/images/hale.ilima.jpg 200
INFO 2011-04-28 19:02:24 darrickd /site_media/static/css/default/images/bkg-landing-top.jpg 200
INFO 2011-04-28 19:02:24 darrickd /site_media/static/css/default/images/bkg-landing-top.jpg 200
INFO 2011-04-28 19:02:24 darrickd /site_media/static/css/default/images/bkg-landing-middle.jpg 200
INFO 2011-04-28 19:02:24 darrickd /site_media/static/css/default/images/bkg-landing-middle.jpg 200
INFO 2011-04-28 19:02:24 darrickd /site_media/static/css/default/images/spacer.png 200
INFO 2011-04-28 19:02:24 darrickd /site_media/static/css/default/images/spacer.png 200
INFO 2011-04-28 19:02:24 darrickd /site_media/static/css/default/images/bkg-icon-tray.png 200
INFO 2011-04-28 19:02:24 darrickd /site_media/static/css/default/images/bkg-icon-tray.png 200
INFO 2011-04-28 19:02:24 darrickd /site_media/static/css/default/images/icon-scoreboard.png 200
INFO 2011-04-28 19:02:24 darrickd /site_media/static/css/default/images/icon-scoreboard.png 200
INFO 2011-04-28 19:02:24 darrickd /site_media/static/css/default/images/icon-go-low.png 200
INFO 2011-04-28 19:02:24 darrickd /site_media/static/css/default/images/icon-go-low.png 200
INFO 2011-04-28 19:02:24 darrickd /site_media/static/css/default/images/icon-profile.png 200
INFO 2011-04-28 19:02:24 darrickd /site_media/static/css/default/images/icon-profile.png 200
INFO 2011-04-28 19:02:24 darrickd /site_media/static/css/default/images/icon-news.png 200
INFO 2011-04-28 19:02:24 darrickd /site_media/static/css/default/images/icon-news.png 200
INFO 2011-04-28 19:02:24 darrickd /site_media/static/css/default/images/icon-prizes.png 200
INFO 2011-04-28 19:02:24 darrickd /site_media/static/css/default/images/icon-prizes.png 200
INFO 2011-04-28 19:02:24 darrickd /site_media/static/css/default/images/icon-help.png 200
INFO 2011-04-28 19:02:24 darrickd /site_media/static/css/default/images/icon-help.png 200
INFO 2011-04-28 19:02:24 darrickd /site_media/static/css/default/images/right.png 200
INFO 2011-04-28 19:02:24 darrickd /site_media/static/css/default/images/right.png 200
INFO 2011-04-28 19:02:24 darrickd /site_media/static/css/default/images/bkg-home-content.png 200
INFO 2011-04-28 19:02:24 darrickd /site_media/static/css/default/images/bkg-home-content.png 200
INFO 2011-04-28 19:02:24 darrickd /site_media/static/css/default/images/icon-go-low-lg.jpg 200
INFO 2011-04-28 19:02:24 darrickd /site_media/static/css/default/images/icon-scoreboard-lg.jpg 200
INFO 2011-04-28 19:02:24 darrickd /site_media/static/css/default/images/icon-go-low-lg.jpg 200
INFO 2011-04-28 19:02:24 darrickd /site_media/static/css/default/images/icon-scoreboard-lg.jpg 200
INFO 2011-04-28 19:02:24 darrickd /site_media/static/css/default/images/bullet.png 200
INFO 2011-04-28 19:02:24 darrickd /site_media/static/css/default/images/bullet.png 200
INFO 2011-04-28 19:02:24 darrickd /site_media/static/css/default/images/icon-news-lg.jpg 200
INFO 2011-04-28 19:02:24 darrickd /site_media/static/css/default/images/icon-news-lg.jpg 200
INFO 2011-04-28 19:02:24 darrickd /site_media/static/css/default/images/icon-help-lg.jpg 200
INFO 2011-04-28 19:02:24 darrickd /site_media/static/css/default/images/icon-prizes-lg.jpg 200
INFO 2011-04-28 19:02:24 darrickd /site_media/static/css/default/images/icon-help-lg.jpg 200
INFO 2011-04-28 19:02:24 darrickd /site_media/static/css/default/images/icon-prizes-lg.jpg 200
INFO 2011-04-28 19:02:24 darrickd /site_media/static/css/default/images/icon-scoreboard-lg-over.jpg 304
INFO 2011-04-28 19:02:24 darrickd /site_media/static/css/default/images/icon-scoreboard-lg-over.jpg 304
INFO 2011-04-28 19:02:24 darrickd /site_media/static/css/default/images/icon-profile-lg.jpg 200
INFO 2011-04-28 19:02:24 darrickd /site_media/static/css/default/images/icon-profile-lg.jpg 200
INFO 2011-04-28 19:02:25 darrickd /site_media/static/css/default/images/ui-bg_glass_75_e3e3e3_1x400.png 200
INFO 2011-04-28 19:02:25 darrickd /site_media/static/css/default/images/ui-bg_glass_75_e3e3e3_1x400.png 200
INFO 2011-04-28 19:02:25 darrickd /site_media/static/css/default/images/ui-bg_flat_75_ebe7bc_40x100.png 200
INFO 2011-04-28 19:02:25 darrickd /site_media/static/css/default/images/ui-bg_flat_75_ebe7bc_40x100.png 200
INFO 2011-04-28 19:02:25 darrickd /site_media/static/css/default/images/ui-bg_highlight-soft_90_dadada_1x100.png 200
INFO 2011-04-28 19:02:25 darrickd /site_media/static/css/default/images/ui-bg_highlight-soft_90_dadada_1x100.png 200
INFO 2011-04-28 19:02:25 darrickd /site_media/static/css/default/images/ui-icons_222222_256x240.png 200
INFO 2011-04-28 19:02:25 darrickd /site_media/static/css/default/images/ui-icons_222222_256x240.png 200
INFO 2011-04-28 19:02:25 darrickd /site_media/static/css/default/images/ui-bg_flat_0_aaaaaa_40x100.png 200
INFO 2011-04-28 19:02:25 darrickd /site_media/static/css/default/images/ui-bg_flat_0_aaaaaa_40x100.png 200
INFO 2011-04-28 19:02:48 darrickd /site_media/static/css/default/images/ui-bg_glass_75_dadada_1x400.png 304
INFO 2011-04-28 19:02:48 darrickd /site_media/static/css/default/images/ui-bg_glass_75_dadada_1x400.png 304
INFO 2011-04-28 19:02:51 darrickd /site_media/static/css/default/images/ui-bg_glass_65_ffffff_1x400.png 304
INFO 2011-04-28 19:02:51 darrickd /site_media/static/css/default/images/ui-bg_glass_65_ffffff_1x400.png 304
INFO 2011-04-28 19:02:52 darrickd /home/setup/terms/ 200
INFO 2011-04-28 19:02:52 darrickd /home/setup/terms/ 200
INFO 2011-04-28 19:02:52 darrickd /site_media/static/css/default/images/stop.png 304
INFO 2011-04-28 19:02:52 darrickd /site_media/static/css/default/images/stop.png 304
INFO 2011-04-28 19:02:52 darrickd /site_media/static/css/default/images/left.png 304
INFO 2011-04-28 19:02:52 darrickd /site_media/static/css/default/images/left.png 304
INFO 2011-04-28 19:02:52 darrickd /home/setup/terms/ 200
INFO 2011-04-28 19:02:52 darrickd /home/setup/terms/ 200
INFO 2011-04-28 19:03:04 darrickd /home/setup/facebook/ 200
INFO 2011-04-28 19:03:04 darrickd /home/setup/facebook/ 200
INFO 2011-04-28 19:03:25 darrickd /home/setup/profile/ 200
INFO 2011-04-28 19:03:25 darrickd /home/setup/profile/ 200
INFO 2011-04-28 19:04:06 darrickd /home/setup/profile/ 200
INFO 2011-04-28 19:04:06 darrickd /home/setup/profile/ 200
INFO 2011-04-28 19:06:32 darrickd /home/setup/question/ 200
INFO 2011-04-28 19:06:32 darrickd /home/setup/question/ 200
INFO 2011-04-28 19:06:51 darrickd /home/setup/complete/ 200
INFO 2011-04-28 19:06:51 darrickd /home/setup/complete/ 200
INFO 2011-04-28 19:06:51 darrickd /site_media/static/css/default/images/quest-screen.png 304
INFO 2011-04-28 19:06:51 darrickd /site_media/static/css/default/images/quest-screen.png 304
INFO 2011-04-28 19:07:17 darrickd /home/ 200
INFO 2011-04-28 19:07:17 darrickd /home/ 200
INFO 2011-04-28 19:07:18 darrickd /site_media/static/frontendadmin/css/frontendadmin.css 304
INFO 2011-04-28 19:07:18 darrickd /site_media/static/css/default/jquery-ui.css 304
INFO 2011-04-28 19:07:18 darrickd /site_media/static/frontendadmin/css/frontendadmin.css 304
INFO 2011-04-28 19:07:18 darrickd /site_media/static/css/default/screen.css 304
INFO 2011-04-28 19:07:18 darrickd /site_media/static/css/default/jquery-ui.css 304
INFO 2011-04-28 19:07:18 darrickd /site_media/static/css/default/screen.css 304
INFO 2011-04-28 19:07:18 darrickd /site_media/static/js/jquery-1.4.2.min.js 304
INFO 2011-04-28 19:07:18 darrickd /site_media/static/js/jquery-1.4.2.min.js 304
INFO 2011-04-28 19:07:18 darrickd /site_media/static/js/jquery-ui-1.8.1.custom.min.js 304
INFO 2011-04-28 19:07:18 darrickd /site_media/static/js/jquery-ui-1.8.1.custom.min.js 304
INFO 2011-04-28 19:07:18 darrickd /site_media/static/uni_form/uni-form.css 304
INFO 2011-04-28 19:07:18 darrickd /site_media/static/uni_form/uni-form.css 304
INFO 2011-04-28 19:07:18 darrickd /site_media/static/js/jquery.cycle.lite.1.0.min.js 304
INFO 2011-04-28 19:07:18 darrickd /site_media/static/js/jquery.cycle.lite.1.0.min.js 304
INFO 2011-04-28 19:07:18 darrickd /site_media/static/js/jquery.form.2.43.js 304
INFO 2011-04-28 19:07:18 darrickd /site_media/static/css/default/pages/home.css 304
INFO 2011-04-28 19:07:18 darrickd /site_media/static/js/jquery.form.2.43.js 304
INFO 2011-04-28 19:07:18 darrickd /site_media/static/css/default/pages/home.css 304
INFO 2011-04-28 19:07:18 darrickd /site_media/static/css/default/logged_in_base.css 304
INFO 2011-04-28 19:07:18 darrickd /site_media/static/css/default/logged_in_base.css 304
INFO 2011-04-28 19:07:18 darrickd /site_media/static/uni_form/uni-form-generic.css 304
INFO 2011-04-28 19:07:18 darrickd /site_media/static/uni_form/uni-form-generic.css 304
INFO 2011-04-28 19:07:18 darrickd /site_media/static/css/default/images/icon-news-lg-over.jpg 304
INFO 2011-04-28 19:07:18 darrickd /site_media/static/css/default/images/icon-news-lg-over.jpg 304
INFO 2011-04-28 19:09:00 darrickd /site_media/static/css/default/images/icon-go-low-over.png 304
INFO 2011-04-28 19:09:00 darrickd /site_media/static/css/default/images/icon-go-low-over.png 304
INFO 2011-04-28 19:09:02 darrickd /site_media/static/css/default/images/icon-go-low-lg-over.jpg 304
INFO 2011-04-28 19:09:02 darrickd /site_media/static/css/default/images/icon-go-low-lg-over.jpg 304
INFO 2011-04-28 19:09:15 darrickd /energy/ 200
INFO 2011-04-28 19:09:15 darrickd /energy/ 200
INFO 2011-04-28 19:09:15 darrickd /site_media/static/js/org.wattdepot.gdata.makahiki.EnergyGoalGame.js 200
INFO 2011-04-28 19:09:15 darrickd /site_media/static/js/org.wattdepot.gdata.makahiki.EnergyGoalGame.js 200
INFO 2011-04-28 19:09:15 darrickd /site_media/static/css/default/pages/view_energy.css 200
INFO 2011-04-28 19:09:15 darrickd /site_media/static/css/default/pages/view_energy.css 200
INFO 2011-04-28 19:09:15 darrickd /site_media/static/js/news.js 200
INFO 2011-04-28 19:09:15 darrickd /site_media/static/js/news.js 200
INFO 2011-04-28 19:09:15 darrickd /site_media/static/js/jquery-1.4.2.min.js 304
INFO 2011-04-28 19:09:15 darrickd /site_media/static/js/jquery-1.4.2.min.js 304
INFO 2011-04-28 19:09:15 darrickd /site_media/static/css/default/jquery-ui.css 304
INFO 2011-04-28 19:09:15 darrickd /site_media/static/css/default/jquery-ui.css 304
INFO 2011-04-28 19:09:15 darrickd /site_media/static/frontendadmin/css/frontendadmin.css 304
INFO 2011-04-28 19:09:15 darrickd /site_media/static/frontendadmin/css/frontendadmin.css 304
INFO 2011-04-28 19:09:15 darrickd /site_media/static/css/default/screen.css 304
INFO 2011-04-28 19:09:15 darrickd /site_media/static/css/default/screen.css 304
INFO 2011-04-28 19:09:15 darrickd /site_media/static/js/jquery-ui-1.8.1.custom.min.js 304
INFO 2011-04-28 19:09:15 darrickd /site_media/static/js/jquery-ui-1.8.1.custom.min.js 304
INFO 2011-04-28 19:09:15 darrickd /site_media/static/js/jquery.cycle.lite.1.0.min.js 304
INFO 2011-04-28 19:09:15 darrickd /site_media/static/js/jquery.form.2.43.js 304
INFO 2011-04-28 19:09:15 darrickd /site_media/static/js/jquery.cycle.lite.1.0.min.js 304
INFO 2011-04-28 19:09:15 darrickd /site_media/static/js/jquery.form.2.43.js 304
INFO 2011-04-28 19:09:15 darrickd /site_media/static/uni_form/uni-form.css 304
INFO 2011-04-28 19:09:15 darrickd /site_media/static/uni_form/uni-form.css 304
INFO 2011-04-28 19:09:15 darrickd /site_media/static/css/default/logged_in_base.css 304
INFO 2011-04-28 19:09:15 darrickd /site_media/static/css/default/logged_in_base.css 304
INFO 2011-04-28 19:09:15 darrickd /site_media/static/uni_form/uni-form-generic.css 304
INFO 2011-04-28 19:09:15 darrickd /site_media/static/uni_form/uni-form-generic.css 304
INFO 2011-04-28 19:09:16 darrickd /site_media/static/images/energy/stop_light_red.png/ 200
INFO 2011-04-28 19:09:16 darrickd /site_media/static/images/energy/stop_light_red.png/ 200
INFO 2011-04-28 19:10:58 darrickd /activities/task/2/ 200
INFO 2011-04-28 19:10:58 darrickd /activities/task/2/ 200
INFO 2011-04-28 19:10:58 darrickd /site_media/static/css/default/pages/view_activities.css 200
INFO 2011-04-28 19:10:58 darrickd /site_media/static/css/default/pages/view_activities.css 200
INFO 2011-04-28 19:10:58 darrickd /site_media/static/css/default/screen.css 304
INFO 2011-04-28 19:10:58 darrickd /site_media/static/css/default/screen.css 304
INFO 2011-04-28 19:10:58 darrickd /site_media/static/css/default/jquery-ui.css 304
INFO 2011-04-28 19:10:58 darrickd /site_media/static/css/default/jquery-ui.css 304
INFO 2011-04-28 19:10:58 darrickd /site_media/static/frontendadmin/css/frontendadmin.css 304
INFO 2011-04-28 19:10:58 darrickd /site_media/static/frontendadmin/css/frontendadmin.css 304
INFO 2011-04-28 19:10:58 darrickd /site_media/static/js/jquery-1.4.2.min.js 304
INFO 2011-04-28 19:10:58 darrickd /site_media/static/js/jquery-1.4.2.min.js 304
INFO 2011-04-28 19:10:58 darrickd /site_media/static/js/jquery-ui-1.8.1.custom.min.js 304
INFO 2011-04-28 19:10:58 darrickd /site_media/static/js/jquery-ui-1.8.1.custom.min.js 304
INFO 2011-04-28 19:10:58 darrickd /site_media/static/uni_form/uni-form.css 304
INFO 2011-04-28 19:10:58 darrickd /site_media/static/uni_form/uni-form.css 304
INFO 2011-04-28 19:10:59 darrickd /site_media/static/js/jquery.cycle.lite.1.0.min.js 304
INFO 2011-04-28 19:10:59 darrickd /site_media/static/js/jquery.cycle.lite.1.0.min.js 304
INFO 2011-04-28 19:10:59 darrickd /site_media/static/js/jquery.form.2.43.js 304
INFO 2011-04-28 19:10:59 darrickd /site_media/static/js/jquery.form.2.43.js 304
INFO 2011-04-28 19:10:59 darrickd /site_media/static/css/default/logged_in_base.css 304
INFO 2011-04-28 19:10:59 darrickd /site_media/static/css/default/logged_in_base.css 304
INFO 2011-04-28 19:10:59 darrickd /site_media/static/uni_form/uni-form-generic.css 304
INFO 2011-04-28 19:10:59 darrickd /site_media/static/uni_form/uni-form-generic.css 304
INFO 2011-04-28 19:14:11 darrickd /activities/task/2/add 302
INFO 2011-04-28 19:14:11 darrickd /activities/task/2/add 302
INFO 2011-04-28 19:14:11 darrickd /activities/task/2/ 200
INFO 2011-04-28 19:14:11 darrickd /activities/task/2/ 200
INFO 2011-04-28 19:14:11 darrickd /site_media/static/css/default/screen.css 304
INFO 2011-04-28 19:14:11 darrickd /site_media/static/css/default/screen.css 304
INFO 2011-04-28 19:14:11 darrickd /site_media/static/css/default/jquery-ui.css 304
INFO 2011-04-28 19:14:11 darrickd /site_media/static/css/default/jquery-ui.css 304
INFO 2011-04-28 19:14:11 darrickd /site_media/static/frontendadmin/css/frontendadmin.css 304
INFO 2011-04-28 19:14:11 darrickd /site_media/static/frontendadmin/css/frontendadmin.css 304
INFO 2011-04-28 19:14:11 darrickd /site_media/static/js/jquery-1.4.2.min.js 304
INFO 2011-04-28 19:14:11 darrickd /site_media/static/js/jquery-1.4.2.min.js 304
INFO 2011-04-28 19:14:11 darrickd /site_media/static/js/jquery-ui-1.8.1.custom.min.js 304
INFO 2011-04-28 19:14:11 darrickd /site_media/static/js/jquery-ui-1.8.1.custom.min.js 304
INFO 2011-04-28 19:14:11 darrickd /site_media/static/uni_form/uni-form.css 304
INFO 2011-04-28 19:14:11 darrickd /site_media/static/uni_form/uni-form.css 304
INFO 2011-04-28 19:14:11 darrickd /site_media/static/js/jquery.cycle.lite.1.0.min.js 304
INFO 2011-04-28 19:14:11 darrickd /site_media/static/js/jquery.cycle.lite.1.0.min.js 304
INFO 2011-04-28 19:14:11 darrickd /site_media/static/js/jquery.form.2.43.js 304
INFO 2011-04-28 19:14:11 darrickd /site_media/static/js/jquery.form.2.43.js 304
INFO 2011-04-28 19:14:11 darrickd /site_media/static/css/default/pages/view_activities.css 304
INFO 2011-04-28 19:14:11 darrickd /site_media/static/css/default/pages/view_activities.css 304
INFO 2011-04-28 19:14:11 darrickd /site_media/static/css/default/logged_in_base.css 304
INFO 2011-04-28 19:14:11 darrickd /site_media/static/css/default/logged_in_base.css 304
INFO 2011-04-28 19:14:11 darrickd /site_media/static/uni_form/uni-form-generic.css 304
INFO 2011-04-28 19:14:11 darrickd /site_media/static/uni_form/uni-form-generic.css 304
INFO 2011-04-28 19:14:42 darrickd /home/ 200
INFO 2011-04-28 19:14:42 darrickd /home/ 200
INFO 2011-04-28 19:14:42 darrickd /site_media/static/css/default/pages/home.css 304
INFO 2011-04-28 19:14:42 darrickd /site_media/static/css/default/pages/home.css 304
INFO 2011-04-28 19:14:45 darrickd /energy/ 200
INFO 2011-04-28 19:14:45 darrickd /energy/ 200
INFO 2011-04-28 19:14:45 darrickd /site_media/static/css/default/pages/view_energy.css 304
INFO 2011-04-28 19:14:45 darrickd /site_media/static/css/default/pages/view_energy.css 304
INFO 2011-04-28 19:14:45 darrickd /site_media/static/js/news.js 304
INFO 2011-04-28 19:14:45 darrickd /site_media/static/js/news.js 304
INFO 2011-04-28 19:14:45 darrickd /site_media/static/js/org.wattdepot.gdata.makahiki.EnergyGoalGame.js 304
INFO 2011-04-28 19:14:45 darrickd /site_media/static/js/org.wattdepot.gdata.makahiki.EnergyGoalGame.js 304
INFO 2011-04-28 19:15:15 darrickd /news/post/ 200
INFO 2011-04-28 19:15:15 darrickd /news/post/ 200
INFO 2011-04-28 19:15:20 darrickd /activities/task/33/ 200
INFO 2011-04-28 19:15:20 darrickd /activities/task/33/ 200
INFO 2011-04-28 19:15:20 darrickd /site_media/static/css/default/jquery-ui.css 304
INFO 2011-04-28 19:15:20 darrickd /site_media/static/css/default/jquery-ui.css 304
INFO 2011-04-28 19:15:20 darrickd /site_media/static/js/jquery-1.4.2.min.js 304
INFO 2011-04-28 19:15:20 darrickd /site_media/static/js/jquery-1.4.2.min.js 304
INFO 2011-04-28 19:15:20 darrickd /site_media/static/css/default/screen.css 304
INFO 2011-04-28 19:15:20 darrickd /site_media/static/css/default/screen.css 304
INFO 2011-04-28 19:15:20 darrickd /site_media/static/frontendadmin/css/frontendadmin.css 304
INFO 2011-04-28 19:15:20 darrickd /site_media/static/frontendadmin/css/frontendadmin.css 304
INFO 2011-04-28 19:15:20 darrickd /site_media/static/js/jquery.cycle.lite.1.0.min.js 304
INFO 2011-04-28 19:15:20 darrickd /site_media/static/js/jquery.cycle.lite.1.0.min.js 304
INFO 2011-04-28 19:15:20 darrickd /site_media/static/uni_form/uni-form.css 304
INFO 2011-04-28 19:15:20 darrickd /site_media/static/uni_form/uni-form.css 304
INFO 2011-04-28 19:15:20 darrickd /site_media/static/css/default/logged_in_base.css 304
INFO 2011-04-28 19:15:20 darrickd /site_media/static/js/jquery-ui-1.8.1.custom.min.js 304
INFO 2011-04-28 19:15:20 darrickd /site_media/static/js/jquery.form.2.43.js 304
INFO 2011-04-28 19:15:20 darrickd /site_media/static/css/default/logged_in_base.css 304
INFO 2011-04-28 19:15:20 darrickd /site_media/static/js/jquery-ui-1.8.1.custom.min.js 304
INFO 2011-04-28 19:15:20 darrickd /site_media/static/js/jquery.form.2.43.js 304
INFO 2011-04-28 19:15:20 darrickd /site_media/static/css/default/pages/view_activities.css 304
INFO 2011-04-28 19:15:20 darrickd /site_media/static/css/default/pages/view_activities.css 304
INFO 2011-04-28 19:15:20 darrickd /site_media/static/uni_form/uni-form-generic.css 304
INFO 2011-04-28 19:15:20 darrickd /site_media/static/uni_form/uni-form-generic.css 304
INFO 2011-04-28 19:15:21 darrickd /site_media/media/gblocks/powerstrip.jpg 200
INFO 2011-04-28 19:15:21 darrickd /site_media/media/gblocks/powerstrip.jpg 200
INFO 2011-04-28 19:15:53 darrickd /activities/task/33/add 302
INFO 2011-04-28 19:15:53 darrickd /activities/task/33/add 302
INFO 2011-04-28 19:15:53 darrickd /activities/task/33/ 200
INFO 2011-04-28 19:15:53 darrickd /activities/task/33/ 200
INFO 2011-04-28 19:15:57 darrickd /home/ 200
INFO 2011-04-28 19:15:57 darrickd /home/ 200
INFO 2011-04-28 19:15:57 darrickd /site_media/static/css/default/pages/home.css 304
INFO 2011-04-28 19:15:57 darrickd /site_media/static/css/default/pages/home.css 304
INFO 2011-04-28 19:16:01 darrickd /news/ 200
INFO 2011-04-28 19:16:01 darrickd /news/ 200
INFO 2011-04-28 19:16:01 darrickd /site_media/static/css/default/pages/news.css 200
INFO 2011-04-28 19:16:01 darrickd /site_media/static/css/default/pages/news.css 200
INFO 2011-04-28 19:16:01 darrickd /site_media/static/js/news.js 304
INFO 2011-04-28 19:16:01 darrickd /site_media/static/js/news.js 304
INFO 2011-04-28 19:16:14 darrickd /activities/task/27/ 200
INFO 2011-04-28 19:16:14 darrickd /activities/task/27/ 200
INFO 2011-04-28 19:16:14 darrickd /site_media/media/gblocks/inconvenient-truth-small.jpg 200
INFO 2011-04-28 19:16:14 darrickd /site_media/media/gblocks/inconvenient-truth-small.jpg 200
INFO 2011-04-28 19:17:07 darrickd /activities/task/27/add 302
INFO 2011-04-28 19:17:07 darrickd /activities/task/27/add 302
INFO 2011-04-28 19:17:07 darrickd /activities/task/27/ 200
INFO 2011-04-28 19:17:07 darrickd /activities/task/27/ 200
INFO 2011-04-28 19:17:07 darrickd /site_media/static/css/default/jquery-ui.css 304
INFO 2011-04-28 19:17:07 darrickd /site_media/static/css/default/jquery-ui.css 304
INFO 2011-04-28 19:17:07 darrickd /site_media/static/frontendadmin/css/frontendadmin.css 304
INFO 2011-04-28 19:17:07 darrickd /site_media/static/frontendadmin/css/frontendadmin.css 304
INFO 2011-04-28 19:17:07 darrickd /site_media/static/css/default/screen.css 304
INFO 2011-04-28 19:17:07 darrickd /site_media/static/js/jquery-1.4.2.min.js 304
INFO 2011-04-28 19:17:07 darrickd /site_media/static/js/jquery-1.4.2.min.js 304
INFO 2011-04-28 19:17:07 darrickd /site_media/static/css/default/screen.css 304
INFO 2011-04-28 19:17:07 darrickd /site_media/static/js/jquery-ui-1.8.1.custom.min.js 304
INFO 2011-04-28 19:17:07 darrickd /site_media/static/js/jquery-ui-1.8.1.custom.min.js 304
INFO 2011-04-28 19:17:07 darrickd /site_media/static/uni_form/uni-form.css 304
INFO 2011-04-28 19:17:07 darrickd /site_media/static/uni_form/uni-form.css 304
INFO 2011-04-28 19:17:08 darrickd /site_media/static/js/jquery.cycle.lite.1.0.min.js 304
INFO 2011-04-28 19:17:08 darrickd /site_media/static/js/jquery.cycle.lite.1.0.min.js 304
INFO 2011-04-28 19:17:08 darrickd /site_media/static/css/default/logged_in_base.css 304
INFO 2011-04-28 19:17:08 darrickd /site_media/static/css/default/logged_in_base.css 304
INFO 2011-04-28 19:17:08 darrickd /site_media/static/js/jquery.form.2.43.js 304
INFO 2011-04-28 19:17:08 darrickd /site_media/static/js/jquery.form.2.43.js 304
INFO 2011-04-28 19:17:08 darrickd /site_media/static/css/default/pages/view_activities.css 304
INFO 2011-04-28 19:17:08 darrickd /site_media/static/css/default/pages/view_activities.css 304
INFO 2011-04-28 19:17:08 darrickd /site_media/static/uni_form/uni-form-generic.css 304
INFO 2011-04-28 19:17:08 darrickd /site_media/static/uni_form/uni-form-generic.css 304
INFO 2011-04-28 19:17:13 darrickd /home/ 200
INFO 2011-04-28 19:17:13 darrickd /home/ 200
INFO 2011-04-28 19:17:13 darrickd /site_media/static/css/default/pages/home.css 304
INFO 2011-04-28 19:17:13 darrickd /site_media/static/css/default/pages/home.css 304
INFO 2011-04-28 19:17:14 darrickd /news/ 200
INFO 2011-04-28 19:17:14 darrickd /news/ 200
INFO 2011-04-28 19:17:14 darrickd /site_media/static/css/default/pages/news.css 304
INFO 2011-04-28 19:17:14 darrickd /site_media/static/css/default/pages/news.css 304
INFO 2011-04-28 19:17:14 darrickd /site_media/static/js/news.js 304
INFO 2011-04-28 19:17:14 darrickd /site_media/static/js/news.js 304
INFO 2011-04-28 19:17:20 darrickd /activities/task/6/ 200
INFO 2011-04-28 19:17:20 darrickd /activities/task/6/ 200
INFO 2011-04-28 19:17:21 darrickd /site_media/media/gblocks/Who-Killed-The-Electric-Car-cover.jpg 200
INFO 2011-04-28 19:17:21 darrickd /site_media/media/gblocks/Who-Killed-The-Electric-Car-cover.jpg 200
INFO 2011-04-28 19:18:19 darrickd /activities/task/6/add 302
INFO 2011-04-28 19:18:19 darrickd /activities/task/6/add 302
INFO 2011-04-28 19:18:20 darrickd /activities/task/6/ 200
INFO 2011-04-28 19:18:20 darrickd /activities/task/6/ 200
INFO 2011-04-28 19:18:20 darrickd /site_media/static/js/jquery-1.4.2.min.js 304
INFO 2011-04-28 19:18:20 darrickd /site_media/static/js/jquery-1.4.2.min.js 304
INFO 2011-04-28 19:18:20 darrickd /site_media/static/frontendadmin/css/frontendadmin.css 304
INFO 2011-04-28 19:18:20 darrickd /site_media/static/frontendadmin/css/frontendadmin.css 304
INFO 2011-04-28 19:18:20 darrickd /site_media/static/css/default/jquery-ui.css 304
INFO 2011-04-28 19:18:20 darrickd /site_media/static/css/default/jquery-ui.css 304
INFO 2011-04-28 19:18:20 darrickd /site_media/static/css/default/screen.css 304
INFO 2011-04-28 19:18:20 darrickd /site_media/static/css/default/screen.css 304
INFO 2011-04-28 19:18:20 darrickd /site_media/static/uni_form/uni-form.css 304
INFO 2011-04-28 19:18:20 darrickd /site_media/static/uni_form/uni-form.css 304
INFO 2011-04-28 19:18:20 darrickd /site_media/static/js/jquery-ui-1.8.1.custom.min.js 304
INFO 2011-04-28 19:18:20 darrickd /site_media/static/js/jquery-ui-1.8.1.custom.min.js 304
INFO 2011-04-28 19:18:20 darrickd /site_media/static/js/jquery.form.2.43.js 304
INFO 2011-04-28 19:18:20 darrickd /site_media/static/js/jquery.form.2.43.js 304
INFO 2011-04-28 19:18:20 darrickd /site_media/static/js/jquery.cycle.lite.1.0.min.js 304
INFO 2011-04-28 19:18:20 darrickd /site_media/static/js/jquery.cycle.lite.1.0.min.js 304
INFO 2011-04-28 19:18:20 darrickd /site_media/static/css/default/logged_in_base.css 304
INFO 2011-04-28 19:18:20 darrickd /site_media/static/css/default/logged_in_base.css 304
INFO 2011-04-28 19:18:20 darrickd /site_media/static/css/default/pages/view_activities.css 304
INFO 2011-04-28 19:18:20 darrickd /site_media/static/css/default/pages/view_activities.css 304
INFO 2011-04-28 19:18:20 darrickd /site_media/static/uni_form/uni-form-generic.css 304
INFO 2011-04-28 19:18:20 darrickd /site_media/static/uni_form/uni-form-generic.css 304
INFO 2011-04-28 19:18:23 darrickd /home/ 200
INFO 2011-04-28 19:18:23 darrickd /home/ 200
INFO 2011-04-28 19:18:23 darrickd /site_media/static/css/default/pages/home.css 304
INFO 2011-04-28 19:18:23 darrickd /site_media/static/css/default/pages/home.css 304
INFO 2011-04-28 19:18:24 darrickd /news/ 200
INFO 2011-04-28 19:18:24 darrickd /news/ 200
INFO 2011-04-28 19:18:24 darrickd /site_media/static/css/default/pages/news.css 304
INFO 2011-04-28 19:18:24 darrickd /site_media/static/css/default/pages/news.css 304
INFO 2011-04-28 19:18:24 darrickd /site_media/static/js/news.js 304
INFO 2011-04-28 19:18:24 darrickd /site_media/static/js/news.js 304
INFO 2011-04-28 19:18:27 darrickd /activities/task/3/ 200
INFO 2011-04-28 19:18:27 darrickd /activities/task/3/ 200
INFO 2011-04-28 19:18:56 darrickd /activities/task/3/add 302
INFO 2011-04-28 19:18:56 darrickd /activities/task/3/add 302
INFO 2011-04-28 19:18:56 darrickd /activities/task/3/ 200
INFO 2011-04-28 19:18:56 darrickd /activities/task/3/ 200
INFO 2011-04-28 19:18:59 darrickd /home/ 200
INFO 2011-04-28 19:18:59 darrickd /home/ 200
INFO 2011-04-28 19:19:01 darrickd /news/ 200
INFO 2011-04-28 19:19:01 darrickd /news/ 200
INFO 2011-04-28 19:19:29 darrickd /home/ 200
INFO 2011-04-28 19:19:29 darrickd /home/ 200
INFO 2011-04-28 19:19:29 darrickd /site_media/static/css/default/screen.css 304
INFO 2011-04-28 19:19:29 darrickd /site_media/static/css/default/screen.css 304
INFO 2011-04-28 19:19:29 darrickd /site_media/static/js/jquery-1.4.2.min.js 304
INFO 2011-04-28 19:19:29 darrickd /site_media/static/js/jquery-1.4.2.min.js 304
INFO 2011-04-28 19:19:29 darrickd /site_media/static/css/default/jquery-ui.css 304
INFO 2011-04-28 19:19:29 darrickd /site_media/static/css/default/jquery-ui.css 304
INFO 2011-04-28 19:19:29 darrickd /site_media/static/frontendadmin/css/frontendadmin.css 304
INFO 2011-04-28 19:19:29 darrickd /site_media/static/frontendadmin/css/frontendadmin.css 304
INFO 2011-04-28 19:19:29 darrickd /site_media/static/js/jquery-ui-1.8.1.custom.min.js 304
INFO 2011-04-28 19:19:29 darrickd /site_media/static/js/jquery-ui-1.8.1.custom.min.js 304
INFO 2011-04-28 19:19:29 darrickd /site_media/static/uni_form/uni-form.css 304
INFO 2011-04-28 19:19:29 darrickd /site_media/static/uni_form/uni-form.css 304
INFO 2011-04-28 19:19:29 darrickd /site_media/static/js/jquery.cycle.lite.1.0.min.js 304
INFO 2011-04-28 19:19:29 darrickd /site_media/static/css/default/pages/home.css 304
INFO 2011-04-28 19:19:29 darrickd /site_media/static/js/jquery.cycle.lite.1.0.min.js 304
INFO 2011-04-28 19:19:29 darrickd /site_media/static/css/default/pages/home.css 304
INFO 2011-04-28 19:19:29 darrickd /site_media/static/css/default/logged_in_base.css 304
INFO 2011-04-28 19:19:29 darrickd /site_media/static/css/default/logged_in_base.css 304
INFO 2011-04-28 19:19:29 darrickd /site_media/static/js/jquery.form.2.43.js 304
INFO 2011-04-28 19:19:29 darrickd /site_media/static/js/jquery.form.2.43.js 304
INFO 2011-04-28 19:19:29 darrickd /site_media/static/uni_form/uni-form-generic.css 304
INFO 2011-04-28 19:19:29 darrickd /site_media/static/uni_form/uni-form-generic.css 304
INFO 2011-04-28 19:19:31 darrickd /activities/ 200
INFO 2011-04-28 19:19:31 darrickd /activities/ 200
INFO 2011-04-28 19:19:32 darrickd /site_media/static/css/default/pages/view_activities.css 304
INFO 2011-04-28 19:19:32 darrickd /site_media/static/css/default/pages/view_activities.css 304
INFO 2011-04-28 19:19:41 darrickd /activities/task/14/ 200
INFO 2011-04-28 19:19:41 darrickd /activities/task/14/ 200
INFO 2011-04-28 19:20:21 darrickd /activities/task/8/ 200
INFO 2011-04-28 19:20:21 darrickd /activities/task/8/ 200
INFO 2011-04-28 19:20:22 darrickd /site_media/media/gblocks/facebook-logo-small.png 200
INFO 2011-04-28 19:20:22 darrickd /site_media/media/gblocks/facebook-logo-small.png 200
INFO 2011-04-28 19:20:51 darrickd /activities/task/8/add 200
INFO 2011-04-28 19:20:51 darrickd /activities/task/8/add 200
INFO 2011-04-28 19:20:51 darrickd /site_media/static/css/default/jquery-ui.css 304
INFO 2011-04-28 19:20:51 darrickd /site_media/static/css/default/jquery-ui.css 304
INFO 2011-04-28 19:20:51 darrickd /site_media/static/frontendadmin/css/frontendadmin.css 304
INFO 2011-04-28 19:20:51 darrickd /site_media/static/frontendadmin/css/frontendadmin.css 304
INFO 2011-04-28 19:20:51 darrickd /site_media/static/js/jquery-ui-1.8.1.custom.min.js 304
INFO 2011-04-28 19:20:51 darrickd /site_media/static/js/jquery-ui-1.8.1.custom.min.js 304
INFO 2011-04-28 19:20:51 darrickd /site_media/static/css/default/screen.css 304
INFO 2011-04-28 19:20:51 darrickd /site_media/static/css/default/screen.css 304
INFO 2011-04-28 19:20:51 darrickd /site_media/static/js/jquery-1.4.2.min.js 304
INFO 2011-04-28 19:20:51 darrickd /site_media/static/js/jquery-1.4.2.min.js 304
INFO 2011-04-28 19:20:51 darrickd /site_media/static/js/jquery.cycle.lite.1.0.min.js 304
INFO 2011-04-28 19:20:51 darrickd /site_media/static/js/jquery.cycle.lite.1.0.min.js 304
INFO 2011-04-28 19:20:51 darrickd /site_media/static/uni_form/uni-form.css 304
INFO 2011-04-28 19:20:51 darrickd /site_media/static/uni_form/uni-form.css 304
INFO 2011-04-28 19:20:51 darrickd /site_media/static/js/jquery.form.2.43.js 304
INFO 2011-04-28 19:20:51 darrickd /site_media/static/js/jquery.form.2.43.js 304
INFO 2011-04-28 19:20:51 darrickd /site_media/static/css/default/logged_in_base.css 304
INFO 2011-04-28 19:20:51 darrickd /site_media/static/css/default/logged_in_base.css 304
INFO 2011-04-28 19:20:51 darrickd /site_media/static/css/default/pages/view_activities.css 304
INFO 2011-04-28 19:20:51 darrickd /site_media/static/css/default/pages/view_activities.css 304
INFO 2011-04-28 19:20:51 darrickd /site_media/static/uni_form/uni-form-generic.css 304
INFO 2011-04-28 19:20:51 darrickd /site_media/static/uni_form/uni-form-generic.css 304
INFO 2011-04-28 19:20:53 darrickd /site_media/static/css/default/images/ui-icons_454545_256x240.png 200
INFO 2011-04-28 19:20:53 darrickd /site_media/static/css/default/images/ui-icons_454545_256x240.png 200
INFO 2011-04-28 19:21:01 darrickd /home/ 200
INFO 2011-04-28 19:21:01 darrickd /home/ 200
INFO 2011-04-28 19:21:01 darrickd /site_media/static/css/default/pages/home.css 304
INFO 2011-04-28 19:21:01 darrickd /site_media/static/css/default/pages/home.css 304
INFO 2011-04-28 19:21:03 darrickd /activities/ 200
INFO 2011-04-28 19:21:03 darrickd /activities/ 200
INFO 2011-04-28 19:21:06 darrickd /activities/task/15/ 200
INFO 2011-04-28 19:21:06 darrickd /activities/task/15/ 200
INFO 2011-04-28 19:25:00 darrickd /activities/task/15/add 302
INFO 2011-04-28 19:25:00 darrickd /activities/task/15/add 302
INFO 2011-04-28 19:25:00 darrickd /activities/task/15/ 200
INFO 2011-04-28 19:25:00 darrickd /activities/task/15/ 200
INFO 2011-04-28 19:25:00 darrickd /site_media/static/css/default/jquery-ui.css 304
INFO 2011-04-28 19:25:00 darrickd /site_media/static/css/default/jquery-ui.css 304
INFO 2011-04-28 19:25:00 darrickd /site_media/static/frontendadmin/css/frontendadmin.css 304
INFO 2011-04-28 19:25:00 darrickd /site_media/static/frontendadmin/css/frontendadmin.css 304
INFO 2011-04-28 19:25:00 darrickd /site_media/static/js/jquery-1.4.2.min.js 304
INFO 2011-04-28 19:25:00 darrickd /site_media/static/js/jquery-1.4.2.min.js 304
INFO 2011-04-28 19:25:00 darrickd /site_media/static/css/default/screen.css 304
INFO 2011-04-28 19:25:00 darrickd /site_media/static/css/default/screen.css 304
INFO 2011-04-28 19:25:00 darrickd /site_media/static/js/jquery-ui-1.8.1.custom.min.js 304
INFO 2011-04-28 19:25:00 darrickd /site_media/static/js/jquery-ui-1.8.1.custom.min.js 304
INFO 2011-04-28 19:25:00 darrickd /site_media/static/uni_form/uni-form.css 304
INFO 2011-04-28 19:25:00 darrickd /site_media/static/uni_form/uni-form.css 304
INFO 2011-04-28 19:25:00 darrickd /site_media/static/css/default/pages/view_activities.css 304
INFO 2011-04-28 19:25:00 darrickd /site_media/static/css/default/pages/view_activities.css 304
INFO 2011-04-28 19:25:00 darrickd /site_media/static/css/default/logged_in_base.css 304
INFO 2011-04-28 19:25:00 darrickd /site_media/static/css/default/logged_in_base.css 304
INFO 2011-04-28 19:25:00 darrickd /site_media/static/js/jquery.form.2.43.js 304
INFO 2011-04-28 19:25:00 darrickd /site_media/static/js/jquery.form.2.43.js 304
INFO 2011-04-28 19:25:00 darrickd /site_media/static/js/jquery.cycle.lite.1.0.min.js 304
INFO 2011-04-28 19:25:00 darrickd /site_media/static/js/jquery.cycle.lite.1.0.min.js 304
INFO 2011-04-28 19:25:00 darrickd /site_media/static/uni_form/uni-form-generic.css 304
INFO 2011-04-28 19:25:00 darrickd /site_media/static/uni_form/uni-form-generic.css 304
INFO 2011-04-28 19:25:08 darrickd /home/ 200
INFO 2011-04-28 19:25:08 darrickd /home/ 200
INFO 2011-04-28 19:25:08 darrickd /site_media/static/css/default/pages/home.css 304
INFO 2011-04-28 19:25:08 darrickd /site_media/static/css/default/pages/home.css 304
INFO 2011-04-28 19:25:09 darrickd /news/ 200
INFO 2011-04-28 19:25:09 darrickd /news/ 200
INFO 2011-04-28 19:25:09 darrickd /site_media/static/js/news.js 304
INFO 2011-04-28 19:25:09 darrickd /site_media/static/js/news.js 304
INFO 2011-04-28 19:25:09 darrickd /site_media/static/css/default/pages/news.css 304
INFO 2011-04-28 19:25:09 darrickd /site_media/static/css/default/pages/news.css 304
INFO 2011-04-28 19:25:10 darrickd /home/ 200
INFO 2011-04-28 19:25:10 darrickd /home/ 200
INFO 2011-04-28 19:25:12 darrickd /activities/ 200
INFO 2011-04-28 19:25:12 darrickd /activities/ 200
INFO 2011-04-28 19:26:00 darrickd /activities/task/7/ 200
INFO 2011-04-28 19:26:00 darrickd /activities/task/7/ 200
INFO 2011-04-28 19:26:00 darrickd /site_media/static/css/default/screen.css 304
INFO 2011-04-28 19:26:00 darrickd /site_media/static/css/default/screen.css 304
INFO 2011-04-28 19:26:00 darrickd /site_media/static/js/jquery-1.4.2.min.js 304
INFO 2011-04-28 19:26:00 darrickd /site_media/static/js/jquery-1.4.2.min.js 304
INFO 2011-04-28 19:26:00 darrickd /site_media/static/css/default/jquery-ui.css 304
INFO 2011-04-28 19:26:00 darrickd /site_media/static/css/default/jquery-ui.css 304
INFO 2011-04-28 19:26:00 darrickd /site_media/static/frontendadmin/css/frontendadmin.css 304
INFO 2011-04-28 19:26:00 darrickd /site_media/static/frontendadmin/css/frontendadmin.css 304
INFO 2011-04-28 19:26:00 darrickd /site_media/static/js/jquery-ui-1.8.1.custom.min.js 304
INFO 2011-04-28 19:26:00 darrickd /site_media/static/js/jquery-ui-1.8.1.custom.min.js 304
INFO 2011-04-28 19:26:00 darrickd /site_media/static/uni_form/uni-form.css 304
INFO 2011-04-28 19:26:00 darrickd /site_media/static/uni_form/uni-form.css 304
INFO 2011-04-28 19:26:00 darrickd /site_media/static/js/jquery.form.2.43.js 304
INFO 2011-04-28 19:26:00 darrickd /site_media/static/js/jquery.form.2.43.js 304
INFO 2011-04-28 19:26:00 darrickd /site_media/static/css/default/logged_in_base.css 304
INFO 2011-04-28 19:26:00 darrickd /site_media/static/css/default/logged_in_base.css 304
INFO 2011-04-28 19:26:00 darrickd /site_media/static/css/default/pages/view_activities.css 304
INFO 2011-04-28 19:26:00 darrickd /site_media/static/css/default/pages/view_activities.css 304
INFO 2011-04-28 19:26:00 darrickd /site_media/static/js/jquery.cycle.lite.1.0.min.js 304
INFO 2011-04-28 19:26:00 darrickd /site_media/static/js/jquery.cycle.lite.1.0.min.js 304
INFO 2011-04-28 19:26:00 darrickd /site_media/static/uni_form/uni-form-generic.css 304
INFO 2011-04-28 19:26:00 darrickd /site_media/static/uni_form/uni-form-generic.css 304
INFO 2011-04-28 19:26:00 darrickd /site_media/media/gblocks/SleepyMacBookPro-small.png 200
INFO 2011-04-28 19:26:00 darrickd /site_media/media/gblocks/SleepyMacBookPro-small.png 200
INFO 2011-04-28 19:26:07 darrickd /activities/task/19/ 200
INFO 2011-04-28 19:26:07 darrickd /activities/task/19/ 200
INFO 2011-04-28 19:26:07 darrickd /site_media/media/gblocks/lightswitch.jpg 200
INFO 2011-04-28 19:26:07 darrickd /site_media/media/gblocks/lightswitch.jpg 200
INFO 2011-04-28 19:26:59 darrickd /activities/task/19/add 302
INFO 2011-04-28 19:26:59 darrickd /activities/task/19/add 302
INFO 2011-04-28 19:26:59 darrickd /activities/task/19/ 200
INFO 2011-04-28 19:26:59 darrickd /activities/task/19/ 200
INFO 2011-04-28 19:26:59 darrickd /site_media/static/css/default/images/ui-bg_glass_95_fef1ec_1x400.png 200
INFO 2011-04-28 19:26:59 darrickd /site_media/static/css/default/images/ui-bg_glass_95_fef1ec_1x400.png 200
INFO 2011-04-28 19:27:11 darrickd /home/ 200
INFO 2011-04-28 19:27:11 darrickd /home/ 200
INFO 2011-04-28 19:27:11 darrickd /site_media/static/css/default/jquery-ui.css 304
INFO 2011-04-28 19:27:11 darrickd /site_media/static/css/default/jquery-ui.css 304
INFO 2011-04-28 19:27:11 darrickd /site_media/static/css/default/screen.css 304
INFO 2011-04-28 19:27:11 darrickd /site_media/static/frontendadmin/css/frontendadmin.css 304
INFO 2011-04-28 19:27:11 darrickd /site_media/static/css/default/screen.css 304
INFO 2011-04-28 19:27:11 darrickd /site_media/static/frontendadmin/css/frontendadmin.css 304
INFO 2011-04-28 19:27:11 darrickd /site_media/static/js/jquery-1.4.2.min.js 304
INFO 2011-04-28 19:27:11 darrickd /site_media/static/js/jquery-1.4.2.min.js 304
INFO 2011-04-28 19:27:11 darrickd /site_media/static/js/jquery-ui-1.8.1.custom.min.js 304
INFO 2011-04-28 19:27:11 darrickd /site_media/static/js/jquery-ui-1.8.1.custom.min.js 304
INFO 2011-04-28 19:27:11 darrickd /site_media/static/uni_form/uni-form.css 304
INFO 2011-04-28 19:27:11 darrickd /site_media/static/uni_form/uni-form.css 304
INFO 2011-04-28 19:27:11 darrickd /site_media/static/css/default/pages/home.css 304
INFO 2011-04-28 19:27:11 darrickd /site_media/static/css/default/pages/home.css 304
INFO 2011-04-28 19:27:11 darrickd /site_media/static/js/jquery.cycle.lite.1.0.min.js 304
INFO 2011-04-28 19:27:11 darrickd /site_media/static/css/default/logged_in_base.css 304
INFO 2011-04-28 19:27:11 darrickd /site_media/static/js/jquery.cycle.lite.1.0.min.js 304
INFO 2011-04-28 19:27:11 darrickd /site_media/static/css/default/logged_in_base.css 304
INFO 2011-04-28 19:27:11 darrickd /site_media/static/js/jquery.form.2.43.js 304
INFO 2011-04-28 19:27:11 darrickd /site_media/static/js/jquery.form.2.43.js 304
INFO 2011-04-28 19:27:11 darrickd /site_media/static/uni_form/uni-form-generic.css 304
INFO 2011-04-28 19:27:11 darrickd /site_media/static/uni_form/uni-form-generic.css 304
INFO 2011-04-28 19:27:15 darrickd /site_media/static/css/default/images/icon-profile-lg-over.jpg 200
INFO 2011-04-28 19:27:15 darrickd /site_media/static/css/default/images/icon-profile-lg-over.jpg 200
INFO 2011-04-28 19:27:16 darrickd /activities/ 200
INFO 2011-04-28 19:27:16 darrickd /activities/ 200
INFO 2011-04-28 19:27:17 darrickd /site_media/static/css/default/pages/view_activities.css 304
INFO 2011-04-28 19:27:17 darrickd /site_media/static/css/default/pages/view_activities.css 304
INFO 2011-04-28 19:27:23 darrickd /activities/task/27/ 200
INFO 2011-04-28 19:27:23 darrickd /activities/task/27/ 200
INFO 2011-04-28 19:27:26 darrickd /home/ 200
INFO 2011-04-28 19:27:26 darrickd /home/ 200
INFO 2011-04-28 19:27:26 darrickd /site_media/static/css/default/images/icon-prizes-over.png 304
INFO 2011-04-28 19:27:26 darrickd /site_media/static/css/default/images/icon-prizes-over.png 304
INFO 2011-04-28 19:27:29 darrickd /site_media/static/css/default/images/icon-prizes-lg-over.jpg 304
INFO 2011-04-28 19:27:29 darrickd /site_media/static/css/default/images/icon-prizes-lg-over.jpg 304
INFO 2011-04-28 19:27:30 darrickd /site_media/static/css/default/images/icon-help-lg-over.jpg 200
INFO 2011-04-28 19:27:30 darrickd /site_media/static/css/default/images/icon-help-lg-over.jpg 200
INFO 2011-04-28 19:27:31 darrickd /prizes/ 200
INFO 2011-04-28 19:27:31 darrickd /prizes/ 200
INFO 2011-04-28 19:27:31 darrickd /site_media/media/prizes/Pizza.jpg 304
INFO 2011-04-28 19:27:31 darrickd /site_media/media/prizes/Pizza.jpg 304
INFO 2011-04-28 19:27:31 darrickd /site_media/static/css/default/pages/view_prizes.css 200
INFO 2011-04-28 19:27:31 darrickd /site_media/static/css/default/pages/view_prizes.css 200
INFO 2011-04-28 19:27:31 darrickd /site_media/media/prizes/bikehelmet_1.jpg 304
INFO 2011-04-28 19:27:31 darrickd /site_media/media/prizes/bikehelmet_1.jpg 304
INFO 2011-04-28 19:27:31 darrickd /site_media/media/prizes/ice-cream-cone.jpg 304
INFO 2011-04-28 19:27:31 darrickd /site_media/media/prizes/ice-cream-cone.jpg 304
INFO 2011-04-28 19:27:31 darrickd /site_media/media/prizes/bubbies.png 304
INFO 2011-04-28 19:27:31 darrickd /site_media/media/prizes/bubbies.png 304
INFO 2011-04-28 19:27:31 darrickd /site_media/media/prizes/ipod-nano.jpg 304
INFO 2011-04-28 19:27:31 darrickd /site_media/media/prizes/ipod-nano.jpg 304
INFO 2011-04-28 19:27:31 darrickd /site_media/media/prizes/surf_lessons_1.jpg 304
INFO 2011-04-28 19:27:31 darrickd /site_media/media/prizes/surf_lessons_1.jpg 304
INFO 2011-04-28 19:27:31 darrickd /site_media/static/css/default/images/circle-.png 304
INFO 2011-04-28 19:27:31 darrickd /site_media/static/css/default/images/circle-.png 304
INFO 2011-04-28 19:27:31 darrickd /site_media/static/css/default/images/circle+.png 304
INFO 2011-04-28 19:27:31 darrickd /site_media/static/css/default/images/circle+.png 304
INFO 2011-04-28 19:27:31 darrickd /site_media/static/css/default/images/bkg-message-tray.png 304
INFO 2011-04-28 19:27:31 darrickd /site_media/static/css/default/images/bkg-message-tray.png 304
INFO 2011-04-28 19:28:47 darrickd /site_media/static/css/default/images/icon-news-over.png 304
INFO 2011-04-28 19:28:47 darrickd /site_media/static/css/default/images/icon-news-over.png 304
INFO 2011-04-28 19:29:46 darrickd /quests/accept/9/ 302
INFO 2011-04-28 19:29:46 darrickd /quests/accept/9/ 302
INFO 2011-04-28 19:29:46 darrickd /prizes/ 200
INFO 2011-04-28 19:29:46 darrickd /prizes/ 200
INFO 2011-04-28 19:29:46 darrickd /site_media/static/js/jquery-1.4.2.min.js 304
INFO 2011-04-28 19:29:46 darrickd /site_media/static/js/jquery-1.4.2.min.js 304
INFO 2011-04-28 19:29:46 darrickd /site_media/static/frontendadmin/css/frontendadmin.css 304
INFO 2011-04-28 19:29:46 darrickd /site_media/static/frontendadmin/css/frontendadmin.css 304
INFO 2011-04-28 19:29:46 darrickd /site_media/static/css/default/jquery-ui.css 304
INFO 2011-04-28 19:29:46 darrickd /site_media/static/css/default/jquery-ui.css 304
INFO 2011-04-28 19:29:46 darrickd /site_media/static/css/default/screen.css 304
INFO 2011-04-28 19:29:46 darrickd /site_media/static/css/default/screen.css 304
INFO 2011-04-28 19:29:46 darrickd /site_media/static/js/jquery-ui-1.8.1.custom.min.js 304
INFO 2011-04-28 19:29:46 darrickd /site_media/static/js/jquery-ui-1.8.1.custom.min.js 304
INFO 2011-04-28 19:29:46 darrickd /site_media/static/uni_form/uni-form.css 304
INFO 2011-04-28 19:29:46 darrickd /site_media/static/uni_form/uni-form.css 304
INFO 2011-04-28 19:29:46 darrickd /site_media/static/js/jquery.cycle.lite.1.0.min.js 304
INFO 2011-04-28 19:29:46 darrickd /site_media/static/js/jquery.cycle.lite.1.0.min.js 304
INFO 2011-04-28 19:29:47 darrickd /site_media/static/js/jquery.form.2.43.js 304
INFO 2011-04-28 19:29:47 darrickd /site_media/static/js/jquery.form.2.43.js 304
INFO 2011-04-28 19:29:47 darrickd /site_media/static/css/default/pages/view_prizes.css 304
INFO 2011-04-28 19:29:47 darrickd /site_media/static/css/default/logged_in_base.css 304
INFO 2011-04-28 19:29:47 darrickd /site_media/static/css/default/pages/view_prizes.css 304
INFO 2011-04-28 19:29:47 darrickd /site_media/static/css/default/logged_in_base.css 304
INFO 2011-04-28 19:29:47 darrickd /site_media/static/uni_form/uni-form-generic.css 304
INFO 2011-04-28 19:29:47 darrickd /site_media/static/uni_form/uni-form-generic.css 304
INFO 2011-04-28 19:30:11 darrickd /quests/accept/10/ 302
INFO 2011-04-28 19:30:11 darrickd /quests/accept/10/ 302
INFO 2011-04-28 19:30:12 darrickd /prizes/ 200
INFO 2011-04-28 19:30:12 darrickd /prizes/ 200
INFO 2011-04-28 19:30:35 darrickd /quests/accept/6/ 302
INFO 2011-04-28 19:30:35 darrickd /quests/accept/6/ 302
INFO 2011-04-28 19:30:35 darrickd /prizes/ 200
INFO 2011-04-28 19:30:35 darrickd /prizes/ 200
INFO 2011-04-28 19:30:38 darrickd /home/ 200
INFO 2011-04-28 19:30:38 darrickd /home/ 200
INFO 2011-04-28 19:30:39 darrickd /site_media/static/css/default/pages/home.css 304
INFO 2011-04-28 19:30:39 darrickd /site_media/static/css/default/pages/home.css 304
INFO 2011-04-28 19:30:43 darrickd /prizes/ 200
INFO 2011-04-28 19:30:43 darrickd /prizes/ 200
INFO 2011-04-28 19:30:47 darrickd /home/ 200
INFO 2011-04-28 19:30:47 darrickd /home/ 200
INFO 2011-04-28 19:30:47 darrickd /site_media/static/css/default/screen.css 304
INFO 2011-04-28 19:30:47 darrickd /site_media/static/css/default/screen.css 304
INFO 2011-04-28 19:30:47 darrickd /site_media/static/frontendadmin/css/frontendadmin.css 304
INFO 2011-04-28 19:30:47 darrickd /site_media/static/frontendadmin/css/frontendadmin.css 304
INFO 2011-04-28 19:30:47 darrickd /site_media/static/js/jquery-1.4.2.min.js 304
INFO 2011-04-28 19:30:47 darrickd /site_media/static/js/jquery-1.4.2.min.js 304
INFO 2011-04-28 19:30:47 darrickd /site_media/static/css/default/jquery-ui.css 304
INFO 2011-04-28 19:30:47 darrickd /site_media/static/css/default/jquery-ui.css 304
INFO 2011-04-28 19:30:47 darrickd /site_media/static/js/jquery-ui-1.8.1.custom.min.js 304
INFO 2011-04-28 19:30:47 darrickd /site_media/static/js/jquery-ui-1.8.1.custom.min.js 304
INFO 2011-04-28 19:30:47 darrickd /site_media/static/uni_form/uni-form.css 304
INFO 2011-04-28 19:30:47 darrickd /site_media/static/uni_form/uni-form.css 304
INFO 2011-04-28 19:30:48 darrickd /site_media/static/js/jquery.cycle.lite.1.0.min.js 304
INFO 2011-04-28 19:30:48 darrickd /site_media/static/js/jquery.cycle.lite.1.0.min.js 304
INFO 2011-04-28 19:30:48 darrickd /site_media/static/css/default/logged_in_base.css 304
INFO 2011-04-28 19:30:48 darrickd /site_media/static/css/default/logged_in_base.css 304
INFO 2011-04-28 19:30:48 darrickd /site_media/static/js/jquery.form.2.43.js 304
INFO 2011-04-28 19:30:48 darrickd /site_media/static/js/jquery.form.2.43.js 304
INFO 2011-04-28 19:30:48 darrickd /site_media/static/uni_form/uni-form-generic.css 304
INFO 2011-04-28 19:30:48 darrickd /site_media/static/uni_form/uni-form-generic.css 304
INFO 2011-04-28 19:30:49 darrickd /profile/ 200
INFO 2011-04-28 19:30:49 darrickd /profile/ 200
INFO 2011-04-28 19:30:50 darrickd /site_media/static/css/default/images/facebook-icon.png 200
INFO 2011-04-28 19:30:50 darrickd /site_media/static/css/default/images/facebook-icon.png 200
INFO 2011-04-28 19:30:50 darrickd /site_media/static/css/default/pages/view_profile.css 200
INFO 2011-04-28 19:30:50 darrickd /site_media/static/css/default/pages/view_profile.css 200
INFO 2011-04-28 19:31:25 darrickd /profile/ 200
INFO 2011-04-28 19:31:25 darrickd /profile/ 200
INFO 2011-04-28 19:31:25 darrickd /site_media/static/css/default/jquery-ui.css 304
INFO 2011-04-28 19:31:25 darrickd /site_media/static/css/default/jquery-ui.css 304
INFO 2011-04-28 19:31:25 darrickd /site_media/static/css/default/screen.css 304
INFO 2011-04-28 19:31:25 darrickd /site_media/static/css/default/screen.css 304
INFO 2011-04-28 19:31:25 darrickd /site_media/static/js/jquery-1.4.2.min.js 304
INFO 2011-04-28 19:31:25 darrickd /site_media/static/js/jquery-1.4.2.min.js 304
INFO 2011-04-28 19:31:25 darrickd /site_media/static/frontendadmin/css/frontendadmin.css 304
INFO 2011-04-28 19:31:25 darrickd /site_media/static/frontendadmin/css/frontendadmin.css 304
INFO 2011-04-28 19:31:25 darrickd /site_media/static/js/jquery-ui-1.8.1.custom.min.js 304
INFO 2011-04-28 19:31:25 darrickd /site_media/static/js/jquery-ui-1.8.1.custom.min.js 304
INFO 2011-04-28 19:31:25 darrickd /site_media/static/uni_form/uni-form.css 304
INFO 2011-04-28 19:31:25 darrickd /site_media/static/uni_form/uni-form.css 304
INFO 2011-04-28 19:31:25 darrickd /site_media/static/js/jquery.cycle.lite.1.0.min.js 304
INFO 2011-04-28 19:31:25 darrickd /site_media/static/js/jquery.cycle.lite.1.0.min.js 304
INFO 2011-04-28 19:31:25 darrickd /site_media/static/css/default/pages/view_profile.css 304
INFO 2011-04-28 19:31:25 darrickd /site_media/static/css/default/logged_in_base.css 304
INFO 2011-04-28 19:31:25 darrickd /site_media/static/css/default/pages/view_profile.css 304
INFO 2011-04-28 19:31:25 darrickd /site_media/static/css/default/logged_in_base.css 304
INFO 2011-04-28 19:31:25 darrickd /site_media/static/js/jquery.form.2.43.js 304
INFO 2011-04-28 19:31:25 darrickd /site_media/static/js/jquery.form.2.43.js 304
INFO 2011-04-28 19:31:25 darrickd /site_media/static/uni_form/uni-form-generic.css 304
INFO 2011-04-28 19:31:25 darrickd /site_media/static/uni_form/uni-form-generic.css 304
INFO 2011-04-28 19:31:25 darrickd /site_media/static/css/default/images/bkg-landing-top.jpg 304
INFO 2011-04-28 19:31:25 darrickd /site_media/static/css/default/images/bkg-landing-middle.jpg 304
INFO 2011-04-28 19:31:25 darrickd /site_media/static/css/default/images/bkg-landing-middle.jpg 304
INFO 2011-04-28 19:31:25 darrickd /site_media/static/css/default/images/bkg-landing-top.jpg 304
INFO 2011-04-28 19:31:25 darrickd /site_media/static/css/default/images/bkg-landing-bottom.png 304
INFO 2011-04-28 19:31:25 darrickd /site_media/static/css/default/images/bkg-landing-bottom.png 304
INFO 2011-04-28 19:31:25 darrickd /site_media/static/css/default/images/bkg-profile-topnav.png 304
INFO 2011-04-28 19:31:25 darrickd /site_media/static/css/default/images/bkg-profile-topnav.png 304
INFO 2011-04-28 19:31:25 darrickd /site_media/static/css/default/images/bkg-grass.jpg 304
INFO 2011-04-28 19:31:25 darrickd /site_media/static/css/default/images/bkg-grass.jpg 304
INFO 2011-04-28 19:31:25 darrickd /site_media/static/css/default/images/logo.png 304
INFO 2011-04-28 19:31:25 darrickd /site_media/static/css/default/images/logo.png 304
INFO 2011-04-28 19:31:25 darrickd /site_media/static/css/default/images/icon-go-low.png 304
INFO 2011-04-28 19:31:25 darrickd /site_media/static/css/default/images/icon-go-low.png 304
INFO 2011-04-28 19:31:25 darrickd /site_media/static/images/hale.ilima.jpg 304
INFO 2011-04-28 19:31:25 darrickd /site_media/static/css/default/images/spacer.png 304
INFO 2011-04-28 19:31:25 darrickd /site_media/static/css/default/images/bkg-header-info.png 304
INFO 2011-04-28 19:31:25 darrickd /site_media/static/css/default/images/spacer.png 304
INFO 2011-04-28 19:31:25 darrickd /site_media/static/images/hale.ilima.jpg 304
INFO 2011-04-28 19:31:25 darrickd /site_media/static/css/default/images/bkg-header-info.png 304
INFO 2011-04-28 19:31:25 darrickd /site_media/static/css/default/images/bkg-icon-tray.png 304
INFO 2011-04-28 19:31:25 darrickd /site_media/static/css/default/images/bkg-icon-tray.png 304
INFO 2011-04-28 19:31:25 darrickd /site_media/static/css/default/images/icon-scoreboard.png 304
INFO 2011-04-28 19:31:25 darrickd /site_media/static/css/default/images/icon-scoreboard.png 304
INFO 2011-04-28 19:31:25 darrickd /site_media/static/css/default/images/icon-news.png 304
INFO 2011-04-28 19:31:25 darrickd /site_media/static/css/default/images/icon-news.png 304
INFO 2011-04-28 19:31:25 darrickd /site_media/static/css/default/images/facebook-icon.png 304
INFO 2011-04-28 19:31:25 darrickd /site_media/static/css/default/images/icon-help.png 304
INFO 2011-04-28 19:31:25 darrickd /site_media/static/css/default/images/icon-help.png 304
INFO 2011-04-28 19:31:25 darrickd /site_media/static/css/default/images/facebook-icon.png 304
INFO 2011-04-28 19:31:26 darrickd /site_media/static/css/default/images/icon-prizes.png 304
INFO 2011-04-28 19:31:26 darrickd /site_media/static/css/default/images/icon-prizes.png 304
INFO 2011-04-28 19:31:26 darrickd /site_media/static/css/default/images/icon-profile.png 304
INFO 2011-04-28 19:31:26 darrickd /site_media/static/css/default/images/icon-profile.png 304
INFO 2011-04-28 19:31:26 darrickd /site_media/static/css/default/images/ui-icons_222222_256x240.png 304
INFO 2011-04-28 19:31:26 darrickd /site_media/static/css/default/images/ui-icons_222222_256x240.png 304
INFO 2011-04-28 19:31:26 darrickd /site_media/static/css/default/images/ui-bg_flat_75_ebe7bc_40x100.png 304
INFO 2011-04-28 19:31:26 darrickd /site_media/static/css/default/images/ui-bg_flat_75_ebe7bc_40x100.png 304
INFO 2011-04-28 19:31:52 darrickd /activities/task/15/ 200
INFO 2011-04-28 19:31:52 darrickd /activities/task/15/ 200
INFO 2011-04-28 19:31:52 darrickd /site_media/static/css/default/pages/view_activities.css 304
INFO 2011-04-28 19:31:52 darrickd /site_media/static/css/default/pages/view_activities.css 304
INFO 2011-04-28 19:32:01 darrickd /site_media/static/css/default/images/icon-help-over.png 200
INFO 2011-04-28 19:32:01 darrickd /site_media/static/css/default/images/icon-help-over.png 200
INFO 2011-04-28 19:32:03 darrickd /activities/task/15/ 200
INFO 2011-04-28 19:32:03 darrickd /activities/task/15/ 200
INFO 2011-04-28 19:32:20 darrickd /home/ 200
INFO 2011-04-28 19:32:20 darrickd /home/ 200
INFO 2011-04-28 19:32:20 darrickd /site_media/static/css/default/pages/home.css 304
INFO 2011-04-28 19:32:20 darrickd /site_media/static/css/default/pages/home.css 304
INFO 2011-04-28 19:32:22 darrickd /help/ 200
INFO 2011-04-28 19:32:22 darrickd /help/ 200
INFO 2011-04-28 19:32:22 darrickd /site_media/static/css/default/pages/view_help.css 200
INFO 2011-04-28 19:32:22 darrickd /site_media/static/css/default/pages/view_help.css 200
INFO 2011-04-28 19:32:28 darrickd /help/figureBaseline/ 200
INFO 2011-04-28 19:32:28 darrickd /help/figureBaseline/ 200
INFO 2011-04-28 19:32:29 darrickd /site_media/static/css/default/jquery-ui.css 304
INFO 2011-04-28 19:32:29 darrickd /site_media/static/css/default/jquery-ui.css 304
INFO 2011-04-28 19:32:29 darrickd /site_media/static/js/jquery-1.4.2.min.js 304
INFO 2011-04-28 19:32:29 darrickd /site_media/static/js/jquery-1.4.2.min.js 304
INFO 2011-04-28 19:32:29 darrickd /site_media/static/frontendadmin/css/frontendadmin.css 304
INFO 2011-04-28 19:32:29 darrickd /site_media/static/frontendadmin/css/frontendadmin.css 304
INFO 2011-04-28 19:32:29 darrickd /site_media/static/css/default/screen.css 304
INFO 2011-04-28 19:32:29 darrickd /site_media/static/css/default/screen.css 304
INFO 2011-04-28 19:32:29 darrickd /site_media/static/js/jquery-ui-1.8.1.custom.min.js 304
INFO 2011-04-28 19:32:29 darrickd /site_media/static/js/jquery-ui-1.8.1.custom.min.js 304
INFO 2011-04-28 19:32:29 darrickd /site_media/static/uni_form/uni-form.css 304
INFO 2011-04-28 19:32:29 darrickd /site_media/static/uni_form/uni-form.css 304
INFO 2011-04-28 19:32:29 darrickd /site_media/static/js/jquery.cycle.lite.1.0.min.js 304
INFO 2011-04-28 19:32:29 darrickd /site_media/static/js/jquery.cycle.lite.1.0.min.js 304
INFO 2011-04-28 19:32:29 darrickd /site_media/static/js/jquery.form.2.43.js 304
INFO 2011-04-28 19:32:29 darrickd /site_media/static/css/default/logged_in_base.css 304
INFO 2011-04-28 19:32:29 darrickd /site_media/static/js/jquery.form.2.43.js 304
INFO 2011-04-28 19:32:29 darrickd /site_media/static/css/default/logged_in_base.css 304
INFO 2011-04-28 19:32:29 darrickd /site_media/static/uni_form/uni-form-generic.css 304
INFO 2011-04-28 19:32:29 darrickd /site_media/static/uni_form/uni-form-generic.css 304
INFO 2011-04-28 19:32:42 darrickd /help/ 200
INFO 2011-04-28 19:32:42 darrickd /help/ 200
INFO 2011-04-28 19:32:44 darrickd /help/plugLoad/ 200
INFO 2011-04-28 19:32:44 darrickd /help/plugLoad/ 200
INFO 2011-04-28 19:32:54 darrickd /help/ 200
INFO 2011-04-28 19:32:54 darrickd /help/ 200
INFO 2011-04-28 19:33:10 darrickd /help/collaborate/ 200
INFO 2011-04-28 19:33:10 darrickd /help/collaborate/ 200
INFO 2011-04-28 19:33:23 darrickd /help/ 200
INFO 2011-04-28 19:33:23 darrickd /help/ 200
INFO 2011-04-28 19:33:23 darrickd /site_media/static/css/default/pages/view_help.css 304
INFO 2011-04-28 19:33:23 darrickd /site_media/static/css/default/pages/view_help.css 304
INFO 2011-04-28 19:33:33 darrickd /help/contact/ 200
INFO 2011-04-28 19:33:33 darrickd /help/contact/ 200
INFO 2011-04-28 19:33:33 darrickd /site_media/static/frontendadmin/css/frontendadmin.css 304
INFO 2011-04-28 19:33:33 darrickd /site_media/static/js/jquery-1.4.2.min.js 304
INFO 2011-04-28 19:33:33 darrickd /site_media/static/frontendadmin/css/frontendadmin.css 304
INFO 2011-04-28 19:33:33 darrickd /site_media/static/js/jquery-1.4.2.min.js 304
INFO 2011-04-28 19:33:33 darrickd /site_media/static/css/default/jquery-ui.css 304
INFO 2011-04-28 19:33:33 darrickd /site_media/static/css/default/jquery-ui.css 304
INFO 2011-04-28 19:33:33 darrickd /site_media/static/css/default/screen.css 304
INFO 2011-04-28 19:33:33 darrickd /site_media/static/css/default/screen.css 304
INFO 2011-04-28 19:33:33 darrickd /site_media/static/js/jquery-ui-1.8.1.custom.min.js 304
INFO 2011-04-28 19:33:33 darrickd /site_media/static/js/jquery-ui-1.8.1.custom.min.js 304
INFO 2011-04-28 19:33:33 darrickd /site_media/static/uni_form/uni-form.css 304
INFO 2011-04-28 19:33:33 darrickd /site_media/static/uni_form/uni-form.css 304
INFO 2011-04-28 19:33:33 darrickd /site_media/static/js/jquery.form.2.43.js 304
INFO 2011-04-28 19:33:33 darrickd /site_media/static/js/jquery.form.2.43.js 304
INFO 2011-04-28 19:33:33 darrickd /site_media/static/css/default/logged_in_base.css 304
INFO 2011-04-28 19:33:33 darrickd /site_media/static/css/default/logged_in_base.css 304
INFO 2011-04-28 19:33:33 darrickd /site_media/static/js/jquery.cycle.lite.1.0.min.js 304
INFO 2011-04-28 19:33:33 darrickd /site_media/static/js/jquery.cycle.lite.1.0.min.js 304
INFO 2011-04-28 19:33:33 darrickd /site_media/static/uni_form/uni-form-generic.css 304
INFO 2011-04-28 19:33:33 darrickd /site_media/static/uni_form/uni-form-generic.css 304
INFO 2011-04-28 19:33:36 darrickd /help/ 200
INFO 2011-04-28 19:33:36 darrickd /help/ 200
INFO 2011-04-28 19:33:38 darrickd /help/raffle/ 200
INFO 2011-04-28 19:33:38 darrickd /help/raffle/ 200
INFO 2011-04-28 19:33:57 darrickd /help/ 200
INFO 2011-04-28 19:33:57 darrickd /help/ 200
INFO 2011-04-28 19:34:21 darrickd /help/timeline/ 200
INFO 2011-04-28 19:34:21 darrickd /help/timeline/ 200
INFO 2011-04-28 19:35:07 darrickd /help/ 200
INFO 2011-04-28 19:35:07 darrickd /help/ 200
INFO 2011-04-28 19:35:07 darrickd /site_media/static/js/jquery-1.4.2.min.js 304
INFO 2011-04-28 19:35:07 darrickd /site_media/static/js/jquery-1.4.2.min.js 304
INFO 2011-04-28 19:35:07 darrickd /site_media/static/css/default/jquery-ui.css 304
INFO 2011-04-28 19:35:07 darrickd /site_media/static/css/default/jquery-ui.css 304
INFO 2011-04-28 19:35:07 darrickd /site_media/static/css/default/screen.css 304
INFO 2011-04-28 19:35:07 darrickd /site_media/static/css/default/screen.css 304
INFO 2011-04-28 19:35:07 darrickd /site_media/static/frontendadmin/css/frontendadmin.css 304
INFO 2011-04-28 19:35:07 darrickd /site_media/static/frontendadmin/css/frontendadmin.css 304
INFO 2011-04-28 19:35:07 darrickd /site_media/static/js/jquery-ui-1.8.1.custom.min.js 304
INFO 2011-04-28 19:35:07 darrickd /site_media/static/js/jquery-ui-1.8.1.custom.min.js 304
INFO 2011-04-28 19:35:07 darrickd /site_media/static/uni_form/uni-form.css 304
INFO 2011-04-28 19:35:07 darrickd /site_media/static/uni_form/uni-form.css 304
INFO 2011-04-28 19:35:07 darrickd /site_media/static/css/default/pages/view_help.css 304
INFO 2011-04-28 19:35:07 darrickd /site_media/static/js/jquery.form.2.43.js 304
INFO 2011-04-28 19:35:07 darrickd /site_media/static/css/default/pages/view_help.css 304
INFO 2011-04-28 19:35:07 darrickd /site_media/static/js/jquery.form.2.43.js 304
INFO 2011-04-28 19:35:07 darrickd /site_media/static/js/jquery.cycle.lite.1.0.min.js 304
INFO 2011-04-28 19:35:07 darrickd /site_media/static/js/jquery.cycle.lite.1.0.min.js 304
INFO 2011-04-28 19:35:07 darrickd /site_media/static/css/default/logged_in_base.css 304
INFO 2011-04-28 19:35:07 darrickd /site_media/static/css/default/logged_in_base.css 304
INFO 2011-04-28 19:35:07 darrickd /site_media/static/uni_form/uni-form-generic.css 304
INFO 2011-04-28 19:35:07 darrickd /site_media/static/uni_form/uni-form-generic.css 304
INFO 2011-04-28 19:35:13 darrickd /help/committments/ 200
INFO 2011-04-28 19:35:13 darrickd /help/committments/ 200
INFO 2011-04-28 19:35:30 darrickd /help/ 200
INFO 2011-04-28 19:35:30 darrickd /help/ 200
INFO 2011-04-28 19:35:33 darrickd /home/ 200
INFO 2011-04-28 19:35:33 darrickd /home/ 200
INFO 2011-04-28 19:35:33 darrickd /site_media/static/css/default/pages/home.css 304
INFO 2011-04-28 19:35:33 darrickd /site_media/static/css/default/pages/home.css 304
INFO 2011-04-28 19:35:42 darrickd /activities/ 200
INFO 2011-04-28 19:35:42 darrickd /activities/ 200
INFO 2011-04-28 19:35:43 darrickd /site_media/static/css/default/pages/view_activities.css 304
INFO 2011-04-28 19:35:43 darrickd /site_media/static/css/default/pages/view_activities.css 304
INFO 2011-04-28 19:36:00 darrickd /activities/task/54/ 200
INFO 2011-04-28 19:36:00 darrickd /activities/task/54/ 200
INFO 2011-04-28 19:36:00 darrickd /site_media/media/gblocks/rise-above-plastics.jpg 304
INFO 2011-04-28 19:36:00 darrickd /site_media/media/gblocks/rise-above-plastics.jpg 304
INFO 2011-04-28 19:36:39 darrickd /activities/task/54/add 302
INFO 2011-04-28 19:36:39 darrickd /activities/task/54/add 302
INFO 2011-04-28 19:36:39 darrickd /activities/task/54/ 200
INFO 2011-04-28 19:36:39 darrickd /activities/task/54/ 200
INFO 2011-04-28 19:36:39 darrickd /site_media/static/css/default/screen.css 304
INFO 2011-04-28 19:36:39 darrickd /site_media/static/css/default/screen.css 304
INFO 2011-04-28 19:36:39 darrickd /site_media/static/css/default/jquery-ui.css 304
INFO 2011-04-28 19:36:39 darrickd /site_media/static/frontendadmin/css/frontendadmin.css 304
INFO 2011-04-28 19:36:39 darrickd /site_media/static/css/default/jquery-ui.css 304
INFO 2011-04-28 19:36:39 darrickd /site_media/static/frontendadmin/css/frontendadmin.css 304
INFO 2011-04-28 19:36:39 darrickd /site_media/static/js/jquery-1.4.2.min.js 304
INFO 2011-04-28 19:36:39 darrickd /site_media/static/js/jquery-1.4.2.min.js 304
INFO 2011-04-28 19:36:39 darrickd /site_media/static/js/jquery-ui-1.8.1.custom.min.js 304
INFO 2011-04-28 19:36:39 darrickd /site_media/static/js/jquery-ui-1.8.1.custom.min.js 304
INFO 2011-04-28 19:36:39 darrickd /site_media/static/uni_form/uni-form.css 304
INFO 2011-04-28 19:36:39 darrickd /site_media/static/uni_form/uni-form.css 304
INFO 2011-04-28 19:36:39 darrickd /site_media/static/js/jquery.cycle.lite.1.0.min.js 304
INFO 2011-04-28 19:36:39 darrickd /site_media/static/js/jquery.cycle.lite.1.0.min.js 304
INFO 2011-04-28 19:36:39 darrickd /site_media/static/js/jquery.form.2.43.js 304
INFO 2011-04-28 19:36:39 darrickd /site_media/static/js/jquery.form.2.43.js 304
INFO 2011-04-28 19:36:39 darrickd /site_media/static/css/default/logged_in_base.css 304
INFO 2011-04-28 19:36:39 darrickd /site_media/static/css/default/logged_in_base.css 304
INFO 2011-04-28 19:36:39 darrickd /site_media/static/uni_form/uni-form-generic.css 304
INFO 2011-04-28 19:36:39 darrickd /site_media/static/uni_form/uni-form-generic.css 304
INFO 2011-04-28 19:36:53 darrickd /home/ 200
INFO 2011-04-28 19:36:53 darrickd /home/ 200
INFO 2011-04-28 19:36:53 darrickd /site_media/static/css/default/pages/home.css 304
INFO 2011-04-28 19:36:53 darrickd /site_media/static/css/default/pages/home.css 304
INFO 2011-04-28 19:36:55 darrickd /activities/ 200
INFO 2011-04-28 19:36:55 darrickd /activities/ 200
INFO 2011-04-28 19:36:55 darrickd /site_media/static/css/default/pages/view_activities.css 304
INFO 2011-04-28 19:36:55 darrickd /site_media/static/css/default/pages/view_activities.css 304
INFO 2011-04-28 19:37:02 darrickd /activities/task/7/ 200
INFO 2011-04-28 19:37:02 darrickd /activities/task/7/ 200
INFO 2011-04-28 19:38:48 darrickd /site_media/static/css/default/jquery-ui.css 304
INFO 2011-04-28 19:38:48 darrickd /site_media/static/css/default/jquery-ui.css 304
INFO 2011-04-28 19:38:48 darrickd /site_media/static/css/default/screen.css 304
INFO 2011-04-28 19:38:48 darrickd /site_media/static/css/default/screen.css 304
INFO 2011-04-28 19:38:48 darrickd /site_media/static/frontendadmin/css/frontendadmin.css 304
INFO 2011-04-28 19:38:48 darrickd /site_media/static/js/jquery-ui-1.8.1.custom.min.js 304
INFO 2011-04-28 19:38:48 darrickd /site_media/static/js/jquery-ui-1.8.1.custom.min.js 304
INFO 2011-04-28 19:38:48 darrickd /site_media/static/js/jquery-1.4.2.min.js 304
INFO 2011-04-28 19:38:48 darrickd /site_media/static/frontendadmin/css/frontendadmin.css 304
INFO 2011-04-28 19:38:48 darrickd /site_media/static/js/jquery-1.4.2.min.js 304
INFO 2011-04-28 19:38:48 darrickd /site_media/static/uni_form/uni-form.css 304
INFO 2011-04-28 19:38:48 darrickd /site_media/static/uni_form/uni-form.css 304
INFO 2011-04-28 19:38:49 darrickd /site_media/static/js/jquery.cycle.lite.1.0.min.js 304
INFO 2011-04-28 19:38:49 darrickd /site_media/static/js/jquery.cycle.lite.1.0.min.js 304
INFO 2011-04-28 19:38:49 darrickd /site_media/static/css/default/logged_in_base.css 304
INFO 2011-04-28 19:38:49 darrickd /site_media/static/css/default/logged_in_base.css 304
INFO 2011-04-28 19:38:49 darrickd /site_media/static/js/jquery.form.2.43.js 304
INFO 2011-04-28 19:38:49 darrickd /site_media/static/js/jquery.form.2.43.js 304
INFO 2011-04-28 19:38:49 darrickd /site_media/static/css/default/pages/home.css 304
INFO 2011-04-28 19:38:49 darrickd /site_media/static/css/default/pages/home.css 304
INFO 2011-04-28 19:38:49 darrickd /site_media/static/uni_form/uni-form-generic.css 304
INFO 2011-04-28 19:38:49 darrickd /site_media/static/uni_form/uni-form-generic.css 304
INFO 2011-04-28 19:38:51 darrickd /activities/ 200
INFO 2011-04-28 19:38:51 darrickd /activities/ 200
INFO 2011-04-28 19:38:51 darrickd /site_media/static/css/default/pages/view_activities.css 304
INFO 2011-04-28 19:38:51 darrickd /site_media/static/css/default/pages/view_activities.css 304
INFO 2011-04-28 19:38:53 darrickd /activities/task/7/ 200
INFO 2011-04-28 19:38:53 darrickd /activities/task/7/ 200
INFO 2011-04-28 19:39:08 darrickd /activities/task/7/add 302
INFO 2011-04-28 19:39:08 darrickd /activities/task/7/add 302
INFO 2011-04-28 19:39:08 darrickd /activities/task/7/ 200
INFO 2011-04-28 19:39:08 darrickd /activities/task/7/ 200
INFO 2011-04-28 19:39:59 darrickd /quests/accept/11/ 302
INFO 2011-04-28 19:39:59 darrickd /quests/accept/11/ 302
INFO 2011-04-28 19:39:59 darrickd /activities/task/7/ 200
INFO 2011-04-28 19:39:59 darrickd /activities/task/7/ 200
INFO 2011-04-28 19:39:59 darrickd /site_media/static/css/default/jquery-ui.css 304
INFO 2011-04-28 19:39:59 darrickd /site_media/static/css/default/jquery-ui.css 304
INFO 2011-04-28 19:39:59 darrickd /site_media/static/css/default/screen.css 304
INFO 2011-04-28 19:39:59 darrickd /site_media/static/css/default/screen.css 304
INFO 2011-04-28 19:39:59 darrickd /site_media/static/frontendadmin/css/frontendadmin.css 304
INFO 2011-04-28 19:39:59 darrickd /site_media/static/frontendadmin/css/frontendadmin.css 304
INFO 2011-04-28 19:39:59 darrickd /site_media/static/js/jquery-1.4.2.min.js 304
INFO 2011-04-28 19:39:59 darrickd /site_media/static/js/jquery-1.4.2.min.js 304
INFO 2011-04-28 19:39:59 darrickd /site_media/static/js/jquery-ui-1.8.1.custom.min.js 304
INFO 2011-04-28 19:39:59 darrickd /site_media/static/js/jquery-ui-1.8.1.custom.min.js 304
INFO 2011-04-28 19:39:59 darrickd /site_media/static/uni_form/uni-form.css 304
INFO 2011-04-28 19:39:59 darrickd /site_media/static/uni_form/uni-form.css 304
INFO 2011-04-28 19:39:59 darrickd /site_media/static/css/default/logged_in_base.css 304
INFO 2011-04-28 19:39:59 darrickd /site_media/static/js/jquery.cycle.lite.1.0.min.js 304
INFO 2011-04-28 19:39:59 darrickd /site_media/static/css/default/logged_in_base.css 304
INFO 2011-04-28 19:39:59 darrickd /site_media/static/js/jquery.cycle.lite.1.0.min.js 304
INFO 2011-04-28 19:39:59 darrickd /site_media/static/css/default/pages/view_activities.css 304
INFO 2011-04-28 19:39:59 darrickd /site_media/static/css/default/pages/view_activities.css 304
INFO 2011-04-28 19:39:59 darrickd /site_media/static/js/jquery.form.2.43.js 304
INFO 2011-04-28 19:39:59 darrickd /site_media/static/js/jquery.form.2.43.js 304
INFO 2011-04-28 19:39:59 darrickd /site_media/static/uni_form/uni-form-generic.css 304
INFO 2011-04-28 19:39:59 darrickd /site_media/static/uni_form/uni-form-generic.css 304
INFO 2011-04-28 19:40:02 darrickd /home/ 200
INFO 2011-04-28 19:40:02 darrickd /home/ 200
INFO 2011-04-28 19:40:02 darrickd /site_media/static/css/default/pages/home.css 304
INFO 2011-04-28 19:40:02 darrickd /site_media/static/css/default/pages/home.css 304
INFO 2011-04-28 19:40:03 darrickd /prizes/ 200
INFO 2011-04-28 19:40:03 darrickd /prizes/ 200
INFO 2011-04-28 19:40:03 darrickd /site_media/static/css/default/pages/view_prizes.css 304
INFO 2011-04-28 19:40:03 darrickd /site_media/static/css/default/pages/view_prizes.css 304
INFO 2011-04-28 19:40:07 rbrewer /site_media/media/activities/darrickd/Screen shot 2011-04-28 at 7.38.25 PM.png 200
INFO 2011-04-28 19:40:07 rbrewer /site_media/media/activities/darrickd/Screen shot 2011-04-28 at 7.38.25 PM.png 200
INFO 2011-04-28 19:40:14 darrickd /prizes/raffle/3/add_ticket/ 302
INFO 2011-04-28 19:40:14 darrickd /prizes/raffle/3/add_ticket/ 302
INFO 2011-04-28 19:40:15 darrickd /prizes/ 200
INFO 2011-04-28 19:40:15 darrickd /prizes/ 200
INFO 2011-04-28 19:40:22 darrickd /home/ 200
INFO 2011-04-28 19:40:22 darrickd /home/ 200
INFO 2011-04-28 19:40:25 darrickd /activities/ 200
INFO 2011-04-28 19:40:25 darrickd /activities/ 200
INFO 2011-04-28 19:41:09 darrickd /quests/accept/12/ 302
INFO 2011-04-28 19:41:09 darrickd /quests/accept/12/ 302
INFO 2011-04-28 19:41:10 darrickd /activities/ 200
INFO 2011-04-28 19:41:10 darrickd /activities/ 200
INFO 2011-04-28 19:41:10 darrickd /site_media/static/css/default/screen.css 304
INFO 2011-04-28 19:41:10 darrickd /site_media/static/css/default/screen.css 304
INFO 2011-04-28 19:41:10 darrickd /site_media/static/css/default/jquery-ui.css 304
INFO 2011-04-28 19:41:10 darrickd /site_media/static/css/default/jquery-ui.css 304
INFO 2011-04-28 19:41:10 darrickd /site_media/static/frontendadmin/css/frontendadmin.css 304
INFO 2011-04-28 19:41:10 darrickd /site_media/static/frontendadmin/css/frontendadmin.css 304
INFO 2011-04-28 19:41:10 darrickd /site_media/static/js/jquery-1.4.2.min.js 304
INFO 2011-04-28 19:41:10 darrickd /site_media/static/js/jquery-1.4.2.min.js 304
INFO 2011-04-28 19:41:10 darrickd /site_media/static/js/jquery-ui-1.8.1.custom.min.js 304
INFO 2011-04-28 19:41:10 darrickd /site_media/static/js/jquery-ui-1.8.1.custom.min.js 304
INFO 2011-04-28 19:41:10 darrickd /site_media/static/uni_form/uni-form.css 304
INFO 2011-04-28 19:41:10 darrickd /site_media/static/uni_form/uni-form.css 304
INFO 2011-04-28 19:41:10 darrickd /site_media/static/css/default/pages/view_activities.css 304
INFO 2011-04-28 19:41:10 darrickd /site_media/static/js/jquery.cycle.lite.1.0.min.js 304
INFO 2011-04-28 19:41:10 darrickd /site_media/static/css/default/pages/view_activities.css 304
INFO 2011-04-28 19:41:10 darrickd /site_media/static/js/jquery.cycle.lite.1.0.min.js 304
INFO 2011-04-28 19:41:10 darrickd /site_media/static/js/jquery.form.2.43.js 304
INFO 2011-04-28 19:41:10 darrickd /site_media/static/js/jquery.form.2.43.js 304
INFO 2011-04-28 19:41:10 darrickd /site_media/static/css/default/logged_in_base.css 304
INFO 2011-04-28 19:41:10 darrickd /site_media/static/css/default/logged_in_base.css 304
INFO 2011-04-28 19:41:10 darrickd /site_media/static/uni_form/uni-form-generic.css 304
INFO 2011-04-28 19:41:10 darrickd /site_media/static/uni_form/uni-form-generic.css 304
INFO 2011-04-28 19:41:14 darrickd /home/ 200
INFO 2011-04-28 19:41:14 darrickd /home/ 200
INFO 2011-04-28 19:41:14 darrickd /site_media/static/css/default/pages/home.css 304
INFO 2011-04-28 19:41:14 darrickd /site_media/static/css/default/pages/home.css 304
INFO 2011-04-28 19:41:16 darrickd /activities/ 200
INFO 2011-04-28 19:41:16 darrickd /activities/ 200
INFO 2011-04-28 19:41:45 darrickd /activities/task/59/ 200
INFO 2011-04-28 19:41:45 darrickd /activities/task/59/ 200
INFO 2011-04-28 19:41:45 darrickd /site_media/media/gblocks/charliereppun-small.jpg 200
INFO 2011-04-28 19:41:45 darrickd /site_media/media/gblocks/charliereppun-small.jpg 200
INFO 2011-04-28 19:42:05 darrickd /activities/task/59/add 302
INFO 2011-04-28 19:42:05 darrickd /activities/task/59/add 302
INFO 2011-04-28 19:42:05 darrickd /activities/task/59/ 200
INFO 2011-04-28 19:42:05 darrickd /activities/task/59/ 200
INFO 2011-04-28 19:42:13 darrickd /home/ 200
INFO 2011-04-28 19:42:13 darrickd /home/ 200
INFO 2011-04-28 19:42:13 darrickd /site_media/static/frontendadmin/css/frontendadmin.css 304
INFO 2011-04-28 19:42:13 darrickd /site_media/static/frontendadmin/css/frontendadmin.css 304
INFO 2011-04-28 19:42:13 darrickd /site_media/static/css/default/jquery-ui.css 304
INFO 2011-04-28 19:42:13 darrickd /site_media/static/css/default/jquery-ui.css 304
INFO 2011-04-28 19:42:13 darrickd /site_media/static/js/jquery-1.4.2.min.js 304
INFO 2011-04-28 19:42:13 darrickd /site_media/static/js/jquery-1.4.2.min.js 304
INFO 2011-04-28 19:42:13 darrickd /site_media/static/css/default/screen.css 304
INFO 2011-04-28 19:42:13 darrickd /site_media/static/css/default/screen.css 304
INFO 2011-04-28 19:42:13 darrickd /site_media/static/js/jquery-ui-1.8.1.custom.min.js 304
INFO 2011-04-28 19:42:13 darrickd /site_media/static/js/jquery-ui-1.8.1.custom.min.js 304
INFO 2011-04-28 19:42:13 darrickd /site_media/static/uni_form/uni-form.css 304
INFO 2011-04-28 19:42:13 darrickd /site_media/static/uni_form/uni-form.css 304
INFO 2011-04-28 19:42:14 darrickd /site_media/static/js/jquery.cycle.lite.1.0.min.js 304
INFO 2011-04-28 19:42:14 darrickd /site_media/static/js/jquery.cycle.lite.1.0.min.js 304
INFO 2011-04-28 19:42:14 darrickd /site_media/static/css/default/logged_in_base.css 304
INFO 2011-04-28 19:42:14 darrickd /site_media/static/css/default/logged_in_base.css 304
INFO 2011-04-28 19:42:14 darrickd /site_media/static/js/jquery.form.2.43.js 304
INFO 2011-04-28 19:42:14 darrickd /site_media/static/js/jquery.form.2.43.js 304
INFO 2011-04-28 19:42:14 darrickd /site_media/static/uni_form/uni-form-generic.css 304
INFO 2011-04-28 19:42:14 darrickd /site_media/static/uni_form/uni-form-generic.css 304
INFO 2011-04-28 19:42:17 darrickd /activities/ 200
INFO 2011-04-28 19:42:17 darrickd /activities/ 200
INFO 2011-04-28 19:42:17 darrickd /site_media/static/css/default/pages/view_activities.css 304
INFO 2011-04-28 19:42:17 darrickd /site_media/static/css/default/pages/view_activities.css 304
INFO 2011-04-28 19:42:22 darrickd /activities/task/30/ 200
INFO 2011-04-28 19:42:22 darrickd /activities/task/30/ 200
INFO 2011-04-28 19:42:22 darrickd /site_media/media/gblocks/dorm-bed.jpg 200
INFO 2011-04-28 19:42:22 darrickd /site_media/media/gblocks/dorm-bed.jpg 200
INFO 2011-04-28 19:42:39 darrickd /activities/task/30/add 302
INFO 2011-04-28 19:42:39 darrickd /activities/task/30/add 302
INFO 2011-04-28 19:42:39 darrickd /activities/task/30/ 200
INFO 2011-04-28 19:42:39 darrickd /activities/task/30/ 200
INFO 2011-04-28 19:42:43 darrickd /home/ 200
INFO 2011-04-28 19:42:43 darrickd /home/ 200
INFO 2011-04-28 19:42:43 darrickd /site_media/static/css/default/pages/home.css 304
INFO 2011-04-28 19:42:43 darrickd /site_media/static/css/default/pages/home.css 304
INFO 2011-04-28 19:42:46 darrickd /activities/ 200
INFO 2011-04-28 19:42:46 darrickd /activities/ 200
INFO 2011-04-28 19:43:08 darrickd /site_media/static/css/default/images/icon-profile-over.png 200
INFO 2011-04-28 19:43:08 darrickd /site_media/static/css/default/images/icon-profile-over.png 200
INFO 2011-04-28 19:46:56 darrickd /home/ 200
INFO 2011-04-28 19:46:56 darrickd /home/ 200
INFO 2011-04-28 19:46:56 darrickd /site_media/static/css/default/screen.css 304
INFO 2011-04-28 19:46:56 darrickd /site_media/static/css/default/jquery-ui.css 304
INFO 2011-04-28 19:46:56 darrickd /site_media/static/css/default/screen.css 304
INFO 2011-04-28 19:46:56 darrickd /site_media/static/css/default/jquery-ui.css 304
INFO 2011-04-28 19:46:56 darrickd /site_media/static/frontendadmin/css/frontendadmin.css 304
INFO 2011-04-28 19:46:56 darrickd /site_media/static/frontendadmin/css/frontendadmin.css 304
INFO 2011-04-28 19:46:56 darrickd /site_media/static/js/jquery-1.4.2.min.js 304
INFO 2011-04-28 19:46:56 darrickd /site_media/static/js/jquery-1.4.2.min.js 304
INFO 2011-04-28 19:46:56 darrickd /site_media/static/js/jquery-ui-1.8.1.custom.min.js 304
INFO 2011-04-28 19:46:56 darrickd /site_media/static/js/jquery-ui-1.8.1.custom.min.js 304
INFO 2011-04-28 19:46:56 darrickd /site_media/static/uni_form/uni-form.css 304
INFO 2011-04-28 19:46:56 darrickd /site_media/static/uni_form/uni-form.css 304
INFO 2011-04-28 19:46:56 darrickd /site_media/static/css/default/logged_in_base.css 304
INFO 2011-04-28 19:46:56 darrickd /site_media/static/css/default/logged_in_base.css 304
INFO 2011-04-28 19:46:56 darrickd /site_media/static/js/jquery.cycle.lite.1.0.min.js 304
INFO 2011-04-28 19:46:56 darrickd /site_media/static/js/jquery.cycle.lite.1.0.min.js 304
INFO 2011-04-28 19:46:56 darrickd /site_media/static/css/default/pages/home.css 304
INFO 2011-04-28 19:46:56 darrickd /site_media/static/css/default/pages/home.css 304
INFO 2011-04-28 19:46:56 darrickd /site_media/static/js/jquery.form.2.43.js 304
INFO 2011-04-28 19:46:56 darrickd /site_media/static/js/jquery.form.2.43.js 304
INFO 2011-04-28 19:46:56 darrickd /site_media/static/uni_form/uni-form-generic.css 304
INFO 2011-04-28 19:46:56 darrickd /site_media/static/uni_form/uni-form-generic.css 304
INFO 2011-04-28 19:46:57 darrickd /site_media/static/css/default/images/icon-scoreboard-over.png 304
INFO 2011-04-28 19:46:57 darrickd /site_media/static/css/default/images/icon-scoreboard-over.png 304
INFO 2011-04-28 19:47:13 darrickd /energy/ 200
INFO 2011-04-28 19:47:13 darrickd /energy/ 200
INFO 2011-04-28 19:47:14 darrickd /site_media/static/css/default/pages/view_energy.css 304
INFO 2011-04-28 19:47:14 darrickd /site_media/static/css/default/pages/view_energy.css 304
INFO 2011-04-28 19:47:14 darrickd /site_media/static/js/news.js 304
INFO 2011-04-28 19:47:14 darrickd /site_media/static/js/news.js 304
INFO 2011-04-28 19:47:14 darrickd /site_media/static/js/org.wattdepot.gdata.makahiki.EnergyGoalGame.js 304
INFO 2011-04-28 19:47:14 darrickd /site_media/static/js/org.wattdepot.gdata.makahiki.EnergyGoalGame.js 304
INFO 2011-04-28 19:48:53 darrickd /activities/ 200
INFO 2011-04-28 19:48:53 darrickd /activities/ 200
INFO 2011-04-28 19:48:53 darrickd /site_media/static/css/default/screen.css 304
INFO 2011-04-28 19:48:53 darrickd /site_media/static/frontendadmin/css/frontendadmin.css 304
INFO 2011-04-28 19:48:53 darrickd /site_media/static/css/default/screen.css 304
INFO 2011-04-28 19:48:53 darrickd /site_media/static/frontendadmin/css/frontendadmin.css 304
INFO 2011-04-28 19:48:53 darrickd /site_media/static/css/default/jquery-ui.css 304
INFO 2011-04-28 19:48:53 darrickd /site_media/static/css/default/jquery-ui.css 304
INFO 2011-04-28 19:48:53 darrickd /site_media/static/js/jquery-1.4.2.min.js 304
INFO 2011-04-28 19:48:53 darrickd /site_media/static/js/jquery-1.4.2.min.js 304
INFO 2011-04-28 19:48:53 darrickd /site_media/static/js/jquery-ui-1.8.1.custom.min.js 304
INFO 2011-04-28 19:48:53 darrickd /site_media/static/js/jquery-ui-1.8.1.custom.min.js 304
INFO 2011-04-28 19:48:53 darrickd /site_media/static/uni_form/uni-form.css 304
INFO 2011-04-28 19:48:53 darrickd /site_media/static/uni_form/uni-form.css 304
INFO 2011-04-28 19:48:53 darrickd /site_media/static/js/jquery.form.2.43.js 304
INFO 2011-04-28 19:48:53 darrickd /site_media/static/js/jquery.form.2.43.js 304
INFO 2011-04-28 19:48:53 darrickd /site_media/static/js/jquery.cycle.lite.1.0.min.js 304
INFO 2011-04-28 19:48:53 darrickd /site_media/static/js/jquery.cycle.lite.1.0.min.js 304
INFO 2011-04-28 19:48:53 darrickd /site_media/static/css/default/pages/view_activities.css 304
INFO 2011-04-28 19:48:53 darrickd /site_media/static/css/default/logged_in_base.css 304
INFO 2011-04-28 19:48:53 darrickd /site_media/static/css/default/pages/view_activities.css 304
INFO 2011-04-28 19:48:53 darrickd /site_media/static/css/default/logged_in_base.css 304
INFO 2011-04-28 19:48:53 darrickd /site_media/static/uni_form/uni-form-generic.css 304
INFO 2011-04-28 19:48:53 darrickd /site_media/static/uni_form/uni-form-generic.css 304
INFO 2011-04-28 19:50:53 darrickd /home/ 200
INFO 2011-04-28 19:50:53 darrickd /home/ 200
INFO 2011-04-28 19:50:53 darrickd /site_media/static/css/default/screen.css 304
INFO 2011-04-28 19:50:53 darrickd /site_media/static/css/default/screen.css 304
INFO 2011-04-28 19:50:53 darrickd /site_media/static/css/default/jquery-ui.css 304
INFO 2011-04-28 19:50:53 darrickd /site_media/static/css/default/jquery-ui.css 304
INFO 2011-04-28 19:50:53 darrickd /site_media/static/frontendadmin/css/frontendadmin.css 304
INFO 2011-04-28 19:50:53 darrickd /site_media/static/frontendadmin/css/frontendadmin.css 304
INFO 2011-04-28 19:50:53 darrickd /site_media/static/js/jquery-1.4.2.min.js 304
INFO 2011-04-28 19:50:53 darrickd /site_media/static/js/jquery-1.4.2.min.js 304
INFO 2011-04-28 19:50:53 darrickd /site_media/static/js/jquery-ui-1.8.1.custom.min.js 304
INFO 2011-04-28 19:50:53 darrickd /site_media/static/js/jquery-ui-1.8.1.custom.min.js 304
INFO 2011-04-28 19:50:53 darrickd /site_media/static/uni_form/uni-form.css 304
INFO 2011-04-28 19:50:53 darrickd /site_media/static/uni_form/uni-form.css 304
INFO 2011-04-28 19:50:53 darrickd /site_media/static/js/jquery.cycle.lite.1.0.min.js 304
INFO 2011-04-28 19:50:53 darrickd /site_media/static/js/jquery.cycle.lite.1.0.min.js 304
INFO 2011-04-28 19:50:53 darrickd /site_media/static/css/default/logged_in_base.css 304
INFO 2011-04-28 19:50:53 darrickd /site_media/static/css/default/logged_in_base.css 304
INFO 2011-04-28 19:50:53 darrickd /site_media/static/css/default/pages/home.css 304
INFO 2011-04-28 19:50:53 darrickd /site_media/static/js/jquery.form.2.43.js 304
INFO 2011-04-28 19:50:53 darrickd /site_media/static/css/default/pages/home.css 304
INFO 2011-04-28 19:50:53 darrickd /site_media/static/js/jquery.form.2.43.js 304
INFO 2011-04-28 19:50:53 darrickd /site_media/static/uni_form/uni-form-generic.css 304
INFO 2011-04-28 19:50:53 darrickd /site_media/static/uni_form/uni-form-generic.css 304
INFO 2011-04-28 19:51:05 darrickd /activities/ 200
INFO 2011-04-28 19:51:05 darrickd /activities/ 200
INFO 2011-04-28 19:51:05 darrickd /site_media/static/css/default/pages/view_activities.css 304
INFO 2011-04-28 19:51:05 darrickd /site_media/static/css/default/pages/view_activities.css 304
INFO 2011-04-28 19:52:02 darrickd /prizes/ 200
INFO 2011-04-28 19:52:02 darrickd /prizes/ 200
INFO 2011-04-28 19:52:02 darrickd /site_media/static/css/default/jquery-ui.css 304
INFO 2011-04-28 19:52:02 darrickd /site_media/static/css/default/screen.css 304
INFO 2011-04-28 19:52:02 darrickd /site_media/static/css/default/screen.css 304
INFO 2011-04-28 19:52:02 darrickd /site_media/static/css/default/jquery-ui.css 304
INFO 2011-04-28 19:52:02 darrickd /site_media/static/js/jquery-1.4.2.min.js 304
INFO 2011-04-28 19:52:02 darrickd /site_media/static/js/jquery-1.4.2.min.js 304
INFO 2011-04-28 19:52:02 darrickd /site_media/static/frontendadmin/css/frontendadmin.css 304
INFO 2011-04-28 19:52:02 darrickd /site_media/static/frontendadmin/css/frontendadmin.css 304
INFO 2011-04-28 19:52:02 darrickd /site_media/static/js/jquery-ui-1.8.1.custom.min.js 304
INFO 2011-04-28 19:52:02 darrickd /site_media/static/js/jquery-ui-1.8.1.custom.min.js 304
INFO 2011-04-28 19:52:02 darrickd /site_media/static/uni_form/uni-form.css 304
INFO 2011-04-28 19:52:02 darrickd /site_media/static/uni_form/uni-form.css 304
INFO 2011-04-28 19:52:02 darrickd /site_media/static/css/default/pages/view_prizes.css 304
INFO 2011-04-28 19:52:02 darrickd /site_media/static/css/default/pages/view_prizes.css 304
INFO 2011-04-28 19:52:02 darrickd /site_media/static/js/jquery.cycle.lite.1.0.min.js 304
INFO 2011-04-28 19:52:02 darrickd /site_media/static/js/jquery.form.2.43.js 304
INFO 2011-04-28 19:52:02 darrickd /site_media/static/js/jquery.cycle.lite.1.0.min.js 304
INFO 2011-04-28 19:52:02 darrickd /site_media/static/js/jquery.form.2.43.js 304
INFO 2011-04-28 19:52:02 darrickd /site_media/static/css/default/logged_in_base.css 304
INFO 2011-04-28 19:52:02 darrickd /site_media/static/css/default/logged_in_base.css 304
INFO 2011-04-28 19:52:02 darrickd /site_media/static/uni_form/uni-form-generic.css 304
INFO 2011-04-28 19:52:02 darrickd /site_media/static/uni_form/uni-form-generic.css 304
INFO 2011-04-28 19:53:17 darrickd /profile/ 200
INFO 2011-04-28 19:53:17 darrickd /profile/ 200
INFO 2011-04-28 19:53:17 darrickd /site_media/static/css/default/screen.css 304
INFO 2011-04-28 19:53:17 darrickd /site_media/static/css/default/screen.css 304
INFO 2011-04-28 19:53:17 darrickd /site_media/static/css/default/jquery-ui.css 304
INFO 2011-04-28 19:53:17 darrickd /site_media/static/css/default/jquery-ui.css 304
INFO 2011-04-28 19:53:17 darrickd /site_media/static/frontendadmin/css/frontendadmin.css 304
INFO 2011-04-28 19:53:17 darrickd /site_media/static/js/jquery-1.4.2.min.js 304
INFO 2011-04-28 19:53:17 darrickd /site_media/static/frontendadmin/css/frontendadmin.css 304
INFO 2011-04-28 19:53:17 darrickd /site_media/static/js/jquery-1.4.2.min.js 304
INFO 2011-04-28 19:53:17 darrickd /site_media/static/js/jquery-ui-1.8.1.custom.min.js 304
INFO 2011-04-28 19:53:17 darrickd /site_media/static/js/jquery-ui-1.8.1.custom.min.js 304
INFO 2011-04-28 19:53:17 darrickd /site_media/static/uni_form/uni-form.css 304
INFO 2011-04-28 19:53:17 darrickd /site_media/static/uni_form/uni-form.css 304
INFO 2011-04-28 19:53:17 darrickd /site_media/static/js/jquery.cycle.lite.1.0.min.js 304
INFO 2011-04-28 19:53:17 darrickd /site_media/static/js/jquery.cycle.lite.1.0.min.js 304
INFO 2011-04-28 19:53:17 darrickd /site_media/static/js/jquery.form.2.43.js 304
INFO 2011-04-28 19:53:17 darrickd /site_media/static/js/jquery.form.2.43.js 304
INFO 2011-04-28 19:53:17 darrickd /site_media/static/css/default/pages/view_profile.css 304
INFO 2011-04-28 19:53:17 darrickd /site_media/static/css/default/pages/view_profile.css 304
INFO 2011-04-28 19:53:17 darrickd /site_media/static/css/default/logged_in_base.css 304
INFO 2011-04-28 19:53:17 darrickd /site_media/static/css/default/logged_in_base.css 304
INFO 2011-04-28 19:53:17 darrickd /site_media/static/uni_form/uni-form-generic.css 304
INFO 2011-04-28 19:53:17 darrickd /site_media/static/uni_form/uni-form-generic.css 304
INFO 2011-04-28 19:53:19 darrickd /help/ 200
INFO 2011-04-28 19:53:19 darrickd /help/ 200
INFO 2011-04-28 19:53:19 darrickd /site_media/static/css/default/pages/view_help.css 304
INFO 2011-04-28 19:53:19 darrickd /site_media/static/css/default/pages/view_help.css 304
INFO 2011-04-28 19:54:03 darrickd /activities/ 200
INFO 2011-04-28 19:54:03 darrickd /activities/ 200
INFO 2011-04-28 19:54:04 darrickd /site_media/static/css/default/pages/view_activities.css 304
INFO 2011-04-28 19:54:04 darrickd /site_media/static/css/default/pages/view_activities.css 304
INFO 2011-04-28 19:55:00 darrickd /energy/ 200
INFO 2011-04-28 19:55:00 darrickd /energy/ 200
INFO 2011-04-28 19:55:01 darrickd /site_media/static/css/default/screen.css 304
INFO 2011-04-28 19:55:01 darrickd /site_media/static/css/default/screen.css 304
INFO 2011-04-28 19:55:01 darrickd /site_media/static/css/default/jquery-ui.css 304
INFO 2011-04-28 19:55:01 darrickd /site_media/static/js/jquery-1.4.2.min.js 304
INFO 2011-04-28 19:55:01 darrickd /site_media/static/css/default/jquery-ui.css 304
INFO 2011-04-28 19:55:01 darrickd /site_media/static/frontendadmin/css/frontendadmin.css 304
INFO 2011-04-28 19:55:01 darrickd /site_media/static/js/jquery-1.4.2.min.js 304
INFO 2011-04-28 19:55:01 darrickd /site_media/static/frontendadmin/css/frontendadmin.css 304
INFO 2011-04-28 19:55:01 darrickd /site_media/static/js/jquery-ui-1.8.1.custom.min.js 304
INFO 2011-04-28 19:55:01 darrickd /site_media/static/js/jquery-ui-1.8.1.custom.min.js 304
INFO 2011-04-28 19:55:01 darrickd /site_media/static/uni_form/uni-form.css 304
INFO 2011-04-28 19:55:01 darrickd /site_media/static/uni_form/uni-form.css 304
INFO 2011-04-28 19:55:01 darrickd /site_media/static/css/default/pages/view_energy.css 304
INFO 2011-04-28 19:55:01 darrickd /site_media/static/css/default/logged_in_base.css 304
INFO 2011-04-28 19:55:01 darrickd /site_media/static/css/default/pages/view_energy.css 304
INFO 2011-04-28 19:55:01 darrickd /site_media/static/css/default/logged_in_base.css 304
INFO 2011-04-28 19:55:01 darrickd /site_media/static/js/jquery.cycle.lite.1.0.min.js 304
INFO 2011-04-28 19:55:01 darrickd /site_media/static/js/jquery.form.2.43.js 304
INFO 2011-04-28 19:55:01 darrickd /site_media/static/js/jquery.form.2.43.js 304
INFO 2011-04-28 19:55:01 darrickd /site_media/static/js/jquery.cycle.lite.1.0.min.js 304
INFO 2011-04-28 19:55:01 darrickd /site_media/static/js/news.js 304
INFO 2011-04-28 19:55:01 darrickd /site_media/static/js/news.js 304
INFO 2011-04-28 19:55:01 darrickd /site_media/static/js/org.wattdepot.gdata.makahiki.EnergyGoalGame.js 304
INFO 2011-04-28 19:55:01 darrickd /site_media/static/js/org.wattdepot.gdata.makahiki.EnergyGoalGame.js 304
INFO 2011-04-28 19:55:01 darrickd /site_media/static/uni_form/uni-form-generic.css 304
INFO 2011-04-28 19:55:01 darrickd /site_media/static/uni_form/uni-form-generic.css 304
