INFO 2011-04-27 18:46:33 nelson32 /account/login/ 302
INFO 2011-04-27 18:46:33 nelson32 /account/login/ 302
INFO 2011-04-27 18:46:34 nelson32 /home/ 200
INFO 2011-04-27 18:46:34 nelson32 /home/ 200
INFO 2011-04-27 18:46:34 nelson32 /site_media/static/css/default/logged_in_base.css 200
INFO 2011-04-27 18:46:34 nelson32 /site_media/static/css/default/logged_in_base.css 200
INFO 2011-04-27 18:46:34 nelson32 /site_media/static/css/default/pages/home.css 200
INFO 2011-04-27 18:46:34 nelson32 /site_media/static/css/default/pages/home.css 200
INFO 2011-04-27 18:46:34 nelson32 /site_media/static/css/default/images/spacer.png 200
INFO 2011-04-27 18:46:34 nelson32 /site_media/static/css/default/images/spacer.png 200
INFO 2011-04-27 18:46:34 nelson32 /site_media/static/css/default/images/logo.png 200
INFO 2011-04-27 18:46:34 nelson32 /site_media/static/css/default/images/logo.png 200
INFO 2011-04-27 18:46:34 nelson32 /site_media/static/css/default/images/bkg-header-info.png 200
INFO 2011-04-27 18:46:34 nelson32 /site_media/static/css/default/images/bkg-icon-tray.png 200
INFO 2011-04-27 18:46:34 nelson32 /site_media/static/css/default/images/bkg-header-info.png 200
INFO 2011-04-27 18:46:34 nelson32 /site_media/static/images/hale.ilima.jpg 200
INFO 2011-04-27 18:46:34 nelson32 /site_media/static/css/default/images/bkg-icon-tray.png 200
INFO 2011-04-27 18:46:34 nelson32 /site_media/static/images/hale.ilima.jpg 200
INFO 2011-04-27 18:46:34 nelson32 /site_media/static/css/default/images/icon-go-low.png 200
INFO 2011-04-27 18:46:34 nelson32 /site_media/static/css/default/images/icon-go-low.png 200
INFO 2011-04-27 18:46:34 nelson32 /site_media/static/css/default/images/icon-scoreboard.png 200
INFO 2011-04-27 18:46:34 nelson32 /site_media/static/css/default/images/icon-prizes.png 200
INFO 2011-04-27 18:46:34 nelson32 /site_media/static/css/default/images/icon-scoreboard.png 200
INFO 2011-04-27 18:46:34 nelson32 /site_media/static/css/default/images/icon-news.png 200
INFO 2011-04-27 18:46:34 nelson32 /site_media/static/css/default/images/icon-prizes.png 200
INFO 2011-04-27 18:46:34 nelson32 /site_media/static/css/default/images/icon-profile.png 200
INFO 2011-04-27 18:46:34 nelson32 /site_media/static/css/default/images/icon-news.png 200
INFO 2011-04-27 18:46:34 nelson32 /site_media/static/css/default/images/icon-profile.png 200
INFO 2011-04-27 18:46:34 nelson32 /site_media/static/css/default/images/ui-bg_glass_95_fef1ec_1x400.png 200
INFO 2011-04-27 18:46:34 nelson32 /site_media/static/css/default/images/ui-bg_glass_95_fef1ec_1x400.png 200
INFO 2011-04-27 18:46:34 nelson32 /site_media/static/css/default/images/right.png 200
INFO 2011-04-27 18:46:34 nelson32 /site_media/static/css/default/images/icon-help.png 200
INFO 2011-04-27 18:46:34 nelson32 /site_media/static/css/default/images/right.png 200
INFO 2011-04-27 18:46:34 nelson32 /site_media/static/css/default/images/bkg-home-content.png 200
INFO 2011-04-27 18:46:34 nelson32 /site_media/static/css/default/images/icon-help.png 200
INFO 2011-04-27 18:46:34 nelson32 /site_media/static/css/default/images/bkg-home-content.png 200
INFO 2011-04-27 18:46:34 nelson32 /site_media/static/css/default/images/icon-go-low-lg.jpg 200
INFO 2011-04-27 18:46:34 nelson32 /site_media/static/css/default/images/icon-go-low-lg.jpg 200
INFO 2011-04-27 18:46:34 nelson32 /site_media/static/css/default/images/icon-scoreboard-lg.jpg 200
INFO 2011-04-27 18:46:34 nelson32 /site_media/static/css/default/images/icon-scoreboard-lg.jpg 200
INFO 2011-04-27 18:46:34 nelson32 /site_media/static/css/default/images/bullet.png 200
INFO 2011-04-27 18:46:34 nelson32 /site_media/static/css/default/images/icon-news-lg.jpg 200
INFO 2011-04-27 18:46:34 nelson32 /site_media/static/css/default/images/bullet.png 200
INFO 2011-04-27 18:46:34 nelson32 /site_media/static/css/default/images/icon-news-lg.jpg 200
INFO 2011-04-27 18:46:34 nelson32 /site_media/static/css/default/images/icon-prizes-lg.jpg 200
INFO 2011-04-27 18:46:34 nelson32 /site_media/static/css/default/images/icon-prizes-lg.jpg 200
INFO 2011-04-27 18:46:34 nelson32 /site_media/static/css/default/images/icon-profile-lg.jpg 200
INFO 2011-04-27 18:46:34 nelson32 /site_media/static/css/default/images/icon-profile-lg.jpg 200
INFO 2011-04-27 18:46:34 nelson32 /site_media/static/css/default/images/icon-help-lg.jpg 200
INFO 2011-04-27 18:46:34 nelson32 /site_media/static/css/default/images/icon-help-lg.jpg 200
INFO 2011-04-27 18:46:36 nelson32 /site_media/static/css/default/images/ui-bg_glass_75_e3e3e3_1x400.png 200
INFO 2011-04-27 18:46:36 nelson32 /site_media/static/css/default/images/ui-bg_glass_75_e3e3e3_1x400.png 200
INFO 2011-04-27 18:46:36 nelson32 /site_media/static/css/default/images/ui-bg_flat_75_ebe7bc_40x100.png 200
INFO 2011-04-27 18:46:36 nelson32 /site_media/static/css/default/images/ui-bg_flat_75_ebe7bc_40x100.png 200
INFO 2011-04-27 18:46:36 nelson32 /site_media/static/css/default/images/ui-icons_222222_256x240.png 200
INFO 2011-04-27 18:46:36 nelson32 /site_media/static/css/default/images/ui-icons_222222_256x240.png 200
INFO 2011-04-27 18:46:36 nelson32 /site_media/static/css/default/images/ui-bg_highlight-soft_90_dadada_1x100.png 200
INFO 2011-04-27 18:46:36 nelson32 /site_media/static/css/default/images/ui-bg_highlight-soft_90_dadada_1x100.png 200
INFO 2011-04-27 18:46:36 nelson32 /site_media/static/css/default/images/ui-bg_flat_0_aaaaaa_40x100.png 200
INFO 2011-04-27 18:46:36 nelson32 /site_media/static/css/default/images/ui-bg_flat_0_aaaaaa_40x100.png 200
INFO 2011-04-27 18:52:09 nelson32 /site_media/static/css/default/screen.css 304
INFO 2011-04-27 18:52:09 nelson32 /site_media/static/css/default/screen.css 304
INFO 2011-04-27 18:52:09 nelson32 /site_media/static/frontendadmin/css/frontendadmin.css 304
INFO 2011-04-27 18:52:09 nelson32 /site_media/static/css/default/jquery-ui.css 304
INFO 2011-04-27 18:52:09 nelson32 /site_media/static/frontendadmin/css/frontendadmin.css 304
INFO 2011-04-27 18:52:09 nelson32 /site_media/static/js/jquery-1.4.2.min.js 304
INFO 2011-04-27 18:52:09 nelson32 /site_media/static/js/jquery-1.4.2.min.js 304
INFO 2011-04-27 18:52:09 nelson32 /site_media/static/js/jquery-ui-1.8.1.custom.min.js 304
INFO 2011-04-27 18:52:09 nelson32 /site_media/static/css/default/jquery-ui.css 304
INFO 2011-04-27 18:52:09 nelson32 /site_media/static/js/jquery-ui-1.8.1.custom.min.js 304
INFO 2011-04-27 18:52:09 nelson32 /site_media/static/uni_form/uni-form.css 304
INFO 2011-04-27 18:52:09 nelson32 /site_media/static/uni_form/uni-form.css 304
INFO 2011-04-27 18:52:09 nelson32 /site_media/static/css/default/logged_in_base.css 304
INFO 2011-04-27 18:52:09 nelson32 /site_media/static/css/default/logged_in_base.css 304
INFO 2011-04-27 18:52:09 nelson32 /site_media/static/js/jquery.cycle.lite.1.0.min.js 304
INFO 2011-04-27 18:52:09 nelson32 /site_media/static/js/jquery.cycle.lite.1.0.min.js 304
INFO 2011-04-27 18:52:09 nelson32 /site_media/static/js/jquery.form.2.43.js 304
INFO 2011-04-27 18:52:09 nelson32 /site_media/static/css/default/pages/home.css 304
INFO 2011-04-27 18:52:09 nelson32 /site_media/static/css/default/pages/home.css 304
INFO 2011-04-27 18:52:09 nelson32 /site_media/static/js/jquery.form.2.43.js 304
INFO 2011-04-27 18:52:09 nelson32 /site_media/static/uni_form/uni-form-generic.css 304
INFO 2011-04-27 18:52:09 nelson32 /site_media/static/uni_form/uni-form-generic.css 304
INFO 2011-04-27 18:52:25 nelson32 /site_media/static/css/default/images/ui-bg_glass_75_dadada_1x400.png 200
INFO 2011-04-27 18:52:25 nelson32 /site_media/static/css/default/images/ui-bg_glass_75_dadada_1x400.png 200
INFO 2011-04-27 18:52:26 nelson32 /site_media/static/css/default/images/ui-bg_glass_65_ffffff_1x400.png 200
INFO 2011-04-27 18:52:26 nelson32 /site_media/static/css/default/images/ui-bg_glass_65_ffffff_1x400.png 200
INFO 2011-04-27 18:52:26 nelson32 /home/setup/terms/ 200
INFO 2011-04-27 18:52:26 nelson32 /home/setup/terms/ 200
INFO 2011-04-27 18:52:26 nelson32 /site_media/static/css/default/images/left.png 200
INFO 2011-04-27 18:52:26 nelson32 /site_media/static/css/default/images/left.png 200
INFO 2011-04-27 18:52:26 nelson32 /site_media/static/css/default/images/stop.png 200
INFO 2011-04-27 18:52:26 nelson32 /site_media/static/css/default/images/stop.png 200
INFO 2011-04-27 18:52:26 nelson32 /home/setup/terms/ 200
INFO 2011-04-27 18:52:26 nelson32 /home/setup/terms/ 200
INFO 2011-04-27 18:52:43 nelson32 /home/setup/facebook/ 200
INFO 2011-04-27 18:52:43 nelson32 /home/setup/facebook/ 200
INFO 2011-04-27 18:53:37 nelson32 /home/setup/facebook/ 200
INFO 2011-04-27 18:53:37 nelson32 /home/setup/facebook/ 200
INFO 2011-04-27 18:54:14 nelson32 /home/setup/profile/ 200
INFO 2011-04-27 18:54:14 nelson32 /home/setup/profile/ 200
INFO 2011-04-27 18:56:31 nelson32 /home/setup/question/ 200
INFO 2011-04-27 18:56:31 nelson32 /home/setup/question/ 200
INFO 2011-04-27 18:56:44 nelson32 /home/setup/complete/ 200
INFO 2011-04-27 18:56:44 nelson32 /home/setup/complete/ 200
INFO 2011-04-27 18:56:44 nelson32 /site_media/static/css/default/images/quest-screen.png 200
INFO 2011-04-27 18:56:44 nelson32 /site_media/static/css/default/images/quest-screen.png 200
INFO 2011-04-27 18:57:02 nelson32 /home/ 200
INFO 2011-04-27 18:57:02 nelson32 /home/ 200
INFO 2011-04-27 18:57:02 nelson32 /site_media/static/css/default/jquery-ui.css 304
INFO 2011-04-27 18:57:02 nelson32 /site_media/static/css/default/jquery-ui.css 304
INFO 2011-04-27 18:57:02 nelson32 /site_media/static/frontendadmin/css/frontendadmin.css 304
INFO 2011-04-27 18:57:02 nelson32 /site_media/static/frontendadmin/css/frontendadmin.css 304
INFO 2011-04-27 18:57:02 nelson32 /site_media/static/js/jquery-1.4.2.min.js 304
INFO 2011-04-27 18:57:02 nelson32 /site_media/static/css/default/screen.css 304
INFO 2011-04-27 18:57:02 nelson32 /site_media/static/js/jquery-1.4.2.min.js 304
INFO 2011-04-27 18:57:02 nelson32 /site_media/static/css/default/screen.css 304
INFO 2011-04-27 18:57:02 nelson32 /site_media/static/js/jquery-ui-1.8.1.custom.min.js 304
INFO 2011-04-27 18:57:02 nelson32 /site_media/static/js/jquery-ui-1.8.1.custom.min.js 304
INFO 2011-04-27 18:57:02 nelson32 /site_media/static/uni_form/uni-form.css 304
INFO 2011-04-27 18:57:02 nelson32 /site_media/static/uni_form/uni-form.css 304
INFO 2011-04-27 18:57:02 nelson32 /site_media/static/js/jquery.form.2.43.js 304
INFO 2011-04-27 18:57:02 nelson32 /site_media/static/js/jquery.form.2.43.js 304
INFO 2011-04-27 18:57:02 nelson32 /site_media/static/css/default/pages/home.css 304
INFO 2011-04-27 18:57:02 nelson32 /site_media/static/js/jquery.cycle.lite.1.0.min.js 304
INFO 2011-04-27 18:57:02 nelson32 /site_media/static/js/jquery.cycle.lite.1.0.min.js 304
INFO 2011-04-27 18:57:02 nelson32 /site_media/static/css/default/logged_in_base.css 304
INFO 2011-04-27 18:57:02 nelson32 /site_media/static/css/default/pages/home.css 304
INFO 2011-04-27 18:57:02 nelson32 /site_media/static/css/default/logged_in_base.css 304
INFO 2011-04-27 18:57:02 nelson32 /site_media/static/uni_form/uni-form-generic.css 304
INFO 2011-04-27 18:57:02 nelson32 /site_media/static/uni_form/uni-form-generic.css 304
INFO 2011-04-27 18:57:03 nelson32 /site_media/media/avatars/nelson32/resized/60/avatars/nelson32/fb_photo.jpg 200
INFO 2011-04-27 18:57:03 nelson32 /site_media/media/avatars/nelson32/resized/60/avatars/nelson32/fb_photo.jpg 200
INFO 2011-04-27 18:57:04 nelson32 /site_media/static/css/default/images/icon-news-lg-over.jpg 304
INFO 2011-04-27 18:57:04 nelson32 /site_media/static/css/default/images/icon-news-lg-over.jpg 304
INFO 2011-04-27 18:57:12 nelson32 /site_media/static/css/default/images/icon-scoreboard-lg-over.jpg 200
INFO 2011-04-27 18:57:12 nelson32 /site_media/static/css/default/images/icon-scoreboard-lg-over.jpg 200
INFO 2011-04-27 18:57:12 nelson32 /site_media/static/css/default/images/icon-go-low-lg-over.jpg 304
INFO 2011-04-27 18:57:12 nelson32 /site_media/static/css/default/images/icon-go-low-lg-over.jpg 304
INFO 2011-04-27 18:57:32 nelson32 /site_media/static/css/default/images/icon-prizes-lg-over.jpg 200
INFO 2011-04-27 18:57:32 nelson32 /site_media/static/css/default/images/icon-prizes-lg-over.jpg 200
INFO 2011-04-27 18:57:32 nelson32 /site_media/static/css/default/images/icon-profile-lg-over.jpg 200
INFO 2011-04-27 18:57:32 nelson32 /site_media/static/css/default/images/icon-profile-lg-over.jpg 200
INFO 2011-04-27 18:57:37 nelson32 /activities/ 200
INFO 2011-04-27 18:57:37 nelson32 /activities/ 200
INFO 2011-04-27 18:57:37 nelson32 /site_media/static/css/default/pages/view_activities.css 200
INFO 2011-04-27 18:57:37 nelson32 /site_media/static/css/default/pages/view_activities.css 200
INFO 2011-04-27 18:57:55 nelson32 /activities/task/8/ 200
INFO 2011-04-27 18:57:55 nelson32 /activities/task/8/ 200
INFO 2011-04-27 18:57:55 nelson32 /site_media/media/gblocks/facebook-logo-small.png 200
INFO 2011-04-27 18:57:55 nelson32 /site_media/media/gblocks/facebook-logo-small.png 200
INFO 2011-04-27 18:58:45 nelson32 /site_media/static/css/default/images/ui-icons_454545_256x240.png 200
INFO 2011-04-27 18:58:45 nelson32 /site_media/static/css/default/images/ui-icons_454545_256x240.png 200
INFO 2011-04-27 18:58:58 nelson32 /activities/task/8/add 302
INFO 2011-04-27 18:58:58 nelson32 /activities/task/8/add 302
INFO 2011-04-27 18:58:58 nelson32 /activities/task/8/ 200
INFO 2011-04-27 18:58:58 nelson32 /activities/task/8/ 200
INFO 2011-04-27 18:58:58 nelson32 /site_media/static/js/jquery-1.4.2.min.js 304
INFO 2011-04-27 18:58:58 nelson32 /site_media/static/js/jquery-1.4.2.min.js 304
INFO 2011-04-27 18:58:58 nelson32 /site_media/static/css/default/screen.css 304
INFO 2011-04-27 18:58:58 nelson32 /site_media/static/frontendadmin/css/frontendadmin.css 304
INFO 2011-04-27 18:58:58 nelson32 /site_media/static/css/default/screen.css 304
INFO 2011-04-27 18:58:58 nelson32 /site_media/static/frontendadmin/css/frontendadmin.css 304
INFO 2011-04-27 18:58:58 nelson32 /site_media/static/css/default/jquery-ui.css 304
INFO 2011-04-27 18:58:58 nelson32 /site_media/static/css/default/jquery-ui.css 304
INFO 2011-04-27 18:58:58 nelson32 /site_media/static/js/jquery-ui-1.8.1.custom.min.js 304
INFO 2011-04-27 18:58:58 nelson32 /site_media/static/js/jquery-ui-1.8.1.custom.min.js 304
INFO 2011-04-27 18:58:58 nelson32 /site_media/static/uni_form/uni-form.css 304
INFO 2011-04-27 18:58:58 nelson32 /site_media/static/uni_form/uni-form.css 304
INFO 2011-04-27 18:58:58 nelson32 /site_media/static/js/jquery.cycle.lite.1.0.min.js 304
INFO 2011-04-27 18:58:58 nelson32 /site_media/static/js/jquery.cycle.lite.1.0.min.js 304
INFO 2011-04-27 18:58:58 nelson32 /site_media/static/js/jquery.form.2.43.js 304
INFO 2011-04-27 18:58:58 nelson32 /site_media/static/js/jquery.form.2.43.js 304
INFO 2011-04-27 18:58:58 nelson32 /site_media/static/css/default/logged_in_base.css 304
INFO 2011-04-27 18:58:58 nelson32 /site_media/static/css/default/logged_in_base.css 304
INFO 2011-04-27 18:58:58 nelson32 /site_media/static/css/default/pages/view_activities.css 304
INFO 2011-04-27 18:58:58 nelson32 /site_media/static/css/default/pages/view_activities.css 304
INFO 2011-04-27 18:58:58 nelson32 /site_media/static/uni_form/uni-form-generic.css 304
INFO 2011-04-27 18:58:58 nelson32 /site_media/static/uni_form/uni-form-generic.css 304
INFO 2011-04-27 18:58:59 nelson32 /site_media/media/avatars/nelson32/resized/40/avatars/nelson32/fb_photo.jpg 200
INFO 2011-04-27 18:58:59 nelson32 /site_media/media/avatars/nelson32/resized/40/avatars/nelson32/fb_photo.jpg 200
INFO 2011-04-27 18:59:06 nelson32 /site_media/static/css/default/images/icon-go-low-over.png 304
INFO 2011-04-27 18:59:06 nelson32 /site_media/static/css/default/images/icon-go-low-over.png 304
INFO 2011-04-27 18:59:06 nelson32 /site_media/static/css/default/images/icon-scoreboard-over.png 200
INFO 2011-04-27 18:59:06 nelson32 /site_media/static/css/default/images/icon-scoreboard-over.png 200
INFO 2011-04-27 18:59:07 nelson32 /site_media/static/css/default/images/icon-news-over.png 200
INFO 2011-04-27 18:59:07 nelson32 /site_media/static/css/default/images/icon-news-over.png 200
INFO 2011-04-27 18:59:08 admin /site_media/media/activities/nelson32/Screen shot 2011-04-27 at 6.58.34 PM.png 200
INFO 2011-04-27 18:59:08 admin /site_media/media/activities/nelson32/Screen shot 2011-04-27 at 6.58.34 PM.png 200
INFO 2011-04-27 18:59:19 nelson32 /activities/ 200
INFO 2011-04-27 18:59:19 nelson32 /activities/ 200
INFO 2011-04-27 18:59:24 nelson32 /activities/task/2/ 200
INFO 2011-04-27 18:59:24 nelson32 /activities/task/2/ 200
INFO 2011-04-27 19:02:26 nelson32 /activities/task/2/add 302
INFO 2011-04-27 19:02:26 nelson32 /activities/task/2/add 302
INFO 2011-04-27 19:02:26 nelson32 /activities/task/2/ 200
INFO 2011-04-27 19:02:26 nelson32 /activities/task/2/ 200
INFO 2011-04-27 19:02:26 nelson32 /site_media/static/css/default/jquery-ui.css 304
INFO 2011-04-27 19:02:26 nelson32 /site_media/static/css/default/jquery-ui.css 304
INFO 2011-04-27 19:02:26 nelson32 /site_media/static/css/default/screen.css 304
INFO 2011-04-27 19:02:26 nelson32 /site_media/static/css/default/screen.css 304
INFO 2011-04-27 19:02:26 nelson32 /site_media/static/js/jquery-1.4.2.min.js 304
INFO 2011-04-27 19:02:26 nelson32 /site_media/static/js/jquery-1.4.2.min.js 304
INFO 2011-04-27 19:02:26 nelson32 /site_media/static/frontendadmin/css/frontendadmin.css 304
INFO 2011-04-27 19:02:26 nelson32 /site_media/static/frontendadmin/css/frontendadmin.css 304
INFO 2011-04-27 19:02:26 nelson32 /site_media/static/js/jquery-ui-1.8.1.custom.min.js 304
INFO 2011-04-27 19:02:26 nelson32 /site_media/static/js/jquery-ui-1.8.1.custom.min.js 304
INFO 2011-04-27 19:02:26 nelson32 /site_media/static/uni_form/uni-form.css 304
INFO 2011-04-27 19:02:26 nelson32 /site_media/static/uni_form/uni-form.css 304
INFO 2011-04-27 19:02:26 nelson32 /site_media/static/js/jquery.form.2.43.js 304
INFO 2011-04-27 19:02:26 nelson32 /site_media/static/js/jquery.form.2.43.js 304
INFO 2011-04-27 19:02:26 nelson32 /site_media/static/css/default/pages/view_activities.css 304
INFO 2011-04-27 19:02:26 nelson32 /site_media/static/css/default/pages/view_activities.css 304
INFO 2011-04-27 19:02:26 nelson32 /site_media/static/js/jquery.cycle.lite.1.0.min.js 304
INFO 2011-04-27 19:02:26 nelson32 /site_media/static/js/jquery.cycle.lite.1.0.min.js 304
INFO 2011-04-27 19:02:26 nelson32 /site_media/static/css/default/logged_in_base.css 304
INFO 2011-04-27 19:02:26 nelson32 /site_media/static/css/default/logged_in_base.css 304
INFO 2011-04-27 19:02:26 nelson32 /site_media/static/uni_form/uni-form-generic.css 304
INFO 2011-04-27 19:02:26 nelson32 /site_media/static/uni_form/uni-form-generic.css 304
INFO 2011-04-27 19:02:56 nelson32 /activities/ 200
INFO 2011-04-27 19:02:56 nelson32 /activities/ 200
INFO 2011-04-27 19:03:10 nelson32 /activities/task/15/ 200
INFO 2011-04-27 19:03:10 nelson32 /activities/task/15/ 200
INFO 2011-04-27 19:03:14 nelson32 /activities/ 200
INFO 2011-04-27 19:03:14 nelson32 /activities/ 200
INFO 2011-04-27 19:03:19 nelson32 /energy/ 200
INFO 2011-04-27 19:03:19 nelson32 /energy/ 200
INFO 2011-04-27 19:03:19 nelson32 /site_media/static/js/news.js 200
INFO 2011-04-27 19:03:19 nelson32 /site_media/static/js/news.js 200
INFO 2011-04-27 19:03:19 nelson32 /site_media/static/css/default/pages/view_energy.css 200
INFO 2011-04-27 19:03:19 nelson32 /site_media/static/css/default/pages/view_energy.css 200
INFO 2011-04-27 19:03:19 nelson32 /site_media/static/js/org.wattdepot.gdata.makahiki.EnergyGoalGame.js 200
INFO 2011-04-27 19:03:19 nelson32 /site_media/static/js/org.wattdepot.gdata.makahiki.EnergyGoalGame.js 200
INFO 2011-04-27 19:03:20 nelson32 /site_media/static/images/energy/stop_light_red.png/ 304
INFO 2011-04-27 19:03:20 nelson32 /site_media/static/images/energy/stop_light_red.png/ 304
INFO 2011-04-27 19:03:34 nelson32 /activities/task/33/ 200
INFO 2011-04-27 19:03:34 nelson32 /activities/task/33/ 200
INFO 2011-04-27 19:03:34 nelson32 /site_media/static/css/default/jquery-ui.css 304
INFO 2011-04-27 19:03:34 nelson32 /site_media/static/css/default/jquery-ui.css 304
INFO 2011-04-27 19:03:34 nelson32 /site_media/static/frontendadmin/css/frontendadmin.css 304
INFO 2011-04-27 19:03:34 nelson32 /site_media/static/frontendadmin/css/frontendadmin.css 304
INFO 2011-04-27 19:03:34 nelson32 /site_media/static/css/default/screen.css 304
INFO 2011-04-27 19:03:34 nelson32 /site_media/static/css/default/screen.css 304
INFO 2011-04-27 19:03:34 nelson32 /site_media/static/js/jquery-1.4.2.min.js 304
INFO 2011-04-27 19:03:34 nelson32 /site_media/static/js/jquery-1.4.2.min.js 304
INFO 2011-04-27 19:03:34 nelson32 /site_media/static/js/jquery-ui-1.8.1.custom.min.js 304
INFO 2011-04-27 19:03:34 nelson32 /site_media/static/js/jquery-ui-1.8.1.custom.min.js 304
INFO 2011-04-27 19:03:34 nelson32 /site_media/static/uni_form/uni-form.css 304
INFO 2011-04-27 19:03:34 nelson32 /site_media/static/uni_form/uni-form.css 304
INFO 2011-04-27 19:03:34 nelson32 /site_media/static/css/default/pages/view_activities.css 304
INFO 2011-04-27 19:03:34 nelson32 /site_media/static/css/default/pages/view_activities.css 304
INFO 2011-04-27 19:03:34 nelson32 /site_media/static/js/jquery.form.2.43.js 304
INFO 2011-04-27 19:03:34 nelson32 /site_media/static/js/jquery.form.2.43.js 304
INFO 2011-04-27 19:03:34 nelson32 /site_media/static/js/jquery.cycle.lite.1.0.min.js 304
INFO 2011-04-27 19:03:34 nelson32 /site_media/static/js/jquery.cycle.lite.1.0.min.js 304
INFO 2011-04-27 19:03:34 nelson32 /site_media/static/css/default/logged_in_base.css 304
INFO 2011-04-27 19:03:34 nelson32 /site_media/static/css/default/logged_in_base.css 304
INFO 2011-04-27 19:03:34 nelson32 /site_media/static/uni_form/uni-form-generic.css 304
INFO 2011-04-27 19:03:34 nelson32 /site_media/static/uni_form/uni-form-generic.css 304
INFO 2011-04-27 19:03:34 nelson32 /site_media/media/gblocks/powerstrip.jpg 304
INFO 2011-04-27 19:03:34 nelson32 /site_media/media/gblocks/powerstrip.jpg 304
INFO 2011-04-27 19:04:02 nelson32 /activities/task/33/add 302
INFO 2011-04-27 19:04:02 nelson32 /activities/task/33/add 302
INFO 2011-04-27 19:04:02 nelson32 /activities/task/33/ 200
INFO 2011-04-27 19:04:02 nelson32 /activities/task/33/ 200
INFO 2011-04-27 19:04:13 nelson32 /energy/ 200
INFO 2011-04-27 19:04:13 nelson32 /energy/ 200
INFO 2011-04-27 19:04:45 nelson32 /activities/task/15/ 200
INFO 2011-04-27 19:04:45 nelson32 /activities/task/15/ 200
INFO 2011-04-27 19:04:45 nelson32 /site_media/static/frontendadmin/css/frontendadmin.css 304
INFO 2011-04-27 19:04:45 nelson32 /site_media/static/frontendadmin/css/frontendadmin.css 304
INFO 2011-04-27 19:04:45 nelson32 /site_media/static/css/default/screen.css 304
INFO 2011-04-27 19:04:45 nelson32 /site_media/static/css/default/jquery-ui.css 304
INFO 2011-04-27 19:04:45 nelson32 /site_media/static/css/default/screen.css 304
INFO 2011-04-27 19:04:45 nelson32 /site_media/static/css/default/jquery-ui.css 304
INFO 2011-04-27 19:04:45 nelson32 /site_media/static/js/jquery-1.4.2.min.js 304
INFO 2011-04-27 19:04:45 nelson32 /site_media/static/js/jquery-1.4.2.min.js 304
INFO 2011-04-27 19:04:45 nelson32 /site_media/static/js/jquery-ui-1.8.1.custom.min.js 304
INFO 2011-04-27 19:04:45 nelson32 /site_media/static/js/jquery-ui-1.8.1.custom.min.js 304
INFO 2011-04-27 19:04:45 nelson32 /site_media/static/uni_form/uni-form.css 304
INFO 2011-04-27 19:04:45 nelson32 /site_media/static/uni_form/uni-form.css 304
INFO 2011-04-27 19:04:46 nelson32 /site_media/static/js/jquery.cycle.lite.1.0.min.js 304
INFO 2011-04-27 19:04:46 nelson32 /site_media/static/js/jquery.cycle.lite.1.0.min.js 304
INFO 2011-04-27 19:04:46 nelson32 /site_media/static/js/jquery.form.2.43.js 304
INFO 2011-04-27 19:04:46 nelson32 /site_media/static/js/jquery.form.2.43.js 304
INFO 2011-04-27 19:04:46 nelson32 /site_media/static/css/default/logged_in_base.css 304
INFO 2011-04-27 19:04:46 nelson32 /site_media/static/css/default/logged_in_base.css 304
INFO 2011-04-27 19:04:46 nelson32 /site_media/static/css/default/pages/view_activities.css 304
INFO 2011-04-27 19:04:46 nelson32 /site_media/static/css/default/pages/view_activities.css 304
INFO 2011-04-27 19:04:46 nelson32 /site_media/static/uni_form/uni-form-generic.css 304
INFO 2011-04-27 19:04:46 nelson32 /site_media/static/uni_form/uni-form-generic.css 304
INFO 2011-04-27 19:08:36 nelson32 /activities/task/15/add 302
INFO 2011-04-27 19:08:36 nelson32 /activities/task/15/add 302
INFO 2011-04-27 19:08:37 nelson32 /activities/task/15/ 200
INFO 2011-04-27 19:08:37 nelson32 /activities/task/15/ 200
INFO 2011-04-27 19:08:37 nelson32 /site_media/static/css/default/jquery-ui.css 304
INFO 2011-04-27 19:08:37 nelson32 /site_media/static/css/default/jquery-ui.css 304
INFO 2011-04-27 19:08:37 nelson32 /site_media/static/js/jquery-1.4.2.min.js 304
INFO 2011-04-27 19:08:37 nelson32 /site_media/static/js/jquery-1.4.2.min.js 304
INFO 2011-04-27 19:08:37 nelson32 /site_media/static/frontendadmin/css/frontendadmin.css 304
INFO 2011-04-27 19:08:37 nelson32 /site_media/static/frontendadmin/css/frontendadmin.css 304
INFO 2011-04-27 19:08:37 nelson32 /site_media/static/css/default/screen.css 304
INFO 2011-04-27 19:08:37 nelson32 /site_media/static/css/default/screen.css 304
INFO 2011-04-27 19:08:37 nelson32 /site_media/static/js/jquery-ui-1.8.1.custom.min.js 304
INFO 2011-04-27 19:08:37 nelson32 /site_media/static/js/jquery-ui-1.8.1.custom.min.js 304
INFO 2011-04-27 19:08:37 nelson32 /site_media/static/uni_form/uni-form.css 304
INFO 2011-04-27 19:08:37 nelson32 /site_media/static/uni_form/uni-form.css 304
INFO 2011-04-27 19:08:37 nelson32 /site_media/static/js/jquery.form.2.43.js 304
INFO 2011-04-27 19:08:37 nelson32 /site_media/static/js/jquery.form.2.43.js 304
INFO 2011-04-27 19:08:37 nelson32 /site_media/static/css/default/logged_in_base.css 304
INFO 2011-04-27 19:08:37 nelson32 /site_media/static/js/jquery.cycle.lite.1.0.min.js 304
INFO 2011-04-27 19:08:37 nelson32 /site_media/static/js/jquery.cycle.lite.1.0.min.js 304
INFO 2011-04-27 19:08:37 nelson32 /site_media/static/css/default/logged_in_base.css 304
INFO 2011-04-27 19:08:37 nelson32 /site_media/static/css/default/pages/view_activities.css 304
INFO 2011-04-27 19:08:37 nelson32 /site_media/static/css/default/pages/view_activities.css 304
INFO 2011-04-27 19:08:37 nelson32 /site_media/static/uni_form/uni-form-generic.css 304
INFO 2011-04-27 19:08:37 nelson32 /site_media/static/uni_form/uni-form-generic.css 304
INFO 2011-04-27 19:09:07 nelson32 /energy/ 200
INFO 2011-04-27 19:09:07 nelson32 /energy/ 200
INFO 2011-04-27 19:09:07 nelson32 /site_media/static/js/news.js 304
INFO 2011-04-27 19:09:07 nelson32 /site_media/static/js/news.js 304
INFO 2011-04-27 19:09:07 nelson32 /site_media/static/js/org.wattdepot.gdata.makahiki.EnergyGoalGame.js 304
INFO 2011-04-27 19:09:07 nelson32 /site_media/static/js/org.wattdepot.gdata.makahiki.EnergyGoalGame.js 304
INFO 2011-04-27 19:09:07 nelson32 /site_media/static/css/default/pages/view_energy.css 304
INFO 2011-04-27 19:09:07 nelson32 /site_media/static/css/default/pages/view_energy.css 304
INFO 2011-04-27 19:09:56 nelson32 /activities/task/30/ 200
INFO 2011-04-27 19:09:56 nelson32 /activities/task/30/ 200
INFO 2011-04-27 19:09:56 nelson32 /site_media/static/css/default/jquery-ui.css 304
INFO 2011-04-27 19:09:56 nelson32 /site_media/static/css/default/jquery-ui.css 304
INFO 2011-04-27 19:09:56 nelson32 /site_media/static/css/default/screen.css 304
INFO 2011-04-27 19:09:56 nelson32 /site_media/static/css/default/screen.css 304
INFO 2011-04-27 19:09:56 nelson32 /site_media/static/frontendadmin/css/frontendadmin.css 304
INFO 2011-04-27 19:09:56 nelson32 /site_media/static/frontendadmin/css/frontendadmin.css 304
INFO 2011-04-27 19:09:56 nelson32 /site_media/static/js/jquery-1.4.2.min.js 304
INFO 2011-04-27 19:09:56 nelson32 /site_media/static/js/jquery-1.4.2.min.js 304
INFO 2011-04-27 19:09:56 nelson32 /site_media/static/js/jquery-ui-1.8.1.custom.min.js 304
INFO 2011-04-27 19:09:56 nelson32 /site_media/static/js/jquery-ui-1.8.1.custom.min.js 304
INFO 2011-04-27 19:09:56 nelson32 /site_media/static/uni_form/uni-form.css 304
INFO 2011-04-27 19:09:56 nelson32 /site_media/static/uni_form/uni-form.css 304
INFO 2011-04-27 19:09:56 nelson32 /site_media/static/js/jquery.form.2.43.js 304
INFO 2011-04-27 19:09:56 nelson32 /site_media/static/css/default/logged_in_base.css 304
INFO 2011-04-27 19:09:56 nelson32 /site_media/static/js/jquery.form.2.43.js 304
INFO 2011-04-27 19:09:56 nelson32 /site_media/static/css/default/logged_in_base.css 304
INFO 2011-04-27 19:09:56 nelson32 /site_media/static/css/default/pages/view_activities.css 304
INFO 2011-04-27 19:09:56 nelson32 /site_media/static/js/jquery.cycle.lite.1.0.min.js 304
INFO 2011-04-27 19:09:56 nelson32 /site_media/static/css/default/pages/view_activities.css 304
INFO 2011-04-27 19:09:56 nelson32 /site_media/static/js/jquery.cycle.lite.1.0.min.js 304
INFO 2011-04-27 19:09:56 nelson32 /site_media/static/uni_form/uni-form-generic.css 304
INFO 2011-04-27 19:09:56 nelson32 /site_media/static/uni_form/uni-form-generic.css 304
INFO 2011-04-27 19:09:56 nelson32 /site_media/media/gblocks/dorm-bed.jpg 200
INFO 2011-04-27 19:09:56 nelson32 /site_media/media/gblocks/dorm-bed.jpg 200
INFO 2011-04-27 19:10:14 nelson32 /activities/task/30/add 302
INFO 2011-04-27 19:10:14 nelson32 /activities/task/30/add 302
INFO 2011-04-27 19:10:14 nelson32 /activities/task/30/ 200
INFO 2011-04-27 19:10:14 nelson32 /activities/task/30/ 200
INFO 2011-04-27 19:10:40 nelson32 /quests/accept/10/ 302
INFO 2011-04-27 19:10:40 nelson32 /quests/accept/10/ 302
INFO 2011-04-27 19:10:40 nelson32 /activities/task/30/ 200
INFO 2011-04-27 19:10:40 nelson32 /activities/task/30/ 200
INFO 2011-04-27 19:10:51 nelson32 /energy/ 200
INFO 2011-04-27 19:10:51 nelson32 /energy/ 200
INFO 2011-04-27 19:10:51 nelson32 /site_media/static/js/org.wattdepot.gdata.makahiki.EnergyGoalGame.js 304
INFO 2011-04-27 19:10:51 nelson32 /site_media/static/js/org.wattdepot.gdata.makahiki.EnergyGoalGame.js 304
INFO 2011-04-27 19:10:51 nelson32 /site_media/static/js/news.js 304
INFO 2011-04-27 19:10:51 nelson32 /site_media/static/js/news.js 304
INFO 2011-04-27 19:10:51 nelson32 /site_media/static/css/default/pages/view_energy.css 304
INFO 2011-04-27 19:10:51 nelson32 /site_media/static/css/default/pages/view_energy.css 304
INFO 2011-04-27 19:10:57 nelson32 /activities/ 200
INFO 2011-04-27 19:10:57 nelson32 /activities/ 200
INFO 2011-04-27 19:10:57 nelson32 /site_media/static/css/default/jquery-ui.css 304
INFO 2011-04-27 19:10:57 nelson32 /site_media/static/css/default/jquery-ui.css 304
INFO 2011-04-27 19:10:57 nelson32 /site_media/static/frontendadmin/css/frontendadmin.css 304
INFO 2011-04-27 19:10:57 nelson32 /site_media/static/frontendadmin/css/frontendadmin.css 304
INFO 2011-04-27 19:10:57 nelson32 /site_media/static/js/jquery-1.4.2.min.js 304
INFO 2011-04-27 19:10:57 nelson32 /site_media/static/js/jquery-1.4.2.min.js 304
INFO 2011-04-27 19:10:57 nelson32 /site_media/static/css/default/screen.css 304
INFO 2011-04-27 19:10:57 nelson32 /site_media/static/css/default/screen.css 304
INFO 2011-04-27 19:10:57 nelson32 /site_media/static/js/jquery-ui-1.8.1.custom.min.js 304
INFO 2011-04-27 19:10:57 nelson32 /site_media/static/js/jquery-ui-1.8.1.custom.min.js 304
INFO 2011-04-27 19:10:57 nelson32 /site_media/static/uni_form/uni-form.css 304
INFO 2011-04-27 19:10:57 nelson32 /site_media/static/uni_form/uni-form.css 304
INFO 2011-04-27 19:10:57 nelson32 /site_media/static/js/jquery.form.2.43.js 304
INFO 2011-04-27 19:10:57 nelson32 /site_media/static/js/jquery.form.2.43.js 304
INFO 2011-04-27 19:10:57 nelson32 /site_media/static/css/default/logged_in_base.css 304
INFO 2011-04-27 19:10:57 nelson32 /site_media/static/js/jquery.cycle.lite.1.0.min.js 304
INFO 2011-04-27 19:10:57 nelson32 /site_media/static/css/default/logged_in_base.css 304
INFO 2011-04-27 19:10:57 nelson32 /site_media/static/js/jquery.cycle.lite.1.0.min.js 304
INFO 2011-04-27 19:10:57 nelson32 /site_media/static/css/default/pages/view_activities.css 304
INFO 2011-04-27 19:10:57 nelson32 /site_media/static/css/default/pages/view_activities.css 304
INFO 2011-04-27 19:10:57 nelson32 /site_media/static/uni_form/uni-form-generic.css 304
INFO 2011-04-27 19:10:57 nelson32 /site_media/static/uni_form/uni-form-generic.css 304
INFO 2011-04-27 19:11:03 nelson32 /site_media/static/css/default/images/icon-prizes-over.png 304
INFO 2011-04-27 19:11:03 nelson32 /site_media/static/css/default/images/icon-prizes-over.png 304
INFO 2011-04-27 19:11:04 nelson32 /site_media/static/css/default/images/icon-profile-over.png 200
INFO 2011-04-27 19:11:04 nelson32 /site_media/static/css/default/images/icon-profile-over.png 200
INFO 2011-04-27 19:11:04 nelson32 /site_media/static/css/default/images/icon-help-over.png 200
INFO 2011-04-27 19:11:04 nelson32 /site_media/static/css/default/images/icon-help-over.png 200
INFO 2011-04-27 19:11:27 nelson32 /activities/task/54/ 200
INFO 2011-04-27 19:11:27 nelson32 /activities/task/54/ 200
INFO 2011-04-27 19:11:28 nelson32 /site_media/media/gblocks/rise-above-plastics.jpg 200
INFO 2011-04-27 19:11:28 nelson32 /site_media/media/gblocks/rise-above-plastics.jpg 200
INFO 2011-04-27 19:11:34 nelson32 /activities/ 200
INFO 2011-04-27 19:11:34 nelson32 /activities/ 200
INFO 2011-04-27 19:11:37 nelson32 /activities/task/57/ 200
INFO 2011-04-27 19:11:37 nelson32 /activities/task/57/ 200
INFO 2011-04-27 19:17:04 nelson32 /activities/task/57/add 302
INFO 2011-04-27 19:17:04 nelson32 /activities/task/57/add 302
INFO 2011-04-27 19:17:05 nelson32 /activities/task/57/ 200
INFO 2011-04-27 19:17:05 nelson32 /activities/task/57/ 200
INFO 2011-04-27 19:17:05 nelson32 /site_media/static/css/default/screen.css 304
INFO 2011-04-27 19:17:05 nelson32 /site_media/static/css/default/screen.css 304
INFO 2011-04-27 19:17:05 nelson32 /site_media/static/css/default/jquery-ui.css 304
INFO 2011-04-27 19:17:05 nelson32 /site_media/static/js/jquery-1.4.2.min.js 304
INFO 2011-04-27 19:17:05 nelson32 /site_media/static/js/jquery-1.4.2.min.js 304
INFO 2011-04-27 19:17:05 nelson32 /site_media/static/css/default/jquery-ui.css 304
INFO 2011-04-27 19:17:05 nelson32 /site_media/static/frontendadmin/css/frontendadmin.css 304
INFO 2011-04-27 19:17:05 nelson32 /site_media/static/frontendadmin/css/frontendadmin.css 304
INFO 2011-04-27 19:17:05 nelson32 /site_media/static/js/jquery-ui-1.8.1.custom.min.js 304
INFO 2011-04-27 19:17:05 nelson32 /site_media/static/js/jquery-ui-1.8.1.custom.min.js 304
INFO 2011-04-27 19:17:05 nelson32 /site_media/static/uni_form/uni-form.css 304
INFO 2011-04-27 19:17:05 nelson32 /site_media/static/uni_form/uni-form.css 304
INFO 2011-04-27 19:17:05 nelson32 /site_media/static/js/jquery.form.2.43.js 304
INFO 2011-04-27 19:17:05 nelson32 /site_media/static/js/jquery.form.2.43.js 304
INFO 2011-04-27 19:17:05 nelson32 /site_media/static/css/default/pages/view_activities.css 304
INFO 2011-04-27 19:17:05 nelson32 /site_media/static/css/default/pages/view_activities.css 304
INFO 2011-04-27 19:17:05 nelson32 /site_media/static/css/default/logged_in_base.css 304
INFO 2011-04-27 19:17:05 nelson32 /site_media/static/js/jquery.cycle.lite.1.0.min.js 304
INFO 2011-04-27 19:17:05 nelson32 /site_media/static/css/default/logged_in_base.css 304
INFO 2011-04-27 19:17:05 nelson32 /site_media/static/js/jquery.cycle.lite.1.0.min.js 304
INFO 2011-04-27 19:17:05 nelson32 /site_media/static/uni_form/uni-form-generic.css 304
INFO 2011-04-27 19:17:05 nelson32 /site_media/static/uni_form/uni-form-generic.css 304
INFO 2011-04-27 19:17:33 nelson32 /energy/ 200
INFO 2011-04-27 19:17:33 nelson32 /energy/ 200
INFO 2011-04-27 19:17:33 nelson32 /site_media/static/js/org.wattdepot.gdata.makahiki.EnergyGoalGame.js 304
INFO 2011-04-27 19:17:33 nelson32 /site_media/static/js/org.wattdepot.gdata.makahiki.EnergyGoalGame.js 304
INFO 2011-04-27 19:17:33 nelson32 /site_media/static/css/default/pages/view_energy.css 304
INFO 2011-04-27 19:17:33 nelson32 /site_media/static/css/default/pages/view_energy.css 304
INFO 2011-04-27 19:17:33 nelson32 /site_media/static/js/news.js 304
INFO 2011-04-27 19:17:33 nelson32 /site_media/static/js/news.js 304
INFO 2011-04-27 19:17:44 nelson32 /activities/task/7/ 200
INFO 2011-04-27 19:17:44 nelson32 /activities/task/7/ 200
INFO 2011-04-27 19:17:44 nelson32 /site_media/media/gblocks/SleepyMacBookPro-small.png 200
INFO 2011-04-27 19:17:44 nelson32 /site_media/media/gblocks/SleepyMacBookPro-small.png 200
INFO 2011-04-27 19:18:50 nelson32 /activities/task/7/add 302
INFO 2011-04-27 19:18:50 nelson32 /activities/task/7/add 302
INFO 2011-04-27 19:18:50 nelson32 /activities/task/7/ 200
INFO 2011-04-27 19:18:50 nelson32 /activities/task/7/ 200
INFO 2011-04-27 19:18:50 nelson32 /site_media/static/css/default/screen.css 304
INFO 2011-04-27 19:18:50 nelson32 /site_media/static/css/default/screen.css 304
INFO 2011-04-27 19:18:50 nelson32 /site_media/static/frontendadmin/css/frontendadmin.css 304
INFO 2011-04-27 19:18:50 nelson32 /site_media/static/frontendadmin/css/frontendadmin.css 304
INFO 2011-04-27 19:18:50 nelson32 /site_media/static/css/default/jquery-ui.css 304
INFO 2011-04-27 19:18:50 nelson32 /site_media/static/css/default/jquery-ui.css 304
INFO 2011-04-27 19:18:50 nelson32 /site_media/static/js/jquery-1.4.2.min.js 304
INFO 2011-04-27 19:18:50 nelson32 /site_media/static/js/jquery-1.4.2.min.js 304
INFO 2011-04-27 19:18:50 nelson32 /site_media/static/js/jquery-ui-1.8.1.custom.min.js 304
INFO 2011-04-27 19:18:50 nelson32 /site_media/static/js/jquery-ui-1.8.1.custom.min.js 304
INFO 2011-04-27 19:18:50 nelson32 /site_media/static/uni_form/uni-form.css 304
INFO 2011-04-27 19:18:50 nelson32 /site_media/static/uni_form/uni-form.css 304
INFO 2011-04-27 19:18:50 nelson32 /site_media/static/css/default/pages/view_activities.css 304
INFO 2011-04-27 19:18:50 nelson32 /site_media/static/css/default/pages/view_activities.css 304
INFO 2011-04-27 19:18:50 nelson32 /site_media/static/js/jquery.cycle.lite.1.0.min.js 304
INFO 2011-04-27 19:18:50 nelson32 /site_media/static/js/jquery.cycle.lite.1.0.min.js 304
INFO 2011-04-27 19:18:50 nelson32 /site_media/static/css/default/logged_in_base.css 304
INFO 2011-04-27 19:18:50 nelson32 /site_media/static/js/jquery.form.2.43.js 304
INFO 2011-04-27 19:18:50 nelson32 /site_media/static/css/default/logged_in_base.css 304
INFO 2011-04-27 19:18:50 nelson32 /site_media/static/js/jquery.form.2.43.js 304
INFO 2011-04-27 19:18:50 nelson32 /site_media/static/uni_form/uni-form-generic.css 304
INFO 2011-04-27 19:18:50 nelson32 /site_media/static/uni_form/uni-form-generic.css 304
INFO 2011-04-27 19:18:55 nelson32 /energy/ 200
INFO 2011-04-27 19:18:55 nelson32 /energy/ 200
INFO 2011-04-27 19:18:55 nelson32 /site_media/static/js/news.js 304
INFO 2011-04-27 19:18:55 nelson32 /site_media/static/js/news.js 304
INFO 2011-04-27 19:18:55 nelson32 /site_media/static/css/default/pages/view_energy.css 304
INFO 2011-04-27 19:18:55 nelson32 /site_media/static/css/default/pages/view_energy.css 304
INFO 2011-04-27 19:18:55 nelson32 /site_media/static/js/org.wattdepot.gdata.makahiki.EnergyGoalGame.js 304
INFO 2011-04-27 19:18:55 nelson32 /site_media/static/js/org.wattdepot.gdata.makahiki.EnergyGoalGame.js 304
INFO 2011-04-27 19:19:02 nelson32 /activities/ 200
INFO 2011-04-27 19:19:02 nelson32 /activities/ 200
INFO 2011-04-27 19:19:07 admin /site_media/media/activities/nelson32/Screen shot 2011-04-27 at 7.18.33 PM.png 200
INFO 2011-04-27 19:19:07 admin /site_media/media/activities/nelson32/Screen shot 2011-04-27 at 7.18.33 PM.png 200
INFO 2011-04-27 19:19:08 nelson32 /activities/task/20/ 500
INFO 2011-04-27 19:19:08 nelson32 /activities/task/20/ 500
INFO 2011-04-27 19:19:29 nelson32 /activities/task/23/ 200
INFO 2011-04-27 19:19:29 nelson32 /activities/task/23/ 200
INFO 2011-04-27 19:20:34 nelson32 /prizes/ 200
INFO 2011-04-27 19:20:34 nelson32 /prizes/ 200
INFO 2011-04-27 19:20:34 nelson32 /site_media/static/css/default/pages/view_prizes.css 200
INFO 2011-04-27 19:20:34 nelson32 /site_media/static/css/default/pages/view_prizes.css 200
INFO 2011-04-27 19:20:34 nelson32 /site_media/static/frontendadmin/css/frontendadmin.css 304
INFO 2011-04-27 19:20:34 nelson32 /site_media/static/frontendadmin/css/frontendadmin.css 304
INFO 2011-04-27 19:20:34 nelson32 /site_media/static/css/default/jquery-ui.css 304
INFO 2011-04-27 19:20:34 nelson32 /site_media/static/css/default/jquery-ui.css 304
INFO 2011-04-27 19:20:34 nelson32 /site_media/static/css/default/screen.css 304
INFO 2011-04-27 19:20:34 nelson32 /site_media/static/css/default/screen.css 304
INFO 2011-04-27 19:20:34 nelson32 /site_media/static/js/jquery-1.4.2.min.js 304
INFO 2011-04-27 19:20:34 nelson32 /site_media/static/js/jquery-1.4.2.min.js 304
INFO 2011-04-27 19:20:34 nelson32 /site_media/static/js/jquery-ui-1.8.1.custom.min.js 304
INFO 2011-04-27 19:20:34 nelson32 /site_media/static/js/jquery-ui-1.8.1.custom.min.js 304
INFO 2011-04-27 19:20:34 nelson32 /site_media/static/uni_form/uni-form.css 304
INFO 2011-04-27 19:20:34 nelson32 /site_media/static/uni_form/uni-form.css 304
INFO 2011-04-27 19:20:34 nelson32 /site_media/static/js/jquery.cycle.lite.1.0.min.js 304
INFO 2011-04-27 19:20:34 nelson32 /site_media/static/js/jquery.cycle.lite.1.0.min.js 304
INFO 2011-04-27 19:20:34 nelson32 /site_media/static/js/jquery.form.2.43.js 304
INFO 2011-04-27 19:20:34 nelson32 /site_media/static/js/jquery.form.2.43.js 304
INFO 2011-04-27 19:20:34 nelson32 /site_media/static/css/default/logged_in_base.css 304
INFO 2011-04-27 19:20:34 nelson32 /site_media/static/css/default/logged_in_base.css 304
INFO 2011-04-27 19:20:34 nelson32 /site_media/static/uni_form/uni-form-generic.css 304
INFO 2011-04-27 19:20:34 nelson32 /site_media/static/uni_form/uni-form-generic.css 304
INFO 2011-04-27 19:20:35 nelson32 /site_media/static/css/default/images/bkg-message-tray.png 200
INFO 2011-04-27 19:20:35 nelson32 /site_media/static/css/default/images/bkg-message-tray.png 200
INFO 2011-04-27 19:20:35 nelson32 /site_media/media/prizes/ipod-nano.jpg 200
INFO 2011-04-27 19:20:35 nelson32 /site_media/media/prizes/ipod-nano.jpg 200
INFO 2011-04-27 19:20:35 nelson32 /site_media/media/prizes/ice-cream-cone.jpg 200
INFO 2011-04-27 19:20:35 nelson32 /site_media/media/prizes/ice-cream-cone.jpg 200
INFO 2011-04-27 19:20:35 nelson32 /site_media/media/prizes/Pizza.jpg 200
INFO 2011-04-27 19:20:35 nelson32 /site_media/media/prizes/Pizza.jpg 200
INFO 2011-04-27 19:20:35 nelson32 /site_media/media/prizes/bikehelmet_1.jpg 200
INFO 2011-04-27 19:20:35 nelson32 /site_media/media/prizes/bikehelmet_1.jpg 200
INFO 2011-04-27 19:20:35 nelson32 /site_media/static/css/default/images/circle+.png 200
INFO 2011-04-27 19:20:35 nelson32 /site_media/static/css/default/images/circle+.png 200
INFO 2011-04-27 19:20:35 nelson32 /site_media/static/css/default/images/circle-.png 200
INFO 2011-04-27 19:20:35 nelson32 /site_media/static/css/default/images/circle-.png 200
INFO 2011-04-27 19:20:35 nelson32 /site_media/media/prizes/bubbies.png 200
INFO 2011-04-27 19:20:35 nelson32 /site_media/media/prizes/bubbies.png 200
INFO 2011-04-27 19:20:35 nelson32 /site_media/media/prizes/surf_lessons_1.jpg 200
INFO 2011-04-27 19:20:35 nelson32 /site_media/media/prizes/surf_lessons_1.jpg 200
INFO 2011-04-27 19:21:06 nelson32 /prizes/raffle/3/add_ticket/ 302
INFO 2011-04-27 19:21:06 nelson32 /prizes/raffle/3/add_ticket/ 302
INFO 2011-04-27 19:21:06 nelson32 /prizes/ 200
INFO 2011-04-27 19:21:06 nelson32 /prizes/ 200
INFO 2011-04-27 19:21:23 nelson32 /prizes/raffle/3/add_ticket/ 302
INFO 2011-04-27 19:21:23 nelson32 /prizes/raffle/3/add_ticket/ 302
INFO 2011-04-27 19:21:24 nelson32 /prizes/ 200
INFO 2011-04-27 19:21:24 nelson32 /prizes/ 200
INFO 2011-04-27 19:26:48 nelson32 /news/ 200
INFO 2011-04-27 19:26:48 nelson32 /news/ 200
INFO 2011-04-27 19:26:48 nelson32 /site_media/static/css/default/jquery-ui.css 304
INFO 2011-04-27 19:26:48 nelson32 /site_media/static/css/default/jquery-ui.css 304
INFO 2011-04-27 19:26:48 nelson32 /site_media/static/frontendadmin/css/frontendadmin.css 304
INFO 2011-04-27 19:26:48 nelson32 /site_media/static/frontendadmin/css/frontendadmin.css 304
INFO 2011-04-27 19:26:48 nelson32 /site_media/static/css/default/screen.css 304
INFO 2011-04-27 19:26:48 nelson32 /site_media/static/css/default/screen.css 304
INFO 2011-04-27 19:26:48 nelson32 /site_media/static/js/jquery-1.4.2.min.js 304
INFO 2011-04-27 19:26:48 nelson32 /site_media/static/js/jquery-1.4.2.min.js 304
INFO 2011-04-27 19:26:48 nelson32 /site_media/static/css/default/pages/news.css 200
INFO 2011-04-27 19:26:48 nelson32 /site_media/static/css/default/pages/news.css 200
INFO 2011-04-27 19:26:48 nelson32 /site_media/static/js/jquery-ui-1.8.1.custom.min.js 304
INFO 2011-04-27 19:26:48 nelson32 /site_media/static/js/jquery-ui-1.8.1.custom.min.js 304
INFO 2011-04-27 19:26:48 nelson32 /site_media/static/uni_form/uni-form.css 304
INFO 2011-04-27 19:26:48 nelson32 /site_media/static/uni_form/uni-form.css 304
INFO 2011-04-27 19:26:48 nelson32 /site_media/static/js/news.js 304
INFO 2011-04-27 19:26:48 nelson32 /site_media/static/js/jquery.cycle.lite.1.0.min.js 304
INFO 2011-04-27 19:26:48 nelson32 /site_media/static/js/news.js 304
INFO 2011-04-27 19:26:48 nelson32 /site_media/static/js/jquery.cycle.lite.1.0.min.js 304
INFO 2011-04-27 19:26:48 nelson32 /site_media/static/css/default/logged_in_base.css 304
INFO 2011-04-27 19:26:48 nelson32 /site_media/static/css/default/logged_in_base.css 304
INFO 2011-04-27 19:26:48 nelson32 /site_media/static/js/jquery.form.2.43.js 304
INFO 2011-04-27 19:26:48 nelson32 /site_media/static/js/jquery.form.2.43.js 304
INFO 2011-04-27 19:26:48 nelson32 /site_media/static/uni_form/uni-form-generic.css 304
INFO 2011-04-27 19:26:48 nelson32 /site_media/static/uni_form/uni-form-generic.css 304
