INFO 2011-04-27 16:35:15 shiori3 /account/login/ 302
INFO 2011-04-27 16:35:15 shiori3 /account/login/ 302
INFO 2011-04-27 16:35:15 shiori3 /home/ 200
INFO 2011-04-27 16:35:15 shiori3 /home/ 200
INFO 2011-04-27 16:35:15 shiori3 /site_media/static/css/default/screen.css 304
INFO 2011-04-27 16:35:15 shiori3 /site_media/static/css/default/screen.css 304
INFO 2011-04-27 16:35:15 shiori3 /site_media/static/js/jquery-1.4.2.min.js 304
INFO 2011-04-27 16:35:15 shiori3 /site_media/static/frontendadmin/css/frontendadmin.css 304
INFO 2011-04-27 16:35:15 shiori3 /site_media/static/js/jquery-1.4.2.min.js 304
INFO 2011-04-27 16:35:15 shiori3 /site_media/static/frontendadmin/css/frontendadmin.css 304
INFO 2011-04-27 16:35:15 shiori3 /site_media/static/css/default/jquery-ui.css 304
INFO 2011-04-27 16:35:15 shiori3 /site_media/static/css/default/jquery-ui.css 304
INFO 2011-04-27 16:35:15 shiori3 /site_media/static/js/jquery-ui-1.8.1.custom.min.js 304
INFO 2011-04-27 16:35:15 shiori3 /site_media/static/js/jquery-ui-1.8.1.custom.min.js 304
INFO 2011-04-27 16:35:15 shiori3 /site_media/static/uni_form/uni-form.css 304
INFO 2011-04-27 16:35:15 shiori3 /site_media/static/uni_form/uni-form.css 304
INFO 2011-04-27 16:35:15 shiori3 /site_media/static/js/jquery.form.2.43.js 304
INFO 2011-04-27 16:35:15 shiori3 /site_media/static/js/jquery.form.2.43.js 304
INFO 2011-04-27 16:35:15 shiori3 /site_media/static/js/jquery.cycle.lite.1.0.min.js 304
INFO 2011-04-27 16:35:15 shiori3 /site_media/static/js/jquery.cycle.lite.1.0.min.js 304
INFO 2011-04-27 16:35:15 shiori3 /site_media/static/css/default/logged_in_base.css 200
INFO 2011-04-27 16:35:15 shiori3 /site_media/static/css/default/logged_in_base.css 200
INFO 2011-04-27 16:35:15 shiori3 /site_media/static/css/default/pages/home.css 200
INFO 2011-04-27 16:35:15 shiori3 /site_media/static/css/default/pages/home.css 200
INFO 2011-04-27 16:35:15 shiori3 /site_media/static/uni_form/uni-form-generic.css 304
INFO 2011-04-27 16:35:15 shiori3 /site_media/static/uni_form/uni-form-generic.css 304
INFO 2011-04-27 16:35:15 shiori3 /site_media/static/css/default/images/bkg-grass.jpg 304
INFO 2011-04-27 16:35:15 shiori3 /site_media/static/css/default/images/bkg-grass.jpg 304
INFO 2011-04-27 16:35:15 shiori3 /site_media/static/css/default/images/bkg-landing-bottom.png 304
INFO 2011-04-27 16:35:15 shiori3 /site_media/static/css/default/images/bkg-landing-bottom.png 304
INFO 2011-04-27 16:35:15 shiori3 /site_media/static/css/default/images/bkg-landing-middle.jpg 304
INFO 2011-04-27 16:35:15 shiori3 /site_media/static/css/default/images/bkg-landing-middle.jpg 304
INFO 2011-04-27 16:35:15 shiori3 /site_media/static/css/default/images/bkg-landing-top.jpg 304
INFO 2011-04-27 16:35:15 shiori3 /site_media/static/css/default/images/bkg-landing-top.jpg 304
INFO 2011-04-27 16:35:15 shiori3 /site_media/static/css/default/images/bkg-profile-topnav.png 304
INFO 2011-04-27 16:35:15 shiori3 /site_media/static/css/default/images/bkg-profile-topnav.png 304
INFO 2011-04-27 16:35:15 shiori3 /site_media/static/css/default/images/logo.png 304
INFO 2011-04-27 16:35:15 shiori3 /site_media/static/css/default/images/logo.png 304
INFO 2011-04-27 16:35:15 shiori3 /site_media/static/css/default/images/bkg-header-info.png 200
INFO 2011-04-27 16:35:15 shiori3 /site_media/static/css/default/images/bkg-header-info.png 200
INFO 2011-04-27 16:35:16 shiori3 /site_media/static/css/default/images/bkg-icon-tray.png 200
INFO 2011-04-27 16:35:16 shiori3 /site_media/static/css/default/images/bkg-icon-tray.png 200
INFO 2011-04-27 16:35:16 shiori3 /site_media/static/css/default/images/spacer.png 200
INFO 2011-04-27 16:35:16 shiori3 /site_media/static/css/default/images/spacer.png 200
INFO 2011-04-27 16:35:16 shiori3 /site_media/static/css/default/images/spacer.png 200
INFO 2011-04-27 16:35:16 shiori3 /site_media/static/css/default/images/spacer.png 200
INFO 2011-04-27 16:35:16 shiori3 /site_media/static/images/hale.ilima.jpg 200
INFO 2011-04-27 16:35:16 shiori3 /site_media/static/css/default/images/icon-go-low.png 200
INFO 2011-04-27 16:35:16 shiori3 /site_media/static/images/hale.ilima.jpg 200
INFO 2011-04-27 16:35:16 shiori3 /site_media/static/css/default/images/icon-go-low.png 200
INFO 2011-04-27 16:35:16 shiori3 /site_media/static/css/default/images/icon-scoreboard.png 200
INFO 2011-04-27 16:35:16 shiori3 /site_media/static/css/default/images/icon-scoreboard.png 200
INFO 2011-04-27 16:35:16 shiori3 /site_media/static/css/default/images/icon-profile.png 200
INFO 2011-04-27 16:35:16 shiori3 /site_media/static/css/default/images/icon-profile.png 200
INFO 2011-04-27 16:35:16 shiori3 /site_media/static/css/default/images/icon-news.png 200
INFO 2011-04-27 16:35:16 shiori3 /site_media/static/css/default/images/icon-news.png 200
INFO 2011-04-27 16:35:16 shiori3 /site_media/static/css/default/images/bkg-home-content.png 200
INFO 2011-04-27 16:35:16 shiori3 /site_media/static/css/default/images/bkg-home-content.png 200
INFO 2011-04-27 16:35:16 shiori3 /site_media/static/css/default/images/icon-prizes.png 200
INFO 2011-04-27 16:35:16 shiori3 /site_media/static/css/default/images/ui-bg_glass_95_fef1ec_1x400.png 200
INFO 2011-04-27 16:35:16 shiori3 /site_media/static/css/default/images/icon-prizes.png 200
INFO 2011-04-27 16:35:16 shiori3 /site_media/static/css/default/images/ui-bg_glass_95_fef1ec_1x400.png 200
INFO 2011-04-27 16:35:16 shiori3 /site_media/static/css/default/images/icon-help.png 200
INFO 2011-04-27 16:35:16 shiori3 /site_media/static/css/default/images/icon-help.png 200
INFO 2011-04-27 16:35:16 shiori3 /site_media/static/css/default/images/icon-go-low-lg.jpg 200
INFO 2011-04-27 16:35:16 shiori3 /site_media/static/css/default/images/icon-go-low-lg.jpg 200
INFO 2011-04-27 16:35:16 shiori3 /site_media/static/css/default/images/icon-scoreboard-lg.jpg 200
INFO 2011-04-27 16:35:16 shiori3 /site_media/static/css/default/images/icon-scoreboard-lg.jpg 200
INFO 2011-04-27 16:35:16 shiori3 /site_media/static/css/default/images/icon-profile-lg.jpg 200
INFO 2011-04-27 16:35:16 shiori3 /site_media/static/css/default/images/icon-profile-lg.jpg 200
INFO 2011-04-27 16:35:16 shiori3 /site_media/static/css/default/images/icon-news-lg.jpg 200
INFO 2011-04-27 16:35:16 shiori3 /site_media/static/css/default/images/icon-news-lg.jpg 200
INFO 2011-04-27 16:35:16 shiori3 /site_media/static/css/default/images/icon-prizes-lg.jpg 200
INFO 2011-04-27 16:35:16 shiori3 /site_media/static/css/default/images/icon-prizes-lg.jpg 200
INFO 2011-04-27 16:35:16 shiori3 /site_media/static/css/default/images/bullet.png 200
INFO 2011-04-27 16:35:16 shiori3 /site_media/static/css/default/images/bullet.png 200
INFO 2011-04-27 16:35:16 shiori3 /site_media/static/css/default/images/icon-help-lg.jpg 200
INFO 2011-04-27 16:35:16 shiori3 /site_media/static/css/default/images/icon-help-lg.jpg 200
INFO 2011-04-27 16:35:16 shiori3 /site_media/static/css/default/images/right.png 200
INFO 2011-04-27 16:35:16 shiori3 /site_media/static/css/default/images/right.png 200
INFO 2011-04-27 16:35:16 shiori3 /site_media/static/css/default/images/ui-icons_222222_256x240.png 200
INFO 2011-04-27 16:35:16 shiori3 /site_media/static/css/default/images/ui-icons_222222_256x240.png 200
INFO 2011-04-27 16:35:16 shiori3 /site_media/static/css/default/images/ui-bg_flat_0_aaaaaa_40x100.png 200
INFO 2011-04-27 16:35:16 shiori3 /site_media/static/css/default/images/ui-bg_flat_0_aaaaaa_40x100.png 200
INFO 2011-04-27 16:35:16 shiori3 /site_media/static/css/default/images/ui-bg_glass_75_e3e3e3_1x400.png 200
INFO 2011-04-27 16:35:16 shiori3 /site_media/static/css/default/images/ui-bg_glass_75_e3e3e3_1x400.png 200
INFO 2011-04-27 16:35:16 shiori3 /site_media/static/css/default/images/ui-bg_flat_75_ebe7bc_40x100.png 200
INFO 2011-04-27 16:35:16 shiori3 /site_media/static/css/default/images/ui-bg_flat_75_ebe7bc_40x100.png 200
INFO 2011-04-27 16:35:16 shiori3 /site_media/static/css/default/images/ui-bg_highlight-soft_90_dadada_1x100.png 200
INFO 2011-04-27 16:35:16 shiori3 /site_media/static/css/default/images/ui-bg_highlight-soft_90_dadada_1x100.png 200
INFO 2011-04-27 16:35:16 shiori3 /site_media/static/css/default/images/ui-icons_222222_256x240.png 200
INFO 2011-04-27 16:35:16 shiori3 /site_media/static/css/default/images/ui-icons_222222_256x240.png 200
INFO 2011-04-27 16:35:24 shiori3 /site_media/static/css/default/images/ui-bg_glass_75_dadada_1x400.png 200
INFO 2011-04-27 16:35:24 shiori3 /site_media/static/css/default/images/ui-bg_glass_75_dadada_1x400.png 200
INFO 2011-04-27 17:06:34 shiori3 /site_media/static/css/default/images/spacer.png 200
INFO 2011-04-27 17:06:34 shiori3 /site_media/static/css/default/images/spacer.png 200
INFO 2011-04-27 17:06:34 shiori3 /site_media/static/images/hale.ilima.jpg 200
INFO 2011-04-27 17:06:34 shiori3 /site_media/static/images/hale.ilima.jpg 200
INFO 2011-04-27 17:06:34 shiori3 /site_media/static/css/default/logged_in_base.css 200
INFO 2011-04-27 17:06:34 shiori3 /site_media/static/css/default/logged_in_base.css 200
INFO 2011-04-27 17:06:34 shiori3 /site_media/static/css/default/pages/home.css 200
INFO 2011-04-27 17:06:34 shiori3 /site_media/static/css/default/pages/home.css 200
INFO 2011-04-27 17:06:34 shiori3 /site_media/static/css/default/images/bkg-landing-middle.jpg 200
INFO 2011-04-27 17:06:34 shiori3 /site_media/static/css/default/images/bkg-landing-middle.jpg 200
INFO 2011-04-27 17:06:34 shiori3 /site_media/static/css/default/images/bkg-header-info.png 200
INFO 2011-04-27 17:06:34 shiori3 /site_media/static/css/default/images/bkg-header-info.png 200
INFO 2011-04-27 17:06:34 shiori3 /site_media/static/css/default/images/bkg-icon-tray.png 200
INFO 2011-04-27 17:06:34 shiori3 /site_media/static/css/default/images/bkg-icon-tray.png 200
INFO 2011-04-27 17:06:34 shiori3 /site_media/static/css/default/images/bkg-landing-top.jpg 200
INFO 2011-04-27 17:06:34 shiori3 /site_media/static/css/default/images/bkg-landing-top.jpg 200
INFO 2011-04-27 17:06:34 shiori3 /site_media/static/css/default/images/bkg-landing-bottom.png 200
INFO 2011-04-27 17:06:34 shiori3 /site_media/static/css/default/images/bkg-landing-bottom.png 200
INFO 2011-04-27 17:06:34 shiori3 /site_media/static/css/default/images/icon-go-low.png 200
INFO 2011-04-27 17:06:34 shiori3 /site_media/static/css/default/images/icon-go-low.png 200
INFO 2011-04-27 17:06:34 shiori3 /site_media/static/css/default/images/icon-scoreboard.png 200
INFO 2011-04-27 17:06:34 shiori3 /site_media/static/css/default/images/icon-scoreboard.png 200
INFO 2011-04-27 17:06:34 shiori3 /site_media/static/css/default/images/icon-news.png 200
INFO 2011-04-27 17:06:34 shiori3 /site_media/static/css/default/images/icon-news.png 200
INFO 2011-04-27 17:06:34 shiori3 /site_media/static/css/default/images/icon-prizes.png 200
INFO 2011-04-27 17:06:34 shiori3 /site_media/static/css/default/images/icon-prizes.png 200
INFO 2011-04-27 17:06:34 shiori3 /site_media/static/css/default/images/icon-profile.png 200
INFO 2011-04-27 17:06:34 shiori3 /site_media/static/css/default/images/icon-profile.png 200
INFO 2011-04-27 17:06:34 shiori3 /site_media/static/css/default/images/icon-help.png 200
INFO 2011-04-27 17:06:34 shiori3 /site_media/static/css/default/images/bullet.png 200
INFO 2011-04-27 17:06:34 shiori3 /site_media/static/css/default/images/icon-help.png 200
INFO 2011-04-27 17:06:34 shiori3 /site_media/static/css/default/images/bkg-home-content.png 200
INFO 2011-04-27 17:06:34 shiori3 /site_media/static/css/default/images/bullet.png 200
INFO 2011-04-27 17:06:34 shiori3 /site_media/static/css/default/images/bkg-home-content.png 200
INFO 2011-04-27 17:06:34 shiori3 /site_media/static/css/default/images/icon-go-low-lg.jpg 200
INFO 2011-04-27 17:06:34 shiori3 /site_media/static/css/default/images/icon-go-low-lg.jpg 200
INFO 2011-04-27 17:06:34 shiori3 /site_media/static/css/default/images/icon-scoreboard-lg.jpg 200
INFO 2011-04-27 17:06:34 shiori3 /site_media/static/css/default/images/icon-scoreboard-lg.jpg 200
INFO 2011-04-27 17:06:34 shiori3 /site_media/static/css/default/images/icon-news-lg.jpg 200
INFO 2011-04-27 17:06:34 shiori3 /site_media/static/css/default/images/icon-news-lg.jpg 200
INFO 2011-04-27 17:06:34 shiori3 /site_media/static/css/default/images/icon-prizes-lg.jpg 200
INFO 2011-04-27 17:06:34 shiori3 /site_media/static/css/default/images/icon-prizes-lg.jpg 200
INFO 2011-04-27 17:06:34 shiori3 /site_media/static/css/default/images/icon-profile-lg.jpg 200
INFO 2011-04-27 17:06:34 shiori3 /site_media/static/css/default/images/icon-profile-lg.jpg 200
INFO 2011-04-27 17:06:34 shiori3 /site_media/static/css/default/images/icon-help-lg.jpg 200
INFO 2011-04-27 17:06:34 shiori3 /site_media/static/css/default/images/icon-help-lg.jpg 200
INFO 2011-04-27 17:06:34 shiori3 /site_media/static/css/default/images/right.png 200
INFO 2011-04-27 17:06:34 shiori3 /site_media/static/css/default/images/right.png 200
INFO 2011-04-27 17:06:35 shiori3 /site_media/static/css/default/images/ui-bg_glass_75_e3e3e3_1x400.png 200
INFO 2011-04-27 17:06:35 shiori3 /site_media/static/css/default/images/ui-bg_glass_75_e3e3e3_1x400.png 200
INFO 2011-04-27 17:06:35 shiori3 /site_media/static/css/default/images/ui-bg_flat_75_ebe7bc_40x100.png 200
INFO 2011-04-27 17:06:35 shiori3 /site_media/static/css/default/images/ui-bg_flat_75_ebe7bc_40x100.png 200
INFO 2011-04-27 17:06:35 shiori3 /site_media/static/css/default/images/ui-icons_222222_256x240.png 200
INFO 2011-04-27 17:06:35 shiori3 /site_media/static/css/default/images/ui-icons_222222_256x240.png 200
INFO 2011-04-27 17:06:35 shiori3 /site_media/static/css/default/images/ui-bg_highlight-soft_90_dadada_1x100.png 200
INFO 2011-04-27 17:06:35 shiori3 /site_media/static/css/default/images/ui-bg_flat_0_aaaaaa_40x100.png 200
INFO 2011-04-27 17:06:35 shiori3 /site_media/static/css/default/images/ui-bg_highlight-soft_90_dadada_1x100.png 200
INFO 2011-04-27 17:06:35 shiori3 /site_media/static/css/default/images/ui-bg_flat_0_aaaaaa_40x100.png 200
INFO 2011-04-27 17:07:06 shiori3 /site_media/static/css/default/images/ui-bg_glass_75_dadada_1x400.png 200
INFO 2011-04-27 17:07:06 shiori3 /site_media/static/css/default/images/ui-bg_glass_75_dadada_1x400.png 200
INFO 2011-04-27 17:07:06 shiori3 /site_media/static/css/default/images/ui-bg_glass_65_ffffff_1x400.png 200
INFO 2011-04-27 17:07:06 shiori3 /site_media/static/css/default/images/ui-bg_glass_65_ffffff_1x400.png 200
INFO 2011-04-27 17:07:07 shiori3 /home/setup/terms/ 200
INFO 2011-04-27 17:07:07 shiori3 /home/setup/terms/ 200
INFO 2011-04-27 17:07:07 shiori3 /site_media/static/css/default/images/left.png 200
INFO 2011-04-27 17:07:07 shiori3 /site_media/static/css/default/images/left.png 200
INFO 2011-04-27 17:07:07 shiori3 /site_media/static/css/default/images/stop.png 200
INFO 2011-04-27 17:07:07 shiori3 /site_media/static/css/default/images/stop.png 200
INFO 2011-04-27 17:07:07 shiori3 /home/setup/terms/ 200
INFO 2011-04-27 17:07:07 shiori3 /home/setup/terms/ 200
INFO 2011-04-27 17:08:08 shiori3 /home/setup/facebook/ 200
INFO 2011-04-27 17:08:08 shiori3 /home/setup/facebook/ 200
INFO 2011-04-27 17:08:46 shiori3 /home/setup/facebook/ 200
INFO 2011-04-27 17:08:46 shiori3 /home/setup/facebook/ 200
INFO 2011-04-27 17:09:22 shiori3 /home/setup/profile/ 200
INFO 2011-04-27 17:09:22 shiori3 /home/setup/profile/ 200
INFO 2011-04-27 17:11:40 shiori3 /home/setup/question/ 200
INFO 2011-04-27 17:11:40 shiori3 /home/setup/question/ 200
INFO 2011-04-27 17:11:50 shiori3 /home/setup/complete/ 200
INFO 2011-04-27 17:11:50 shiori3 /home/setup/complete/ 200
INFO 2011-04-27 17:11:50 shiori3 /site_media/static/css/default/images/quest-screen.png 200
INFO 2011-04-27 17:11:50 shiori3 /site_media/static/css/default/images/quest-screen.png 200
INFO 2011-04-27 17:11:57 shiori3 /home/ 200
INFO 2011-04-27 17:11:57 shiori3 /home/ 200
INFO 2011-04-27 17:11:57 shiori3 /site_media/static/frontendadmin/css/frontendadmin.css 304
INFO 2011-04-27 17:11:57 shiori3 /site_media/static/frontendadmin/css/frontendadmin.css 304
INFO 2011-04-27 17:11:57 shiori3 /site_media/static/css/default/jquery-ui.css 304
INFO 2011-04-27 17:11:57 shiori3 /site_media/static/css/default/jquery-ui.css 304
INFO 2011-04-27 17:11:57 shiori3 /site_media/static/js/jquery-1.4.2.min.js 304
INFO 2011-04-27 17:11:57 shiori3 /site_media/static/css/default/screen.css 304
INFO 2011-04-27 17:11:57 shiori3 /site_media/static/js/jquery-1.4.2.min.js 304
INFO 2011-04-27 17:11:57 shiori3 /site_media/static/css/default/screen.css 304
INFO 2011-04-27 17:11:57 shiori3 /site_media/static/js/jquery-ui-1.8.1.custom.min.js 304
INFO 2011-04-27 17:11:57 shiori3 /site_media/static/js/jquery-ui-1.8.1.custom.min.js 304
INFO 2011-04-27 17:11:57 shiori3 /site_media/static/uni_form/uni-form.css 304
INFO 2011-04-27 17:11:57 shiori3 /site_media/static/uni_form/uni-form.css 304
INFO 2011-04-27 17:11:58 shiori3 /site_media/static/js/jquery.cycle.lite.1.0.min.js 304
INFO 2011-04-27 17:11:58 shiori3 /site_media/static/js/jquery.cycle.lite.1.0.min.js 304
INFO 2011-04-27 17:11:58 shiori3 /site_media/static/js/jquery.form.2.43.js 304
INFO 2011-04-27 17:11:58 shiori3 /site_media/static/css/default/logged_in_base.css 304
INFO 2011-04-27 17:11:58 shiori3 /site_media/static/js/jquery.form.2.43.js 304
INFO 2011-04-27 17:11:58 shiori3 /site_media/static/css/default/pages/home.css 304
INFO 2011-04-27 17:11:58 shiori3 /site_media/static/css/default/logged_in_base.css 304
INFO 2011-04-27 17:11:58 shiori3 /site_media/static/css/default/pages/home.css 304
INFO 2011-04-27 17:11:58 shiori3 /site_media/static/uni_form/uni-form-generic.css 304
INFO 2011-04-27 17:11:58 shiori3 /site_media/static/uni_form/uni-form-generic.css 304
INFO 2011-04-27 17:11:58 shiori3 /site_media/media/avatars/shiori3/resized/60/avatars/shiori3/fb_photo.jpg 200
INFO 2011-04-27 17:11:58 shiori3 /site_media/media/avatars/shiori3/resized/60/avatars/shiori3/fb_photo.jpg 200
INFO 2011-04-27 17:13:33 shiori3 /site_media/static/css/default/images/icon-news-lg-over.jpg 200
INFO 2011-04-27 17:13:33 shiori3 /site_media/static/css/default/images/icon-news-lg-over.jpg 200
INFO 2011-04-27 17:13:35 shiori3 /site_media/static/css/default/images/icon-prizes-over.png 200
INFO 2011-04-27 17:13:35 shiori3 /site_media/static/css/default/images/icon-prizes-over.png 200
INFO 2011-04-27 17:13:35 shiori3 /site_media/static/css/default/images/icon-go-low-over.png 200
INFO 2011-04-27 17:13:35 shiori3 /site_media/static/css/default/images/icon-go-low-over.png 200
INFO 2011-04-27 17:13:36 shiori3 /site_media/static/css/default/images/icon-go-low-lg-over.jpg 200
INFO 2011-04-27 17:13:36 shiori3 /site_media/static/css/default/images/icon-go-low-lg-over.jpg 200
INFO 2011-04-27 17:13:39 shiori3 /energy/ 200
INFO 2011-04-27 17:13:39 shiori3 /energy/ 200
INFO 2011-04-27 17:13:40 shiori3 /site_media/static/frontendadmin/css/frontendadmin.css 304
INFO 2011-04-27 17:13:40 shiori3 /site_media/static/frontendadmin/css/frontendadmin.css 304
INFO 2011-04-27 17:13:40 shiori3 /site_media/static/js/jquery-1.4.2.min.js 304
INFO 2011-04-27 17:13:40 shiori3 /site_media/static/css/default/screen.css 304
INFO 2011-04-27 17:13:40 shiori3 /site_media/static/js/jquery-1.4.2.min.js 304
INFO 2011-04-27 17:13:40 shiori3 /site_media/static/css/default/jquery-ui.css 304
INFO 2011-04-27 17:13:40 shiori3 /site_media/static/css/default/screen.css 304
INFO 2011-04-27 17:13:40 shiori3 /site_media/static/css/default/jquery-ui.css 304
INFO 2011-04-27 17:13:40 shiori3 /site_media/static/js/jquery-ui-1.8.1.custom.min.js 304
INFO 2011-04-27 17:13:40 shiori3 /site_media/static/js/jquery-ui-1.8.1.custom.min.js 304
INFO 2011-04-27 17:13:40 shiori3 /site_media/static/uni_form/uni-form.css 304
INFO 2011-04-27 17:13:40 shiori3 /site_media/static/uni_form/uni-form.css 304
INFO 2011-04-27 17:13:40 shiori3 /site_media/static/js/jquery.cycle.lite.1.0.min.js 304
INFO 2011-04-27 17:13:40 shiori3 /site_media/static/js/jquery.cycle.lite.1.0.min.js 304
INFO 2011-04-27 17:13:40 shiori3 /site_media/static/js/jquery.form.2.43.js 304
INFO 2011-04-27 17:13:40 shiori3 /site_media/static/js/jquery.form.2.43.js 304
INFO 2011-04-27 17:13:40 shiori3 /site_media/static/css/default/logged_in_base.css 304
INFO 2011-04-27 17:13:40 shiori3 /site_media/static/css/default/logged_in_base.css 304
INFO 2011-04-27 17:13:40 shiori3 /site_media/static/js/news.js 200
INFO 2011-04-27 17:13:40 shiori3 /site_media/static/js/news.js 200
INFO 2011-04-27 17:13:40 shiori3 /site_media/static/css/default/pages/view_energy.css 200
INFO 2011-04-27 17:13:40 shiori3 /site_media/static/css/default/pages/view_energy.css 200
INFO 2011-04-27 17:13:40 shiori3 /site_media/static/js/org.wattdepot.gdata.makahiki.EnergyGoalGame.js 200
INFO 2011-04-27 17:13:40 shiori3 /site_media/static/js/org.wattdepot.gdata.makahiki.EnergyGoalGame.js 200
INFO 2011-04-27 17:13:40 shiori3 /site_media/static/uni_form/uni-form-generic.css 304
INFO 2011-04-27 17:13:40 shiori3 /site_media/static/uni_form/uni-form-generic.css 304
INFO 2011-04-27 17:13:40 shiori3 /site_media/media/avatars/nashe/resized/40/avatars/nashe/photo.jpg 200
INFO 2011-04-27 17:13:40 shiori3 /site_media/media/avatars/nashe/resized/40/avatars/nashe/photo.jpg 200
INFO 2011-04-27 17:13:40 shiori3 /site_media/media/avatars/johnson/resized/40/avatars/johnson/fb_photo.jpg 200
INFO 2011-04-27 17:13:40 shiori3 /site_media/media/avatars/johnson/resized/40/avatars/johnson/fb_photo.jpg 200
INFO 2011-04-27 17:13:41 shiori3 /site_media/static/images/energy/stop_light_red.png/ 200
INFO 2011-04-27 17:13:41 shiori3 /site_media/static/images/energy/stop_light_red.png/ 200
INFO 2011-04-27 17:15:46 shiori3 /activities/task/33/ 200
INFO 2011-04-27 17:15:46 shiori3 /activities/task/33/ 200
INFO 2011-04-27 17:15:46 shiori3 /site_media/static/css/default/screen.css 304
INFO 2011-04-27 17:15:46 shiori3 /site_media/static/css/default/screen.css 304
INFO 2011-04-27 17:15:46 shiori3 /site_media/static/css/default/jquery-ui.css 304
INFO 2011-04-27 17:15:46 shiori3 /site_media/static/css/default/jquery-ui.css 304
INFO 2011-04-27 17:15:46 shiori3 /site_media/static/frontendadmin/css/frontendadmin.css 304
INFO 2011-04-27 17:15:46 shiori3 /site_media/static/frontendadmin/css/frontendadmin.css 304
INFO 2011-04-27 17:15:46 shiori3 /site_media/static/js/jquery-1.4.2.min.js 304
INFO 2011-04-27 17:15:46 shiori3 /site_media/static/js/jquery-1.4.2.min.js 304
INFO 2011-04-27 17:15:46 shiori3 /site_media/static/js/jquery-ui-1.8.1.custom.min.js 304
INFO 2011-04-27 17:15:46 shiori3 /site_media/static/js/jquery-ui-1.8.1.custom.min.js 304
INFO 2011-04-27 17:15:46 shiori3 /site_media/static/uni_form/uni-form.css 304
INFO 2011-04-27 17:15:46 shiori3 /site_media/static/uni_form/uni-form.css 304
INFO 2011-04-27 17:15:46 shiori3 /site_media/static/js/jquery.form.2.43.js 304
INFO 2011-04-27 17:15:46 shiori3 /site_media/static/js/jquery.form.2.43.js 304
INFO 2011-04-27 17:15:46 shiori3 /site_media/static/js/jquery.cycle.lite.1.0.min.js 304
INFO 2011-04-27 17:15:46 shiori3 /site_media/static/js/jquery.cycle.lite.1.0.min.js 304
INFO 2011-04-27 17:15:46 shiori3 /site_media/static/css/default/logged_in_base.css 304
INFO 2011-04-27 17:15:46 shiori3 /site_media/static/css/default/logged_in_base.css 304
INFO 2011-04-27 17:15:46 shiori3 /site_media/static/css/default/pages/view_activities.css 200
INFO 2011-04-27 17:15:46 shiori3 /site_media/static/css/default/pages/view_activities.css 200
INFO 2011-04-27 17:15:46 shiori3 /site_media/static/uni_form/uni-form-generic.css 304
INFO 2011-04-27 17:15:46 shiori3 /site_media/static/uni_form/uni-form-generic.css 304
INFO 2011-04-27 17:15:46 shiori3 /site_media/media/gblocks/powerstrip.jpg 200
INFO 2011-04-27 17:15:46 shiori3 /site_media/media/gblocks/powerstrip.jpg 200
INFO 2011-04-27 17:15:54 shiori3 /activities/task/33/add 302
INFO 2011-04-27 17:15:54 shiori3 /activities/task/33/add 302
INFO 2011-04-27 17:15:54 shiori3 /activities/task/33/ 200
INFO 2011-04-27 17:15:54 shiori3 /activities/task/33/ 200
INFO 2011-04-27 17:15:54 shiori3 /site_media/media/avatars/shiori3/resized/40/avatars/shiori3/fb_photo.jpg 200
INFO 2011-04-27 17:15:54 shiori3 /site_media/media/avatars/shiori3/resized/40/avatars/shiori3/fb_photo.jpg 200
INFO 2011-04-27 17:16:09 shiori3 /activities/task/2/ 200
INFO 2011-04-27 17:16:09 shiori3 /activities/task/2/ 200
INFO 2011-04-27 17:19:11 shiori3 /activities/task/2/add 302
INFO 2011-04-27 17:19:11 shiori3 /activities/task/2/add 302
INFO 2011-04-27 17:19:11 shiori3 /activities/task/2/ 200
INFO 2011-04-27 17:19:11 shiori3 /activities/task/2/ 200
INFO 2011-04-27 17:19:11 shiori3 /site_media/static/css/default/screen.css 304
INFO 2011-04-27 17:19:11 shiori3 /site_media/static/css/default/screen.css 304
INFO 2011-04-27 17:19:11 shiori3 /site_media/static/css/default/jquery-ui.css 304
INFO 2011-04-27 17:19:11 shiori3 /site_media/static/css/default/jquery-ui.css 304
INFO 2011-04-27 17:19:11 shiori3 /site_media/static/js/jquery-1.4.2.min.js 304
INFO 2011-04-27 17:19:11 shiori3 /site_media/static/js/jquery-1.4.2.min.js 304
INFO 2011-04-27 17:19:11 shiori3 /site_media/static/frontendadmin/css/frontendadmin.css 304
INFO 2011-04-27 17:19:11 shiori3 /site_media/static/frontendadmin/css/frontendadmin.css 304
INFO 2011-04-27 17:19:11 shiori3 /site_media/static/js/jquery-ui-1.8.1.custom.min.js 304
INFO 2011-04-27 17:19:11 shiori3 /site_media/static/js/jquery-ui-1.8.1.custom.min.js 304
INFO 2011-04-27 17:19:11 shiori3 /site_media/static/uni_form/uni-form.css 304
INFO 2011-04-27 17:19:11 shiori3 /site_media/static/uni_form/uni-form.css 304
INFO 2011-04-27 17:19:11 shiori3 /site_media/static/js/jquery.cycle.lite.1.0.min.js 304
INFO 2011-04-27 17:19:11 shiori3 /site_media/static/js/jquery.cycle.lite.1.0.min.js 304
INFO 2011-04-27 17:19:11 shiori3 /site_media/static/css/default/pages/view_activities.css 304
INFO 2011-04-27 17:19:11 shiori3 /site_media/static/css/default/logged_in_base.css 304
INFO 2011-04-27 17:19:11 shiori3 /site_media/static/css/default/pages/view_activities.css 304
INFO 2011-04-27 17:19:11 shiori3 /site_media/static/css/default/logged_in_base.css 304
INFO 2011-04-27 17:19:11 shiori3 /site_media/static/js/jquery.form.2.43.js 304
INFO 2011-04-27 17:19:11 shiori3 /site_media/static/js/jquery.form.2.43.js 304
INFO 2011-04-27 17:19:11 shiori3 /site_media/static/uni_form/uni-form-generic.css 304
INFO 2011-04-27 17:19:11 shiori3 /site_media/static/uni_form/uni-form-generic.css 304
INFO 2011-04-27 17:20:09 shiori3 /site_media/static/css/default/images/icon-scoreboard-over.png 200
INFO 2011-04-27 17:20:09 shiori3 /site_media/static/css/default/images/icon-scoreboard-over.png 200
INFO 2011-04-27 17:20:12 shiori3 /home/ 200
INFO 2011-04-27 17:20:12 shiori3 /home/ 200
INFO 2011-04-27 17:20:12 shiori3 /site_media/static/css/default/jquery-ui.css 304
INFO 2011-04-27 17:20:12 shiori3 /site_media/static/css/default/jquery-ui.css 304
INFO 2011-04-27 17:20:12 shiori3 /site_media/static/css/default/screen.css 304
INFO 2011-04-27 17:20:12 shiori3 /site_media/static/css/default/screen.css 304
INFO 2011-04-27 17:20:12 shiori3 /site_media/static/frontendadmin/css/frontendadmin.css 304
INFO 2011-04-27 17:20:12 shiori3 /site_media/static/frontendadmin/css/frontendadmin.css 304
INFO 2011-04-27 17:20:12 shiori3 /site_media/static/uni_form/uni-form.css 304
INFO 2011-04-27 17:20:12 shiori3 /site_media/static/uni_form/uni-form.css 304
INFO 2011-04-27 17:20:12 shiori3 /site_media/static/js/jquery.cycle.lite.1.0.min.js 304
INFO 2011-04-27 17:20:12 shiori3 /site_media/static/js/jquery-1.4.2.min.js 304
INFO 2011-04-27 17:20:12 shiori3 /site_media/static/js/jquery.cycle.lite.1.0.min.js 304
INFO 2011-04-27 17:20:12 shiori3 /site_media/static/css/default/logged_in_base.css 304
INFO 2011-04-27 17:20:12 shiori3 /site_media/static/js/jquery-ui-1.8.1.custom.min.js 304
INFO 2011-04-27 17:20:12 shiori3 /site_media/static/js/jquery-1.4.2.min.js 304
INFO 2011-04-27 17:20:12 shiori3 /site_media/static/css/default/logged_in_base.css 304
INFO 2011-04-27 17:20:12 shiori3 /site_media/static/js/jquery-ui-1.8.1.custom.min.js 304
INFO 2011-04-27 17:20:12 shiori3 /site_media/static/js/jquery.form.2.43.js 304
INFO 2011-04-27 17:20:12 shiori3 /site_media/static/js/jquery.form.2.43.js 304
INFO 2011-04-27 17:20:12 shiori3 /site_media/static/css/default/pages/home.css 304
INFO 2011-04-27 17:20:12 shiori3 /site_media/static/css/default/pages/home.css 304
INFO 2011-04-27 17:20:12 shiori3 /site_media/static/uni_form/uni-form-generic.css 304
INFO 2011-04-27 17:20:12 shiori3 /site_media/static/uni_form/uni-form-generic.css 304
INFO 2011-04-27 17:20:17 shiori3 /energy/ 200
INFO 2011-04-27 17:20:17 shiori3 /energy/ 200
INFO 2011-04-27 17:20:18 shiori3 /site_media/static/js/news.js 304
INFO 2011-04-27 17:20:18 shiori3 /site_media/static/js/news.js 304
INFO 2011-04-27 17:20:18 shiori3 /site_media/static/css/default/pages/view_energy.css 304
INFO 2011-04-27 17:20:18 shiori3 /site_media/static/css/default/pages/view_energy.css 304
INFO 2011-04-27 17:20:18 shiori3 /site_media/static/js/org.wattdepot.gdata.makahiki.EnergyGoalGame.js 304
INFO 2011-04-27 17:20:18 shiori3 /site_media/static/js/org.wattdepot.gdata.makahiki.EnergyGoalGame.js 304
INFO 2011-04-27 17:20:18 shiori3 /site_media/static/css/default/images/ui-bg_glass_95_fef1ec_1x400.png 200
INFO 2011-04-27 17:20:18 shiori3 /site_media/static/css/default/images/ui-bg_glass_95_fef1ec_1x400.png 200
INFO 2011-04-27 17:20:56 shiori3 /site_media/static/css/default/images/icon-scoreboard-lg-over.jpg 200
INFO 2011-04-27 17:20:56 shiori3 /site_media/static/css/default/images/icon-scoreboard-lg-over.jpg 200
INFO 2011-04-27 17:20:58 shiori3 /energy/ 200
INFO 2011-04-27 17:20:58 shiori3 /energy/ 200
INFO 2011-04-27 17:21:06 shiori3 /activities/ 200
INFO 2011-04-27 17:21:06 shiori3 /activities/ 200
INFO 2011-04-27 17:21:06 shiori3 /site_media/static/css/default/pages/view_activities.css 304
INFO 2011-04-27 17:21:06 shiori3 /site_media/static/css/default/pages/view_activities.css 304
INFO 2011-04-27 17:21:25 shiori3 /activities/task/27/ 200
INFO 2011-04-27 17:21:25 shiori3 /activities/task/27/ 200
INFO 2011-04-27 17:21:25 shiori3 /site_media/static/css/default/screen.css 304
INFO 2011-04-27 17:21:25 shiori3 /site_media/static/css/default/screen.css 304
INFO 2011-04-27 17:21:25 shiori3 /site_media/static/css/default/jquery-ui.css 304
INFO 2011-04-27 17:21:25 shiori3 /site_media/static/css/default/jquery-ui.css 304
INFO 2011-04-27 17:21:25 shiori3 /site_media/static/js/jquery.cycle.lite.1.0.min.js 304
INFO 2011-04-27 17:21:25 shiori3 /site_media/static/js/jquery.cycle.lite.1.0.min.js 304
INFO 2011-04-27 17:21:25 shiori3 /site_media/static/js/jquery-ui-1.8.1.custom.min.js 304
INFO 2011-04-27 17:21:25 shiori3 /site_media/static/frontendadmin/css/frontendadmin.css 304
INFO 2011-04-27 17:21:25 shiori3 /site_media/static/js/jquery-ui-1.8.1.custom.min.js 304
INFO 2011-04-27 17:21:25 shiori3 /site_media/static/js/jquery-1.4.2.min.js 304
INFO 2011-04-27 17:21:25 shiori3 /site_media/static/frontendadmin/css/frontendadmin.css 304
INFO 2011-04-27 17:21:25 shiori3 /site_media/static/js/jquery.form.2.43.js 304
INFO 2011-04-27 17:21:25 shiori3 /site_media/static/js/jquery-1.4.2.min.js 304
INFO 2011-04-27 17:21:25 shiori3 /site_media/static/js/jquery.form.2.43.js 304
INFO 2011-04-27 17:21:25 shiori3 /site_media/static/uni_form/uni-form.css 304
INFO 2011-04-27 17:21:25 shiori3 /site_media/static/uni_form/uni-form.css 304
INFO 2011-04-27 17:21:25 shiori3 /site_media/static/css/default/logged_in_base.css 304
INFO 2011-04-27 17:21:25 shiori3 /site_media/static/css/default/logged_in_base.css 304
INFO 2011-04-27 17:21:25 shiori3 /site_media/static/uni_form/uni-form-generic.css 304
INFO 2011-04-27 17:21:25 shiori3 /site_media/static/uni_form/uni-form-generic.css 304
INFO 2011-04-27 17:21:25 shiori3 /site_media/media/gblocks/inconvenient-truth-small.jpg 200
INFO 2011-04-27 17:21:25 shiori3 /site_media/media/gblocks/inconvenient-truth-small.jpg 200
INFO 2011-04-27 17:21:48 shiori3 /activities/task/27/add 302
INFO 2011-04-27 17:21:48 shiori3 /activities/task/27/add 302
INFO 2011-04-27 17:21:49 shiori3 /activities/task/27/ 200
INFO 2011-04-27 17:21:49 shiori3 /activities/task/27/ 200
INFO 2011-04-27 17:22:03 shiori3 /activities/task/6/ 200
INFO 2011-04-27 17:22:03 shiori3 /activities/task/6/ 200
INFO 2011-04-27 17:22:03 shiori3 /site_media/media/gblocks/Who-Killed-The-Electric-Car-cover.jpg 200
INFO 2011-04-27 17:22:03 shiori3 /site_media/media/gblocks/Who-Killed-The-Electric-Car-cover.jpg 200
INFO 2011-04-27 17:22:16 shiori3 /activities/task/6/add 302
INFO 2011-04-27 17:22:16 shiori3 /activities/task/6/add 302
INFO 2011-04-27 17:22:16 shiori3 /activities/task/6/ 200
INFO 2011-04-27 17:22:16 shiori3 /activities/task/6/ 200
INFO 2011-04-27 17:22:16 shiori3 /site_media/static/css/default/pages/view_activities.css 304
INFO 2011-04-27 17:22:16 shiori3 /site_media/static/css/default/pages/view_activities.css 304
INFO 2011-04-27 17:22:33 shiori3 /activities/task/3/ 200
INFO 2011-04-27 17:22:33 shiori3 /activities/task/3/ 200
INFO 2011-04-27 17:22:33 shiori3 /site_media/static/css/default/screen.css 304
INFO 2011-04-27 17:22:33 shiori3 /site_media/static/css/default/screen.css 304
INFO 2011-04-27 17:22:33 shiori3 /site_media/static/css/default/jquery-ui.css 304
INFO 2011-04-27 17:22:33 shiori3 /site_media/static/css/default/jquery-ui.css 304
INFO 2011-04-27 17:22:33 shiori3 /site_media/static/frontendadmin/css/frontendadmin.css 304
INFO 2011-04-27 17:22:33 shiori3 /site_media/static/frontendadmin/css/frontendadmin.css 304
INFO 2011-04-27 17:22:33 shiori3 /site_media/static/uni_form/uni-form.css 304
INFO 2011-04-27 17:22:33 shiori3 /site_media/static/uni_form/uni-form.css 304
INFO 2011-04-27 17:22:33 shiori3 /site_media/static/js/jquery.form.2.43.js 304
INFO 2011-04-27 17:22:33 shiori3 /site_media/static/js/jquery.form.2.43.js 304
INFO 2011-04-27 17:22:33 shiori3 /site_media/static/js/jquery.cycle.lite.1.0.min.js 304
INFO 2011-04-27 17:22:33 shiori3 /site_media/static/js/jquery-ui-1.8.1.custom.min.js 304
INFO 2011-04-27 17:22:33 shiori3 /site_media/static/js/jquery-ui-1.8.1.custom.min.js 304
INFO 2011-04-27 17:22:33 shiori3 /site_media/static/js/jquery-1.4.2.min.js 304
INFO 2011-04-27 17:22:33 shiori3 /site_media/static/js/jquery.cycle.lite.1.0.min.js 304
INFO 2011-04-27 17:22:33 shiori3 /site_media/static/js/jquery-1.4.2.min.js 304
INFO 2011-04-27 17:22:33 shiori3 /site_media/static/css/default/logged_in_base.css 304
INFO 2011-04-27 17:22:33 shiori3 /site_media/static/css/default/logged_in_base.css 304
INFO 2011-04-27 17:22:33 shiori3 /site_media/static/uni_form/uni-form-generic.css 304
INFO 2011-04-27 17:22:33 shiori3 /site_media/static/uni_form/uni-form-generic.css 304
INFO 2011-04-27 17:22:57 shiori3 /activities/task/3/add 302
INFO 2011-04-27 17:22:57 shiori3 /activities/task/3/add 302
INFO 2011-04-27 17:22:57 shiori3 /activities/task/3/ 200
INFO 2011-04-27 17:22:57 shiori3 /activities/task/3/ 200
INFO 2011-04-27 17:23:05 shiori3 /activities/task/19/ 200
INFO 2011-04-27 17:23:05 shiori3 /activities/task/19/ 200
INFO 2011-04-27 17:23:06 shiori3 /site_media/media/gblocks/lightswitch.jpg 200
INFO 2011-04-27 17:23:06 shiori3 /site_media/media/gblocks/lightswitch.jpg 200
INFO 2011-04-27 17:23:25 shiori3 /activities/task/19/add 302
INFO 2011-04-27 17:23:25 shiori3 /activities/task/19/add 302
INFO 2011-04-27 17:23:25 shiori3 /activities/task/19/ 200
INFO 2011-04-27 17:23:25 shiori3 /activities/task/19/ 200
INFO 2011-04-27 17:23:25 shiori3 /site_media/static/css/default/pages/view_activities.css 304
INFO 2011-04-27 17:23:25 shiori3 /site_media/static/css/default/pages/view_activities.css 304
INFO 2011-04-27 17:23:52 shiori3 /activities/task/14/ 200
INFO 2011-04-27 17:23:52 shiori3 /activities/task/14/ 200
INFO 2011-04-27 17:23:52 shiori3 /site_media/static/css/default/jquery-ui.css 304
INFO 2011-04-27 17:23:52 shiori3 /site_media/static/css/default/jquery-ui.css 304
INFO 2011-04-27 17:23:52 shiori3 /site_media/static/js/jquery-ui-1.8.1.custom.min.js 304
INFO 2011-04-27 17:23:52 shiori3 /site_media/static/js/jquery-ui-1.8.1.custom.min.js 304
INFO 2011-04-27 17:23:52 shiori3 /site_media/static/css/default/screen.css 304
INFO 2011-04-27 17:23:52 shiori3 /site_media/static/css/default/screen.css 304
INFO 2011-04-27 17:23:52 shiori3 /site_media/static/frontendadmin/css/frontendadmin.css 304
INFO 2011-04-27 17:23:52 shiori3 /site_media/static/frontendadmin/css/frontendadmin.css 304
INFO 2011-04-27 17:23:52 shiori3 /site_media/static/js/jquery-1.4.2.min.js 304
INFO 2011-04-27 17:23:52 shiori3 /site_media/static/js/jquery-1.4.2.min.js 304
INFO 2011-04-27 17:23:52 shiori3 /site_media/static/js/jquery.cycle.lite.1.0.min.js 304
INFO 2011-04-27 17:23:52 shiori3 /site_media/static/js/jquery.cycle.lite.1.0.min.js 304
INFO 2011-04-27 17:23:52 shiori3 /site_media/static/uni_form/uni-form.css 304
INFO 2011-04-27 17:23:52 shiori3 /site_media/static/uni_form/uni-form.css 304
INFO 2011-04-27 17:23:52 shiori3 /site_media/static/js/jquery.form.2.43.js 304
INFO 2011-04-27 17:23:52 shiori3 /site_media/static/css/default/logged_in_base.css 304
INFO 2011-04-27 17:23:52 shiori3 /site_media/static/js/jquery.form.2.43.js 304
INFO 2011-04-27 17:23:52 shiori3 /site_media/static/css/default/logged_in_base.css 304
INFO 2011-04-27 17:23:52 shiori3 /site_media/static/uni_form/uni-form-generic.css 304
INFO 2011-04-27 17:23:52 shiori3 /site_media/static/uni_form/uni-form-generic.css 304
INFO 2011-04-27 17:24:08 shiori3 /activities/task/2/ 200
INFO 2011-04-27 17:24:08 shiori3 /activities/task/2/ 200
INFO 2011-04-27 17:24:12 shiori3 /activities/task/8/ 200
INFO 2011-04-27 17:24:12 shiori3 /activities/task/8/ 200
INFO 2011-04-27 17:24:13 shiori3 /site_media/media/gblocks/facebook-logo-small.png 200
INFO 2011-04-27 17:24:13 shiori3 /site_media/media/gblocks/facebook-logo-small.png 200
INFO 2011-04-27 17:26:09 shiori3 /site_media/static/css/default/images/ui-icons_454545_256x240.png 200
INFO 2011-04-27 17:26:09 shiori3 /site_media/static/css/default/images/ui-icons_454545_256x240.png 200
INFO 2011-04-27 17:26:51 shiori3 /activities/task/8/add 302
INFO 2011-04-27 17:26:51 shiori3 /activities/task/8/add 302
INFO 2011-04-27 17:26:52 shiori3 /activities/task/8/ 200
INFO 2011-04-27 17:26:52 shiori3 /activities/task/8/ 200
INFO 2011-04-27 17:26:52 shiori3 /site_media/static/css/default/screen.css 304
INFO 2011-04-27 17:26:52 shiori3 /site_media/static/css/default/jquery-ui.css 304
INFO 2011-04-27 17:26:52 shiori3 /site_media/static/css/default/screen.css 304
INFO 2011-04-27 17:26:52 shiori3 /site_media/static/css/default/jquery-ui.css 304
INFO 2011-04-27 17:26:52 shiori3 /site_media/static/js/jquery-1.4.2.min.js 304
INFO 2011-04-27 17:26:52 shiori3 /site_media/static/js/jquery-1.4.2.min.js 304
INFO 2011-04-27 17:26:52 shiori3 /site_media/static/frontendadmin/css/frontendadmin.css 304
INFO 2011-04-27 17:26:52 shiori3 /site_media/static/frontendadmin/css/frontendadmin.css 304
INFO 2011-04-27 17:26:52 shiori3 /site_media/static/js/jquery-ui-1.8.1.custom.min.js 304
INFO 2011-04-27 17:26:52 shiori3 /site_media/static/js/jquery-ui-1.8.1.custom.min.js 304
INFO 2011-04-27 17:26:52 shiori3 /site_media/static/uni_form/uni-form.css 304
INFO 2011-04-27 17:26:52 shiori3 /site_media/static/uni_form/uni-form.css 304
INFO 2011-04-27 17:26:52 shiori3 /site_media/static/css/default/logged_in_base.css 304
INFO 2011-04-27 17:26:52 shiori3 /site_media/static/css/default/logged_in_base.css 304
INFO 2011-04-27 17:26:52 shiori3 /site_media/static/js/jquery.cycle.lite.1.0.min.js 304
INFO 2011-04-27 17:26:52 shiori3 /site_media/static/css/default/pages/view_activities.css 304
INFO 2011-04-27 17:26:52 shiori3 /site_media/static/js/jquery.cycle.lite.1.0.min.js 304
INFO 2011-04-27 17:26:52 shiori3 /site_media/static/css/default/pages/view_activities.css 304
INFO 2011-04-27 17:26:52 shiori3 /site_media/static/js/jquery.form.2.43.js 304
INFO 2011-04-27 17:26:52 shiori3 /site_media/static/js/jquery.form.2.43.js 304
INFO 2011-04-27 17:26:52 shiori3 /site_media/static/uni_form/uni-form-generic.css 304
INFO 2011-04-27 17:26:52 shiori3 /site_media/static/uni_form/uni-form-generic.css 304
INFO 2011-04-27 17:26:58 shiori3 /home/ 200
INFO 2011-04-27 17:26:58 shiori3 /home/ 200
INFO 2011-04-27 17:26:58 shiori3 /site_media/static/css/default/pages/home.css 304
INFO 2011-04-27 17:26:58 shiori3 /site_media/static/css/default/pages/home.css 304
INFO 2011-04-27 17:27:05 admin /site_media/media/activities/shiori3/Screen shot 2011-04-27 at 5.26.28 PM.png 200
INFO 2011-04-27 17:27:05 admin /site_media/media/activities/shiori3/Screen shot 2011-04-27 at 5.26.28 PM.png 200
INFO 2011-04-27 17:27:09 shiori3 /activities/ 200
INFO 2011-04-27 17:27:09 shiori3 /activities/ 200
INFO 2011-04-27 17:27:19 shiori3 /activities/task/15/ 200
INFO 2011-04-27 17:27:19 shiori3 /activities/task/15/ 200
INFO 2011-04-27 17:31:29 shiori3 /activities/task/15/add 302
INFO 2011-04-27 17:31:29 shiori3 /activities/task/15/add 302
INFO 2011-04-27 17:31:30 shiori3 /activities/task/15/ 200
INFO 2011-04-27 17:31:30 shiori3 /activities/task/15/ 200
INFO 2011-04-27 17:31:30 shiori3 /site_media/static/css/default/jquery-ui.css 304
INFO 2011-04-27 17:31:30 shiori3 /site_media/static/css/default/jquery-ui.css 304
INFO 2011-04-27 17:31:30 shiori3 /site_media/static/css/default/screen.css 304
INFO 2011-04-27 17:31:30 shiori3 /site_media/static/css/default/screen.css 304
INFO 2011-04-27 17:31:30 shiori3 /site_media/static/frontendadmin/css/frontendadmin.css 304
INFO 2011-04-27 17:31:30 shiori3 /site_media/static/frontendadmin/css/frontendadmin.css 304
INFO 2011-04-27 17:31:30 shiori3 /site_media/static/js/jquery-1.4.2.min.js 304
INFO 2011-04-27 17:31:30 shiori3 /site_media/static/js/jquery-1.4.2.min.js 304
INFO 2011-04-27 17:31:30 shiori3 /site_media/static/js/jquery-ui-1.8.1.custom.min.js 304
INFO 2011-04-27 17:31:30 shiori3 /site_media/static/js/jquery-ui-1.8.1.custom.min.js 304
INFO 2011-04-27 17:31:30 shiori3 /site_media/static/uni_form/uni-form.css 304
INFO 2011-04-27 17:31:30 shiori3 /site_media/static/uni_form/uni-form.css 304
INFO 2011-04-27 17:31:30 shiori3 /site_media/static/js/jquery.cycle.lite.1.0.min.js 304
INFO 2011-04-27 17:31:30 shiori3 /site_media/static/js/jquery.cycle.lite.1.0.min.js 304
INFO 2011-04-27 17:31:30 shiori3 /site_media/static/js/jquery.form.2.43.js 304
INFO 2011-04-27 17:31:30 shiori3 /site_media/static/css/default/pages/view_activities.css 304
INFO 2011-04-27 17:31:30 shiori3 /site_media/static/js/jquery.form.2.43.js 304
INFO 2011-04-27 17:31:30 shiori3 /site_media/static/css/default/pages/view_activities.css 304
INFO 2011-04-27 17:31:30 shiori3 /site_media/static/css/default/logged_in_base.css 304
INFO 2011-04-27 17:31:30 shiori3 /site_media/static/css/default/logged_in_base.css 304
INFO 2011-04-27 17:31:30 shiori3 /site_media/static/uni_form/uni-form-generic.css 304
INFO 2011-04-27 17:31:30 shiori3 /site_media/static/uni_form/uni-form-generic.css 304
INFO 2011-04-27 17:31:34 shiori3 /home/ 200
INFO 2011-04-27 17:31:34 shiori3 /home/ 200
INFO 2011-04-27 17:31:35 shiori3 /site_media/static/css/default/pages/home.css 304
INFO 2011-04-27 17:31:35 shiori3 /site_media/static/css/default/pages/home.css 304
INFO 2011-04-27 17:31:36 shiori3 /activities/ 200
INFO 2011-04-27 17:31:36 shiori3 /activities/ 200
INFO 2011-04-27 17:31:40 shiori3 /activities/task/10/ 200
INFO 2011-04-27 17:31:40 shiori3 /activities/task/10/ 200
INFO 2011-04-27 17:31:40 shiori3 /site_media/media/gblocks/Facebook-share-link-small.png 200
INFO 2011-04-27 17:31:40 shiori3 /site_media/media/gblocks/Facebook-share-link-small.png 200
INFO 2011-04-27 17:31:49 shiori3 / 302
INFO 2011-04-27 17:31:49 shiori3 / 302
INFO 2011-04-27 17:31:49 shiori3 /home/ 200
INFO 2011-04-27 17:31:49 shiori3 /home/ 200
INFO 2011-04-27 17:31:53 shiori3 /activities/ 200
INFO 2011-04-27 17:31:53 shiori3 /activities/ 200
INFO 2011-04-27 17:31:55 shiori3 /activities/task/30/ 200
INFO 2011-04-27 17:31:55 shiori3 /activities/task/30/ 200
INFO 2011-04-27 17:31:55 shiori3 /site_media/media/gblocks/dorm-bed.jpg 200
INFO 2011-04-27 17:31:55 shiori3 /site_media/media/gblocks/dorm-bed.jpg 200
INFO 2011-04-27 17:32:01 shiori3 /activities/task/30/add 302
INFO 2011-04-27 17:32:01 shiori3 /activities/task/30/add 302
INFO 2011-04-27 17:32:02 shiori3 /activities/task/30/ 200
INFO 2011-04-27 17:32:02 shiori3 /activities/task/30/ 200
INFO 2011-04-27 17:32:12 shiori3 /activities/task/10/ 200
INFO 2011-04-27 17:32:12 shiori3 /activities/task/10/ 200
INFO 2011-04-27 17:32:23 shiori3 /home/ 200
INFO 2011-04-27 17:32:23 shiori3 /home/ 200
INFO 2011-04-27 17:33:21 shiori3 /activities/task/10/add 302
INFO 2011-04-27 17:33:21 shiori3 /activities/task/10/add 302
INFO 2011-04-27 17:33:21 shiori3 /activities/task/10/ 200
INFO 2011-04-27 17:33:21 shiori3 /activities/task/10/ 200
INFO 2011-04-27 17:33:21 shiori3 /site_media/static/css/default/jquery-ui.css 304
INFO 2011-04-27 17:33:21 shiori3 /site_media/static/css/default/jquery-ui.css 304
INFO 2011-04-27 17:33:21 shiori3 /site_media/static/css/default/screen.css 304
INFO 2011-04-27 17:33:21 shiori3 /site_media/static/css/default/screen.css 304
INFO 2011-04-27 17:33:21 shiori3 /site_media/static/frontendadmin/css/frontendadmin.css 304
INFO 2011-04-27 17:33:21 shiori3 /site_media/static/frontendadmin/css/frontendadmin.css 304
INFO 2011-04-27 17:33:21 shiori3 /site_media/static/js/jquery-ui-1.8.1.custom.min.js 304
INFO 2011-04-27 17:33:21 shiori3 /site_media/static/js/jquery-ui-1.8.1.custom.min.js 304
INFO 2011-04-27 17:33:21 shiori3 /site_media/static/js/jquery-1.4.2.min.js 304
INFO 2011-04-27 17:33:21 shiori3 /site_media/static/js/jquery-1.4.2.min.js 304
INFO 2011-04-27 17:33:21 shiori3 /site_media/static/uni_form/uni-form.css 304
INFO 2011-04-27 17:33:21 shiori3 /site_media/static/uni_form/uni-form.css 304
INFO 2011-04-27 17:33:22 shiori3 /site_media/static/js/jquery.cycle.lite.1.0.min.js 304
INFO 2011-04-27 17:33:22 shiori3 /site_media/static/js/jquery.cycle.lite.1.0.min.js 304
INFO 2011-04-27 17:33:22 shiori3 /site_media/static/js/jquery.form.2.43.js 304
INFO 2011-04-27 17:33:22 shiori3 /site_media/static/js/jquery.form.2.43.js 304
INFO 2011-04-27 17:33:22 shiori3 /site_media/static/css/default/logged_in_base.css 304
INFO 2011-04-27 17:33:22 shiori3 /site_media/static/css/default/logged_in_base.css 304
INFO 2011-04-27 17:33:22 shiori3 /site_media/static/css/default/pages/view_activities.css 304
INFO 2011-04-27 17:33:22 shiori3 /site_media/static/css/default/pages/view_activities.css 304
INFO 2011-04-27 17:33:22 shiori3 /site_media/static/uni_form/uni-form-generic.css 304
INFO 2011-04-27 17:33:22 shiori3 /site_media/static/uni_form/uni-form-generic.css 304
INFO 2011-04-27 17:33:34 shiori3 /activities/task/10/ 200
INFO 2011-04-27 17:33:34 shiori3 /activities/task/10/ 200
INFO 2011-04-27 17:33:38 admin /site_media/media/activities/shiori3/Screen shot 2011-04-27 at 5.33.04 PM.png 200
INFO 2011-04-27 17:33:38 admin /site_media/media/activities/shiori3/Screen shot 2011-04-27 at 5.33.04 PM.png 200
INFO 2011-04-27 17:33:46 shiori3 /activities/task/9/ 200
INFO 2011-04-27 17:33:46 shiori3 /activities/task/9/ 200
INFO 2011-04-27 17:33:46 shiori3 /site_media/media/gblocks/twitter-logo-small.png 200
INFO 2011-04-27 17:33:46 shiori3 /site_media/media/gblocks/twitter-logo-small.png 200
INFO 2011-04-27 17:33:53 shiori3 /activities/task/30/ 200
INFO 2011-04-27 17:33:53 shiori3 /activities/task/30/ 200
INFO 2011-04-27 17:33:57 shiori3 /activities/task/61/ 200
INFO 2011-04-27 17:33:57 shiori3 /activities/task/61/ 200
INFO 2011-04-27 17:33:57 shiori3 /site_media/media/gblocks/power-gauge.png 200
INFO 2011-04-27 17:33:57 shiori3 /site_media/media/gblocks/power-gauge.png 200
INFO 2011-04-27 17:34:28 shiori3 /home/ 200
INFO 2011-04-27 17:34:28 shiori3 /home/ 200
INFO 2011-04-27 17:34:29 shiori3 /site_media/static/css/default/jquery-ui.css 304
INFO 2011-04-27 17:34:29 shiori3 /site_media/static/css/default/jquery-ui.css 304
INFO 2011-04-27 17:34:29 shiori3 /site_media/static/css/default/screen.css 304
INFO 2011-04-27 17:34:29 shiori3 /site_media/static/css/default/screen.css 304
INFO 2011-04-27 17:34:29 shiori3 /site_media/static/frontendadmin/css/frontendadmin.css 304
INFO 2011-04-27 17:34:29 shiori3 /site_media/static/frontendadmin/css/frontendadmin.css 304
INFO 2011-04-27 17:34:29 shiori3 /site_media/static/uni_form/uni-form.css 304
INFO 2011-04-27 17:34:29 shiori3 /site_media/static/uni_form/uni-form.css 304
INFO 2011-04-27 17:34:29 shiori3 /site_media/static/js/jquery-1.4.2.min.js 304
INFO 2011-04-27 17:34:29 shiori3 /site_media/static/js/jquery-1.4.2.min.js 304
INFO 2011-04-27 17:34:29 shiori3 /site_media/static/js/jquery-ui-1.8.1.custom.min.js 304
INFO 2011-04-27 17:34:29 shiori3 /site_media/static/js/jquery-ui-1.8.1.custom.min.js 304
INFO 2011-04-27 17:34:29 shiori3 /site_media/static/js/jquery.cycle.lite.1.0.min.js 304
INFO 2011-04-27 17:34:29 shiori3 /site_media/static/js/jquery.cycle.lite.1.0.min.js 304
INFO 2011-04-27 17:34:29 shiori3 /site_media/static/js/jquery.form.2.43.js 304
INFO 2011-04-27 17:34:29 shiori3 /site_media/static/js/jquery.form.2.43.js 304
INFO 2011-04-27 17:34:29 shiori3 /site_media/static/css/default/logged_in_base.css 304
INFO 2011-04-27 17:34:29 shiori3 /site_media/static/css/default/logged_in_base.css 304
INFO 2011-04-27 17:34:29 shiori3 /site_media/static/css/default/pages/home.css 304
INFO 2011-04-27 17:34:29 shiori3 /site_media/static/css/default/pages/home.css 304
INFO 2011-04-27 17:34:29 shiori3 /site_media/static/uni_form/uni-form-generic.css 304
INFO 2011-04-27 17:34:29 shiori3 /site_media/static/uni_form/uni-form-generic.css 304
INFO 2011-04-27 17:34:30 shiori3 /energy/ 200
INFO 2011-04-27 17:34:30 shiori3 /energy/ 200
INFO 2011-04-27 17:34:30 shiori3 /site_media/static/css/default/pages/view_energy.css 304
INFO 2011-04-27 17:34:30 shiori3 /site_media/static/css/default/pages/view_energy.css 304
INFO 2011-04-27 17:34:30 shiori3 /site_media/static/js/news.js 304
INFO 2011-04-27 17:34:30 shiori3 /site_media/static/js/news.js 304
INFO 2011-04-27 17:34:30 shiori3 /site_media/static/js/org.wattdepot.gdata.makahiki.EnergyGoalGame.js 304
INFO 2011-04-27 17:34:30 shiori3 /site_media/static/js/org.wattdepot.gdata.makahiki.EnergyGoalGame.js 304
INFO 2011-04-27 17:35:06 shiori3 /activities/task/7/ 200
INFO 2011-04-27 17:35:06 shiori3 /activities/task/7/ 200
INFO 2011-04-27 17:35:06 shiori3 /site_media/static/css/default/pages/view_activities.css 304
INFO 2011-04-27 17:35:06 shiori3 /site_media/static/css/default/pages/view_activities.css 304
INFO 2011-04-27 17:35:06 shiori3 /site_media/media/gblocks/SleepyMacBookPro-small.png 200
INFO 2011-04-27 17:35:06 shiori3 /site_media/media/gblocks/SleepyMacBookPro-small.png 200
INFO 2011-04-27 17:35:37 shiori3 /activities/ 200
INFO 2011-04-27 17:35:37 shiori3 /activities/ 200
INFO 2011-04-27 17:35:37 shiori3 /site_media/static/css/default/screen.css 304
INFO 2011-04-27 17:35:37 shiori3 /site_media/static/css/default/screen.css 304
INFO 2011-04-27 17:35:37 shiori3 /site_media/static/css/default/jquery-ui.css 304
INFO 2011-04-27 17:35:37 shiori3 /site_media/static/css/default/jquery-ui.css 304
INFO 2011-04-27 17:35:37 shiori3 /site_media/static/frontendadmin/css/frontendadmin.css 304
INFO 2011-04-27 17:35:37 shiori3 /site_media/static/frontendadmin/css/frontendadmin.css 304
INFO 2011-04-27 17:35:37 shiori3 /site_media/static/uni_form/uni-form.css 304
INFO 2011-04-27 17:35:37 shiori3 /site_media/static/uni_form/uni-form.css 304
INFO 2011-04-27 17:35:37 shiori3 /site_media/static/js/jquery-1.4.2.min.js 304
INFO 2011-04-27 17:35:37 shiori3 /site_media/static/js/jquery-1.4.2.min.js 304
INFO 2011-04-27 17:35:37 shiori3 /site_media/static/js/jquery-ui-1.8.1.custom.min.js 304
INFO 2011-04-27 17:35:37 shiori3 /site_media/static/js/jquery-ui-1.8.1.custom.min.js 304
INFO 2011-04-27 17:35:37 shiori3 /site_media/static/js/jquery.cycle.lite.1.0.min.js 304
INFO 2011-04-27 17:35:37 shiori3 /site_media/static/js/jquery.cycle.lite.1.0.min.js 304
INFO 2011-04-27 17:35:37 shiori3 /site_media/static/js/jquery.form.2.43.js 304
INFO 2011-04-27 17:35:37 shiori3 /site_media/static/css/default/logged_in_base.css 304
INFO 2011-04-27 17:35:37 shiori3 /site_media/static/js/jquery.form.2.43.js 304
INFO 2011-04-27 17:35:37 shiori3 /site_media/static/css/default/logged_in_base.css 304
INFO 2011-04-27 17:35:37 shiori3 /site_media/static/uni_form/uni-form-generic.css 304
INFO 2011-04-27 17:35:37 shiori3 /site_media/static/uni_form/uni-form-generic.css 304
INFO 2011-04-27 17:35:40 shiori3 /activities/task/61/ 200
INFO 2011-04-27 17:35:40 shiori3 /activities/task/61/ 200
INFO 2011-04-27 17:36:05 shiori3 /activities/task/61/add 302
INFO 2011-04-27 17:36:05 shiori3 /activities/task/61/add 302
INFO 2011-04-27 17:36:06 shiori3 /activities/task/61/ 200
INFO 2011-04-27 17:36:06 shiori3 /activities/task/61/ 200
INFO 2011-04-27 17:36:06 shiori3 /site_media/static/css/default/pages/view_activities.css 304
INFO 2011-04-27 17:36:06 shiori3 /site_media/static/css/default/pages/view_activities.css 304
INFO 2011-04-27 17:36:06 shiori3 /site_media/static/css/default/images/logo.png 304
INFO 2011-04-27 17:36:06 shiori3 /site_media/static/css/default/images/logo.png 304
INFO 2011-04-27 17:36:06 shiori3 /site_media/static/css/default/images/bkg-profile-topnav.png 304
INFO 2011-04-27 17:36:06 shiori3 /site_media/static/css/default/images/bkg-grass.jpg 304
INFO 2011-04-27 17:36:06 shiori3 /site_media/static/css/default/images/bkg-profile-topnav.png 304
INFO 2011-04-27 17:36:06 shiori3 /site_media/static/css/default/images/bkg-grass.jpg 304
INFO 2011-04-27 17:36:16 shiori3 /activities/ 200
INFO 2011-04-27 17:36:16 shiori3 /activities/ 200
INFO 2011-04-27 17:36:18 shiori3 /activities/task/7/ 200
INFO 2011-04-27 17:36:18 shiori3 /activities/task/7/ 200
INFO 2011-04-27 17:36:25 shiori3 /activities/task/36/ 200
INFO 2011-04-27 17:36:25 shiori3 /activities/task/36/ 200
INFO 2011-04-27 17:36:25 shiori3 /site_media/media/gblocks/sun-window.jpg 200
INFO 2011-04-27 17:36:25 shiori3 /site_media/media/gblocks/sun-window.jpg 200
INFO 2011-04-27 17:36:33 shiori3 /activities/task/36/add 302
INFO 2011-04-27 17:36:33 shiori3 /activities/task/36/add 302
INFO 2011-04-27 17:36:34 shiori3 /activities/task/36/ 200
INFO 2011-04-27 17:36:34 shiori3 /activities/task/36/ 200
INFO 2011-04-27 17:36:40 shiori3 /activities/ 200
INFO 2011-04-27 17:36:40 shiori3 /activities/ 200
INFO 2011-04-27 17:36:40 shiori3 /site_media/static/css/default/jquery-ui.css 304
INFO 2011-04-27 17:36:40 shiori3 /site_media/static/css/default/jquery-ui.css 304
INFO 2011-04-27 17:36:40 shiori3 /site_media/static/frontendadmin/css/frontendadmin.css 304
INFO 2011-04-27 17:36:40 shiori3 /site_media/static/css/default/screen.css 304
INFO 2011-04-27 17:36:40 shiori3 /site_media/static/frontendadmin/css/frontendadmin.css 304
INFO 2011-04-27 17:36:40 shiori3 /site_media/static/css/default/screen.css 304
INFO 2011-04-27 17:36:40 shiori3 /site_media/static/uni_form/uni-form.css 304
INFO 2011-04-27 17:36:40 shiori3 /site_media/static/uni_form/uni-form.css 304
INFO 2011-04-27 17:36:41 shiori3 /site_media/static/css/default/logged_in_base.css 304
INFO 2011-04-27 17:36:41 shiori3 /site_media/static/css/default/logged_in_base.css 304
INFO 2011-04-27 17:36:41 shiori3 /site_media/static/js/jquery.form.2.43.js 304
INFO 2011-04-27 17:36:41 shiori3 /site_media/static/js/jquery.form.2.43.js 304
INFO 2011-04-27 17:36:41 shiori3 /site_media/static/js/jquery-1.4.2.min.js 304
INFO 2011-04-27 17:36:41 shiori3 /site_media/static/js/jquery-1.4.2.min.js 304
INFO 2011-04-27 17:36:41 shiori3 /site_media/static/js/jquery-ui-1.8.1.custom.min.js 304
INFO 2011-04-27 17:36:41 shiori3 /site_media/static/js/jquery-ui-1.8.1.custom.min.js 304
INFO 2011-04-27 17:36:41 shiori3 /site_media/static/js/jquery.cycle.lite.1.0.min.js 304
INFO 2011-04-27 17:36:41 shiori3 /site_media/static/js/jquery.cycle.lite.1.0.min.js 304
INFO 2011-04-27 17:36:41 shiori3 /site_media/static/uni_form/uni-form-generic.css 304
INFO 2011-04-27 17:36:41 shiori3 /site_media/static/uni_form/uni-form-generic.css 304
INFO 2011-04-27 17:37:20 shiori3 /quests/accept/11/ 302
INFO 2011-04-27 17:37:20 shiori3 /quests/accept/11/ 302
INFO 2011-04-27 17:37:21 shiori3 /activities/ 200
INFO 2011-04-27 17:37:21 shiori3 /activities/ 200
INFO 2011-04-27 17:37:21 shiori3 /site_media/static/css/default/pages/view_activities.css 304
INFO 2011-04-27 17:37:21 shiori3 /site_media/static/css/default/pages/view_activities.css 304
INFO 2011-04-27 17:37:28 shiori3 /activities/task/58/ 200
INFO 2011-04-27 17:37:28 shiori3 /activities/task/58/ 200
INFO 2011-04-27 17:37:33 shiori3 /activities/task/58/add 302
INFO 2011-04-27 17:37:33 shiori3 /activities/task/58/add 302
INFO 2011-04-27 17:37:34 shiori3 /activities/task/58/ 200
INFO 2011-04-27 17:37:34 shiori3 /activities/task/58/ 200
INFO 2011-04-27 17:37:39 shiori3 /activities/ 200
INFO 2011-04-27 17:37:39 shiori3 /activities/ 200
INFO 2011-04-27 17:37:43 shiori3 /activities/task/22/ 200
INFO 2011-04-27 17:37:43 shiori3 /activities/task/22/ 200
INFO 2011-04-27 17:37:44 shiori3 /site_media/static/js/jquery-1.4.2.min.js 304
INFO 2011-04-27 17:37:44 shiori3 /site_media/static/js/jquery-1.4.2.min.js 304
INFO 2011-04-27 17:37:44 shiori3 /site_media/static/css/default/jquery-ui.css 304
INFO 2011-04-27 17:37:44 shiori3 /site_media/static/css/default/jquery-ui.css 304
INFO 2011-04-27 17:37:44 shiori3 /site_media/static/frontendadmin/css/frontendadmin.css 304
INFO 2011-04-27 17:37:44 shiori3 /site_media/static/css/default/screen.css 304
INFO 2011-04-27 17:37:44 shiori3 /site_media/static/frontendadmin/css/frontendadmin.css 304
INFO 2011-04-27 17:37:44 shiori3 /site_media/static/css/default/screen.css 304
INFO 2011-04-27 17:37:44 shiori3 /site_media/static/js/jquery-ui-1.8.1.custom.min.js 304
INFO 2011-04-27 17:37:44 shiori3 /site_media/static/js/jquery-ui-1.8.1.custom.min.js 304
INFO 2011-04-27 17:37:44 shiori3 /site_media/static/uni_form/uni-form.css 304
INFO 2011-04-27 17:37:44 shiori3 /site_media/static/uni_form/uni-form.css 304
INFO 2011-04-27 17:37:44 shiori3 /site_media/static/js/jquery.form.2.43.js 304
INFO 2011-04-27 17:37:44 shiori3 /site_media/static/js/jquery.form.2.43.js 304
INFO 2011-04-27 17:37:44 shiori3 /site_media/static/js/jquery.cycle.lite.1.0.min.js 304
INFO 2011-04-27 17:37:44 shiori3 /site_media/static/js/jquery.cycle.lite.1.0.min.js 304
INFO 2011-04-27 17:37:44 shiori3 /site_media/static/css/default/logged_in_base.css 304
INFO 2011-04-27 17:37:44 shiori3 /site_media/static/css/default/logged_in_base.css 304
INFO 2011-04-27 17:37:44 shiori3 /site_media/static/uni_form/uni-form-generic.css 304
INFO 2011-04-27 17:37:44 shiori3 /site_media/static/uni_form/uni-form-generic.css 304
INFO 2011-04-27 17:39:16 shiori3 /activities/task/22/add 302
INFO 2011-04-27 17:39:16 shiori3 /activities/task/22/add 302
INFO 2011-04-27 17:39:17 shiori3 /activities/task/22/ 200
INFO 2011-04-27 17:39:17 shiori3 /activities/task/22/ 200
INFO 2011-04-27 17:39:17 shiori3 /site_media/static/css/default/jquery-ui.css 304
INFO 2011-04-27 17:39:17 shiori3 /site_media/static/css/default/jquery-ui.css 304
INFO 2011-04-27 17:39:17 shiori3 /site_media/static/css/default/screen.css 304
INFO 2011-04-27 17:39:17 shiori3 /site_media/static/css/default/screen.css 304
INFO 2011-04-27 17:39:17 shiori3 /site_media/static/js/jquery-1.4.2.min.js 304
INFO 2011-04-27 17:39:17 shiori3 /site_media/static/js/jquery-1.4.2.min.js 304
INFO 2011-04-27 17:39:17 shiori3 /site_media/static/frontendadmin/css/frontendadmin.css 304
INFO 2011-04-27 17:39:17 shiori3 /site_media/static/frontendadmin/css/frontendadmin.css 304
INFO 2011-04-27 17:39:17 shiori3 /site_media/static/js/jquery-ui-1.8.1.custom.min.js 304
INFO 2011-04-27 17:39:17 shiori3 /site_media/static/js/jquery-ui-1.8.1.custom.min.js 304
INFO 2011-04-27 17:39:17 shiori3 /site_media/static/uni_form/uni-form.css 304
INFO 2011-04-27 17:39:17 shiori3 /site_media/static/uni_form/uni-form.css 304
INFO 2011-04-27 17:39:17 shiori3 /site_media/static/js/jquery.cycle.lite.1.0.min.js 304
INFO 2011-04-27 17:39:17 shiori3 /site_media/static/js/jquery.cycle.lite.1.0.min.js 304
INFO 2011-04-27 17:39:17 shiori3 /site_media/static/css/default/logged_in_base.css 304
INFO 2011-04-27 17:39:17 shiori3 /site_media/static/css/default/logged_in_base.css 304
INFO 2011-04-27 17:39:17 shiori3 /site_media/static/js/jquery.form.2.43.js 304
INFO 2011-04-27 17:39:17 shiori3 /site_media/static/js/jquery.form.2.43.js 304
INFO 2011-04-27 17:39:17 shiori3 /site_media/static/css/default/pages/view_activities.css 304
INFO 2011-04-27 17:39:17 shiori3 /site_media/static/css/default/pages/view_activities.css 304
INFO 2011-04-27 17:39:17 shiori3 /site_media/static/uni_form/uni-form-generic.css 304
INFO 2011-04-27 17:39:17 shiori3 /site_media/static/uni_form/uni-form-generic.css 304
INFO 2011-04-27 17:39:47 shiori3 /activities/ 200
INFO 2011-04-27 17:39:47 shiori3 /activities/ 200
INFO 2011-04-27 17:40:04 shiori3 /site_media/static/css/default/images/icon-news-over.png 200
INFO 2011-04-27 17:40:04 shiori3 /site_media/static/css/default/images/icon-news-over.png 200
INFO 2011-04-27 17:40:05 shiori3 /prizes/ 200
INFO 2011-04-27 17:40:05 shiori3 /prizes/ 200
INFO 2011-04-27 17:40:05 shiori3 /site_media/static/css/default/pages/view_prizes.css 200
INFO 2011-04-27 17:40:05 shiori3 /site_media/static/css/default/pages/view_prizes.css 200
INFO 2011-04-27 17:40:05 shiori3 /site_media/media/prizes/Pizza.jpg 200
INFO 2011-04-27 17:40:05 shiori3 /site_media/media/prizes/Pizza.jpg 200
INFO 2011-04-27 17:40:05 shiori3 /site_media/static/css/default/images/bkg-message-tray.png 200
INFO 2011-04-27 17:40:05 shiori3 /site_media/static/css/default/images/bkg-message-tray.png 200
INFO 2011-04-27 17:40:05 shiori3 /site_media/static/css/default/images/circle+.png 200
INFO 2011-04-27 17:40:05 shiori3 /site_media/media/prizes/bikehelmet_1.jpg 200
INFO 2011-04-27 17:40:05 shiori3 /site_media/static/css/default/images/circle+.png 200
INFO 2011-04-27 17:40:05 shiori3 /site_media/media/prizes/bikehelmet_1.jpg 200
INFO 2011-04-27 17:40:05 shiori3 /site_media/media/prizes/ice-cream-cone.jpg 200
INFO 2011-04-27 17:40:05 shiori3 /site_media/media/prizes/ice-cream-cone.jpg 200
INFO 2011-04-27 17:40:05 shiori3 /site_media/media/prizes/ipod-nano.jpg 200
INFO 2011-04-27 17:40:05 shiori3 /site_media/media/prizes/ipod-nano.jpg 200
INFO 2011-04-27 17:40:05 shiori3 /site_media/static/css/default/images/circle-.png 200
INFO 2011-04-27 17:40:05 shiori3 /site_media/static/css/default/images/circle-.png 200
INFO 2011-04-27 17:40:05 shiori3 /site_media/media/prizes/surf_lessons_1.jpg 200
INFO 2011-04-27 17:40:05 shiori3 /site_media/media/prizes/surf_lessons_1.jpg 200
INFO 2011-04-27 17:40:05 shiori3 /site_media/media/prizes/bubbies.png 200
INFO 2011-04-27 17:40:05 shiori3 /site_media/media/prizes/bubbies.png 200
INFO 2011-04-27 17:40:16 shiori3 /prizes/raffle/3/add_ticket/ 302
INFO 2011-04-27 17:40:16 shiori3 /prizes/raffle/3/add_ticket/ 302
INFO 2011-04-27 17:40:16 shiori3 /prizes/ 200
INFO 2011-04-27 17:40:16 shiori3 /prizes/ 200
INFO 2011-04-27 17:40:17 shiori3 /site_media/static/css/default/screen.css 304
INFO 2011-04-27 17:40:17 shiori3 /site_media/static/css/default/screen.css 304
INFO 2011-04-27 17:40:17 shiori3 /site_media/static/css/default/jquery-ui.css 304
INFO 2011-04-27 17:40:17 shiori3 /site_media/static/frontendadmin/css/frontendadmin.css 304
INFO 2011-04-27 17:40:17 shiori3 /site_media/static/css/default/jquery-ui.css 304
INFO 2011-04-27 17:40:17 shiori3 /site_media/static/frontendadmin/css/frontendadmin.css 304
INFO 2011-04-27 17:40:17 shiori3 /site_media/static/js/jquery-1.4.2.min.js 304
INFO 2011-04-27 17:40:17 shiori3 /site_media/static/js/jquery-1.4.2.min.js 304
INFO 2011-04-27 17:40:17 shiori3 /site_media/static/js/jquery-ui-1.8.1.custom.min.js 304
INFO 2011-04-27 17:40:17 shiori3 /site_media/static/js/jquery-ui-1.8.1.custom.min.js 304
INFO 2011-04-27 17:40:17 shiori3 /site_media/static/uni_form/uni-form.css 304
INFO 2011-04-27 17:40:17 shiori3 /site_media/static/uni_form/uni-form.css 304
INFO 2011-04-27 17:40:17 shiori3 /site_media/static/js/jquery.cycle.lite.1.0.min.js 304
INFO 2011-04-27 17:40:17 shiori3 /site_media/static/js/jquery.cycle.lite.1.0.min.js 304
INFO 2011-04-27 17:40:17 shiori3 /site_media/static/js/jquery.form.2.43.js 304
INFO 2011-04-27 17:40:17 shiori3 /site_media/static/css/default/logged_in_base.css 304
INFO 2011-04-27 17:40:17 shiori3 /site_media/static/css/default/logged_in_base.css 304
INFO 2011-04-27 17:40:17 shiori3 /site_media/static/js/jquery.form.2.43.js 304
INFO 2011-04-27 17:40:17 shiori3 /site_media/static/uni_form/uni-form-generic.css 304
INFO 2011-04-27 17:40:17 shiori3 /site_media/static/uni_form/uni-form-generic.css 304
INFO 2011-04-27 17:40:34 shiori3 /prizes/raffle/3/add_ticket/ 302
INFO 2011-04-27 17:40:34 shiori3 /prizes/raffle/3/add_ticket/ 302
INFO 2011-04-27 17:40:34 shiori3 /prizes/ 200
INFO 2011-04-27 17:40:34 shiori3 /prizes/ 200
INFO 2011-04-27 17:40:39 shiori3 /site_media/static/css/default/images/icon-profile-over.png 200
INFO 2011-04-27 17:40:39 shiori3 /site_media/static/css/default/images/icon-profile-over.png 200
INFO 2011-04-27 17:46:33 shiori3 /site_media/static/css/default/screen.css 304
INFO 2011-04-27 17:46:33 shiori3 /site_media/static/css/default/screen.css 304
INFO 2011-04-27 17:46:33 shiori3 /site_media/static/css/default/jquery-ui.css 304
INFO 2011-04-27 17:46:33 shiori3 /site_media/static/css/default/jquery-ui.css 304
INFO 2011-04-27 17:46:33 shiori3 /site_media/static/frontendadmin/css/frontendadmin.css 304
INFO 2011-04-27 17:46:33 shiori3 /site_media/static/frontendadmin/css/frontendadmin.css 304
INFO 2011-04-27 17:46:33 shiori3 /site_media/static/js/jquery-1.4.2.min.js 304
INFO 2011-04-27 17:46:33 shiori3 /site_media/static/js/jquery-1.4.2.min.js 304
INFO 2011-04-27 17:46:33 shiori3 /site_media/static/js/jquery-ui-1.8.1.custom.min.js 304
INFO 2011-04-27 17:46:33 shiori3 /site_media/static/js/jquery-ui-1.8.1.custom.min.js 304
INFO 2011-04-27 17:46:33 shiori3 /site_media/static/uni_form/uni-form.css 304
INFO 2011-04-27 17:46:33 shiori3 /site_media/static/uni_form/uni-form.css 304
INFO 2011-04-27 17:46:33 shiori3 /site_media/static/css/default/logged_in_base.css 304
INFO 2011-04-27 17:46:33 shiori3 /site_media/static/css/default/logged_in_base.css 304
INFO 2011-04-27 17:46:33 shiori3 /site_media/static/js/jquery.form.2.43.js 304
INFO 2011-04-27 17:46:33 shiori3 /site_media/static/js/jquery.cycle.lite.1.0.min.js 304
INFO 2011-04-27 17:46:33 shiori3 /site_media/static/js/jquery.form.2.43.js 304
INFO 2011-04-27 17:46:33 shiori3 /site_media/static/js/jquery.cycle.lite.1.0.min.js 304
INFO 2011-04-27 17:46:33 shiori3 /site_media/static/css/default/pages/home.css 304
INFO 2011-04-27 17:46:33 shiori3 /site_media/static/css/default/pages/home.css 304
INFO 2011-04-27 17:46:33 shiori3 /site_media/static/uni_form/uni-form-generic.css 304
INFO 2011-04-27 17:46:33 shiori3 /site_media/static/uni_form/uni-form-generic.css 304
INFO 2011-04-27 17:46:36 shiori3 /site_media/static/css/default/images/icon-profile-lg-over.jpg 200
INFO 2011-04-27 17:46:36 shiori3 /site_media/static/css/default/images/icon-profile-lg-over.jpg 200
INFO 2011-04-27 17:46:36 shiori3 /site_media/static/css/default/images/icon-prizes-lg-over.jpg 200
INFO 2011-04-27 17:46:36 shiori3 /site_media/static/css/default/images/icon-prizes-lg-over.jpg 200
INFO 2011-04-27 17:47:49 shiori3 /energy/ 200
INFO 2011-04-27 17:47:49 shiori3 /energy/ 200
INFO 2011-04-27 17:47:49 shiori3 /site_media/static/css/default/jquery-ui.css 304
INFO 2011-04-27 17:47:49 shiori3 /site_media/static/css/default/jquery-ui.css 304
INFO 2011-04-27 17:47:49 shiori3 /site_media/static/js/jquery-1.4.2.min.js 304
INFO 2011-04-27 17:47:49 shiori3 /site_media/static/js/jquery-1.4.2.min.js 304
INFO 2011-04-27 17:47:49 shiori3 /site_media/static/frontendadmin/css/frontendadmin.css 304
INFO 2011-04-27 17:47:49 shiori3 /site_media/static/frontendadmin/css/frontendadmin.css 304
INFO 2011-04-27 17:47:49 shiori3 /site_media/static/css/default/screen.css 304
INFO 2011-04-27 17:47:49 shiori3 /site_media/static/css/default/screen.css 304
INFO 2011-04-27 17:47:49 shiori3 /site_media/static/js/jquery-ui-1.8.1.custom.min.js 304
INFO 2011-04-27 17:47:49 shiori3 /site_media/static/js/jquery-ui-1.8.1.custom.min.js 304
INFO 2011-04-27 17:47:49 shiori3 /site_media/static/uni_form/uni-form.css 304
INFO 2011-04-27 17:47:49 shiori3 /site_media/static/uni_form/uni-form.css 304
INFO 2011-04-27 17:47:49 shiori3 /site_media/static/js/jquery.cycle.lite.1.0.min.js 304
INFO 2011-04-27 17:47:49 shiori3 /site_media/static/js/jquery.cycle.lite.1.0.min.js 304
INFO 2011-04-27 17:47:49 shiori3 /site_media/static/js/news.js 304
INFO 2011-04-27 17:47:49 shiori3 /site_media/static/js/news.js 304
INFO 2011-04-27 17:47:49 shiori3 /site_media/static/css/default/pages/view_energy.css 304
INFO 2011-04-27 17:47:49 shiori3 /site_media/static/css/default/pages/view_energy.css 304
INFO 2011-04-27 17:47:49 shiori3 /site_media/static/css/default/logged_in_base.css 304
INFO 2011-04-27 17:47:49 shiori3 /site_media/static/js/jquery.form.2.43.js 304
INFO 2011-04-27 17:47:49 shiori3 /site_media/static/css/default/logged_in_base.css 304
INFO 2011-04-27 17:47:49 shiori3 /site_media/static/js/jquery.form.2.43.js 304
INFO 2011-04-27 17:47:49 shiori3 /site_media/static/js/org.wattdepot.gdata.makahiki.EnergyGoalGame.js 304
INFO 2011-04-27 17:47:49 shiori3 /site_media/static/js/org.wattdepot.gdata.makahiki.EnergyGoalGame.js 304
INFO 2011-04-27 17:47:49 shiori3 /site_media/static/uni_form/uni-form-generic.css 304
INFO 2011-04-27 17:47:49 shiori3 /site_media/static/uni_form/uni-form-generic.css 304
