INFO:root: 2011-04-05 12:20:40 nashe "GET /news/" http://localhost:8000/news/?ref=nav-button 200
INFO:root: 2011-04-05 12:20:40 nashe "GET /news/" http://localhost:8000/news/?ref=nav-button 200
INFO:root: 2011-04-05 12:20:42 nashe "GET /site_media/static/css/default/jquery-ui.css" http://localhost:8000/news/?ref=nav-button 200
INFO:root: 2011-04-05 12:20:42 nashe "GET /site_media/static/css/default/jquery-ui.css" http://localhost:8000/news/?ref=nav-button 200
INFO:root: 2011-04-05 12:20:42 nashe "GET /site_media/static/js/jquery-ui-1.8.1.custom.min.js" http://localhost:8000/news/?ref=nav-button 200
INFO:root: 2011-04-05 12:20:42 nashe "GET /site_media/static/js/jquery-ui-1.8.1.custom.min.js" http://localhost:8000/news/?ref=nav-button 200
INFO:root: 2011-04-05 12:20:42 nashe "GET /site_media/static/js/jquery-1.4.2.min.js" http://localhost:8000/news/?ref=nav-button 200
INFO:root: 2011-04-05 12:20:42 nashe "GET /site_media/static/js/jquery-1.4.2.min.js" http://localhost:8000/news/?ref=nav-button 200
INFO:root: 2011-04-05 12:20:42 nashe "GET /site_media/static/uni_form/uni-form.css" http://localhost:8000/news/?ref=nav-button 200
INFO:root: 2011-04-05 12:20:42 nashe "GET /site_media/static/uni_form/uni-form.css" http://localhost:8000/news/?ref=nav-button 200
INFO:root: 2011-04-05 12:20:42 nashe "GET /site_media/static/frontendadmin/css/frontendadmin.css" http://localhost:8000/news/?ref=nav-button 200
INFO:root: 2011-04-05 12:20:42 nashe "GET /site_media/static/frontendadmin/css/frontendadmin.css" http://localhost:8000/news/?ref=nav-button 200
INFO:root: 2011-04-05 12:20:42 nashe "GET /site_media/static/css/default/screen.css" http://localhost:8000/news/?ref=nav-button 200
INFO:root: 2011-04-05 12:20:42 nashe "GET /site_media/static/css/default/screen.css" http://localhost:8000/news/?ref=nav-button 200
INFO:root: 2011-04-05 12:20:43 nashe "GET /site_media/static/js/jquery.cycle.lite.1.0.min.js" http://localhost:8000/news/?ref=nav-button 200
INFO:root: 2011-04-05 12:20:43 nashe "GET /site_media/static/js/jquery.cycle.lite.1.0.min.js" http://localhost:8000/news/?ref=nav-button 200
INFO:root: 2011-04-05 12:20:43 nashe "GET /site_media/static/css/default/logged_in_base.css" http://localhost:8000/news/?ref=nav-button 200
INFO:root: 2011-04-05 12:20:43 nashe "GET /site_media/static/css/default/logged_in_base.css" http://localhost:8000/news/?ref=nav-button 200
INFO:root: 2011-04-05 12:20:43 nashe "GET /site_media/static/css/default/pages/news.css" http://localhost:8000/news/?ref=nav-button 200
INFO:root: 2011-04-05 12:20:43 nashe "GET /site_media/static/css/default/pages/news.css" http://localhost:8000/news/?ref=nav-button 200
INFO:root: 2011-04-05 12:20:43 nashe "GET /site_media/static/js/jquery.form.2.43.js" http://localhost:8000/news/?ref=nav-button 200
INFO:root: 2011-04-05 12:20:43 nashe "GET /site_media/static/js/jquery.form.2.43.js" http://localhost:8000/news/?ref=nav-button 200
INFO:root: 2011-04-05 12:20:43 nashe "GET /site_media/static/js/news.js" http://localhost:8000/news/?ref=nav-button 200
INFO:root: 2011-04-05 12:20:43 nashe "GET /site_media/static/js/news.js" http://localhost:8000/news/?ref=nav-button 200
INFO:root: 2011-04-05 12:20:43 nashe "GET /site_media/static/uni_form/uni-form-generic.css" http://localhost:8000/site_media/static/uni_form/uni-form.css 200
INFO:root: 2011-04-05 12:20:43 nashe "GET /site_media/static/uni_form/uni-form-generic.css" http://localhost:8000/site_media/static/uni_form/uni-form.css 200
INFO:root: 2011-04-05 12:20:46 nashe "GET /site_media/static/css/default/logged_in_base.css" http://localhost:8000/news/?ref=nav-button 200
INFO:root: 2011-04-05 12:20:46 nashe "GET /site_media/static/css/default/logged_in_base.css" http://localhost:8000/news/?ref=nav-button 200
INFO:root: 2011-04-05 12:20:47 nashe "GET /site_media/static/css/default/images/bkg-landing-middle.jpg" http://localhost:8000/site_media/static/css/default/screen.css 200
INFO:root: 2011-04-05 12:20:47 nashe "GET /site_media/static/css/default/images/bkg-landing-middle.jpg" http://localhost:8000/site_media/static/css/default/screen.css 200
INFO:root: 2011-04-05 12:20:47 nashe "GET /site_media/static/css/default/images/bkg-landing-top.jpg" http://localhost:8000/site_media/static/css/default/screen.css 200
INFO:root: 2011-04-05 12:20:47 nashe "GET /site_media/static/css/default/images/bkg-landing-top.jpg" http://localhost:8000/site_media/static/css/default/screen.css 200
INFO:root: 2011-04-05 12:20:48 nashe "GET /site_media/static/css/default/images/bkg-profile-topnav.png" http://localhost:8000/site_media/static/css/default/screen.css 200
INFO:root: 2011-04-05 12:20:48 nashe "GET /site_media/static/css/default/images/bkg-profile-topnav.png" http://localhost:8000/site_media/static/css/default/screen.css 200
INFO:root: 2011-04-05 12:20:49 nashe "GET /site_media/static/css/default/images/bkg-header-info.png" http://localhost:8000/site_media/static/css/default/screen.css 200
INFO:root: 2011-04-05 12:20:49 nashe "GET /site_media/static/css/default/images/bkg-header-info.png" http://localhost:8000/site_media/static/css/default/screen.css 200
INFO:root: 2011-04-05 12:20:50 nashe "GET /site_media/static/css/default/images/bkg-icon-tray.png" http://localhost:8000/site_media/static/css/default/screen.css 200
INFO:root: 2011-04-05 12:20:50 nashe "GET /site_media/static/css/default/images/bkg-icon-tray.png" http://localhost:8000/site_media/static/css/default/screen.css 200
INFO:root: 2011-04-05 12:20:51 nashe "GET /site_media/static/css/default/images/icon-go-low.png" http://localhost:8000/site_media/static/css/default/screen.css 200
INFO:root: 2011-04-05 12:20:51 nashe "GET /site_media/static/css/default/images/icon-go-low.png" http://localhost:8000/site_media/static/css/default/screen.css 200
INFO:root: 2011-04-05 12:20:52 nashe "GET /site_media/static/css/default/images/icon-scoreboard.png" http://localhost:8000/site_media/static/css/default/screen.css 200
INFO:root: 2011-04-05 12:20:52 nashe "GET /site_media/static/css/default/images/icon-scoreboard.png" http://localhost:8000/site_media/static/css/default/screen.css 200
INFO:root: 2011-04-05 12:20:53 nashe "GET /site_media/static/css/default/images/icon-news.png" http://localhost:8000/site_media/static/css/default/screen.css 200
INFO:root: 2011-04-05 12:20:53 nashe "GET /site_media/static/css/default/images/icon-news.png" http://localhost:8000/site_media/static/css/default/screen.css 200
INFO:root: 2011-04-05 12:20:54 nashe "GET /site_media/static/css/default/images/icon-prizes.png" http://localhost:8000/site_media/static/css/default/screen.css 200
INFO:root: 2011-04-05 12:20:54 nashe "GET /site_media/static/css/default/images/icon-prizes.png" http://localhost:8000/site_media/static/css/default/screen.css 200
INFO:root: 2011-04-05 12:20:55 nashe "GET /site_media/static/css/default/images/icon-profile.png" http://localhost:8000/site_media/static/css/default/screen.css 200
INFO:root: 2011-04-05 12:20:55 nashe "GET /site_media/static/css/default/images/icon-profile.png" http://localhost:8000/site_media/static/css/default/screen.css 200
INFO:root: 2011-04-05 12:20:56 nashe "GET /site_media/static/css/default/images/icon-help.png" http://localhost:8000/site_media/static/css/default/screen.css 200
INFO:root: 2011-04-05 12:20:56 nashe "GET /site_media/static/css/default/images/icon-help.png" http://localhost:8000/site_media/static/css/default/screen.css 200
INFO:root: 2011-04-05 12:20:57 nashe "GET /site_media/static/css/default/images/bkg-buttonx80.png" http://localhost:8000/site_media/static/css/default/pages/news.css 200
INFO:root: 2011-04-05 12:20:57 nashe "GET /site_media/static/css/default/images/bkg-buttonx80.png" http://localhost:8000/site_media/static/css/default/pages/news.css 200
INFO:root: 2011-04-05 12:20:58 nashe "GET /site_media/static/pinax/images/silk/icons/page_white_edit.png" http://localhost:8000/site_media/static/frontendadmin/css/frontendadmin.css 200
INFO:root: 2011-04-05 12:20:58 nashe "GET /site_media/static/pinax/images/silk/icons/page_white_edit.png" http://localhost:8000/site_media/static/frontendadmin/css/frontendadmin.css 200
INFO:root: 2011-04-05 12:21:00 nashe "GET /site_media/static/css/default/images/ui-bg_flat_75_ebe7bc_40x100.png" http://localhost:8000/site_media/static/css/default/jquery-ui.css 200
INFO:root: 2011-04-05 12:21:00 nashe "GET /site_media/static/css/default/images/ui-bg_flat_75_ebe7bc_40x100.png" http://localhost:8000/site_media/static/css/default/jquery-ui.css 200
INFO:root: 2011-04-05 12:21:00 nashe "GET /site_media/static/css/default/images/bkg-grass.jpg" http://localhost:8000/site_media/static/css/default/screen.css 200
INFO:root: 2011-04-05 12:21:00 nashe "GET /site_media/static/css/default/images/bkg-grass.jpg" http://localhost:8000/site_media/static/css/default/screen.css 200
INFO:root: 2011-04-05 12:21:00 nashe "GET /site_media/static/css/default/images/bkg-landing-bottom.png" http://localhost:8000/site_media/static/css/default/screen.css 200
INFO:root: 2011-04-05 12:21:00 nashe "GET /site_media/static/css/default/images/bkg-landing-bottom.png" http://localhost:8000/site_media/static/css/default/screen.css 200
INFO:root: 2011-04-05 12:21:00 nashe "GET /site_media/static/images/hale.ilima.jpg" http://localhost:8000/news/?ref=nav-button 200
INFO:root: 2011-04-05 12:21:00 nashe "GET /site_media/static/images/hale.ilima.jpg" http://localhost:8000/news/?ref=nav-button 200
INFO:root: 2011-04-05 12:21:00 nashe "GET /site_media/static/css/default/images/spacer.png" http://localhost:8000/news/?ref=nav-button 200
INFO:root: 2011-04-05 12:21:00 nashe "GET /site_media/static/css/default/images/spacer.png" http://localhost:8000/news/?ref=nav-button 200
INFO:root: 2011-04-05 12:21:00 nashe "GET /site_media/static/css/default/images/logo.png" http://localhost:8000/news/?ref=nav-button 200
INFO:root: 2011-04-05 12:21:00 nashe "GET /site_media/static/css/default/images/logo.png" http://localhost:8000/news/?ref=nav-button 200
